000 (7477391.000.000) 08/21 11:00:31 Job submitted from host: <131.169.56.95:9618?addrs=131.169.56.95-9618&noUDP&sock=3790727_0057_12>
...
000 (7477391.001.000) 08/21 11:00:31 Job submitted from host: <131.169.56.95:9618?addrs=131.169.56.95-9618&noUDP&sock=3790727_0057_12>
...
000 (7477391.002.000) 08/21 11:00:31 Job submitted from host: <131.169.56.95:9618?addrs=131.169.56.95-9618&noUDP&sock=3790727_0057_12>
...
000 (7477391.003.000) 08/21 11:00:31 Job submitted from host: <131.169.56.95:9618?addrs=131.169.56.95-9618&noUDP&sock=3790727_0057_12>
...
000 (7477391.004.000) 08/21 11:00:31 Job submitted from host: <131.169.56.95:9618?addrs=131.169.56.95-9618&noUDP&sock=3790727_0057_12>
...
000 (7477391.005.000) 08/21 11:00:31 Job submitted from host: <131.169.56.95:9618?addrs=131.169.56.95-9618&noUDP&sock=3790727_0057_12>
...
000 (7477391.006.000) 08/21 11:00:31 Job submitted from host: <131.169.56.95:9618?addrs=131.169.56.95-9618&noUDP&sock=3790727_0057_12>
...
000 (7477391.007.000) 08/21 11:00:31 Job submitted from host: <131.169.56.95:9618?addrs=131.169.56.95-9618&noUDP&sock=3790727_0057_12>
...
000 (7477391.008.000) 08/21 11:00:31 Job submitted from host: <131.169.56.95:9618?addrs=131.169.56.95-9618&noUDP&sock=3790727_0057_12>
...
000 (7477391.009.000) 08/21 11:00:31 Job submitted from host: <131.169.56.95:9618?addrs=131.169.56.95-9618&noUDP&sock=3790727_0057_12>
...
000 (7477391.010.000) 08/21 11:00:31 Job submitted from host: <131.169.56.95:9618?addrs=131.169.56.95-9618&noUDP&sock=3790727_0057_12>
...
001 (7477391.005.000) 08/21 11:00:54 Job executing on host: <131.169.84.97:36100?addrs=131.169.84.97-36100>
...
001 (7477391.000.000) 08/21 11:00:54 Job executing on host: <131.169.84.113:33802?addrs=131.169.84.113-33802>
...
001 (7477391.009.000) 08/21 11:00:54 Job executing on host: <131.169.76.78:46030?addrs=131.169.76.78-46030>
...
001 (7477391.004.000) 08/21 11:00:54 Job executing on host: <131.169.76.133:37164?addrs=131.169.76.133-37164>
...
001 (7477391.010.000) 08/21 11:00:54 Job executing on host: <131.169.76.134:43047?addrs=131.169.76.134-43047>
...
001 (7477391.006.000) 08/21 11:00:54 Job executing on host: <131.169.76.162:41137?addrs=131.169.76.162-41137>
...
001 (7477391.008.000) 08/21 11:00:55 Job executing on host: <131.169.77.129:42486?addrs=131.169.77.129-42486>
...
001 (7477391.007.000) 08/21 11:00:55 Job executing on host: <131.169.84.103:41298?addrs=131.169.84.103-41298>
...
001 (7477391.002.000) 08/21 11:00:55 Job executing on host: <131.169.84.100:37480?addrs=131.169.84.100-37480>
...
001 (7477391.003.000) 08/21 11:00:56 Job executing on host: <131.169.84.122:34208?addrs=131.169.84.122-34208>
...
001 (7477391.001.000) 08/21 11:00:59 Job executing on host: <131.169.84.197:43381?addrs=131.169.84.197-43381>
...
006 (7477391.000.000) 08/21 11:01:02 Image size of job updated: 113572
	58  -  MemoryUsage of job (MB)
	59392  -  ResidentSetSize of job (KB)
...
006 (7477391.005.000) 08/21 11:01:02 Image size of job updated: 113148
	58  -  MemoryUsage of job (MB)
	58844  -  ResidentSetSize of job (KB)
...
006 (7477391.006.000) 08/21 11:01:03 Image size of job updated: 110008
	56  -  MemoryUsage of job (MB)
	56604  -  ResidentSetSize of job (KB)
...
006 (7477391.008.000) 08/21 11:01:03 Image size of job updated: 112788
	58  -  MemoryUsage of job (MB)
	59368  -  ResidentSetSize of job (KB)
...
006 (7477391.009.000) 08/21 11:01:03 Image size of job updated: 112784
	58  -  MemoryUsage of job (MB)
	59392  -  ResidentSetSize of job (KB)
...
006 (7477391.004.000) 08/21 11:01:03 Image size of job updated: 113740
	58  -  MemoryUsage of job (MB)
	59392  -  ResidentSetSize of job (KB)
...
006 (7477391.010.000) 08/21 11:01:04 Image size of job updated: 228620
	150  -  MemoryUsage of job (MB)
	152828  -  ResidentSetSize of job (KB)
...
006 (7477391.002.000) 08/21 11:01:04 Image size of job updated: 110036
	56  -  MemoryUsage of job (MB)
	56596  -  ResidentSetSize of job (KB)
...
006 (7477391.003.000) 08/21 11:01:04 Image size of job updated: 110780
	56  -  MemoryUsage of job (MB)
	56600  -  ResidentSetSize of job (KB)
...
006 (7477391.007.000) 08/21 11:01:04 Image size of job updated: 112760
	58  -  MemoryUsage of job (MB)
	59392  -  ResidentSetSize of job (KB)
...
006 (7477391.001.000) 08/21 11:01:08 Image size of job updated: 112880
	59  -  MemoryUsage of job (MB)
	59396  -  ResidentSetSize of job (KB)
...
006 (7477391.010.000) 08/21 11:01:17 Image size of job updated: 270468
	154  -  MemoryUsage of job (MB)
	156740  -  ResidentSetSize of job (KB)
...
005 (7477391.010.000) 08/21 11:01:17 Job terminated.
	(1) Normal termination (return value 0)
		Usr 0 00:00:12, Sys 0 00:00:00  -  Run Remote Usage
		Usr 0 00:00:00, Sys 0 00:00:00  -  Run Local Usage
		Usr 0 00:00:12, Sys 0 00:00:00  -  Total Remote Usage
		Usr 0 00:00:00, Sys 0 00:00:00  -  Total Local Usage
	0  -  Run Bytes Sent By Job
	0  -  Run Bytes Received By Job
	0  -  Total Bytes Sent By Job
	0  -  Total Bytes Received By Job
	Partitionable Resources :    Usage  Request Allocated 
	   Cpus                 :        0        1         1 
	   Disk (KB)            :        1  2560000   2605605 
	   Memory (MB)          :      154     4096      4096 
...
006 (7477391.004.000) 08/21 11:03:35 Image size of job updated: 400504
	58  -  MemoryUsage of job (MB)
	59392  -  ResidentSetSize of job (KB)
...
005 (7477391.004.000) 08/21 11:03:35 Job terminated.
	(1) Normal termination (return value 0)
		Usr 0 00:01:59, Sys 0 00:00:03  -  Run Remote Usage
		Usr 0 00:00:00, Sys 0 00:00:00  -  Run Local Usage
		Usr 0 00:01:59, Sys 0 00:00:03  -  Total Remote Usage
		Usr 0 00:00:00, Sys 0 00:00:00  -  Total Local Usage
	0  -  Run Bytes Sent By Job
	0  -  Run Bytes Received By Job
	0  -  Total Bytes Sent By Job
	0  -  Total Bytes Received By Job
	Partitionable Resources :    Usage  Request Allocated 
	   Cpus                 :        0        1         1 
	   Disk (KB)            :        1  2560000   2607153 
	   Memory (MB)          :       58     4096      4096 
...
006 (7477391.006.000) 08/21 11:03:38 Image size of job updated: 416736
	56  -  MemoryUsage of job (MB)
	56604  -  ResidentSetSize of job (KB)
...
005 (7477391.006.000) 08/21 11:03:38 Job terminated.
	(1) Normal termination (return value 0)
		Usr 0 00:01:57, Sys 0 00:00:02  -  Run Remote Usage
		Usr 0 00:00:00, Sys 0 00:00:00  -  Run Local Usage
		Usr 0 00:01:57, Sys 0 00:00:02  -  Total Remote Usage
		Usr 0 00:00:00, Sys 0 00:00:00  -  Total Local Usage
	0  -  Run Bytes Sent By Job
	0  -  Run Bytes Received By Job
	0  -  Total Bytes Sent By Job
	0  -  Total Bytes Received By Job
	Partitionable Resources :    Usage  Request Allocated 
	   Cpus                 :     0.76        1         1 
	   Disk (KB)            :     1     2560000   2681282 
	   Memory (MB)          :    56        4096      4096 
...
006 (7477391.003.000) 08/21 11:03:40 Image size of job updated: 405512
	56  -  MemoryUsage of job (MB)
	56600  -  ResidentSetSize of job (KB)
...
005 (7477391.003.000) 08/21 11:03:40 Job terminated.
	(1) Normal termination (return value 0)
		Usr 0 00:01:56, Sys 0 00:00:03  -  Run Remote Usage
		Usr 0 00:00:00, Sys 0 00:00:00  -  Run Local Usage
		Usr 0 00:01:56, Sys 0 00:00:03  -  Total Remote Usage
		Usr 0 00:00:00, Sys 0 00:00:00  -  Total Local Usage
	0  -  Run Bytes Sent By Job
	0  -  Run Bytes Received By Job
	0  -  Total Bytes Sent By Job
	0  -  Total Bytes Received By Job
	Partitionable Resources :    Usage  Request Allocated 
	   Cpus                 :     0.22        1         1 
	   Disk (KB)            :     1     2560000   2680812 
	   Memory (MB)          :    56        4096      4096 
...
005 (7477391.007.000) 08/21 11:03:42 Job terminated.
	(1) Normal termination (return value 0)
		Usr 0 00:01:56, Sys 0 00:00:03  -  Run Remote Usage
		Usr 0 00:00:00, Sys 0 00:00:00  -  Run Local Usage
		Usr 0 00:01:56, Sys 0 00:00:03  -  Total Remote Usage
		Usr 0 00:00:00, Sys 0 00:00:00  -  Total Local Usage
	0  -  Run Bytes Sent By Job
	0  -  Run Bytes Received By Job
	0  -  Total Bytes Sent By Job
	0  -  Total Bytes Received By Job
	Partitionable Resources :    Usage  Request Allocated 
	   Cpus                 :     0.73        1         1 
	   Disk (KB)            :     1     2560000   2842361 
	   Memory (MB)          :    58        4096      4096 
...
006 (7477391.005.000) 08/21 11:03:43 Image size of job updated: 587416
	58  -  MemoryUsage of job (MB)
	59384  -  ResidentSetSize of job (KB)
...
005 (7477391.005.000) 08/21 11:03:43 Job terminated.
	(1) Normal termination (return value 0)
		Usr 0 00:02:03, Sys 0 00:00:03  -  Run Remote Usage
		Usr 0 00:00:00, Sys 0 00:00:00  -  Run Local Usage
		Usr 0 00:02:03, Sys 0 00:00:03  -  Total Remote Usage
		Usr 0 00:00:00, Sys 0 00:00:00  -  Total Local Usage
	0  -  Run Bytes Sent By Job
	0  -  Run Bytes Received By Job
	0  -  Total Bytes Sent By Job
	0  -  Total Bytes Received By Job
	Partitionable Resources :    Usage  Request Allocated 
	   Cpus                 :     0.80        1         1 
	   Disk (KB)            :     1     2560000   2847082 
	   Memory (MB)          :    58        4096      4096 
...
006 (7477391.009.000) 08/21 11:03:44 Image size of job updated: 416976
	58  -  MemoryUsage of job (MB)
	59392  -  ResidentSetSize of job (KB)
...
005 (7477391.009.000) 08/21 11:03:44 Job terminated.
	(1) Normal termination (return value 0)
		Usr 0 00:01:56, Sys 0 00:00:02  -  Run Remote Usage
		Usr 0 00:00:00, Sys 0 00:00:00  -  Run Local Usage
		Usr 0 00:01:56, Sys 0 00:00:02  -  Total Remote Usage
		Usr 0 00:00:00, Sys 0 00:00:00  -  Total Local Usage
	0  -  Run Bytes Sent By Job
	0  -  Run Bytes Received By Job
	0  -  Total Bytes Sent By Job
	0  -  Total Bytes Received By Job
	Partitionable Resources :    Usage  Request Allocated 
	   Cpus                 :     0.78        1         1 
	   Disk (KB)            :     1     2560000   2853289 
	   Memory (MB)          :    58        4096      4096 
...
006 (7477391.008.000) 08/21 11:03:44 Image size of job updated: 419480
	58  -  MemoryUsage of job (MB)
	59368  -  ResidentSetSize of job (KB)
...
005 (7477391.008.000) 08/21 11:03:44 Job terminated.
	(1) Normal termination (return value 0)
		Usr 0 00:01:58, Sys 0 00:00:03  -  Run Remote Usage
		Usr 0 00:00:00, Sys 0 00:00:00  -  Run Local Usage
		Usr 0 00:01:58, Sys 0 00:00:03  -  Total Remote Usage
		Usr 0 00:00:00, Sys 0 00:00:00  -  Total Local Usage
	0  -  Run Bytes Sent By Job
	0  -  Run Bytes Received By Job
	0  -  Total Bytes Sent By Job
	0  -  Total Bytes Received By Job
	Partitionable Resources :    Usage  Request Allocated 
	   Cpus                 :     0.78        1         1 
	   Disk (KB)            :     1     2560000   2721411 
	   Memory (MB)          :    58        4096      4096 
...
006 (7477391.000.000) 08/21 11:03:46 Image size of job updated: 402372
	58  -  MemoryUsage of job (MB)
	59392  -  ResidentSetSize of job (KB)
...
005 (7477391.000.000) 08/21 11:03:46 Job terminated.
	(1) Normal termination (return value 0)
		Usr 0 00:01:59, Sys 0 00:00:02  -  Run Remote Usage
		Usr 0 00:00:00, Sys 0 00:00:00  -  Run Local Usage
		Usr 0 00:01:59, Sys 0 00:00:02  -  Total Remote Usage
		Usr 0 00:00:00, Sys 0 00:00:00  -  Total Local Usage
	0  -  Run Bytes Sent By Job
	0  -  Run Bytes Received By Job
	0  -  Total Bytes Sent By Job
	0  -  Total Bytes Received By Job
	Partitionable Resources :    Usage  Request Allocated 
	   Cpus                 :        0        1         1 
	   Disk (KB)            :        1  2560000   2673585 
	   Memory (MB)          :       58     4096      4096 
...
006 (7477391.002.000) 08/21 11:03:47 Image size of job updated: 418668
	56  -  MemoryUsage of job (MB)
	56596  -  ResidentSetSize of job (KB)
...
005 (7477391.002.000) 08/21 11:03:47 Job terminated.
	(1) Normal termination (return value 0)
		Usr 0 00:01:55, Sys 0 00:00:03  -  Run Remote Usage
		Usr 0 00:00:00, Sys 0 00:00:00  -  Run Local Usage
		Usr 0 00:01:55, Sys 0 00:00:03  -  Total Remote Usage
		Usr 0 00:00:00, Sys 0 00:00:00  -  Total Local Usage
	0  -  Run Bytes Sent By Job
	0  -  Run Bytes Received By Job
	0  -  Total Bytes Sent By Job
	0  -  Total Bytes Received By Job
	Partitionable Resources :    Usage  Request Allocated 
	   Cpus                 :        0        1         1 
	   Disk (KB)            :        1  2560000   2679973 
	   Memory (MB)          :       56     4096      4096 
...
006 (7477391.001.000) 08/21 11:04:00 Image size of job updated: 402348
	59  -  MemoryUsage of job (MB)
	59396  -  ResidentSetSize of job (KB)
...
005 (7477391.001.000) 08/21 11:04:00 Job terminated.
	(1) Normal termination (return value 0)
		Usr 0 00:01:56, Sys 0 00:00:04  -  Run Remote Usage
		Usr 0 00:00:00, Sys 0 00:00:00  -  Run Local Usage
		Usr 0 00:01:56, Sys 0 00:00:04  -  Total Remote Usage
		Usr 0 00:00:00, Sys 0 00:00:00  -  Total Local Usage
	0  -  Run Bytes Sent By Job
	0  -  Run Bytes Received By Job
	0  -  Total Bytes Sent By Job
	0  -  Total Bytes Received By Job
	Partitionable Resources :    Usage  Request Allocated 
	   Cpus                 :     0.52        1         1 
	   Disk (KB)            :     1     2560000   2823516 
	   Memory (MB)          :    59        4096      4096 
...
