hadd Target file: /nfs/dust/cms/user/schwarzd/MTopJet/PreSel/uhh2.AnalysisModuleRunner.MC.QCD_Pt-1000toInft_MuEnrichedPt5.root
hadd compression setting for all ouput: 1
hadd Source file 1: /nfs/dust/cms/user/schwarzd/MTopJet/PreSel/PreSel_workdir/uhh2.AnalysisModuleRunner.MC.QCD_Pt-1000toInft_MuEnrichedPt5_0.root
hadd Source file 2: /nfs/dust/cms/user/schwarzd/MTopJet/PreSel/PreSel_workdir/uhh2.AnalysisModuleRunner.MC.QCD_Pt-1000toInft_MuEnrichedPt5_1.root
hadd Source file 3: /nfs/dust/cms/user/schwarzd/MTopJet/PreSel/PreSel_workdir/uhh2.AnalysisModuleRunner.MC.QCD_Pt-1000toInft_MuEnrichedPt5_2.root
hadd Source file 4: /nfs/dust/cms/user/schwarzd/MTopJet/PreSel/PreSel_workdir/uhh2.AnalysisModuleRunner.MC.QCD_Pt-1000toInft_MuEnrichedPt5_3.root
hadd Source file 5: /nfs/dust/cms/user/schwarzd/MTopJet/PreSel/PreSel_workdir/uhh2.AnalysisModuleRunner.MC.QCD_Pt-1000toInft_MuEnrichedPt5_4.root
hadd Source file 6: /nfs/dust/cms/user/schwarzd/MTopJet/PreSel/PreSel_workdir/uhh2.AnalysisModuleRunner.MC.QCD_Pt-1000toInft_MuEnrichedPt5_5.root
hadd Source file 7: /nfs/dust/cms/user/schwarzd/MTopJet/PreSel/PreSel_workdir/uhh2.AnalysisModuleRunner.MC.QCD_Pt-1000toInft_MuEnrichedPt5_6.root
hadd Source file 8: /nfs/dust/cms/user/schwarzd/MTopJet/PreSel/PreSel_workdir/uhh2.AnalysisModuleRunner.MC.QCD_Pt-1000toInft_MuEnrichedPt5_7.root
hadd Source file 9: /nfs/dust/cms/user/schwarzd/MTopJet/PreSel/PreSel_workdir/uhh2.AnalysisModuleRunner.MC.QCD_Pt-1000toInft_MuEnrichedPt5_8.root
hadd Source file 10: /nfs/dust/cms/user/schwarzd/MTopJet/PreSel/PreSel_workdir/uhh2.AnalysisModuleRunner.MC.QCD_Pt-1000toInft_MuEnrichedPt5_9.root
hadd Source file 11: /nfs/dust/cms/user/schwarzd/MTopJet/PreSel/PreSel_workdir/uhh2.AnalysisModuleRunner.MC.QCD_Pt-1000toInft_MuEnrichedPt5_10.root
hadd Source file 12: /nfs/dust/cms/user/schwarzd/MTopJet/PreSel/PreSel_workdir/uhh2.AnalysisModuleRunner.MC.QCD_Pt-1000toInft_MuEnrichedPt5_11.root
hadd Source file 13: /nfs/dust/cms/user/schwarzd/MTopJet/PreSel/PreSel_workdir/uhh2.AnalysisModuleRunner.MC.QCD_Pt-1000toInft_MuEnrichedPt5_12.root
hadd Source file 14: /nfs/dust/cms/user/schwarzd/MTopJet/PreSel/PreSel_workdir/uhh2.AnalysisModuleRunner.MC.QCD_Pt-1000toInft_MuEnrichedPt5_13.root
hadd Source file 15: /nfs/dust/cms/user/schwarzd/MTopJet/PreSel/PreSel_workdir/uhh2.AnalysisModuleRunner.MC.QCD_Pt-1000toInft_MuEnrichedPt5_14.root
hadd Source file 16: /nfs/dust/cms/user/schwarzd/MTopJet/PreSel/PreSel_workdir/uhh2.AnalysisModuleRunner.MC.QCD_Pt-1000toInft_MuEnrichedPt5_15.root
hadd Source file 17: /nfs/dust/cms/user/schwarzd/MTopJet/PreSel/PreSel_workdir/uhh2.AnalysisModuleRunner.MC.QCD_Pt-1000toInft_MuEnrichedPt5_16.root
hadd Source file 18: /nfs/dust/cms/user/schwarzd/MTopJet/PreSel/PreSel_workdir/uhh2.AnalysisModuleRunner.MC.QCD_Pt-1000toInft_MuEnrichedPt5_17.root
hadd Source file 19: /nfs/dust/cms/user/schwarzd/MTopJet/PreSel/PreSel_workdir/uhh2.AnalysisModuleRunner.MC.QCD_Pt-1000toInft_MuEnrichedPt5_18.root
hadd Source file 20: /nfs/dust/cms/user/schwarzd/MTopJet/PreSel/PreSel_workdir/uhh2.AnalysisModuleRunner.MC.QCD_Pt-1000toInft_MuEnrichedPt5_19.root
hadd Source file 21: /nfs/dust/cms/user/schwarzd/MTopJet/PreSel/PreSel_workdir/uhh2.AnalysisModuleRunner.MC.QCD_Pt-1000toInft_MuEnrichedPt5_20.root
hadd Source file 22: /nfs/dust/cms/user/schwarzd/MTopJet/PreSel/PreSel_workdir/uhh2.AnalysisModuleRunner.MC.QCD_Pt-1000toInft_MuEnrichedPt5_21.root
hadd Source file 23: /nfs/dust/cms/user/schwarzd/MTopJet/PreSel/PreSel_workdir/uhh2.AnalysisModuleRunner.MC.QCD_Pt-1000toInft_MuEnrichedPt5_22.root
hadd Source file 24: /nfs/dust/cms/user/schwarzd/MTopJet/PreSel/PreSel_workdir/uhh2.AnalysisModuleRunner.MC.QCD_Pt-1000toInft_MuEnrichedPt5_23.root
hadd Source file 25: /nfs/dust/cms/user/schwarzd/MTopJet/PreSel/PreSel_workdir/uhh2.AnalysisModuleRunner.MC.QCD_Pt-1000toInft_MuEnrichedPt5_24.root
hadd Source file 26: /nfs/dust/cms/user/schwarzd/MTopJet/PreSel/PreSel_workdir/uhh2.AnalysisModuleRunner.MC.QCD_Pt-1000toInft_MuEnrichedPt5_25.root
hadd Source file 27: /nfs/dust/cms/user/schwarzd/MTopJet/PreSel/PreSel_workdir/uhh2.AnalysisModuleRunner.MC.QCD_Pt-1000toInft_MuEnrichedPt5_26.root
hadd Source file 28: /nfs/dust/cms/user/schwarzd/MTopJet/PreSel/PreSel_workdir/uhh2.AnalysisModuleRunner.MC.QCD_Pt-1000toInft_MuEnrichedPt5_27.root
hadd Source file 29: /nfs/dust/cms/user/schwarzd/MTopJet/PreSel/PreSel_workdir/uhh2.AnalysisModuleRunner.MC.QCD_Pt-1000toInft_MuEnrichedPt5_28.root
hadd Source file 30: /nfs/dust/cms/user/schwarzd/MTopJet/PreSel/PreSel_workdir/uhh2.AnalysisModuleRunner.MC.QCD_Pt-1000toInft_MuEnrichedPt5_29.root
hadd Source file 31: /nfs/dust/cms/user/schwarzd/MTopJet/PreSel/PreSel_workdir/uhh2.AnalysisModuleRunner.MC.QCD_Pt-1000toInft_MuEnrichedPt5_30.root
hadd Source file 32: /nfs/dust/cms/user/schwarzd/MTopJet/PreSel/PreSel_workdir/uhh2.AnalysisModuleRunner.MC.QCD_Pt-1000toInft_MuEnrichedPt5_31.root
hadd Source file 33: /nfs/dust/cms/user/schwarzd/MTopJet/PreSel/PreSel_workdir/uhh2.AnalysisModuleRunner.MC.QCD_Pt-1000toInft_MuEnrichedPt5_32.root
hadd Source file 34: /nfs/dust/cms/user/schwarzd/MTopJet/PreSel/PreSel_workdir/uhh2.AnalysisModuleRunner.MC.QCD_Pt-1000toInft_MuEnrichedPt5_33.root
hadd Source file 35: /nfs/dust/cms/user/schwarzd/MTopJet/PreSel/PreSel_workdir/uhh2.AnalysisModuleRunner.MC.QCD_Pt-1000toInft_MuEnrichedPt5_34.root
hadd Source file 36: /nfs/dust/cms/user/schwarzd/MTopJet/PreSel/PreSel_workdir/uhh2.AnalysisModuleRunner.MC.QCD_Pt-1000toInft_MuEnrichedPt5_35.root
hadd Source file 37: /nfs/dust/cms/user/schwarzd/MTopJet/PreSel/PreSel_workdir/uhh2.AnalysisModuleRunner.MC.QCD_Pt-1000toInft_MuEnrichedPt5_36.root
hadd Source file 38: /nfs/dust/cms/user/schwarzd/MTopJet/PreSel/PreSel_workdir/uhh2.AnalysisModuleRunner.MC.QCD_Pt-1000toInft_MuEnrichedPt5_37.root
hadd Source file 39: /nfs/dust/cms/user/schwarzd/MTopJet/PreSel/PreSel_workdir/uhh2.AnalysisModuleRunner.MC.QCD_Pt-1000toInft_MuEnrichedPt5_38.root
hadd Source file 40: /nfs/dust/cms/user/schwarzd/MTopJet/PreSel/PreSel_workdir/uhh2.AnalysisModuleRunner.MC.QCD_Pt-1000toInft_MuEnrichedPt5_39.root
hadd Source file 41: /nfs/dust/cms/user/schwarzd/MTopJet/PreSel/PreSel_workdir/uhh2.AnalysisModuleRunner.MC.QCD_Pt-1000toInft_MuEnrichedPt5_40.root
hadd Source file 42: /nfs/dust/cms/user/schwarzd/MTopJet/PreSel/PreSel_workdir/uhh2.AnalysisModuleRunner.MC.QCD_Pt-1000toInft_MuEnrichedPt5_41.root
hadd Source file 43: /nfs/dust/cms/user/schwarzd/MTopJet/PreSel/PreSel_workdir/uhh2.AnalysisModuleRunner.MC.QCD_Pt-1000toInft_MuEnrichedPt5_42.root
hadd Source file 44: /nfs/dust/cms/user/schwarzd/MTopJet/PreSel/PreSel_workdir/uhh2.AnalysisModuleRunner.MC.QCD_Pt-1000toInft_MuEnrichedPt5_43.root
hadd Target path: /nfs/dust/cms/user/schwarzd/MTopJet/PreSel/uhh2.AnalysisModuleRunner.MC.QCD_Pt-1000toInft_MuEnrichedPt5.root:/
hadd Target path: /nfs/dust/cms/user/schwarzd/MTopJet/PreSel/uhh2.AnalysisModuleRunner.MC.QCD_Pt-1000toInft_MuEnrichedPt5.root:/SFrame
