000 (8238713.000.000) 09/18 16:26:18 Job submitted from host: <131.169.56.95:9618?addrs=131.169.56.95-9618&noUDP&sock=3790727_0057_12>
...
000 (8238713.001.000) 09/18 16:26:18 Job submitted from host: <131.169.56.95:9618?addrs=131.169.56.95-9618&noUDP&sock=3790727_0057_12>
...
000 (8238713.002.000) 09/18 16:26:18 Job submitted from host: <131.169.56.95:9618?addrs=131.169.56.95-9618&noUDP&sock=3790727_0057_12>
...
000 (8238713.003.000) 09/18 16:26:18 Job submitted from host: <131.169.56.95:9618?addrs=131.169.56.95-9618&noUDP&sock=3790727_0057_12>
...
000 (8238713.004.000) 09/18 16:26:18 Job submitted from host: <131.169.56.95:9618?addrs=131.169.56.95-9618&noUDP&sock=3790727_0057_12>
...
000 (8238713.005.000) 09/18 16:26:18 Job submitted from host: <131.169.56.95:9618?addrs=131.169.56.95-9618&noUDP&sock=3790727_0057_12>
...
000 (8238713.006.000) 09/18 16:26:18 Job submitted from host: <131.169.56.95:9618?addrs=131.169.56.95-9618&noUDP&sock=3790727_0057_12>
...
000 (8238713.007.000) 09/18 16:26:18 Job submitted from host: <131.169.56.95:9618?addrs=131.169.56.95-9618&noUDP&sock=3790727_0057_12>
...
000 (8238713.008.000) 09/18 16:26:18 Job submitted from host: <131.169.56.95:9618?addrs=131.169.56.95-9618&noUDP&sock=3790727_0057_12>
...
000 (8238713.009.000) 09/18 16:26:18 Job submitted from host: <131.169.56.95:9618?addrs=131.169.56.95-9618&noUDP&sock=3790727_0057_12>
...
000 (8238713.010.000) 09/18 16:26:18 Job submitted from host: <131.169.56.95:9618?addrs=131.169.56.95-9618&noUDP&sock=3790727_0057_12>
...
000 (8238713.011.000) 09/18 16:26:18 Job submitted from host: <131.169.56.95:9618?addrs=131.169.56.95-9618&noUDP&sock=3790727_0057_12>
...
000 (8238713.012.000) 09/18 16:26:18 Job submitted from host: <131.169.56.95:9618?addrs=131.169.56.95-9618&noUDP&sock=3790727_0057_12>
...
000 (8238713.013.000) 09/18 16:26:18 Job submitted from host: <131.169.56.95:9618?addrs=131.169.56.95-9618&noUDP&sock=3790727_0057_12>
...
000 (8238713.014.000) 09/18 16:26:18 Job submitted from host: <131.169.56.95:9618?addrs=131.169.56.95-9618&noUDP&sock=3790727_0057_12>
...
000 (8238713.015.000) 09/18 16:26:18 Job submitted from host: <131.169.56.95:9618?addrs=131.169.56.95-9618&noUDP&sock=3790727_0057_12>
...
000 (8238713.016.000) 09/18 16:26:18 Job submitted from host: <131.169.56.95:9618?addrs=131.169.56.95-9618&noUDP&sock=3790727_0057_12>
...
000 (8238713.017.000) 09/18 16:26:18 Job submitted from host: <131.169.56.95:9618?addrs=131.169.56.95-9618&noUDP&sock=3790727_0057_12>
...
000 (8238713.018.000) 09/18 16:26:18 Job submitted from host: <131.169.56.95:9618?addrs=131.169.56.95-9618&noUDP&sock=3790727_0057_12>
...
000 (8238713.019.000) 09/18 16:26:18 Job submitted from host: <131.169.56.95:9618?addrs=131.169.56.95-9618&noUDP&sock=3790727_0057_12>
...
000 (8238713.020.000) 09/18 16:26:18 Job submitted from host: <131.169.56.95:9618?addrs=131.169.56.95-9618&noUDP&sock=3790727_0057_12>
...
000 (8238713.021.000) 09/18 16:26:18 Job submitted from host: <131.169.56.95:9618?addrs=131.169.56.95-9618&noUDP&sock=3790727_0057_12>
...
000 (8238713.022.000) 09/18 16:26:18 Job submitted from host: <131.169.56.95:9618?addrs=131.169.56.95-9618&noUDP&sock=3790727_0057_12>
...
000 (8238713.023.000) 09/18 16:26:18 Job submitted from host: <131.169.56.95:9618?addrs=131.169.56.95-9618&noUDP&sock=3790727_0057_12>
...
000 (8238713.024.000) 09/18 16:26:18 Job submitted from host: <131.169.56.95:9618?addrs=131.169.56.95-9618&noUDP&sock=3790727_0057_12>
...
000 (8238713.025.000) 09/18 16:26:18 Job submitted from host: <131.169.56.95:9618?addrs=131.169.56.95-9618&noUDP&sock=3790727_0057_12>
...
000 (8238713.026.000) 09/18 16:26:18 Job submitted from host: <131.169.56.95:9618?addrs=131.169.56.95-9618&noUDP&sock=3790727_0057_12>
...
000 (8238713.027.000) 09/18 16:26:18 Job submitted from host: <131.169.56.95:9618?addrs=131.169.56.95-9618&noUDP&sock=3790727_0057_12>
...
000 (8238713.028.000) 09/18 16:26:18 Job submitted from host: <131.169.56.95:9618?addrs=131.169.56.95-9618&noUDP&sock=3790727_0057_12>
...
000 (8238713.029.000) 09/18 16:26:18 Job submitted from host: <131.169.56.95:9618?addrs=131.169.56.95-9618&noUDP&sock=3790727_0057_12>
...
000 (8238713.030.000) 09/18 16:26:18 Job submitted from host: <131.169.56.95:9618?addrs=131.169.56.95-9618&noUDP&sock=3790727_0057_12>
...
000 (8238713.031.000) 09/18 16:26:18 Job submitted from host: <131.169.56.95:9618?addrs=131.169.56.95-9618&noUDP&sock=3790727_0057_12>
...
001 (8238713.000.000) 09/18 17:03:20 Job executing on host: <131.169.164.21:41532?addrs=131.169.164.21-41532>
...
001 (8238713.001.000) 09/18 17:03:27 Job executing on host: <131.169.164.21:41532?addrs=131.169.164.21-41532>
...
006 (8238713.000.000) 09/18 17:03:29 Image size of job updated: 161604
	158  -  MemoryUsage of job (MB)
	161420  -  ResidentSetSize of job (KB)
...
001 (8238713.002.000) 09/18 17:03:34 Job executing on host: <131.169.164.21:41532?addrs=131.169.164.21-41532>
...
006 (8238713.001.000) 09/18 17:03:36 Image size of job updated: 161760
	158  -  MemoryUsage of job (MB)
	161428  -  ResidentSetSize of job (KB)
...
001 (8238713.003.000) 09/18 17:03:42 Job executing on host: <131.169.164.21:41532?addrs=131.169.164.21-41532>
...
006 (8238713.002.000) 09/18 17:03:43 Image size of job updated: 161552
	158  -  MemoryUsage of job (MB)
	161428  -  ResidentSetSize of job (KB)
...
001 (8238713.004.000) 09/18 17:03:50 Job executing on host: <131.169.164.21:41532?addrs=131.169.164.21-41532>
...
006 (8238713.003.000) 09/18 17:03:51 Image size of job updated: 422240
	412  -  MemoryUsage of job (MB)
	421204  -  ResidentSetSize of job (KB)
...
001 (8238713.005.000) 09/18 17:03:57 Job executing on host: <131.169.164.21:41532?addrs=131.169.164.21-41532>
...
006 (8238713.004.000) 09/18 17:03:58 Image size of job updated: 490036
	412  -  MemoryUsage of job (MB)
	421840  -  ResidentSetSize of job (KB)
...
001 (8238713.006.000) 09/18 17:04:06 Job executing on host: <131.169.164.21:41532?addrs=131.169.164.21-41532>
...
006 (8238713.005.000) 09/18 17:04:06 Image size of job updated: 492308
	411  -  MemoryUsage of job (MB)
	420856  -  ResidentSetSize of job (KB)
...
001 (8238713.007.000) 09/18 17:04:09 Job executing on host: <131.169.164.21:41532?addrs=131.169.164.21-41532>
...
006 (8238713.006.000) 09/18 17:04:15 Image size of job updated: 444948
	411  -  MemoryUsage of job (MB)
	420684  -  ResidentSetSize of job (KB)
...
006 (8238713.007.000) 09/18 17:04:18 Image size of job updated: 468848
	412  -  MemoryUsage of job (MB)
	421484  -  ResidentSetSize of job (KB)
...
006 (8238713.000.000) 09/18 17:08:30 Image size of job updated: 670300
	655  -  MemoryUsage of job (MB)
	669836  -  ResidentSetSize of job (KB)
...
006 (8238713.001.000) 09/18 17:08:37 Image size of job updated: 668136
	653  -  MemoryUsage of job (MB)
	667732  -  ResidentSetSize of job (KB)
...
006 (8238713.002.000) 09/18 17:08:43 Image size of job updated: 670360
	655  -  MemoryUsage of job (MB)
	669880  -  ResidentSetSize of job (KB)
...
006 (8238713.003.000) 09/18 17:08:52 Image size of job updated: 669128
	654  -  MemoryUsage of job (MB)
	668768  -  ResidentSetSize of job (KB)
...
006 (8238713.004.000) 09/18 17:08:58 Image size of job updated: 670688
	655  -  MemoryUsage of job (MB)
	670408  -  ResidentSetSize of job (KB)
...
006 (8238713.005.000) 09/18 17:09:06 Image size of job updated: 669036
	653  -  MemoryUsage of job (MB)
	668548  -  ResidentSetSize of job (KB)
...
006 (8238713.006.000) 09/18 17:09:16 Image size of job updated: 692752
	653  -  MemoryUsage of job (MB)
	668488  -  ResidentSetSize of job (KB)
...
006 (8238713.007.000) 09/18 17:09:19 Image size of job updated: 714840
	652  -  MemoryUsage of job (MB)
	667476  -  ResidentSetSize of job (KB)
...
001 (8238713.008.000) 09/18 17:09:26 Job executing on host: <131.169.164.18:41219?addrs=131.169.164.18-41219>
...
006 (8238713.008.000) 09/18 17:09:35 Image size of job updated: 491776
	411  -  MemoryUsage of job (MB)
	420328  -  ResidentSetSize of job (KB)
...
006 (8238713.000.000) 09/18 17:13:31 Image size of job updated: 673440
	658  -  MemoryUsage of job (MB)
	672976  -  ResidentSetSize of job (KB)
...
006 (8238713.001.000) 09/18 17:13:37 Image size of job updated: 670896
	655  -  MemoryUsage of job (MB)
	670492  -  ResidentSetSize of job (KB)
...
006 (8238713.002.000) 09/18 17:13:43 Image size of job updated: 672344
	657  -  MemoryUsage of job (MB)
	671864  -  ResidentSetSize of job (KB)
...
006 (8238713.003.000) 09/18 17:13:53 Image size of job updated: 669220
	654  -  MemoryUsage of job (MB)
	668860  -  ResidentSetSize of job (KB)
...
006 (8238713.004.000) 09/18 17:13:59 Image size of job updated: 673064
	658  -  MemoryUsage of job (MB)
	672784  -  ResidentSetSize of job (KB)
...
006 (8238713.005.000) 09/18 17:14:07 Image size of job updated: 677264
	661  -  MemoryUsage of job (MB)
	676776  -  ResidentSetSize of job (KB)
...
006 (8238713.006.000) 09/18 17:14:16 Image size of job updated: 695452
	656  -  MemoryUsage of job (MB)
	671188  -  ResidentSetSize of job (KB)
...
006 (8238713.007.000) 09/18 17:14:19 Image size of job updated: 717288
	655  -  MemoryUsage of job (MB)
	669924  -  ResidentSetSize of job (KB)
...
006 (8238713.008.000) 09/18 17:14:35 Image size of job updated: 748948
	662  -  MemoryUsage of job (MB)
	677500  -  ResidentSetSize of job (KB)
...
006 (8238713.000.000) 09/18 17:18:31 Image size of job updated: 673568
	658  -  MemoryUsage of job (MB)
	673104  -  ResidentSetSize of job (KB)
...
006 (8238713.001.000) 09/18 17:18:37 Image size of job updated: 670932
	655  -  MemoryUsage of job (MB)
	670528  -  ResidentSetSize of job (KB)
...
006 (8238713.002.000) 09/18 17:18:44 Image size of job updated: 672504
	657  -  MemoryUsage of job (MB)
	672024  -  ResidentSetSize of job (KB)
...
006 (8238713.003.000) 09/18 17:18:53 Image size of job updated: 671964
	656  -  MemoryUsage of job (MB)
	671604  -  ResidentSetSize of job (KB)
...
006 (8238713.004.000) 09/18 17:18:59 Image size of job updated: 673216
	658  -  MemoryUsage of job (MB)
	672936  -  ResidentSetSize of job (KB)
...
006 (8238713.005.000) 09/18 17:19:08 Image size of job updated: 677372
	662  -  MemoryUsage of job (MB)
	676884  -  ResidentSetSize of job (KB)
...
006 (8238713.006.000) 09/18 17:19:17 Image size of job updated: 695500
	656  -  MemoryUsage of job (MB)
	671236  -  ResidentSetSize of job (KB)
...
006 (8238713.007.000) 09/18 17:19:19 Image size of job updated: 717856
	655  -  MemoryUsage of job (MB)
	670492  -  ResidentSetSize of job (KB)
...
006 (8238713.008.000) 09/18 17:19:36 Image size of job updated: 749108
	662  -  MemoryUsage of job (MB)
	677660  -  ResidentSetSize of job (KB)
...
006 (8238713.000.000) 09/18 17:23:32 Image size of job updated: 673740
	658  -  MemoryUsage of job (MB)
	673276  -  ResidentSetSize of job (KB)
...
006 (8238713.001.000) 09/18 17:23:38 Image size of job updated: 679540
	664  -  MemoryUsage of job (MB)
	679136  -  ResidentSetSize of job (KB)
...
006 (8238713.002.000) 09/18 17:23:44 Image size of job updated: 672572
	657  -  MemoryUsage of job (MB)
	672092  -  ResidentSetSize of job (KB)
...
006 (8238713.003.000) 09/18 17:23:54 Image size of job updated: 672324
	657  -  MemoryUsage of job (MB)
	671964  -  ResidentSetSize of job (KB)
...
006 (8238713.004.000) 09/18 17:24:00 Image size of job updated: 673580
	658  -  MemoryUsage of job (MB)
	673300  -  ResidentSetSize of job (KB)
...
006 (8238713.005.000) 09/18 17:24:08 Image size of job updated: 677376
	662  -  MemoryUsage of job (MB)
	676888  -  ResidentSetSize of job (KB)
...
006 (8238713.006.000) 09/18 17:24:18 Image size of job updated: 700864
	661  -  MemoryUsage of job (MB)
	676600  -  ResidentSetSize of job (KB)
...
006 (8238713.007.000) 09/18 17:24:20 Image size of job updated: 717884
	655  -  MemoryUsage of job (MB)
	670520  -  ResidentSetSize of job (KB)
...
006 (8238713.008.000) 09/18 17:24:36 Image size of job updated: 749184
	662  -  MemoryUsage of job (MB)
	677736  -  ResidentSetSize of job (KB)
...
006 (8238713.000.000) 09/18 17:28:32 Image size of job updated: 673928
	658  -  MemoryUsage of job (MB)
	673464  -  ResidentSetSize of job (KB)
...
006 (8238713.001.000) 09/18 17:28:38 Image size of job updated: 679968
	664  -  MemoryUsage of job (MB)
	679564  -  ResidentSetSize of job (KB)
...
006 (8238713.002.000) 09/18 17:28:45 Image size of job updated: 672676
	657  -  MemoryUsage of job (MB)
	672196  -  ResidentSetSize of job (KB)
...
006 (8238713.003.000) 09/18 17:28:54 Image size of job updated: 672680
	657  -  MemoryUsage of job (MB)
	672320  -  ResidentSetSize of job (KB)
...
006 (8238713.004.000) 09/18 17:29:00 Image size of job updated: 673628
	658  -  MemoryUsage of job (MB)
	673348  -  ResidentSetSize of job (KB)
...
006 (8238713.005.000) 09/18 17:29:09 Image size of job updated: 677396
	662  -  MemoryUsage of job (MB)
	676908  -  ResidentSetSize of job (KB)
...
006 (8238713.006.000) 09/18 17:29:18 Image size of job updated: 701412
	662  -  MemoryUsage of job (MB)
	677148  -  ResidentSetSize of job (KB)
...
006 (8238713.007.000) 09/18 17:29:20 Image size of job updated: 718456
	656  -  MemoryUsage of job (MB)
	671092  -  ResidentSetSize of job (KB)
...
006 (8238713.008.000) 09/18 17:29:37 Image size of job updated: 749280
	662  -  MemoryUsage of job (MB)
	677820  -  ResidentSetSize of job (KB)
...
006 (8238713.000.000) 09/18 17:33:33 Image size of job updated: 674068
	658  -  MemoryUsage of job (MB)
	673604  -  ResidentSetSize of job (KB)
...
006 (8238713.001.000) 09/18 17:33:39 Image size of job updated: 680096
	664  -  MemoryUsage of job (MB)
	679688  -  ResidentSetSize of job (KB)
...
006 (8238713.002.000) 09/18 17:33:45 Image size of job updated: 672692
	657  -  MemoryUsage of job (MB)
	672212  -  ResidentSetSize of job (KB)
...
006 (8238713.003.000) 09/18 17:33:56 Image size of job updated: 673032
	657  -  MemoryUsage of job (MB)
	672672  -  ResidentSetSize of job (KB)
...
006 (8238713.005.000) 09/18 17:34:10 Image size of job updated: 685400
	669  -  MemoryUsage of job (MB)
	684912  -  ResidentSetSize of job (KB)
...
006 (8238713.006.000) 09/18 17:34:19 Image size of job updated: 701420
	662  -  MemoryUsage of job (MB)
	677156  -  ResidentSetSize of job (KB)
...
006 (8238713.007.000) 09/18 17:34:21 Image size of job updated: 718584
	656  -  MemoryUsage of job (MB)
	671220  -  ResidentSetSize of job (KB)
...
006 (8238713.008.000) 09/18 17:34:37 Image size of job updated: 749360
	663  -  MemoryUsage of job (MB)
	677900  -  ResidentSetSize of job (KB)
...
006 (8238713.000.000) 09/18 17:38:34 Image size of job updated: 674152
	658  -  MemoryUsage of job (MB)
	673688  -  ResidentSetSize of job (KB)
...
006 (8238713.001.000) 09/18 17:38:41 Image size of job updated: 680104
	664  -  MemoryUsage of job (MB)
	679696  -  ResidentSetSize of job (KB)
...
006 (8238713.002.000) 09/18 17:38:45 Image size of job updated: 672700
	657  -  MemoryUsage of job (MB)
	672220  -  ResidentSetSize of job (KB)
...
006 (8238713.003.000) 09/18 17:38:56 Image size of job updated: 673048
	657  -  MemoryUsage of job (MB)
	672676  -  ResidentSetSize of job (KB)
...
006 (8238713.005.000) 09/18 17:39:11 Image size of job updated: 685404
	669  -  MemoryUsage of job (MB)
	684916  -  ResidentSetSize of job (KB)
...
006 (8238713.007.000) 09/18 17:39:21 Image size of job updated: 719588
	657  -  MemoryUsage of job (MB)
	672224  -  ResidentSetSize of job (KB)
...
006 (8238713.008.000) 09/18 17:39:38 Image size of job updated: 749372
	663  -  MemoryUsage of job (MB)
	677924  -  ResidentSetSize of job (KB)
...
006 (8238713.008.000) 09/18 17:43:06 Image size of job updated: 750028
	663  -  MemoryUsage of job (MB)
	677924  -  ResidentSetSize of job (KB)
...
005 (8238713.008.000) 09/18 17:43:06 Job terminated.
	(1) Normal termination (return value 0)
		Usr 0 00:33:16, Sys 0 00:00:11  -  Run Remote Usage
		Usr 0 00:00:00, Sys 0 00:00:00  -  Run Local Usage
		Usr 0 00:33:16, Sys 0 00:00:11  -  Total Remote Usage
		Usr 0 00:00:00, Sys 0 00:00:00  -  Total Local Usage
	0  -  Run Bytes Sent By Job
	0  -  Run Bytes Received By Job
	0  -  Total Bytes Sent By Job
	0  -  Total Bytes Received By Job
	Partitionable Resources :    Usage  Request Allocated 
	   Cpus                 :     0.99        1         1 
	   Disk (KB)            :     1     2560000   3104019 
	   Memory (MB)          :   663        4096      4096 
...
006 (8238713.000.000) 09/18 17:43:35 Image size of job updated: 674156
	658  -  MemoryUsage of job (MB)
	673692  -  ResidentSetSize of job (KB)
...
006 (8238713.001.000) 09/18 17:43:41 Image size of job updated: 680184
	664  -  MemoryUsage of job (MB)
	679776  -  ResidentSetSize of job (KB)
...
006 (8238713.003.000) 09/18 17:43:56 Image size of job updated: 673076
	657  -  MemoryUsage of job (MB)
	672704  -  ResidentSetSize of job (KB)
...
006 (8238713.004.000) 09/18 17:44:00 Image size of job updated: 681400
	666  -  MemoryUsage of job (MB)
	681120  -  ResidentSetSize of job (KB)
...
006 (8238713.005.000) 09/18 17:44:11 Image size of job updated: 685408
	669  -  MemoryUsage of job (MB)
	684920  -  ResidentSetSize of job (KB)
...
006 (8238713.006.000) 09/18 17:44:20 Image size of job updated: 701436
	662  -  MemoryUsage of job (MB)
	677172  -  ResidentSetSize of job (KB)
...
006 (8238713.000.000) 09/18 17:48:35 Image size of job updated: 674160
	658  -  MemoryUsage of job (MB)
	673696  -  ResidentSetSize of job (KB)
...
006 (8238713.001.000) 09/18 17:48:41 Image size of job updated: 680260
	664  -  MemoryUsage of job (MB)
	679852  -  ResidentSetSize of job (KB)
...
006 (8238713.002.000) 09/18 17:48:46 Image size of job updated: 672708
	657  -  MemoryUsage of job (MB)
	672228  -  ResidentSetSize of job (KB)
...
006 (8238713.003.000) 09/18 17:48:57 Image size of job updated: 681092
	665  -  MemoryUsage of job (MB)
	680720  -  ResidentSetSize of job (KB)
...
006 (8238713.006.000) 09/18 17:49:20 Image size of job updated: 703076
	663  -  MemoryUsage of job (MB)
	678812  -  ResidentSetSize of job (KB)
...
006 (8238713.003.000) 09/18 17:53:57 Image size of job updated: 681108
	665  -  MemoryUsage of job (MB)
	680736  -  ResidentSetSize of job (KB)
...
006 (8238713.006.000) 09/18 17:54:21 Image size of job updated: 703108
	663  -  MemoryUsage of job (MB)
	678844  -  ResidentSetSize of job (KB)
...
006 (8238713.007.000) 09/18 17:54:23 Image size of job updated: 719736
	657  -  MemoryUsage of job (MB)
	672372  -  ResidentSetSize of job (KB)
...
005 (8238713.002.000) 09/18 17:54:43 Job terminated.
	(1) Normal termination (return value 0)
		Usr 0 00:50:15, Sys 0 00:00:18  -  Run Remote Usage
		Usr 0 00:00:00, Sys 0 00:00:00  -  Run Local Usage
		Usr 0 00:50:15, Sys 0 00:00:18  -  Total Remote Usage
		Usr 0 00:00:00, Sys 0 00:00:00  -  Total Local Usage
	0  -  Run Bytes Sent By Job
	0  -  Run Bytes Received By Job
	0  -  Total Bytes Sent By Job
	0  -  Total Bytes Received By Job
	Partitionable Resources :    Usage  Request Allocated 
	   Cpus                 :     0.97        1         1 
	   Disk (KB)            :     1     2560000   3113314 
	   Memory (MB)          :   657        4096      4096 
...
005 (8238713.003.000) 09/18 17:55:13 Job terminated.
	(1) Normal termination (return value 0)
		Usr 0 00:50:50, Sys 0 00:00:19  -  Run Remote Usage
		Usr 0 00:00:00, Sys 0 00:00:00  -  Run Local Usage
		Usr 0 00:50:50, Sys 0 00:00:19  -  Total Remote Usage
		Usr 0 00:00:00, Sys 0 00:00:00  -  Total Local Usage
	0  -  Run Bytes Sent By Job
	0  -  Run Bytes Received By Job
	0  -  Total Bytes Sent By Job
	0  -  Total Bytes Received By Job
	Partitionable Resources :    Usage  Request Allocated 
	   Cpus                 :     0.97        1         1 
	   Disk (KB)            :     1     2560000   3113314 
	   Memory (MB)          :   665        4096      4096 
...
005 (8238713.006.000) 09/18 17:55:19 Job terminated.
	(1) Normal termination (return value 0)
		Usr 0 00:50:31, Sys 0 00:00:19  -  Run Remote Usage
		Usr 0 00:00:00, Sys 0 00:00:00  -  Run Local Usage
		Usr 0 00:50:31, Sys 0 00:00:19  -  Total Remote Usage
		Usr 0 00:00:00, Sys 0 00:00:00  -  Total Local Usage
	0  -  Run Bytes Sent By Job
	0  -  Run Bytes Received By Job
	0  -  Total Bytes Sent By Job
	0  -  Total Bytes Received By Job
	Partitionable Resources :    Usage  Request Allocated 
	   Cpus                 :     0.88        1         1 
	   Disk (KB)            :     1     2560000   3113314 
	   Memory (MB)          :   663        4096      4096 
...
005 (8238713.000.000) 09/18 17:55:28 Job terminated.
	(1) Normal termination (return value 0)
		Usr 0 00:51:03, Sys 0 00:00:19  -  Run Remote Usage
		Usr 0 00:00:00, Sys 0 00:00:00  -  Run Local Usage
		Usr 0 00:51:03, Sys 0 00:00:19  -  Total Remote Usage
		Usr 0 00:00:00, Sys 0 00:00:00  -  Total Local Usage
	0  -  Run Bytes Sent By Job
	0  -  Run Bytes Received By Job
	0  -  Total Bytes Sent By Job
	0  -  Total Bytes Received By Job
	Partitionable Resources :    Usage  Request Allocated 
	   Cpus                 :     1.00        1         1 
	   Disk (KB)            :     1     2560000   3113314 
	   Memory (MB)          :   658        4096      4096 
...
005 (8238713.004.000) 09/18 17:55:41 Job terminated.
	(1) Normal termination (return value 0)
		Usr 0 00:51:06, Sys 0 00:00:19  -  Run Remote Usage
		Usr 0 00:00:00, Sys 0 00:00:00  -  Run Local Usage
		Usr 0 00:51:06, Sys 0 00:00:19  -  Total Remote Usage
		Usr 0 00:00:00, Sys 0 00:00:00  -  Total Local Usage
	0  -  Run Bytes Sent By Job
	0  -  Run Bytes Received By Job
	0  -  Total Bytes Sent By Job
	0  -  Total Bytes Received By Job
	Partitionable Resources :    Usage  Request Allocated 
	   Cpus                 :     1.00        1         1 
	   Disk (KB)            :     1     2560000   3113314 
	   Memory (MB)          :   666        4096      4096 
...
005 (8238713.001.000) 09/18 17:56:10 Job terminated.
	(1) Normal termination (return value 0)
		Usr 0 00:51:39, Sys 0 00:00:18  -  Run Remote Usage
		Usr 0 00:00:00, Sys 0 00:00:00  -  Run Local Usage
		Usr 0 00:51:39, Sys 0 00:00:18  -  Total Remote Usage
		Usr 0 00:00:00, Sys 0 00:00:00  -  Total Local Usage
	0  -  Run Bytes Sent By Job
	0  -  Run Bytes Received By Job
	0  -  Total Bytes Sent By Job
	0  -  Total Bytes Received By Job
	Partitionable Resources :    Usage  Request Allocated 
	   Cpus                 :     1.00        1         1 
	   Disk (KB)            :     1     2560000   3113314 
	   Memory (MB)          :   664        4096      4096 
...
005 (8238713.005.000) 09/18 17:56:15 Job terminated.
	(1) Normal termination (return value 0)
		Usr 0 00:51:30, Sys 0 00:00:19  -  Run Remote Usage
		Usr 0 00:00:00, Sys 0 00:00:00  -  Run Local Usage
		Usr 0 00:51:30, Sys 0 00:00:19  -  Total Remote Usage
		Usr 0 00:00:00, Sys 0 00:00:00  -  Total Local Usage
	0  -  Run Bytes Sent By Job
	0  -  Run Bytes Received By Job
	0  -  Total Bytes Sent By Job
	0  -  Total Bytes Received By Job
	Partitionable Resources :    Usage  Request Allocated 
	   Cpus                 :     0.38        1         1 
	   Disk (KB)            :     1     2560000   3113314 
	   Memory (MB)          :   669        4096      4096 
...
006 (8238713.007.000) 09/18 17:56:26 Image size of job updated: 960640
	657  -  MemoryUsage of job (MB)
	672372  -  ResidentSetSize of job (KB)
...
005 (8238713.007.000) 09/18 17:56:31 Job terminated.
	(1) Normal termination (return value 0)
		Usr 0 00:51:34, Sys 0 00:00:18  -  Run Remote Usage
		Usr 0 00:00:00, Sys 0 00:00:00  -  Run Local Usage
		Usr 0 00:51:34, Sys 0 00:00:18  -  Total Remote Usage
		Usr 0 00:00:00, Sys 0 00:00:00  -  Total Local Usage
	0  -  Run Bytes Sent By Job
	0  -  Run Bytes Received By Job
	0  -  Total Bytes Sent By Job
	0  -  Total Bytes Received By Job
	Partitionable Resources :    Usage  Request Allocated 
	   Cpus                 :     0.90        1         1 
	   Disk (KB)            :     1     2560000   3113314 
	   Memory (MB)          :   657        4096      4096 
...
001 (8238713.022.000) 09/18 20:34:08 Job executing on host: <131.169.164.1:45129?addrs=131.169.164.1-45129>
...
001 (8238713.011.000) 09/18 20:34:08 Job executing on host: <131.169.164.1:45129?addrs=131.169.164.1-45129>
...
001 (8238713.012.000) 09/18 20:34:14 Job executing on host: <131.169.164.1:45129?addrs=131.169.164.1-45129>
...
006 (8238713.011.000) 09/18 20:34:17 Image size of job updated: 100828
	86  -  MemoryUsage of job (MB)
	87580  -  ResidentSetSize of job (KB)
...
006 (8238713.022.000) 09/18 20:34:17 Image size of job updated: 175776
	158  -  MemoryUsage of job (MB)
	161420  -  ResidentSetSize of job (KB)
...
001 (8238713.021.000) 09/18 20:34:21 Job executing on host: <131.169.164.1:45129?addrs=131.169.164.1-45129>
...
006 (8238713.012.000) 09/18 20:34:23 Image size of job updated: 168680
	158  -  MemoryUsage of job (MB)
	161420  -  ResidentSetSize of job (KB)
...
001 (8238713.025.000) 09/18 20:34:29 Job executing on host: <131.169.77.101:43175?addrs=131.169.77.101-43175>
...
001 (8238713.023.000) 09/18 20:34:29 Job executing on host: <131.169.164.1:45129?addrs=131.169.164.1-45129>
...
006 (8238713.021.000) 09/18 20:34:30 Image size of job updated: 231680
	158  -  MemoryUsage of job (MB)
	161424  -  ResidentSetSize of job (KB)
...
001 (8238713.028.000) 09/18 20:34:34 Job executing on host: <131.169.77.103:42232?addrs=131.169.77.103-42232>
...
001 (8238713.026.000) 09/18 20:34:37 Job executing on host: <131.169.164.1:45129?addrs=131.169.164.1-45129>
...
001 (8238713.027.000) 09/18 20:34:38 Job executing on host: <131.169.164.33:36431?addrs=131.169.164.33-36431>
...
006 (8238713.023.000) 09/18 20:34:38 Image size of job updated: 161668
	158  -  MemoryUsage of job (MB)
	161420  -  ResidentSetSize of job (KB)
...
006 (8238713.025.000) 09/18 20:34:38 Image size of job updated: 51752
	21  -  MemoryUsage of job (MB)
	21224  -  ResidentSetSize of job (KB)
...
001 (8238713.030.000) 09/18 20:34:39 Job executing on host: <131.169.164.34:45038?addrs=131.169.164.34-45038>
...
001 (8238713.009.000) 09/18 20:34:39 Job executing on host: <131.169.164.1:45129?addrs=131.169.164.1-45129>
...
001 (8238713.031.000) 09/18 20:34:40 Job executing on host: <131.169.164.44:43974?addrs=131.169.164.44-43974>
...
006 (8238713.028.000) 09/18 20:34:42 Image size of job updated: 235916
	158  -  MemoryUsage of job (MB)
	161412  -  ResidentSetSize of job (KB)
...
006 (8238713.026.000) 09/18 20:34:46 Image size of job updated: 180512
	158  -  MemoryUsage of job (MB)
	161540  -  ResidentSetSize of job (KB)
...
006 (8238713.027.000) 09/18 20:34:47 Image size of job updated: 94776
	49  -  MemoryUsage of job (MB)
	50072  -  ResidentSetSize of job (KB)
...
006 (8238713.009.000) 09/18 20:34:48 Image size of job updated: 118128
	64  -  MemoryUsage of job (MB)
	65300  -  ResidentSetSize of job (KB)
...
006 (8238713.030.000) 09/18 20:34:48 Image size of job updated: 112440
	59  -  MemoryUsage of job (MB)
	59452  -  ResidentSetSize of job (KB)
...
006 (8238713.031.000) 09/18 20:34:49 Image size of job updated: 67084
	46  -  MemoryUsage of job (MB)
	46280  -  ResidentSetSize of job (KB)
...
001 (8238713.016.000) 09/18 20:34:56 Job executing on host: <131.169.164.26:44152?addrs=131.169.164.26-44152>
...
001 (8238713.015.000) 09/18 20:34:56 Job executing on host: <131.169.164.11:38408?addrs=131.169.164.11-38408>
...
001 (8238713.017.000) 09/18 20:35:00 Job executing on host: <131.169.164.18:41219?addrs=131.169.164.18-41219>
...
022 (8238713.029.000) 09/18 20:35:01 Job disconnected, attempting to reconnect
    Socket between submit and execute hosts closed unexpectedly
    Trying to reconnect to slot1_26@bird806.desy.de <131.169.164.6:32834?addrs=131.169.164.6-32834>
...
024 (8238713.029.000) 09/18 20:35:01 Job reconnection failed
    Job not found at execution machine
    Can not reconnect to slot1_26@bird806.desy.de, rescheduling job
...
006 (8238713.015.000) 09/18 20:35:05 Image size of job updated: 162260
	158  -  MemoryUsage of job (MB)
	161432  -  ResidentSetSize of job (KB)
...
006 (8238713.016.000) 09/18 20:35:06 Image size of job updated: 228600
	158  -  MemoryUsage of job (MB)
	161604  -  ResidentSetSize of job (KB)
...
006 (8238713.017.000) 09/18 20:35:09 Image size of job updated: 162376
	158  -  MemoryUsage of job (MB)
	161612  -  ResidentSetSize of job (KB)
...
001 (8238713.029.000) 09/18 20:35:20 Job executing on host: <131.169.164.42:46610?addrs=131.169.164.42-46610>
...
001 (8238713.013.000) 09/18 20:35:25 Job executing on host: <131.169.164.41:43388?addrs=131.169.164.41-43388>
...
006 (8238713.029.000) 09/18 20:35:28 Image size of job updated: 87044
	48  -  MemoryUsage of job (MB)
	48752  -  ResidentSetSize of job (KB)
...
006 (8238713.013.000) 09/18 20:35:34 Image size of job updated: 232344
	158  -  MemoryUsage of job (MB)
	161432  -  ResidentSetSize of job (KB)
...
001 (8238713.014.000) 09/18 20:35:35 Job executing on host: <131.169.164.2:34630?addrs=131.169.164.2-34630>
...
006 (8238713.014.000) 09/18 20:35:44 Image size of job updated: 161992
	158  -  MemoryUsage of job (MB)
	161468  -  ResidentSetSize of job (KB)
...
001 (8238713.010.000) 09/18 20:37:02 Job executing on host: <131.169.164.21:41532?addrs=131.169.164.21-41532>
...
006 (8238713.010.000) 09/18 20:37:12 Image size of job updated: 37104
	36  -  MemoryUsage of job (MB)
	36168  -  ResidentSetSize of job (KB)
...
006 (8238713.011.000) 09/18 20:39:17 Image size of job updated: 671992
	655  -  MemoryUsage of job (MB)
	670472  -  ResidentSetSize of job (KB)
...
006 (8238713.022.000) 09/18 20:39:18 Image size of job updated: 679540
	662  -  MemoryUsage of job (MB)
	677460  -  ResidentSetSize of job (KB)
...
006 (8238713.012.000) 09/18 20:39:23 Image size of job updated: 669760
	654  -  MemoryUsage of job (MB)
	669552  -  ResidentSetSize of job (KB)
...
006 (8238713.021.000) 09/18 20:39:30 Image size of job updated: 668308
	653  -  MemoryUsage of job (MB)
	668116  -  ResidentSetSize of job (KB)
...
006 (8238713.023.000) 09/18 20:39:38 Image size of job updated: 667724
	653  -  MemoryUsage of job (MB)
	667656  -  ResidentSetSize of job (KB)
...
006 (8238713.025.000) 09/18 20:39:39 Image size of job updated: 749792
	658  -  MemoryUsage of job (MB)
	672832  -  ResidentSetSize of job (KB)
...
006 (8238713.028.000) 09/18 20:39:42 Image size of job updated: 748760
	657  -  MemoryUsage of job (MB)
	671800  -  ResidentSetSize of job (KB)
...
006 (8238713.026.000) 09/18 20:39:48 Image size of job updated: 667964
	652  -  MemoryUsage of job (MB)
	667084  -  ResidentSetSize of job (KB)
...
006 (8238713.009.000) 09/18 20:39:48 Image size of job updated: 667212
	652  -  MemoryUsage of job (MB)
	666820  -  ResidentSetSize of job (KB)
...
006 (8238713.027.000) 09/18 20:39:48 Image size of job updated: 743424
	651  -  MemoryUsage of job (MB)
	666464  -  ResidentSetSize of job (KB)
...
006 (8238713.030.000) 09/18 20:39:49 Image size of job updated: 742696
	651  -  MemoryUsage of job (MB)
	665740  -  ResidentSetSize of job (KB)
...
006 (8238713.031.000) 09/18 20:39:51 Image size of job updated: 709736
	652  -  MemoryUsage of job (MB)
	666772  -  ResidentSetSize of job (KB)
...
006 (8238713.015.000) 09/18 20:40:06 Image size of job updated: 668052
	652  -  MemoryUsage of job (MB)
	667168  -  ResidentSetSize of job (KB)
...
006 (8238713.016.000) 09/18 20:40:06 Image size of job updated: 735956
	653  -  MemoryUsage of job (MB)
	668260  -  ResidentSetSize of job (KB)
...
006 (8238713.017.000) 09/18 20:40:11 Image size of job updated: 668832
	652  -  MemoryUsage of job (MB)
	667136  -  ResidentSetSize of job (KB)
...
006 (8238713.029.000) 09/18 20:40:28 Image size of job updated: 743292
	651  -  MemoryUsage of job (MB)
	666300  -  ResidentSetSize of job (KB)
...
006 (8238713.013.000) 09/18 20:40:34 Image size of job updated: 669872
	655  -  MemoryUsage of job (MB)
	669720  -  ResidentSetSize of job (KB)
...
006 (8238713.014.000) 09/18 20:40:45 Image size of job updated: 672812
	656  -  MemoryUsage of job (MB)
	670924  -  ResidentSetSize of job (KB)
...
006 (8238713.010.000) 09/18 20:42:12 Image size of job updated: 665916
	651  -  MemoryUsage of job (MB)
	665696  -  ResidentSetSize of job (KB)
...
022 (8238713.020.000) 09/18 20:43:06 Job disconnected, attempting to reconnect
    Socket between submit and execute hosts closed unexpectedly
    Trying to reconnect to slot1@bird354.desy.de <131.169.76.92:40096?addrs=131.169.76.92-40096>
...
024 (8238713.020.000) 09/18 20:43:07 Job reconnection failed
    Job not found at execution machine
    Can not reconnect to slot1@bird354.desy.de, rescheduling job
...
001 (8238713.020.000) 09/18 20:43:25 Job executing on host: <131.169.164.11:38408?addrs=131.169.164.11-38408>
...
006 (8238713.020.000) 09/18 20:43:34 Image size of job updated: 202180
	158  -  MemoryUsage of job (MB)
	161424  -  ResidentSetSize of job (KB)
...
022 (8238713.019.000) 09/18 20:43:45 Job disconnected, attempting to reconnect
    Socket between submit and execute hosts closed unexpectedly
    Trying to reconnect to slot1@bird354.desy.de <131.169.76.92:40096?addrs=131.169.76.92-40096>
...
006 (8238713.011.000) 09/18 20:44:17 Image size of job updated: 674596
	658  -  MemoryUsage of job (MB)
	673076  -  ResidentSetSize of job (KB)
...
006 (8238713.022.000) 09/18 20:44:18 Image size of job updated: 684072
	667  -  MemoryUsage of job (MB)
	681992  -  ResidentSetSize of job (KB)
...
001 (8238713.024.000) 09/18 20:44:19 Job executing on host: <131.169.77.224:41722?addrs=131.169.77.224-41722>
...
006 (8238713.012.000) 09/18 20:44:24 Image size of job updated: 672628
	657  -  MemoryUsage of job (MB)
	672420  -  ResidentSetSize of job (KB)
...
006 (8238713.024.000) 09/18 20:44:28 Image size of job updated: 496856
	411  -  MemoryUsage of job (MB)
	419872  -  ResidentSetSize of job (KB)
...
006 (8238713.021.000) 09/18 20:44:31 Image size of job updated: 671080
	656  -  MemoryUsage of job (MB)
	670888  -  ResidentSetSize of job (KB)
...
006 (8238713.023.000) 09/18 20:44:39 Image size of job updated: 669848
	655  -  MemoryUsage of job (MB)
	669780  -  ResidentSetSize of job (KB)
...
006 (8238713.025.000) 09/18 20:44:39 Image size of job updated: 749976
	658  -  MemoryUsage of job (MB)
	673004  -  ResidentSetSize of job (KB)
...
006 (8238713.028.000) 09/18 20:44:43 Image size of job updated: 748840
	657  -  MemoryUsage of job (MB)
	671880  -  ResidentSetSize of job (KB)
...
006 (8238713.026.000) 09/18 20:44:48 Image size of job updated: 671408
	655  -  MemoryUsage of job (MB)
	670528  -  ResidentSetSize of job (KB)
...
006 (8238713.027.000) 09/18 20:44:49 Image size of job updated: 747092
	655  -  MemoryUsage of job (MB)
	670132  -  ResidentSetSize of job (KB)
...
006 (8238713.030.000) 09/18 20:44:49 Image size of job updated: 753948
	665  -  MemoryUsage of job (MB)
	680440  -  ResidentSetSize of job (KB)
...
006 (8238713.009.000) 09/18 20:44:49 Image size of job updated: 670000
	654  -  MemoryUsage of job (MB)
	669608  -  ResidentSetSize of job (KB)
...
006 (8238713.031.000) 09/18 20:44:51 Image size of job updated: 709736
	655  -  MemoryUsage of job (MB)
	670688  -  ResidentSetSize of job (KB)
...
006 (8238713.015.000) 09/18 20:45:06 Image size of job updated: 670856
	655  -  MemoryUsage of job (MB)
	670176  -  ResidentSetSize of job (KB)
...
006 (8238713.016.000) 09/18 20:45:06 Image size of job updated: 738960
	656  -  MemoryUsage of job (MB)
	671264  -  ResidentSetSize of job (KB)
...
006 (8238713.017.000) 09/18 20:45:11 Image size of job updated: 672112
	655  -  MemoryUsage of job (MB)
	670412  -  ResidentSetSize of job (KB)
...
006 (8238713.029.000) 09/18 20:45:29 Image size of job updated: 747204
	655  -  MemoryUsage of job (MB)
	670212  -  ResidentSetSize of job (KB)
...
006 (8238713.013.000) 09/18 20:45:35 Image size of job updated: 672736
	657  -  MemoryUsage of job (MB)
	672584  -  ResidentSetSize of job (KB)
...
006 (8238713.014.000) 09/18 20:45:45 Image size of job updated: 675320
	658  -  MemoryUsage of job (MB)
	673432  -  ResidentSetSize of job (KB)
...
006 (8238713.010.000) 09/18 20:47:12 Image size of job updated: 669300
	654  -  MemoryUsage of job (MB)
	668832  -  ResidentSetSize of job (KB)
...
001 (8238713.018.000) 09/18 20:48:10 Job executing on host: <131.169.164.3:40794?addrs=131.169.164.3-40794>
...
006 (8238713.018.000) 09/18 20:48:18 Image size of job updated: 50732
	22  -  MemoryUsage of job (MB)
	21528  -  ResidentSetSize of job (KB)
...
006 (8238713.020.000) 09/18 20:48:35 Image size of job updated: 697904
	655  -  MemoryUsage of job (MB)
	670256  -  ResidentSetSize of job (KB)
...
006 (8238713.011.000) 09/18 20:49:17 Image size of job updated: 674624
	658  -  MemoryUsage of job (MB)
	673104  -  ResidentSetSize of job (KB)
...
006 (8238713.022.000) 09/18 20:49:19 Image size of job updated: 684284
	667  -  MemoryUsage of job (MB)
	682204  -  ResidentSetSize of job (KB)
...
006 (8238713.012.000) 09/18 20:49:24 Image size of job updated: 672728
	657  -  MemoryUsage of job (MB)
	672520  -  ResidentSetSize of job (KB)
...
006 (8238713.024.000) 09/18 20:49:29 Image size of job updated: 747536
	655  -  MemoryUsage of job (MB)
	670544  -  ResidentSetSize of job (KB)
...
006 (8238713.021.000) 09/18 20:49:32 Image size of job updated: 671416
	656  -  MemoryUsage of job (MB)
	671224  -  ResidentSetSize of job (KB)
...
006 (8238713.025.000) 09/18 20:49:40 Image size of job updated: 750024
	658  -  MemoryUsage of job (MB)
	673052  -  ResidentSetSize of job (KB)
...
006 (8238713.028.000) 09/18 20:49:43 Image size of job updated: 749252
	657  -  MemoryUsage of job (MB)
	672292  -  ResidentSetSize of job (KB)
...
006 (8238713.026.000) 09/18 20:49:48 Image size of job updated: 671420
	655  -  MemoryUsage of job (MB)
	670540  -  ResidentSetSize of job (KB)
...
006 (8238713.027.000) 09/18 20:49:49 Image size of job updated: 747516
	655  -  MemoryUsage of job (MB)
	670556  -  ResidentSetSize of job (KB)
...
006 (8238713.030.000) 09/18 20:49:50 Image size of job updated: 753948
	666  -  MemoryUsage of job (MB)
	680980  -  ResidentSetSize of job (KB)
...
006 (8238713.009.000) 09/18 20:49:50 Image size of job updated: 670084
	654  -  MemoryUsage of job (MB)
	669692  -  ResidentSetSize of job (KB)
...
006 (8238713.031.000) 09/18 20:49:52 Image size of job updated: 709736
	656  -  MemoryUsage of job (MB)
	670732  -  ResidentSetSize of job (KB)
...
006 (8238713.016.000) 09/18 20:50:07 Image size of job updated: 738996
	656  -  MemoryUsage of job (MB)
	671300  -  ResidentSetSize of job (KB)
...
006 (8238713.015.000) 09/18 20:50:07 Image size of job updated: 671032
	655  -  MemoryUsage of job (MB)
	670408  -  ResidentSetSize of job (KB)
...
006 (8238713.017.000) 09/18 20:50:11 Image size of job updated: 672360
	655  -  MemoryUsage of job (MB)
	670660  -  ResidentSetSize of job (KB)
...
006 (8238713.029.000) 09/18 20:50:29 Image size of job updated: 747224
	655  -  MemoryUsage of job (MB)
	670232  -  ResidentSetSize of job (KB)
...
006 (8238713.013.000) 09/18 20:50:35 Image size of job updated: 673092
	658  -  MemoryUsage of job (MB)
	672940  -  ResidentSetSize of job (KB)
...
006 (8238713.014.000) 09/18 20:50:46 Image size of job updated: 675400
	658  -  MemoryUsage of job (MB)
	673512  -  ResidentSetSize of job (KB)
...
005 (8238713.031.000) 09/18 20:51:47 Job terminated.
	(1) Normal termination (return value 0)
		Usr 0 00:16:07, Sys 0 00:00:07  -  Run Remote Usage
		Usr 0 00:00:00, Sys 0 00:00:00  -  Run Local Usage
		Usr 0 00:16:07, Sys 0 00:00:07  -  Total Remote Usage
		Usr 0 00:00:00, Sys 0 00:00:00  -  Total Local Usage
	0  -  Run Bytes Sent By Job
	0  -  Run Bytes Received By Job
	0  -  Total Bytes Sent By Job
	0  -  Total Bytes Received By Job
	Partitionable Resources :    Usage  Request Allocated 
	   Cpus                 :     0.99        1         1 
	   Disk (KB)            :     1     2560000   3103589 
	   Memory (MB)          :   656        4096      4096 
...
006 (8238713.010.000) 09/18 20:52:12 Image size of job updated: 678332
	662  -  MemoryUsage of job (MB)
	677456  -  ResidentSetSize of job (KB)
...
006 (8238713.018.000) 09/18 20:53:18 Image size of job updated: 723376
	652  -  MemoryUsage of job (MB)
	666720  -  ResidentSetSize of job (KB)
...
006 (8238713.020.000) 09/18 20:53:35 Image size of job updated: 697904
	657  -  MemoryUsage of job (MB)
	672704  -  ResidentSetSize of job (KB)
...
006 (8238713.011.000) 09/18 20:54:18 Image size of job updated: 674648
	658  -  MemoryUsage of job (MB)
	673144  -  ResidentSetSize of job (KB)
...
006 (8238713.022.000) 09/18 20:54:19 Image size of job updated: 684284
	667  -  MemoryUsage of job (MB)
	682248  -  ResidentSetSize of job (KB)
...
006 (8238713.012.000) 09/18 20:54:24 Image size of job updated: 673052
	658  -  MemoryUsage of job (MB)
	672844  -  ResidentSetSize of job (KB)
...
006 (8238713.024.000) 09/18 20:54:30 Image size of job updated: 755936
	664  -  MemoryUsage of job (MB)
	678944  -  ResidentSetSize of job (KB)
...
006 (8238713.021.000) 09/18 20:54:32 Image size of job updated: 671532
	656  -  MemoryUsage of job (MB)
	671340  -  ResidentSetSize of job (KB)
...
006 (8238713.023.000) 09/18 20:54:40 Image size of job updated: 675544
	660  -  MemoryUsage of job (MB)
	675476  -  ResidentSetSize of job (KB)
...
006 (8238713.025.000) 09/18 20:54:41 Image size of job updated: 750240
	658  -  MemoryUsage of job (MB)
	673268  -  ResidentSetSize of job (KB)
...
006 (8238713.028.000) 09/18 20:54:43 Image size of job updated: 749432
	657  -  MemoryUsage of job (MB)
	672472  -  ResidentSetSize of job (KB)
...
006 (8238713.026.000) 09/18 20:54:49 Image size of job updated: 674120
	658  -  MemoryUsage of job (MB)
	673240  -  ResidentSetSize of job (KB)
...
006 (8238713.027.000) 09/18 20:54:50 Image size of job updated: 747672
	655  -  MemoryUsage of job (MB)
	670712  -  ResidentSetSize of job (KB)
...
006 (8238713.030.000) 09/18 20:54:50 Image size of job updated: 753948
	666  -  MemoryUsage of job (MB)
	681268  -  ResidentSetSize of job (KB)
...
006 (8238713.009.000) 09/18 20:54:50 Image size of job updated: 670104
	655  -  MemoryUsage of job (MB)
	669712  -  ResidentSetSize of job (KB)
...
006 (8238713.016.000) 09/18 20:55:07 Image size of job updated: 738996
	656  -  MemoryUsage of job (MB)
	671308  -  ResidentSetSize of job (KB)
...
006 (8238713.015.000) 09/18 20:55:08 Image size of job updated: 671260
	655  -  MemoryUsage of job (MB)
	670676  -  ResidentSetSize of job (KB)
...
006 (8238713.017.000) 09/18 20:55:12 Image size of job updated: 672616
	656  -  MemoryUsage of job (MB)
	670932  -  ResidentSetSize of job (KB)
...
006 (8238713.029.000) 09/18 20:55:29 Image size of job updated: 755628
	663  -  MemoryUsage of job (MB)
	678636  -  ResidentSetSize of job (KB)
...
006 (8238713.013.000) 09/18 20:55:35 Image size of job updated: 673240
	658  -  MemoryUsage of job (MB)
	673088  -  ResidentSetSize of job (KB)
...
006 (8238713.014.000) 09/18 20:55:46 Image size of job updated: 675552
	658  -  MemoryUsage of job (MB)
	673664  -  ResidentSetSize of job (KB)
...
006 (8238713.018.000) 09/18 20:58:19 Image size of job updated: 723376
	657  -  MemoryUsage of job (MB)
	672112  -  ResidentSetSize of job (KB)
...
006 (8238713.020.000) 09/18 20:58:36 Image size of job updated: 697904
	658  -  MemoryUsage of job (MB)
	672772  -  ResidentSetSize of job (KB)
...
006 (8238713.011.000) 09/18 20:59:18 Image size of job updated: 674648
	658  -  MemoryUsage of job (MB)
	673328  -  ResidentSetSize of job (KB)
...
006 (8238713.022.000) 09/18 20:59:20 Image size of job updated: 684284
	667  -  MemoryUsage of job (MB)
	682396  -  ResidentSetSize of job (KB)
...
006 (8238713.012.000) 09/18 20:59:25 Image size of job updated: 673280
	658  -  MemoryUsage of job (MB)
	673096  -  ResidentSetSize of job (KB)
...
006 (8238713.024.000) 09/18 20:59:30 Image size of job updated: 756192
	664  -  MemoryUsage of job (MB)
	679200  -  ResidentSetSize of job (KB)
...
006 (8238713.021.000) 09/18 20:59:33 Image size of job updated: 671696
	656  -  MemoryUsage of job (MB)
	671504  -  ResidentSetSize of job (KB)
...
006 (8238713.023.000) 09/18 20:59:40 Image size of job updated: 676200
	661  -  MemoryUsage of job (MB)
	676152  -  ResidentSetSize of job (KB)
...
006 (8238713.025.000) 09/18 20:59:42 Image size of job updated: 750324
	658  -  MemoryUsage of job (MB)
	673352  -  ResidentSetSize of job (KB)
...
006 (8238713.028.000) 09/18 20:59:44 Image size of job updated: 749700
	657  -  MemoryUsage of job (MB)
	672740  -  ResidentSetSize of job (KB)
...
006 (8238713.026.000) 09/18 20:59:49 Image size of job updated: 674196
	658  -  MemoryUsage of job (MB)
	673316  -  ResidentSetSize of job (KB)
...
006 (8238713.027.000) 09/18 20:59:50 Image size of job updated: 747900
	656  -  MemoryUsage of job (MB)
	670940  -  ResidentSetSize of job (KB)
...
006 (8238713.009.000) 09/18 20:59:51 Image size of job updated: 683456
	668  -  MemoryUsage of job (MB)
	683308  -  ResidentSetSize of job (KB)
...
006 (8238713.030.000) 09/18 20:59:52 Image size of job updated: 753948
	666  -  MemoryUsage of job (MB)
	681500  -  ResidentSetSize of job (KB)
...
006 (8238713.016.000) 09/18 21:00:08 Image size of job updated: 739436
	657  -  MemoryUsage of job (MB)
	671928  -  ResidentSetSize of job (KB)
...
006 (8238713.015.000) 09/18 21:00:09 Image size of job updated: 671668
	656  -  MemoryUsage of job (MB)
	671084  -  ResidentSetSize of job (KB)
...
006 (8238713.017.000) 09/18 21:00:12 Image size of job updated: 675356
	658  -  MemoryUsage of job (MB)
	673672  -  ResidentSetSize of job (KB)
...
006 (8238713.029.000) 09/18 21:00:30 Image size of job updated: 756380
	664  -  MemoryUsage of job (MB)
	679388  -  ResidentSetSize of job (KB)
...
006 (8238713.013.000) 09/18 21:00:36 Image size of job updated: 673524
	658  -  MemoryUsage of job (MB)
	673372  -  ResidentSetSize of job (KB)
...
006 (8238713.014.000) 09/18 21:00:46 Image size of job updated: 683556
	666  -  MemoryUsage of job (MB)
	681668  -  ResidentSetSize of job (KB)
...
006 (8238713.010.000) 09/18 21:02:14 Image size of job updated: 678372
	662  -  MemoryUsage of job (MB)
	677456  -  ResidentSetSize of job (KB)
...
006 (8238713.018.000) 09/18 21:03:19 Image size of job updated: 723376
	660  -  MemoryUsage of job (MB)
	675144  -  ResidentSetSize of job (KB)
...
006 (8238713.020.000) 09/18 21:03:36 Image size of job updated: 697904
	658  -  MemoryUsage of job (MB)
	672804  -  ResidentSetSize of job (KB)
...
006 (8238713.011.000) 09/18 21:04:18 Image size of job updated: 674676
	658  -  MemoryUsage of job (MB)
	673460  -  ResidentSetSize of job (KB)
...
006 (8238713.022.000) 09/18 21:04:21 Image size of job updated: 684284
	667  -  MemoryUsage of job (MB)
	682832  -  ResidentSetSize of job (KB)
...
006 (8238713.012.000) 09/18 21:04:25 Image size of job updated: 673504
	658  -  MemoryUsage of job (MB)
	673320  -  ResidentSetSize of job (KB)
...
006 (8238713.024.000) 09/18 21:04:31 Image size of job updated: 756368
	664  -  MemoryUsage of job (MB)
	679376  -  ResidentSetSize of job (KB)
...
006 (8238713.021.000) 09/18 21:04:33 Image size of job updated: 671772
	656  -  MemoryUsage of job (MB)
	671580  -  ResidentSetSize of job (KB)
...
006 (8238713.023.000) 09/18 21:04:41 Image size of job updated: 676244
	661  -  MemoryUsage of job (MB)
	676196  -  ResidentSetSize of job (KB)
...
006 (8238713.025.000) 09/18 21:04:43 Image size of job updated: 750384
	658  -  MemoryUsage of job (MB)
	673412  -  ResidentSetSize of job (KB)
...
006 (8238713.028.000) 09/18 21:04:44 Image size of job updated: 749700
	658  -  MemoryUsage of job (MB)
	672816  -  ResidentSetSize of job (KB)
...
006 (8238713.026.000) 09/18 21:04:49 Image size of job updated: 675228
	659  -  MemoryUsage of job (MB)
	674348  -  ResidentSetSize of job (KB)
...
006 (8238713.027.000) 09/18 21:04:50 Image size of job updated: 747988
	656  -  MemoryUsage of job (MB)
	671028  -  ResidentSetSize of job (KB)
...
006 (8238713.009.000) 09/18 21:04:51 Image size of job updated: 683968
	668  -  MemoryUsage of job (MB)
	683820  -  ResidentSetSize of job (KB)
...
006 (8238713.030.000) 09/18 21:04:52 Image size of job updated: 753948
	666  -  MemoryUsage of job (MB)
	681828  -  ResidentSetSize of job (KB)
...
006 (8238713.015.000) 09/18 21:05:09 Image size of job updated: 671692
	656  -  MemoryUsage of job (MB)
	671084  -  ResidentSetSize of job (KB)
...
006 (8238713.017.000) 09/18 21:05:12 Image size of job updated: 675356
	659  -  MemoryUsage of job (MB)
	673964  -  ResidentSetSize of job (KB)
...
006 (8238713.013.000) 09/18 21:05:36 Image size of job updated: 673564
	658  -  MemoryUsage of job (MB)
	673412  -  ResidentSetSize of job (KB)
...
006 (8238713.014.000) 09/18 21:05:47 Image size of job updated: 683784
	666  -  MemoryUsage of job (MB)
	681896  -  ResidentSetSize of job (KB)
...
006 (8238713.010.000) 09/18 21:07:14 Image size of job updated: 678732
	662  -  MemoryUsage of job (MB)
	677456  -  ResidentSetSize of job (KB)
...
006 (8238713.018.000) 09/18 21:08:20 Image size of job updated: 723376
	660  -  MemoryUsage of job (MB)
	675176  -  ResidentSetSize of job (KB)
...
006 (8238713.020.000) 09/18 21:08:36 Image size of job updated: 697904
	658  -  MemoryUsage of job (MB)
	673056  -  ResidentSetSize of job (KB)
...
006 (8238713.022.000) 09/18 21:09:21 Image size of job updated: 684284
	667  -  MemoryUsage of job (MB)
	682836  -  ResidentSetSize of job (KB)
...
006 (8238713.012.000) 09/18 21:09:26 Image size of job updated: 673516
	658  -  MemoryUsage of job (MB)
	673332  -  ResidentSetSize of job (KB)
...
006 (8238713.024.000) 09/18 21:09:32 Image size of job updated: 756760
	664  -  MemoryUsage of job (MB)
	679768  -  ResidentSetSize of job (KB)
...
006 (8238713.021.000) 09/18 21:09:33 Image size of job updated: 671784
	656  -  MemoryUsage of job (MB)
	671592  -  ResidentSetSize of job (KB)
...
006 (8238713.023.000) 09/18 21:09:42 Image size of job updated: 676280
	661  -  MemoryUsage of job (MB)
	676232  -  ResidentSetSize of job (KB)
...
006 (8238713.025.000) 09/18 21:09:43 Image size of job updated: 750436
	658  -  MemoryUsage of job (MB)
	673464  -  ResidentSetSize of job (KB)
...
006 (8238713.028.000) 09/18 21:09:45 Image size of job updated: 749700
	663  -  MemoryUsage of job (MB)
	678740  -  ResidentSetSize of job (KB)
...
006 (8238713.026.000) 09/18 21:09:50 Image size of job updated: 675232
	659  -  MemoryUsage of job (MB)
	674352  -  ResidentSetSize of job (KB)
...
006 (8238713.027.000) 09/18 21:09:51 Image size of job updated: 750688
	658  -  MemoryUsage of job (MB)
	673728  -  ResidentSetSize of job (KB)
...
006 (8238713.030.000) 09/18 21:09:52 Image size of job updated: 753948
	666  -  MemoryUsage of job (MB)
	681852  -  ResidentSetSize of job (KB)
...
006 (8238713.015.000) 09/18 21:10:09 Image size of job updated: 671696
	656  -  MemoryUsage of job (MB)
	671088  -  ResidentSetSize of job (KB)
...
006 (8238713.016.000) 09/18 21:10:09 Image size of job updated: 739520
	659  -  MemoryUsage of job (MB)
	674516  -  ResidentSetSize of job (KB)
...
006 (8238713.017.000) 09/18 21:10:12 Image size of job updated: 675356
	659  -  MemoryUsage of job (MB)
	673972  -  ResidentSetSize of job (KB)
...
006 (8238713.029.000) 09/18 21:10:31 Image size of job updated: 756380
	664  -  MemoryUsage of job (MB)
	679392  -  ResidentSetSize of job (KB)
...
006 (8238713.014.000) 09/18 21:10:48 Image size of job updated: 683788
	666  -  MemoryUsage of job (MB)
	681900  -  ResidentSetSize of job (KB)
...
006 (8238713.010.000) 09/18 21:12:15 Image size of job updated: 678792
	662  -  MemoryUsage of job (MB)
	677456  -  ResidentSetSize of job (KB)
...
006 (8238713.018.000) 09/18 21:13:21 Image size of job updated: 723376
	660  -  MemoryUsage of job (MB)
	675188  -  ResidentSetSize of job (KB)
...
006 (8238713.020.000) 09/18 21:13:37 Image size of job updated: 697904
	658  -  MemoryUsage of job (MB)
	673788  -  ResidentSetSize of job (KB)
...
006 (8238713.011.000) 09/18 21:14:19 Image size of job updated: 674872
	658  -  MemoryUsage of job (MB)
	673780  -  ResidentSetSize of job (KB)
...
006 (8238713.022.000) 09/18 21:14:22 Image size of job updated: 684284
	667  -  MemoryUsage of job (MB)
	682904  -  ResidentSetSize of job (KB)
...
006 (8238713.012.000) 09/18 21:14:27 Image size of job updated: 673528
	658  -  MemoryUsage of job (MB)
	673344  -  ResidentSetSize of job (KB)
...
006 (8238713.024.000) 09/18 21:14:32 Image size of job updated: 756812
	664  -  MemoryUsage of job (MB)
	679820  -  ResidentSetSize of job (KB)
...
006 (8238713.021.000) 09/18 21:14:34 Image size of job updated: 675276
	660  -  MemoryUsage of job (MB)
	675084  -  ResidentSetSize of job (KB)
...
006 (8238713.023.000) 09/18 21:14:43 Image size of job updated: 676292
	661  -  MemoryUsage of job (MB)
	676244  -  ResidentSetSize of job (KB)
...
006 (8238713.025.000) 09/18 21:14:44 Image size of job updated: 750484
	658  -  MemoryUsage of job (MB)
	673512  -  ResidentSetSize of job (KB)
...
006 (8238713.028.000) 09/18 21:14:46 Image size of job updated: 749700
	694  -  MemoryUsage of job (MB)
	709728  -  ResidentSetSize of job (KB)
...
006 (8238713.026.000) 09/18 21:14:50 Image size of job updated: 679120
	663  -  MemoryUsage of job (MB)
	678240  -  ResidentSetSize of job (KB)
...
006 (8238713.027.000) 09/18 21:14:51 Image size of job updated: 750732
	658  -  MemoryUsage of job (MB)
	673772  -  ResidentSetSize of job (KB)
...
006 (8238713.016.000) 09/18 21:15:10 Image size of job updated: 739592
	659  -  MemoryUsage of job (MB)
	674588  -  ResidentSetSize of job (KB)
...
005 (8238713.028.000) 09/18 21:15:24 Job terminated.
	(1) Normal termination (return value 0)
		Usr 0 00:39:58, Sys 0 00:00:17  -  Run Remote Usage
		Usr 0 00:00:00, Sys 0 00:00:00  -  Run Local Usage
		Usr 0 00:39:58, Sys 0 00:00:17  -  Total Remote Usage
		Usr 0 00:00:00, Sys 0 00:00:00  -  Total Local Usage
	0  -  Run Bytes Sent By Job
	0  -  Run Bytes Received By Job
	0  -  Total Bytes Sent By Job
	0  -  Total Bytes Received By Job
	Partitionable Resources :    Usage  Request Allocated 
	   Cpus                 :     0.99        1         1 
	   Disk (KB)            :     1     2560000   2671082 
	   Memory (MB)          :   694        4096      4096 
...
006 (8238713.013.000) 09/18 21:15:38 Image size of job updated: 673564
	658  -  MemoryUsage of job (MB)
	673424  -  ResidentSetSize of job (KB)
...
006 (8238713.014.000) 09/18 21:15:48 Image size of job updated: 683848
	666  -  MemoryUsage of job (MB)
	681960  -  ResidentSetSize of job (KB)
...
006 (8238713.010.000) 09/18 21:17:15 Image size of job updated: 678884
	662  -  MemoryUsage of job (MB)
	677456  -  ResidentSetSize of job (KB)
...
006 (8238713.018.000) 09/18 21:18:22 Image size of job updated: 723376
	661  -  MemoryUsage of job (MB)
	676020  -  ResidentSetSize of job (KB)
...
006 (8238713.020.000) 09/18 21:18:37 Image size of job updated: 697904
	659  -  MemoryUsage of job (MB)
	673824  -  ResidentSetSize of job (KB)
...
005 (8238713.024.000) 09/18 21:18:39 Job terminated.
	(1) Normal termination (return value 0)
		Usr 0 00:33:46, Sys 0 00:00:15  -  Run Remote Usage
		Usr 0 00:00:00, Sys 0 00:00:00  -  Run Local Usage
		Usr 0 00:33:46, Sys 0 00:00:15  -  Total Remote Usage
		Usr 0 00:00:00, Sys 0 00:00:00  -  Total Local Usage
	0  -  Run Bytes Sent By Job
	0  -  Run Bytes Received By Job
	0  -  Total Bytes Sent By Job
	0  -  Total Bytes Received By Job
	Partitionable Resources :    Usage  Request Allocated 
	   Cpus                 :     1.00        1         1 
	   Disk (KB)            :     1     2560000   3842936 
	   Memory (MB)          :   664        4096      4096 
...
006 (8238713.012.000) 09/18 21:19:27 Image size of job updated: 679212
	664  -  MemoryUsage of job (MB)
	679028  -  ResidentSetSize of job (KB)
...
006 (8238713.021.000) 09/18 21:19:34 Image size of job updated: 675312
	660  -  MemoryUsage of job (MB)
	675120  -  ResidentSetSize of job (KB)
...
005 (8238713.025.000) 09/18 21:19:39 Job terminated.
	(1) Normal termination (return value 0)
		Usr 0 00:42:44, Sys 0 00:00:25  -  Run Remote Usage
		Usr 0 00:00:00, Sys 0 00:00:00  -  Run Local Usage
		Usr 0 00:42:44, Sys 0 00:00:25  -  Total Remote Usage
		Usr 0 00:00:00, Sys 0 00:00:00  -  Total Local Usage
	0  -  Run Bytes Sent By Job
	0  -  Run Bytes Received By Job
	0  -  Total Bytes Sent By Job
	0  -  Total Bytes Received By Job
	Partitionable Resources :    Usage  Request Allocated 
	   Cpus                 :     0.83        1         1 
	   Disk (KB)            :     1     2560000   2666894 
	   Memory (MB)          :   658        4096      4096 
...
006 (8238713.026.000) 09/18 21:19:51 Image size of job updated: 679204
	663  -  MemoryUsage of job (MB)
	678324  -  ResidentSetSize of job (KB)
...
006 (8238713.027.000) 09/18 21:19:52 Image size of job updated: 750744
	658  -  MemoryUsage of job (MB)
	673784  -  ResidentSetSize of job (KB)
...
006 (8238713.009.000) 09/18 21:19:52 Image size of job updated: 683972
	668  -  MemoryUsage of job (MB)
	683824  -  ResidentSetSize of job (KB)
...
006 (8238713.030.000) 09/18 21:19:53 Image size of job updated: 753948
	666  -  MemoryUsage of job (MB)
	681860  -  ResidentSetSize of job (KB)
...
006 (8238713.016.000) 09/18 21:20:10 Image size of job updated: 739652
	659  -  MemoryUsage of job (MB)
	674648  -  ResidentSetSize of job (KB)
...
006 (8238713.015.000) 09/18 21:20:11 Image size of job updated: 678356
	662  -  MemoryUsage of job (MB)
	677748  -  ResidentSetSize of job (KB)
...
006 (8238713.017.000) 09/18 21:20:13 Image size of job updated: 675356
	659  -  MemoryUsage of job (MB)
	674092  -  ResidentSetSize of job (KB)
...
006 (8238713.013.000) 09/18 21:20:38 Image size of job updated: 673564
	658  -  MemoryUsage of job (MB)
	673440  -  ResidentSetSize of job (KB)
...
006 (8238713.014.000) 09/18 21:20:49 Image size of job updated: 683856
	666  -  MemoryUsage of job (MB)
	681972  -  ResidentSetSize of job (KB)
...
024 (8238713.019.000) 09/18 21:23:10 Job reconnection failed
    Job disconnected too long: JobLeaseDuration (2400 seconds) expired
    Can not reconnect to slot1@bird354.desy.de, rescheduling job
...
006 (8238713.018.000) 09/18 21:23:22 Image size of job updated: 723376
	661  -  MemoryUsage of job (MB)
	676072  -  ResidentSetSize of job (KB)
...
001 (8238713.019.000) 09/18 21:24:16 Job executing on host: <131.169.77.156:41080?addrs=131.169.77.156-41080>
...
006 (8238713.011.000) 09/18 21:24:21 Image size of job updated: 674876
	658  -  MemoryUsage of job (MB)
	673784  -  ResidentSetSize of job (KB)
...
006 (8238713.019.000) 09/18 21:24:24 Image size of job updated: 544
	1  -  MemoryUsage of job (MB)
	544  -  ResidentSetSize of job (KB)
...
006 (8238713.012.000) 09/18 21:24:28 Image size of job updated: 679224
	664  -  MemoryUsage of job (MB)
	679040  -  ResidentSetSize of job (KB)
...
006 (8238713.026.000) 09/18 21:24:51 Image size of job updated: 679860
	664  -  MemoryUsage of job (MB)
	678980  -  ResidentSetSize of job (KB)
...
006 (8238713.030.000) 09/18 21:24:53 Image size of job updated: 753948
	666  -  MemoryUsage of job (MB)
	681896  -  ResidentSetSize of job (KB)
...
006 (8238713.015.000) 09/18 21:25:11 Image size of job updated: 678364
	662  -  MemoryUsage of job (MB)
	677756  -  ResidentSetSize of job (KB)
...
006 (8238713.014.000) 09/18 21:25:50 Image size of job updated: 683872
	667  -  MemoryUsage of job (MB)
	681988  -  ResidentSetSize of job (KB)
...
006 (8238713.010.000) 09/18 21:27:16 Image size of job updated: 678964
	662  -  MemoryUsage of job (MB)
	677456  -  ResidentSetSize of job (KB)
...
006 (8238713.018.000) 09/18 21:28:23 Image size of job updated: 723376
	666  -  MemoryUsage of job (MB)
	681604  -  ResidentSetSize of job (KB)
...
006 (8238713.020.000) 09/18 21:28:38 Image size of job updated: 697904
	659  -  MemoryUsage of job (MB)
	673828  -  ResidentSetSize of job (KB)
...
006 (8238713.011.000) 09/18 21:29:21 Image size of job updated: 677060
	661  -  MemoryUsage of job (MB)
	676384  -  ResidentSetSize of job (KB)
...
006 (8238713.022.000) 09/18 21:29:23 Image size of job updated: 684284
	667  -  MemoryUsage of job (MB)
	682916  -  ResidentSetSize of job (KB)
...
006 (8238713.019.000) 09/18 21:29:24 Image size of job updated: 747124
	658  -  MemoryUsage of job (MB)
	672828  -  ResidentSetSize of job (KB)
...
006 (8238713.021.000) 09/18 21:29:36 Image size of job updated: 675312
	660  -  MemoryUsage of job (MB)
	675136  -  ResidentSetSize of job (KB)
...
006 (8238713.023.000) 09/18 21:29:44 Image size of job updated: 676344
	661  -  MemoryUsage of job (MB)
	676244  -  ResidentSetSize of job (KB)
...
006 (8238713.026.000) 09/18 21:29:52 Image size of job updated: 679860
	664  -  MemoryUsage of job (MB)
	679016  -  ResidentSetSize of job (KB)
...
006 (8238713.027.000) 09/18 21:29:53 Image size of job updated: 750744
	659  -  MemoryUsage of job (MB)
	673804  -  ResidentSetSize of job (KB)
...
006 (8238713.016.000) 09/18 21:30:11 Image size of job updated: 739652
	659  -  MemoryUsage of job (MB)
	674652  -  ResidentSetSize of job (KB)
...
006 (8238713.015.000) 09/18 21:30:11 Image size of job updated: 678372
	662  -  MemoryUsage of job (MB)
	677764  -  ResidentSetSize of job (KB)
...
005 (8238713.022.000) 09/18 21:30:30 Job terminated.
	(1) Normal termination (return value 0)
		Usr 0 00:54:12, Sys 0 00:00:22  -  Run Remote Usage
		Usr 0 00:00:00, Sys 0 00:00:00  -  Run Local Usage
		Usr 0 00:54:12, Sys 0 00:00:22  -  Total Remote Usage
		Usr 0 00:00:00, Sys 0 00:00:00  -  Total Local Usage
	0  -  Run Bytes Sent By Job
	0  -  Run Bytes Received By Job
	0  -  Total Bytes Sent By Job
	0  -  Total Bytes Received By Job
	Partitionable Resources :    Usage  Request Allocated 
	   Cpus                 :     1.00        1         1 
	   Disk (KB)            :     1     2560000   3105835 
	   Memory (MB)          :   667        4096      4096 
...
006 (8238713.013.000) 09/18 21:30:39 Image size of job updated: 673564
	658  -  MemoryUsage of job (MB)
	673460  -  ResidentSetSize of job (KB)
...
005 (8238713.012.000) 09/18 21:31:04 Job terminated.
	(1) Normal termination (return value 0)
		Usr 0 00:54:19, Sys 0 00:00:21  -  Run Remote Usage
		Usr 0 00:00:00, Sys 0 00:00:00  -  Run Local Usage
		Usr 0 00:54:19, Sys 0 00:00:21  -  Total Remote Usage
		Usr 0 00:00:00, Sys 0 00:00:00  -  Total Local Usage
	0  -  Run Bytes Sent By Job
	0  -  Run Bytes Received By Job
	0  -  Total Bytes Sent By Job
	0  -  Total Bytes Received By Job
	Partitionable Resources :    Usage  Request Allocated 
	   Cpus                 :     0.98        1         1 
	   Disk (KB)            :     1     2560000   3105835 
	   Memory (MB)          :   664        4096      4096 
...
005 (8238713.021.000) 09/18 21:31:12 Job terminated.
	(1) Normal termination (return value 0)
		Usr 0 00:54:36, Sys 0 00:00:22  -  Run Remote Usage
		Usr 0 00:00:00, Sys 0 00:00:00  -  Run Local Usage
		Usr 0 00:54:36, Sys 0 00:00:22  -  Total Remote Usage
		Usr 0 00:00:00, Sys 0 00:00:00  -  Total Local Usage
	0  -  Run Bytes Sent By Job
	0  -  Run Bytes Received By Job
	0  -  Total Bytes Sent By Job
	0  -  Total Bytes Received By Job
	Partitionable Resources :    Usage  Request Allocated 
	   Cpus                 :     0.43        1         1 
	   Disk (KB)            :     1     2560000   3105835 
	   Memory (MB)          :   660        4096      4096 
...
006 (8238713.011.000) 09/18 21:31:13 Image size of job updated: 760504
	661  -  MemoryUsage of job (MB)
	676384  -  ResidentSetSize of job (KB)
...
006 (8238713.023.000) 09/18 21:31:13 Image size of job updated: 753956
	661  -  MemoryUsage of job (MB)
	676244  -  ResidentSetSize of job (KB)
...
005 (8238713.011.000) 09/18 21:31:13 Job terminated.
	(1) Normal termination (return value 0)
		Usr 0 00:54:30, Sys 0 00:00:21  -  Run Remote Usage
		Usr 0 00:00:00, Sys 0 00:00:00  -  Run Local Usage
		Usr 0 00:54:30, Sys 0 00:00:21  -  Total Remote Usage
		Usr 0 00:00:00, Sys 0 00:00:00  -  Total Local Usage
	0  -  Run Bytes Sent By Job
	0  -  Run Bytes Received By Job
	0  -  Total Bytes Sent By Job
	0  -  Total Bytes Received By Job
	Partitionable Resources :    Usage  Request Allocated 
	   Cpus                 :     0.48        1         1 
	   Disk (KB)            :     1     2560000   3105835 
	   Memory (MB)          :   661        4096      4096 
...
005 (8238713.023.000) 09/18 21:31:13 Job terminated.
	(1) Normal termination (return value 0)
		Usr 0 00:54:34, Sys 0 00:00:22  -  Run Remote Usage
		Usr 0 00:00:00, Sys 0 00:00:00  -  Run Local Usage
		Usr 0 00:54:34, Sys 0 00:00:22  -  Total Remote Usage
		Usr 0 00:00:00, Sys 0 00:00:00  -  Total Local Usage
	0  -  Run Bytes Sent By Job
	0  -  Run Bytes Received By Job
	0  -  Total Bytes Sent By Job
	0  -  Total Bytes Received By Job
	Partitionable Resources :    Usage  Request Allocated 
	   Cpus                 :     0.41        1         1 
	   Disk (KB)            :     1     2560000   3105835 
	   Memory (MB)          :   661        4096      4096 
...
005 (8238713.026.000) 09/18 21:31:18 Job terminated.
	(1) Normal termination (return value 0)
		Usr 0 00:54:44, Sys 0 00:00:24  -  Run Remote Usage
		Usr 0 00:00:00, Sys 0 00:00:00  -  Run Local Usage
		Usr 0 00:54:44, Sys 0 00:00:24  -  Total Remote Usage
		Usr 0 00:00:00, Sys 0 00:00:00  -  Total Local Usage
	0  -  Run Bytes Sent By Job
	0  -  Run Bytes Received By Job
	0  -  Total Bytes Sent By Job
	0  -  Total Bytes Received By Job
	Partitionable Resources :    Usage  Request Allocated 
	   Cpus                 :     0.97        1         1 
	   Disk (KB)            :     1     2560000   3105835 
	   Memory (MB)          :   664        4096      4096 
...
005 (8238713.009.000) 09/18 21:31:45 Job terminated.
	(1) Normal termination (return value 0)
		Usr 0 00:54:59, Sys 0 00:00:23  -  Run Remote Usage
		Usr 0 00:00:00, Sys 0 00:00:00  -  Run Local Usage
		Usr 0 00:54:59, Sys 0 00:00:23  -  Total Remote Usage
		Usr 0 00:00:00, Sys 0 00:00:00  -  Total Local Usage
	0  -  Run Bytes Sent By Job
	0  -  Run Bytes Received By Job
	0  -  Total Bytes Sent By Job
	0  -  Total Bytes Received By Job
	Partitionable Resources :    Usage  Request Allocated 
	   Cpus                 :     1.00        1         1 
	   Disk (KB)            :     1     2560000   3105835 
	   Memory (MB)          :   668        4096      4096 
...
005 (8238713.016.000) 09/18 21:32:07 Job terminated.
	(1) Normal termination (return value 0)
		Usr 0 00:54:45, Sys 0 00:00:20  -  Run Remote Usage
		Usr 0 00:00:00, Sys 0 00:00:00  -  Run Local Usage
		Usr 0 00:54:45, Sys 0 00:00:20  -  Total Remote Usage
		Usr 0 00:00:00, Sys 0 00:00:00  -  Total Local Usage
	0  -  Run Bytes Sent By Job
	0  -  Run Bytes Received By Job
	0  -  Total Bytes Sent By Job
	0  -  Total Bytes Received By Job
	Partitionable Resources :    Usage  Request Allocated 
	   Cpus                 :     0.98        1         1 
	   Disk (KB)            :     1     2560000   3111356 
	   Memory (MB)          :   659        4096      4096 
...
005 (8238713.013.000) 09/18 21:32:31 Job terminated.
	(1) Normal termination (return value 0)
		Usr 0 00:55:51, Sys 0 00:00:21  -  Run Remote Usage
		Usr 0 00:00:00, Sys 0 00:00:00  -  Run Local Usage
		Usr 0 00:55:51, Sys 0 00:00:21  -  Total Remote Usage
		Usr 0 00:00:00, Sys 0 00:00:00  -  Total Local Usage
	0  -  Run Bytes Sent By Job
	0  -  Run Bytes Received By Job
	0  -  Total Bytes Sent By Job
	0  -  Total Bytes Received By Job
	Partitionable Resources :    Usage  Request Allocated 
	   Cpus                 :     1.00        1         1 
	   Disk (KB)            :     1     2560000   3095984 
	   Memory (MB)          :   658        4096      4096 
...
005 (8238713.030.000) 09/18 21:32:31 Job terminated.
	(1) Normal termination (return value 0)
		Usr 0 00:55:26, Sys 0 00:00:24  -  Run Remote Usage
		Usr 0 00:00:00, Sys 0 00:00:00  -  Run Local Usage
		Usr 0 00:55:26, Sys 0 00:00:24  -  Total Remote Usage
		Usr 0 00:00:00, Sys 0 00:00:00  -  Total Local Usage
	0  -  Run Bytes Sent By Job
	0  -  Run Bytes Received By Job
	0  -  Total Bytes Sent By Job
	0  -  Total Bytes Received By Job
	Partitionable Resources :    Usage  Request Allocated 
	   Cpus                 :     0.98        1         1 
	   Disk (KB)            :     1     2560000   3112802 
	   Memory (MB)          :   666        4096      4096 
...
006 (8238713.014.000) 09/18 21:32:42 Image size of job updated: 756736
	667  -  MemoryUsage of job (MB)
	681988  -  ResidentSetSize of job (KB)
...
005 (8238713.014.000) 09/18 21:32:51 Job terminated.
	(1) Normal termination (return value 0)
		Usr 0 00:55:57, Sys 0 00:00:21  -  Run Remote Usage
		Usr 0 00:00:00, Sys 0 00:00:00  -  Run Local Usage
		Usr 0 00:55:57, Sys 0 00:00:21  -  Total Remote Usage
		Usr 0 00:00:00, Sys 0 00:00:00  -  Total Local Usage
	0  -  Run Bytes Sent By Job
	0  -  Run Bytes Received By Job
	0  -  Total Bytes Sent By Job
	0  -  Total Bytes Received By Job
	Partitionable Resources :    Usage  Request Allocated 
	   Cpus                 :     0.79        1         1 
	   Disk (KB)            :     1     2560000   3111181 
	   Memory (MB)          :   667        4096      4096 
...
006 (8238713.018.000) 09/18 21:33:23 Image size of job updated: 723376
	666  -  MemoryUsage of job (MB)
	681608  -  ResidentSetSize of job (KB)
...
005 (8238713.015.000) 09/18 21:33:24 Job terminated.
	(1) Normal termination (return value 0)
		Usr 0 00:54:45, Sys 0 00:00:21  -  Run Remote Usage
		Usr 0 00:00:00, Sys 0 00:00:00  -  Run Local Usage
		Usr 0 00:54:45, Sys 0 00:00:21  -  Total Remote Usage
		Usr 0 00:00:00, Sys 0 00:00:00  -  Total Local Usage
	0  -  Run Bytes Sent By Job
	0  -  Run Bytes Received By Job
	0  -  Total Bytes Sent By Job
	0  -  Total Bytes Received By Job
	Partitionable Resources :    Usage  Request Allocated 
	   Cpus                 :     0.98        1         1 
	   Disk (KB)            :     1     2560000   3106035 
	   Memory (MB)          :   662        4096      4096 
...
006 (8238713.020.000) 09/18 21:33:39 Image size of job updated: 697904
	665  -  MemoryUsage of job (MB)
	680868  -  ResidentSetSize of job (KB)
...
006 (8238713.019.000) 09/18 21:34:25 Image size of job updated: 747708
	658  -  MemoryUsage of job (MB)
	673412  -  ResidentSetSize of job (KB)
...
005 (8238713.017.000) 09/18 21:34:43 Job terminated.
	(1) Normal termination (return value 0)
		Usr 0 00:57:24, Sys 0 00:00:22  -  Run Remote Usage
		Usr 0 00:00:00, Sys 0 00:00:00  -  Run Local Usage
		Usr 0 00:57:24, Sys 0 00:00:22  -  Total Remote Usage
		Usr 0 00:00:00, Sys 0 00:00:00  -  Total Local Usage
	0  -  Run Bytes Sent By Job
	0  -  Run Bytes Received By Job
	0  -  Total Bytes Sent By Job
	0  -  Total Bytes Received By Job
	Partitionable Resources :    Usage  Request Allocated 
	   Cpus                 :     0.97        1         1 
	   Disk (KB)            :     1     2560000   3104019 
	   Memory (MB)          :   659        4096      4096 
...
006 (8238713.027.000) 09/18 21:34:50 Image size of job updated: 754968
	659  -  MemoryUsage of job (MB)
	673804  -  ResidentSetSize of job (KB)
...
005 (8238713.027.000) 09/18 21:34:50 Job terminated.
	(1) Normal termination (return value 0)
		Usr 0 00:56:43, Sys 0 00:00:21  -  Run Remote Usage
		Usr 0 00:00:00, Sys 0 00:00:00  -  Run Local Usage
		Usr 0 00:56:43, Sys 0 00:00:21  -  Total Remote Usage
		Usr 0 00:00:00, Sys 0 00:00:00  -  Total Local Usage
	0  -  Run Bytes Sent By Job
	0  -  Run Bytes Received By Job
	0  -  Total Bytes Sent By Job
	0  -  Total Bytes Received By Job
	Partitionable Resources :    Usage  Request Allocated 
	   Cpus                 :     0.97        1         1 
	   Disk (KB)            :     1     2560000   3028734 
	   Memory (MB)          :   659        4096      4096 
...
005 (8238713.029.000) 09/18 21:35:17 Job terminated.
	(1) Normal termination (return value 0)
		Usr 0 00:57:47, Sys 0 00:00:24  -  Run Remote Usage
		Usr 0 00:00:00, Sys 0 00:00:00  -  Run Local Usage
		Usr 0 00:57:47, Sys 0 00:00:24  -  Total Remote Usage
		Usr 0 00:00:00, Sys 0 00:00:00  -  Total Local Usage
	0  -  Run Bytes Sent By Job
	0  -  Run Bytes Received By Job
	0  -  Total Bytes Sent By Job
	0  -  Total Bytes Received By Job
	Partitionable Resources :    Usage  Request Allocated 
	   Cpus                 :     0.99        1         1 
	   Disk (KB)            :     1     2560000   3100010 
	   Memory (MB)          :   664        4096      4096 
...
005 (8238713.010.000) 09/18 21:37:36 Job terminated.
	(1) Normal termination (return value 0)
		Usr 0 00:55:02, Sys 0 00:00:31  -  Run Remote Usage
		Usr 0 00:00:00, Sys 0 00:00:00  -  Run Local Usage
		Usr 0 00:55:02, Sys 0 00:00:31  -  Total Remote Usage
		Usr 0 00:00:00, Sys 0 00:00:00  -  Total Local Usage
	0  -  Run Bytes Sent By Job
	0  -  Run Bytes Received By Job
	0  -  Total Bytes Sent By Job
	0  -  Total Bytes Received By Job
	Partitionable Resources :    Usage  Request Allocated 
	   Cpus                 :     1.00        1         1 
	   Disk (KB)            :     1     2560000   3113314 
	   Memory (MB)          :   662        4096      4096 
...
006 (8238713.018.000) 09/18 21:38:24 Image size of job updated: 723376
	666  -  MemoryUsage of job (MB)
	681640  -  ResidentSetSize of job (KB)
...
006 (8238713.020.000) 09/18 21:38:40 Image size of job updated: 697904
	665  -  MemoryUsage of job (MB)
	680884  -  ResidentSetSize of job (KB)
...
006 (8238713.019.000) 09/18 21:39:25 Image size of job updated: 747992
	658  -  MemoryUsage of job (MB)
	673696  -  ResidentSetSize of job (KB)
...
005 (8238713.020.000) 09/18 21:42:02 Job terminated.
	(1) Normal termination (return value 0)
		Usr 0 00:55:36, Sys 0 00:00:21  -  Run Remote Usage
		Usr 0 00:00:00, Sys 0 00:00:00  -  Run Local Usage
		Usr 0 00:55:36, Sys 0 00:00:21  -  Total Remote Usage
		Usr 0 00:00:00, Sys 0 00:00:00  -  Total Local Usage
	0  -  Run Bytes Sent By Job
	0  -  Run Bytes Received By Job
	0  -  Total Bytes Sent By Job
	0  -  Total Bytes Received By Job
	Partitionable Resources :    Usage  Request Allocated 
	   Cpus                 :     1.00        1         1 
	   Disk (KB)            :     1     2560000   3106035 
	   Memory (MB)          :   665        4096      4096 
...
006 (8238713.018.000) 09/18 21:43:25 Image size of job updated: 723376
	666  -  MemoryUsage of job (MB)
	681752  -  ResidentSetSize of job (KB)
...
006 (8238713.019.000) 09/18 21:44:26 Image size of job updated: 750824
	661  -  MemoryUsage of job (MB)
	676528  -  ResidentSetSize of job (KB)
...
005 (8238713.018.000) 09/18 21:46:58 Job terminated.
	(1) Normal termination (return value 0)
		Usr 0 00:56:05, Sys 0 00:00:26  -  Run Remote Usage
		Usr 0 00:00:00, Sys 0 00:00:00  -  Run Local Usage
		Usr 0 00:56:05, Sys 0 00:00:26  -  Total Remote Usage
		Usr 0 00:00:00, Sys 0 00:00:00  -  Total Local Usage
	0  -  Run Bytes Sent By Job
	0  -  Run Bytes Received By Job
	0  -  Total Bytes Sent By Job
	0  -  Total Bytes Received By Job
	Partitionable Resources :    Usage  Request Allocated 
	   Cpus                 :     0.99        1         1 
	   Disk (KB)            :     1     2560000   3105632 
	   Memory (MB)          :   666        4096      4096 
...
006 (8238713.019.000) 09/18 21:49:27 Image size of job updated: 751072
	661  -  MemoryUsage of job (MB)
	676776  -  ResidentSetSize of job (KB)
...
006 (8238713.019.000) 09/18 21:54:27 Image size of job updated: 751072
	664  -  MemoryUsage of job (MB)
	679140  -  ResidentSetSize of job (KB)
...
005 (8238713.019.000) 09/18 21:59:28 Job terminated.
	(1) Normal termination (return value 0)
		Usr 0 00:33:44, Sys 0 00:00:17  -  Run Remote Usage
		Usr 0 00:00:00, Sys 0 00:00:00  -  Run Local Usage
		Usr 0 00:33:44, Sys 0 00:00:17  -  Total Remote Usage
		Usr 0 00:00:00, Sys 0 00:00:00  -  Total Local Usage
	0  -  Run Bytes Sent By Job
	0  -  Run Bytes Received By Job
	0  -  Total Bytes Sent By Job
	0  -  Total Bytes Received By Job
	Partitionable Resources :    Usage  Request Allocated 
	   Cpus                 :     0.95        1         1 
	   Disk (KB)            :     1     2560000   3825831 
	   Memory (MB)          :   664        4096      4096 
...
