000 (7477392.000.000) 08/21 11:00:31 Job submitted from host: <131.169.56.95:9618?addrs=131.169.56.95-9618&noUDP&sock=3790727_0057_12>
...
000 (7477392.001.000) 08/21 11:00:31 Job submitted from host: <131.169.56.95:9618?addrs=131.169.56.95-9618&noUDP&sock=3790727_0057_12>
...
000 (7477392.002.000) 08/21 11:00:31 Job submitted from host: <131.169.56.95:9618?addrs=131.169.56.95-9618&noUDP&sock=3790727_0057_12>
...
000 (7477392.003.000) 08/21 11:00:31 Job submitted from host: <131.169.56.95:9618?addrs=131.169.56.95-9618&noUDP&sock=3790727_0057_12>
...
000 (7477392.004.000) 08/21 11:00:31 Job submitted from host: <131.169.56.95:9618?addrs=131.169.56.95-9618&noUDP&sock=3790727_0057_12>
...
000 (7477392.005.000) 08/21 11:00:31 Job submitted from host: <131.169.56.95:9618?addrs=131.169.56.95-9618&noUDP&sock=3790727_0057_12>
...
001 (7477392.000.000) 08/21 11:00:54 Job executing on host: <131.169.76.126:42979?addrs=131.169.76.126-42979>
...
001 (7477392.001.000) 08/21 11:00:55 Job executing on host: <131.169.76.171:44172?addrs=131.169.76.171-44172>
...
006 (7477392.000.000) 08/21 11:01:03 Image size of job updated: 107816
	56  -  MemoryUsage of job (MB)
	56600  -  ResidentSetSize of job (KB)
...
006 (7477392.001.000) 08/21 11:01:04 Image size of job updated: 113516
	58  -  MemoryUsage of job (MB)
	59392  -  ResidentSetSize of job (KB)
...
001 (7477392.002.000) 08/21 11:01:04 Job executing on host: <131.169.164.28:35566?addrs=131.169.164.28-35566>
...
006 (7477392.002.000) 08/21 11:01:13 Image size of job updated: 110000
	56  -  MemoryUsage of job (MB)
	56604  -  ResidentSetSize of job (KB)
...
001 (7477392.003.000) 08/21 11:01:25 Job executing on host: <131.169.84.191:41743?addrs=131.169.84.191-41743>
...
006 (7477392.003.000) 08/21 11:01:34 Image size of job updated: 108240
	56  -  MemoryUsage of job (MB)
	56604  -  ResidentSetSize of job (KB)
...
001 (7477392.004.000) 08/21 11:01:38 Job executing on host: <131.169.76.47:35973?addrs=131.169.76.47-35973>
...
006 (7477392.004.000) 08/21 11:01:46 Image size of job updated: 93984
	49  -  MemoryUsage of job (MB)
	50092  -  ResidentSetSize of job (KB)
...
022 (7477392.005.000) 08/21 11:01:51 Job disconnected, attempting to reconnect
    Socket between submit and execute hosts closed unexpectedly
    Trying to reconnect to slot1@bird240.desy.de <131.169.84.201:34173?addrs=131.169.84.201-34173>
...
024 (7477392.005.000) 08/21 11:01:51 Job reconnection failed
    Job not found at execution machine
    Can not reconnect to slot1@bird240.desy.de, rescheduling job
...
001 (7477392.005.000) 08/21 11:02:01 Job executing on host: <131.169.76.128:37675?addrs=131.169.76.128-37675>
...
006 (7477392.005.000) 08/21 11:02:08 Image size of job updated: 688
	0  -  MemoryUsage of job (MB)
	0  -  ResidentSetSize of job (KB)
...
005 (7477392.005.000) 08/21 11:02:08 Job terminated.
	(1) Normal termination (return value 0)
		Usr 0 00:00:03, Sys 0 00:00:00  -  Run Remote Usage
		Usr 0 00:00:00, Sys 0 00:00:00  -  Run Local Usage
		Usr 0 00:00:03, Sys 0 00:00:00  -  Total Remote Usage
		Usr 0 00:00:00, Sys 0 00:00:00  -  Total Local Usage
	0  -  Run Bytes Sent By Job
	0  -  Run Bytes Received By Job
	0  -  Total Bytes Sent By Job
	0  -  Total Bytes Received By Job
	Partitionable Resources :    Usage  Request Allocated 
	   Cpus                 :        0        1         1 
	   Disk (KB)            :        1  2560000   2643780 
	   Memory (MB)          :        0     4096      4096 
...
006 (7477392.001.000) 08/21 11:03:32 Image size of job updated: 421936
	58  -  MemoryUsage of job (MB)
	59392  -  ResidentSetSize of job (KB)
...
005 (7477392.001.000) 08/21 11:03:32 Job terminated.
	(1) Normal termination (return value 0)
		Usr 0 00:01:52, Sys 0 00:00:02  -  Run Remote Usage
		Usr 0 00:00:00, Sys 0 00:00:00  -  Run Local Usage
		Usr 0 00:01:52, Sys 0 00:00:02  -  Total Remote Usage
		Usr 0 00:00:00, Sys 0 00:00:00  -  Total Local Usage
	0  -  Run Bytes Sent By Job
	0  -  Run Bytes Received By Job
	0  -  Total Bytes Sent By Job
	0  -  Total Bytes Received By Job
	Partitionable Resources :    Usage  Request Allocated 
	   Cpus                 :     0.73        1         1 
	   Disk (KB)            :     1     2560000   2861459 
	   Memory (MB)          :    58        4096      4096 
...
006 (7477392.000.000) 08/21 11:03:50 Image size of job updated: 588660
	56  -  MemoryUsage of job (MB)
	56600  -  ResidentSetSize of job (KB)
...
005 (7477392.000.000) 08/21 11:03:50 Job terminated.
	(1) Normal termination (return value 0)
		Usr 0 00:01:56, Sys 0 00:00:02  -  Run Remote Usage
		Usr 0 00:00:00, Sys 0 00:00:00  -  Run Local Usage
		Usr 0 00:01:56, Sys 0 00:00:02  -  Total Remote Usage
		Usr 0 00:00:00, Sys 0 00:00:00  -  Total Local Usage
	0  -  Run Bytes Sent By Job
	0  -  Run Bytes Received By Job
	0  -  Total Bytes Sent By Job
	0  -  Total Bytes Received By Job
	Partitionable Resources :    Usage  Request Allocated 
	   Cpus                 :     0.71        1         1 
	   Disk (KB)            :     1     2560000   2642493 
	   Memory (MB)          :    56        4096      4096 
...
006 (7477392.002.000) 08/21 11:04:01 Image size of job updated: 452656
	56  -  MemoryUsage of job (MB)
	56604  -  ResidentSetSize of job (KB)
...
005 (7477392.002.000) 08/21 11:04:01 Job terminated.
	(1) Normal termination (return value 0)
		Usr 0 00:02:15, Sys 0 00:00:02  -  Run Remote Usage
		Usr 0 00:00:00, Sys 0 00:00:00  -  Run Local Usage
		Usr 0 00:02:15, Sys 0 00:00:02  -  Total Remote Usage
		Usr 0 00:00:00, Sys 0 00:00:00  -  Total Local Usage
	0  -  Run Bytes Sent By Job
	0  -  Run Bytes Received By Job
	0  -  Total Bytes Sent By Job
	0  -  Total Bytes Received By Job
	Partitionable Resources :    Usage  Request Allocated 
	   Cpus                 :     0.85        1         1 
	   Disk (KB)            :     1     2560000   3110805 
	   Memory (MB)          :    56        4096      4096 
...
006 (7477392.003.000) 08/21 11:04:08 Image size of job updated: 418596
	56  -  MemoryUsage of job (MB)
	56604  -  ResidentSetSize of job (KB)
...
005 (7477392.003.000) 08/21 11:04:08 Job terminated.
	(1) Normal termination (return value 0)
		Usr 0 00:01:59, Sys 0 00:00:03  -  Run Remote Usage
		Usr 0 00:00:00, Sys 0 00:00:00  -  Run Local Usage
		Usr 0 00:01:59, Sys 0 00:00:03  -  Total Remote Usage
		Usr 0 00:00:00, Sys 0 00:00:00  -  Total Local Usage
	0  -  Run Bytes Sent By Job
	0  -  Run Bytes Received By Job
	0  -  Total Bytes Sent By Job
	0  -  Total Bytes Received By Job
	Partitionable Resources :    Usage  Request Allocated 
	   Cpus                 :     0.77        1         1 
	   Disk (KB)            :     1     2560000   2839774 
	   Memory (MB)          :    56        4096      4096 
...
006 (7477392.004.000) 08/21 11:04:30 Image size of job updated: 453344
	49  -  MemoryUsage of job (MB)
	50096  -  ResidentSetSize of job (KB)
...
005 (7477392.004.000) 08/21 11:04:30 Job terminated.
	(1) Normal termination (return value 0)
		Usr 0 00:02:00, Sys 0 00:00:02  -  Run Remote Usage
		Usr 0 00:00:00, Sys 0 00:00:00  -  Run Local Usage
		Usr 0 00:02:00, Sys 0 00:00:02  -  Total Remote Usage
		Usr 0 00:00:00, Sys 0 00:00:00  -  Total Local Usage
	0  -  Run Bytes Sent By Job
	0  -  Run Bytes Received By Job
	0  -  Total Bytes Sent By Job
	0  -  Total Bytes Received By Job
	Partitionable Resources :    Usage  Request Allocated 
	   Cpus                 :     0.94        1         1 
	   Disk (KB)            :     1     2560000   2673589 
	   Memory (MB)          :    49        4096      4096 
...
