000 (7477400.000.000) 08/21 11:00:36 Job submitted from host: <131.169.56.95:9618?addrs=131.169.56.95-9618&noUDP&sock=3790727_0057_12>
...
000 (7477400.001.000) 08/21 11:00:36 Job submitted from host: <131.169.56.95:9618?addrs=131.169.56.95-9618&noUDP&sock=3790727_0057_12>
...
001 (7477400.000.000) 08/21 11:01:39 Job executing on host: <131.169.76.127:43501?addrs=131.169.76.127-43501>
...
001 (7477400.001.000) 08/21 11:01:39 Job executing on host: <131.169.76.127:43501?addrs=131.169.76.127-43501>
...
006 (7477400.000.000) 08/21 11:01:47 Image size of job updated: 74400
	56  -  MemoryUsage of job (MB)
	56648  -  ResidentSetSize of job (KB)
...
006 (7477400.001.000) 08/21 11:01:48 Image size of job updated: 82168
	59  -  MemoryUsage of job (MB)
	59416  -  ResidentSetSize of job (KB)
...
005 (7477400.001.000) 08/21 11:04:34 Job terminated.
	(1) Normal termination (return value 0)
		Usr 0 00:01:42, Sys 0 00:00:04  -  Run Remote Usage
		Usr 0 00:00:00, Sys 0 00:00:00  -  Run Local Usage
		Usr 0 00:01:42, Sys 0 00:00:04  -  Total Remote Usage
		Usr 0 00:00:00, Sys 0 00:00:00  -  Total Local Usage
	0  -  Run Bytes Sent By Job
	0  -  Run Bytes Received By Job
	0  -  Total Bytes Sent By Job
	0  -  Total Bytes Received By Job
	Partitionable Resources :    Usage  Request Allocated 
	   Cpus                 :     0.82        1         1 
	   Disk (KB)            :     1     2560000   2643001 
	   Memory (MB)          :    59        4096      4096 
...
006 (7477400.000.000) 08/21 11:06:47 Image size of job updated: 267292
	260  -  MemoryUsage of job (MB)
	265992  -  ResidentSetSize of job (KB)
...
005 (7477400.000.000) 08/21 11:10:25 Job terminated.
	(1) Normal termination (return value 0)
		Usr 0 00:04:53, Sys 0 00:00:12  -  Run Remote Usage
		Usr 0 00:00:00, Sys 0 00:00:00  -  Run Local Usage
		Usr 0 00:04:53, Sys 0 00:00:12  -  Total Remote Usage
		Usr 0 00:00:00, Sys 0 00:00:00  -  Total Local Usage
	0  -  Run Bytes Sent By Job
	0  -  Run Bytes Received By Job
	0  -  Total Bytes Sent By Job
	0  -  Total Bytes Received By Job
	Partitionable Resources :    Usage  Request Allocated 
	   Cpus                 :     0.85        1         1 
	   Disk (KB)            :     1     2560000   2643001 
	   Memory (MB)          :   260        4096      4096 
...
