000 (7477390.000.000) 08/21 11:00:30 Job submitted from host: <131.169.56.95:9618?addrs=131.169.56.95-9618&noUDP&sock=3790727_0057_12>
...
000 (7477390.001.000) 08/21 11:00:30 Job submitted from host: <131.169.56.95:9618?addrs=131.169.56.95-9618&noUDP&sock=3790727_0057_12>
...
000 (7477390.002.000) 08/21 11:00:30 Job submitted from host: <131.169.56.95:9618?addrs=131.169.56.95-9618&noUDP&sock=3790727_0057_12>
...
000 (7477390.003.000) 08/21 11:00:30 Job submitted from host: <131.169.56.95:9618?addrs=131.169.56.95-9618&noUDP&sock=3790727_0057_12>
...
000 (7477390.004.000) 08/21 11:00:30 Job submitted from host: <131.169.56.95:9618?addrs=131.169.56.95-9618&noUDP&sock=3790727_0057_12>
...
000 (7477390.005.000) 08/21 11:00:30 Job submitted from host: <131.169.56.95:9618?addrs=131.169.56.95-9618&noUDP&sock=3790727_0057_12>
...
000 (7477390.006.000) 08/21 11:00:30 Job submitted from host: <131.169.56.95:9618?addrs=131.169.56.95-9618&noUDP&sock=3790727_0057_12>
...
000 (7477390.007.000) 08/21 11:00:30 Job submitted from host: <131.169.56.95:9618?addrs=131.169.56.95-9618&noUDP&sock=3790727_0057_12>
...
000 (7477390.008.000) 08/21 11:00:30 Job submitted from host: <131.169.56.95:9618?addrs=131.169.56.95-9618&noUDP&sock=3790727_0057_12>
...
000 (7477390.009.000) 08/21 11:00:30 Job submitted from host: <131.169.56.95:9618?addrs=131.169.56.95-9618&noUDP&sock=3790727_0057_12>
...
000 (7477390.010.000) 08/21 11:00:30 Job submitted from host: <131.169.56.95:9618?addrs=131.169.56.95-9618&noUDP&sock=3790727_0057_12>
...
000 (7477390.011.000) 08/21 11:00:30 Job submitted from host: <131.169.56.95:9618?addrs=131.169.56.95-9618&noUDP&sock=3790727_0057_12>
...
000 (7477390.012.000) 08/21 11:00:30 Job submitted from host: <131.169.56.95:9618?addrs=131.169.56.95-9618&noUDP&sock=3790727_0057_12>
...
000 (7477390.013.000) 08/21 11:00:30 Job submitted from host: <131.169.56.95:9618?addrs=131.169.56.95-9618&noUDP&sock=3790727_0057_12>
...
000 (7477390.014.000) 08/21 11:00:30 Job submitted from host: <131.169.56.95:9618?addrs=131.169.56.95-9618&noUDP&sock=3790727_0057_12>
...
000 (7477390.015.000) 08/21 11:00:30 Job submitted from host: <131.169.56.95:9618?addrs=131.169.56.95-9618&noUDP&sock=3790727_0057_12>
...
000 (7477390.016.000) 08/21 11:00:30 Job submitted from host: <131.169.56.95:9618?addrs=131.169.56.95-9618&noUDP&sock=3790727_0057_12>
...
000 (7477390.017.000) 08/21 11:00:30 Job submitted from host: <131.169.56.95:9618?addrs=131.169.56.95-9618&noUDP&sock=3790727_0057_12>
...
000 (7477390.018.000) 08/21 11:00:30 Job submitted from host: <131.169.56.95:9618?addrs=131.169.56.95-9618&noUDP&sock=3790727_0057_12>
...
000 (7477390.019.000) 08/21 11:00:30 Job submitted from host: <131.169.56.95:9618?addrs=131.169.56.95-9618&noUDP&sock=3790727_0057_12>
...
000 (7477390.020.000) 08/21 11:00:30 Job submitted from host: <131.169.56.95:9618?addrs=131.169.56.95-9618&noUDP&sock=3790727_0057_12>
...
001 (7477390.007.000) 08/21 11:00:53 Job executing on host: <131.169.76.96:33480?addrs=131.169.76.96-33480>
...
001 (7477390.002.000) 08/21 11:00:53 Job executing on host: <131.169.76.141:37094?addrs=131.169.76.141-37094>
...
001 (7477390.012.000) 08/21 11:00:53 Job executing on host: <131.169.76.129:43091?addrs=131.169.76.129-43091>
...
001 (7477390.014.000) 08/21 11:00:53 Job executing on host: <131.169.76.92:37330?addrs=131.169.76.92-37330>
...
001 (7477390.006.000) 08/21 11:00:53 Job executing on host: <131.169.76.157:35142?addrs=131.169.76.157-35142>
...
001 (7477390.011.000) 08/21 11:00:54 Job executing on host: <131.169.84.119:36949?addrs=131.169.84.119-36949>
...
001 (7477390.016.000) 08/21 11:00:54 Job executing on host: <131.169.76.70:40325?addrs=131.169.76.70-40325>
...
001 (7477390.010.000) 08/21 11:00:54 Job executing on host: <131.169.84.186:44946?addrs=131.169.84.186-44946>
...
001 (7477390.019.000) 08/21 11:00:54 Job executing on host: <131.169.84.214:34312?addrs=131.169.84.214-34312>
...
001 (7477390.015.000) 08/21 11:00:54 Job executing on host: <131.169.76.174:44373?addrs=131.169.76.174-44373>
...
001 (7477390.008.000) 08/21 11:00:54 Job executing on host: <131.169.84.205:39105?addrs=131.169.84.205-39105>
...
001 (7477390.001.000) 08/21 11:00:54 Job executing on host: <131.169.84.251:40205?addrs=131.169.84.251-40205>
...
001 (7477390.004.000) 08/21 11:00:54 Job executing on host: <131.169.84.192:45175?addrs=131.169.84.192-45175>
...
001 (7477390.000.000) 08/21 11:00:54 Job executing on host: <131.169.76.194:35362?addrs=131.169.76.194-35362>
...
001 (7477390.013.000) 08/21 11:00:54 Job executing on host: <131.169.84.102:33440?addrs=131.169.84.102-33440>
...
001 (7477390.018.000) 08/21 11:00:55 Job executing on host: <131.169.76.221:34036?addrs=131.169.76.221-34036>
...
001 (7477390.017.000) 08/21 11:00:55 Job executing on host: <131.169.76.192:40331?addrs=131.169.76.192-40331>
...
001 (7477390.020.000) 08/21 11:00:55 Job executing on host: <131.169.84.191:41743?addrs=131.169.84.191-41743>
...
001 (7477390.005.000) 08/21 11:00:55 Job executing on host: <131.169.84.195:46427?addrs=131.169.84.195-46427>
...
001 (7477390.003.000) 08/21 11:00:57 Job executing on host: <131.169.76.228:40055?addrs=131.169.76.228-40055>
...
006 (7477390.002.000) 08/21 11:01:02 Image size of job updated: 113580
	58  -  MemoryUsage of job (MB)
	59392  -  ResidentSetSize of job (KB)
...
006 (7477390.012.000) 08/21 11:01:02 Image size of job updated: 112772
	58  -  MemoryUsage of job (MB)
	59392  -  ResidentSetSize of job (KB)
...
006 (7477390.014.000) 08/21 11:01:02 Image size of job updated: 113580
	59  -  MemoryUsage of job (MB)
	59400  -  ResidentSetSize of job (KB)
...
006 (7477390.006.000) 08/21 11:01:02 Image size of job updated: 112800
	59  -  MemoryUsage of job (MB)
	59396  -  ResidentSetSize of job (KB)
...
006 (7477390.011.000) 08/21 11:01:02 Image size of job updated: 112948
	58  -  MemoryUsage of job (MB)
	59388  -  ResidentSetSize of job (KB)
...
006 (7477390.016.000) 08/21 11:01:02 Image size of job updated: 112788
	59  -  MemoryUsage of job (MB)
	59396  -  ResidentSetSize of job (KB)
...
006 (7477390.007.000) 08/21 11:01:02 Image size of job updated: 110792
	56  -  MemoryUsage of job (MB)
	56608  -  ResidentSetSize of job (KB)
...
006 (7477390.013.000) 08/21 11:01:03 Image size of job updated: 112792
	59  -  MemoryUsage of job (MB)
	59396  -  ResidentSetSize of job (KB)
...
006 (7477390.018.000) 08/21 11:01:03 Image size of job updated: 93968
	49  -  MemoryUsage of job (MB)
	50100  -  ResidentSetSize of job (KB)
...
006 (7477390.010.000) 08/21 11:01:03 Image size of job updated: 110828
	56  -  MemoryUsage of job (MB)
	56600  -  ResidentSetSize of job (KB)
...
006 (7477390.019.000) 08/21 11:01:03 Image size of job updated: 110836
	56  -  MemoryUsage of job (MB)
	56612  -  ResidentSetSize of job (KB)
...
006 (7477390.008.000) 08/21 11:01:03 Image size of job updated: 113100
	59  -  MemoryUsage of job (MB)
	59396  -  ResidentSetSize of job (KB)
...
006 (7477390.001.000) 08/21 11:01:03 Image size of job updated: 113736
	58  -  MemoryUsage of job (MB)
	59388  -  ResidentSetSize of job (KB)
...
006 (7477390.004.000) 08/21 11:01:03 Image size of job updated: 113604
	59  -  MemoryUsage of job (MB)
	59396  -  ResidentSetSize of job (KB)
...
006 (7477390.000.000) 08/21 11:01:03 Image size of job updated: 112788
	58  -  MemoryUsage of job (MB)
	59392  -  ResidentSetSize of job (KB)
...
006 (7477390.005.000) 08/21 11:01:04 Image size of job updated: 113608
	59  -  MemoryUsage of job (MB)
	59400  -  ResidentSetSize of job (KB)
...
006 (7477390.015.000) 08/21 11:01:04 Image size of job updated: 105968
	52  -  MemoryUsage of job (MB)
	53176  -  ResidentSetSize of job (KB)
...
006 (7477390.017.000) 08/21 11:01:04 Image size of job updated: 110000
	56  -  MemoryUsage of job (MB)
	56608  -  ResidentSetSize of job (KB)
...
006 (7477390.020.000) 08/21 11:01:05 Image size of job updated: 200452
	123  -  MemoryUsage of job (MB)
	125488  -  ResidentSetSize of job (KB)
...
006 (7477390.003.000) 08/21 11:01:06 Image size of job updated: 112792
	59  -  MemoryUsage of job (MB)
	59396  -  ResidentSetSize of job (KB)
...
022 (7477390.009.000) 08/21 11:01:08 Job disconnected, attempting to reconnect
    Socket between submit and execute hosts closed unexpectedly
    Trying to reconnect to slot1@bird054.desy.de <131.169.77.79:36230?addrs=131.169.77.79-36230>
...
024 (7477390.009.000) 08/21 11:01:09 Job reconnection failed
    Job not found at execution machine
    Can not reconnect to slot1@bird054.desy.de, rescheduling job
...
001 (7477390.009.000) 08/21 11:01:20 Job executing on host: <131.169.76.134:43047?addrs=131.169.76.134-43047>
...
006 (7477390.020.000) 08/21 11:01:24 Image size of job updated: 275048
	123  -  MemoryUsage of job (MB)
	125488  -  ResidentSetSize of job (KB)
...
005 (7477390.020.000) 08/21 11:01:24 Job terminated.
	(1) Normal termination (return value 0)
		Usr 0 00:00:16, Sys 0 00:00:00  -  Run Remote Usage
		Usr 0 00:00:00, Sys 0 00:00:00  -  Run Local Usage
		Usr 0 00:00:16, Sys 0 00:00:00  -  Total Remote Usage
		Usr 0 00:00:00, Sys 0 00:00:00  -  Total Local Usage
	0  -  Run Bytes Sent By Job
	0  -  Run Bytes Received By Job
	0  -  Total Bytes Sent By Job
	0  -  Total Bytes Received By Job
	Partitionable Resources :    Usage  Request Allocated 
	   Cpus                 :        0        1         1 
	   Disk (KB)            :        1  2560000   2839774 
	   Memory (MB)          :      123     4096      4096 
...
006 (7477390.009.000) 08/21 11:01:28 Image size of job updated: 108112
	56  -  MemoryUsage of job (MB)
	56604  -  ResidentSetSize of job (KB)
...
006 (7477390.017.000) 08/21 11:03:37 Image size of job updated: 576180
	56  -  MemoryUsage of job (MB)
	56608  -  ResidentSetSize of job (KB)
...
005 (7477390.017.000) 08/21 11:03:37 Job terminated.
	(1) Normal termination (return value 0)
		Usr 0 00:01:59, Sys 0 00:00:03  -  Run Remote Usage
		Usr 0 00:00:00, Sys 0 00:00:00  -  Run Local Usage
		Usr 0 00:01:59, Sys 0 00:00:03  -  Total Remote Usage
		Usr 0 00:00:00, Sys 0 00:00:00  -  Total Local Usage
	0  -  Run Bytes Sent By Job
	0  -  Run Bytes Received By Job
	0  -  Total Bytes Sent By Job
	0  -  Total Bytes Received By Job
	Partitionable Resources :    Usage  Request Allocated 
	   Cpus                 :     0.79        1         1 
	   Disk (KB)            :     1     2560000   2683901 
	   Memory (MB)          :    56        4096      4096 
...
006 (7477390.014.000) 08/21 11:03:40 Image size of job updated: 403424
	59  -  MemoryUsage of job (MB)
	59400  -  ResidentSetSize of job (KB)
...
005 (7477390.014.000) 08/21 11:03:40 Job terminated.
	(1) Normal termination (return value 0)
		Usr 0 00:02:00, Sys 0 00:00:03  -  Run Remote Usage
		Usr 0 00:00:00, Sys 0 00:00:00  -  Run Local Usage
		Usr 0 00:02:00, Sys 0 00:00:03  -  Total Remote Usage
		Usr 0 00:00:00, Sys 0 00:00:00  -  Total Local Usage
	0  -  Run Bytes Sent By Job
	0  -  Run Bytes Received By Job
	0  -  Total Bytes Sent By Job
	0  -  Total Bytes Received By Job
	Partitionable Resources :    Usage  Request Allocated 
	   Cpus                 :     0.82        1         1 
	   Disk (KB)            :     1     2560000   2675052 
	   Memory (MB)          :    59        4096      4096 
...
006 (7477390.006.000) 08/21 11:03:40 Image size of job updated: 403808
	59  -  MemoryUsage of job (MB)
	59396  -  ResidentSetSize of job (KB)
...
005 (7477390.006.000) 08/21 11:03:40 Job terminated.
	(1) Normal termination (return value 0)
		Usr 0 00:02:02, Sys 0 00:00:02  -  Run Remote Usage
		Usr 0 00:00:00, Sys 0 00:00:00  -  Run Local Usage
		Usr 0 00:02:02, Sys 0 00:00:02  -  Total Remote Usage
		Usr 0 00:00:00, Sys 0 00:00:00  -  Total Local Usage
	0  -  Run Bytes Sent By Job
	0  -  Run Bytes Received By Job
	0  -  Total Bytes Sent By Job
	0  -  Total Bytes Received By Job
	Partitionable Resources :    Usage  Request Allocated 
	   Cpus                 :     0.87        1         1 
	   Disk (KB)            :     1     2560000   2650567 
	   Memory (MB)          :    59        4096      4096 
...
006 (7477390.005.000) 08/21 11:03:40 Image size of job updated: 417052
	59  -  MemoryUsage of job (MB)
	59400  -  ResidentSetSize of job (KB)
...
005 (7477390.005.000) 08/21 11:03:40 Job terminated.
	(1) Normal termination (return value 0)
		Usr 0 00:01:55, Sys 0 00:00:03  -  Run Remote Usage
		Usr 0 00:00:00, Sys 0 00:00:00  -  Run Local Usage
		Usr 0 00:01:55, Sys 0 00:00:03  -  Total Remote Usage
		Usr 0 00:00:00, Sys 0 00:00:00  -  Total Local Usage
	0  -  Run Bytes Sent By Job
	0  -  Run Bytes Received By Job
	0  -  Total Bytes Sent By Job
	0  -  Total Bytes Received By Job
	Partitionable Resources :    Usage  Request Allocated 
	   Cpus                 :        0        1         1 
	   Disk (KB)            :        1  2560000   2840413 
	   Memory (MB)          :       59     4096      4096 
...
005 (7477390.001.000) 08/21 11:03:42 Job terminated.
	(1) Normal termination (return value 0)
		Usr 0 00:01:55, Sys 0 00:00:02  -  Run Remote Usage
		Usr 0 00:00:00, Sys 0 00:00:00  -  Run Local Usage
		Usr 0 00:01:55, Sys 0 00:00:02  -  Total Remote Usage
		Usr 0 00:00:00, Sys 0 00:00:00  -  Total Local Usage
	0  -  Run Bytes Sent By Job
	0  -  Run Bytes Received By Job
	0  -  Total Bytes Sent By Job
	0  -  Total Bytes Received By Job
	Partitionable Resources :    Usage  Request Allocated 
	   Cpus                 :     0.84        1         1 
	   Disk (KB)            :     1     2560000   2702470 
	   Memory (MB)          :    58        4096      4096 
...
006 (7477390.000.000) 08/21 11:03:42 Image size of job updated: 400348
	58  -  MemoryUsage of job (MB)
	59392  -  ResidentSetSize of job (KB)
...
005 (7477390.000.000) 08/21 11:03:42 Job terminated.
	(1) Normal termination (return value 0)
		Usr 0 00:01:59, Sys 0 00:00:03  -  Run Remote Usage
		Usr 0 00:00:00, Sys 0 00:00:00  -  Run Local Usage
		Usr 0 00:01:59, Sys 0 00:00:03  -  Total Remote Usage
		Usr 0 00:00:00, Sys 0 00:00:00  -  Total Local Usage
	0  -  Run Bytes Sent By Job
	0  -  Run Bytes Received By Job
	0  -  Total Bytes Sent By Job
	0  -  Total Bytes Received By Job
	Partitionable Resources :    Usage  Request Allocated 
	   Cpus                 :        0        1         1 
	   Disk (KB)            :        1  2560000   2674960 
	   Memory (MB)          :       58     4096      4096 
...
006 (7477390.010.000) 08/21 11:03:43 Image size of job updated: 575712
	56  -  MemoryUsage of job (MB)
	56600  -  ResidentSetSize of job (KB)
...
005 (7477390.010.000) 08/21 11:03:43 Job terminated.
	(1) Normal termination (return value 0)
		Usr 0 00:01:59, Sys 0 00:00:03  -  Run Remote Usage
		Usr 0 00:00:00, Sys 0 00:00:00  -  Run Local Usage
		Usr 0 00:01:59, Sys 0 00:00:03  -  Total Remote Usage
		Usr 0 00:00:00, Sys 0 00:00:00  -  Total Local Usage
	0  -  Run Bytes Sent By Job
	0  -  Run Bytes Received By Job
	0  -  Total Bytes Sent By Job
	0  -  Total Bytes Received By Job
	Partitionable Resources :    Usage  Request Allocated 
	   Cpus                 :     0.77        1         1 
	   Disk (KB)            :     1     2560000   2836309 
	   Memory (MB)          :    56        4096      4096 
...
006 (7477390.012.000) 08/21 11:03:44 Image size of job updated: 419324
	58  -  MemoryUsage of job (MB)
	59392  -  ResidentSetSize of job (KB)
...
005 (7477390.012.000) 08/21 11:03:44 Job terminated.
	(1) Normal termination (return value 0)
		Usr 0 00:02:00, Sys 0 00:00:02  -  Run Remote Usage
		Usr 0 00:00:00, Sys 0 00:00:00  -  Run Local Usage
		Usr 0 00:02:00, Sys 0 00:00:02  -  Total Remote Usage
		Usr 0 00:00:00, Sys 0 00:00:00  -  Total Local Usage
	0  -  Run Bytes Sent By Job
	0  -  Run Bytes Received By Job
	0  -  Total Bytes Sent By Job
	0  -  Total Bytes Received By Job
	Partitionable Resources :    Usage  Request Allocated 
	   Cpus                 :        0        1         1 
	   Disk (KB)            :        1  2560000   2628535 
	   Memory (MB)          :       58     4096      4096 
...
005 (7477390.007.000) 08/21 11:03:44 Job terminated.
	(1) Normal termination (return value 0)
		Usr 0 00:01:58, Sys 0 00:00:02  -  Run Remote Usage
		Usr 0 00:00:00, Sys 0 00:00:00  -  Run Local Usage
		Usr 0 00:01:58, Sys 0 00:00:02  -  Total Remote Usage
		Usr 0 00:00:00, Sys 0 00:00:00  -  Total Local Usage
	0  -  Run Bytes Sent By Job
	0  -  Run Bytes Received By Job
	0  -  Total Bytes Sent By Job
	0  -  Total Bytes Received By Job
	Partitionable Resources :    Usage  Request Allocated 
	   Cpus                 :     0.85        1         1 
	   Disk (KB)            :     1     2560000   2675661 
	   Memory (MB)          :    56        4096      4096 
...
006 (7477390.019.000) 08/21 11:03:45 Image size of job updated: 422984
	56  -  MemoryUsage of job (MB)
	56612  -  ResidentSetSize of job (KB)
...
005 (7477390.019.000) 08/21 11:03:45 Job terminated.
	(1) Normal termination (return value 0)
		Usr 0 00:01:56, Sys 0 00:00:03  -  Run Remote Usage
		Usr 0 00:00:00, Sys 0 00:00:00  -  Run Local Usage
		Usr 0 00:01:56, Sys 0 00:00:03  -  Total Remote Usage
		Usr 0 00:00:00, Sys 0 00:00:00  -  Total Local Usage
	0  -  Run Bytes Sent By Job
	0  -  Run Bytes Received By Job
	0  -  Total Bytes Sent By Job
	0  -  Total Bytes Received By Job
	Partitionable Resources :    Usage  Request Allocated 
	   Cpus                 :        0        1         1 
	   Disk (KB)            :        1  2560000   2670732 
	   Memory (MB)          :       56     4096      4096 
...
006 (7477390.004.000) 08/21 11:03:48 Image size of job updated: 412960
	59  -  MemoryUsage of job (MB)
	59396  -  ResidentSetSize of job (KB)
...
005 (7477390.004.000) 08/21 11:03:48 Job terminated.
	(1) Normal termination (return value 0)
		Usr 0 00:01:57, Sys 0 00:00:03  -  Run Remote Usage
		Usr 0 00:00:00, Sys 0 00:00:00  -  Run Local Usage
		Usr 0 00:01:57, Sys 0 00:00:03  -  Total Remote Usage
		Usr 0 00:00:00, Sys 0 00:00:00  -  Total Local Usage
	0  -  Run Bytes Sent By Job
	0  -  Run Bytes Received By Job
	0  -  Total Bytes Sent By Job
	0  -  Total Bytes Received By Job
	Partitionable Resources :    Usage  Request Allocated 
	   Cpus                 :     0.82        1         1 
	   Disk (KB)            :     1     2560000   2846006 
	   Memory (MB)          :    59        4096      4096 
...
006 (7477390.008.000) 08/21 11:03:49 Image size of job updated: 401212
	59  -  MemoryUsage of job (MB)
	59396  -  ResidentSetSize of job (KB)
...
005 (7477390.008.000) 08/21 11:03:49 Job terminated.
	(1) Normal termination (return value 0)
		Usr 0 00:01:57, Sys 0 00:00:02  -  Run Remote Usage
		Usr 0 00:00:00, Sys 0 00:00:00  -  Run Local Usage
		Usr 0 00:01:57, Sys 0 00:00:02  -  Total Remote Usage
		Usr 0 00:00:00, Sys 0 00:00:00  -  Total Local Usage
	0  -  Run Bytes Sent By Job
	0  -  Run Bytes Received By Job
	0  -  Total Bytes Sent By Job
	0  -  Total Bytes Received By Job
	Partitionable Resources :    Usage  Request Allocated 
	   Cpus                 :     0.63        1         1 
	   Disk (KB)            :     1     2560000   2680539 
	   Memory (MB)          :    59        4096      4096 
...
006 (7477390.013.000) 08/21 11:03:49 Image size of job updated: 580320
	59  -  MemoryUsage of job (MB)
	59396  -  ResidentSetSize of job (KB)
...
005 (7477390.013.000) 08/21 11:03:49 Job terminated.
	(1) Normal termination (return value 0)
		Usr 0 00:02:06, Sys 0 00:00:03  -  Run Remote Usage
		Usr 0 00:00:00, Sys 0 00:00:00  -  Run Local Usage
		Usr 0 00:02:06, Sys 0 00:00:03  -  Total Remote Usage
		Usr 0 00:00:00, Sys 0 00:00:00  -  Total Local Usage
	0  -  Run Bytes Sent By Job
	0  -  Run Bytes Received By Job
	0  -  Total Bytes Sent By Job
	0  -  Total Bytes Received By Job
	Partitionable Resources :    Usage  Request Allocated 
	   Cpus                 :     0.00        1         1 
	   Disk (KB)            :     1     2560000   2838642 
	   Memory (MB)          :    59        4096      4096 
...
006 (7477390.002.000) 08/21 11:03:51 Image size of job updated: 421944
	58  -  MemoryUsage of job (MB)
	59392  -  ResidentSetSize of job (KB)
...
005 (7477390.002.000) 08/21 11:03:51 Job terminated.
	(1) Normal termination (return value 0)
		Usr 0 00:02:02, Sys 0 00:00:02  -  Run Remote Usage
		Usr 0 00:00:00, Sys 0 00:00:00  -  Run Local Usage
		Usr 0 00:02:02, Sys 0 00:00:02  -  Total Remote Usage
		Usr 0 00:00:00, Sys 0 00:00:00  -  Total Local Usage
	0  -  Run Bytes Sent By Job
	0  -  Run Bytes Received By Job
	0  -  Total Bytes Sent By Job
	0  -  Total Bytes Received By Job
	Partitionable Resources :    Usage  Request Allocated 
	   Cpus                 :        0        1         1 
	   Disk (KB)            :        1  2560000   2633287 
	   Memory (MB)          :       58     4096      4096 
...
006 (7477390.016.000) 08/21 11:03:52 Image size of job updated: 420816
	59  -  MemoryUsage of job (MB)
	59396  -  ResidentSetSize of job (KB)
...
005 (7477390.016.000) 08/21 11:03:52 Job terminated.
	(1) Normal termination (return value 0)
		Usr 0 00:02:02, Sys 0 00:00:02  -  Run Remote Usage
		Usr 0 00:00:00, Sys 0 00:00:00  -  Run Local Usage
		Usr 0 00:02:02, Sys 0 00:00:02  -  Total Remote Usage
		Usr 0 00:00:00, Sys 0 00:00:00  -  Total Local Usage
	0  -  Run Bytes Sent By Job
	0  -  Run Bytes Received By Job
	0  -  Total Bytes Sent By Job
	0  -  Total Bytes Received By Job
	Partitionable Resources :    Usage  Request Allocated 
	   Cpus                 :        0        1         1 
	   Disk (KB)            :        1  2560000   2684973 
	   Memory (MB)          :       59     4096      4096 
...
006 (7477390.015.000) 08/21 11:03:52 Image size of job updated: 396464
	52  -  MemoryUsage of job (MB)
	53176  -  ResidentSetSize of job (KB)
...
005 (7477390.015.000) 08/21 11:03:52 Job terminated.
	(1) Normal termination (return value 0)
		Usr 0 00:01:57, Sys 0 00:00:02  -  Run Remote Usage
		Usr 0 00:00:00, Sys 0 00:00:00  -  Run Local Usage
		Usr 0 00:01:57, Sys 0 00:00:02  -  Total Remote Usage
		Usr 0 00:00:00, Sys 0 00:00:00  -  Total Local Usage
	0  -  Run Bytes Sent By Job
	0  -  Run Bytes Received By Job
	0  -  Total Bytes Sent By Job
	0  -  Total Bytes Received By Job
	Partitionable Resources :    Usage  Request Allocated 
	   Cpus                 :     0.78        1         1 
	   Disk (KB)            :     1     2560000   2863387 
	   Memory (MB)          :    52        4096      4096 
...
006 (7477390.011.000) 08/21 11:03:53 Image size of job updated: 421288
	58  -  MemoryUsage of job (MB)
	59388  -  ResidentSetSize of job (KB)
...
005 (7477390.011.000) 08/21 11:03:53 Job terminated.
	(1) Normal termination (return value 0)
		Usr 0 00:02:03, Sys 0 00:00:03  -  Run Remote Usage
		Usr 0 00:00:00, Sys 0 00:00:00  -  Run Local Usage
		Usr 0 00:02:03, Sys 0 00:00:03  -  Total Remote Usage
		Usr 0 00:00:00, Sys 0 00:00:00  -  Total Local Usage
	0  -  Run Bytes Sent By Job
	0  -  Run Bytes Received By Job
	0  -  Total Bytes Sent By Job
	0  -  Total Bytes Received By Job
	Partitionable Resources :    Usage  Request Allocated 
	   Cpus                 :     0.01        1         1 
	   Disk (KB)            :     1     2560000   2682761 
	   Memory (MB)          :    58        4096      4096 
...
006 (7477390.003.000) 08/21 11:04:02 Image size of job updated: 385060
	59  -  MemoryUsage of job (MB)
	59396  -  ResidentSetSize of job (KB)
...
005 (7477390.003.000) 08/21 11:04:02 Job terminated.
	(1) Normal termination (return value 0)
		Usr 0 00:02:05, Sys 0 00:00:03  -  Run Remote Usage
		Usr 0 00:00:00, Sys 0 00:00:00  -  Run Local Usage
		Usr 0 00:02:05, Sys 0 00:00:03  -  Total Remote Usage
		Usr 0 00:00:00, Sys 0 00:00:00  -  Total Local Usage
	0  -  Run Bytes Sent By Job
	0  -  Run Bytes Received By Job
	0  -  Total Bytes Sent By Job
	0  -  Total Bytes Received By Job
	Partitionable Resources :    Usage  Request Allocated 
	   Cpus                 :     0.76        1         1 
	   Disk (KB)            :     1     2560000   2682613 
	   Memory (MB)          :    59        4096      4096 
...
006 (7477390.018.000) 08/21 11:04:16 Image size of job updated: 422068
	49  -  MemoryUsage of job (MB)
	50100  -  ResidentSetSize of job (KB)
...
005 (7477390.018.000) 08/21 11:04:16 Job terminated.
	(1) Normal termination (return value 0)
		Usr 0 00:02:03, Sys 0 00:00:04  -  Run Remote Usage
		Usr 0 00:00:00, Sys 0 00:00:00  -  Run Local Usage
		Usr 0 00:02:03, Sys 0 00:00:04  -  Total Remote Usage
		Usr 0 00:00:00, Sys 0 00:00:00  -  Total Local Usage
	0  -  Run Bytes Sent By Job
	0  -  Run Bytes Received By Job
	0  -  Total Bytes Sent By Job
	0  -  Total Bytes Received By Job
	Partitionable Resources :    Usage  Request Allocated 
	   Cpus                 :     0.78        1         1 
	   Disk (KB)            :     1     2560000   2678378 
	   Memory (MB)          :    49        4096      4096 
...
006 (7477390.009.000) 08/21 11:04:17 Image size of job updated: 401188
	56  -  MemoryUsage of job (MB)
	56608  -  ResidentSetSize of job (KB)
...
005 (7477390.009.000) 08/21 11:04:17 Job terminated.
	(1) Normal termination (return value 0)
		Usr 0 00:02:00, Sys 0 00:00:04  -  Run Remote Usage
		Usr 0 00:00:00, Sys 0 00:00:00  -  Run Local Usage
		Usr 0 00:02:00, Sys 0 00:00:04  -  Total Remote Usage
		Usr 0 00:00:00, Sys 0 00:00:00  -  Total Local Usage
	0  -  Run Bytes Sent By Job
	0  -  Run Bytes Received By Job
	0  -  Total Bytes Sent By Job
	0  -  Total Bytes Received By Job
	Partitionable Resources :    Usage  Request Allocated 
	   Cpus                 :        0        1         1 
	   Disk (KB)            :        1  2560000   2605605 
	   Memory (MB)          :       56     4096      4096 
...
