hadd Target file: /nfs/dust/cms/user/schwarzd/MTopJet/PreSel/uhh2.AnalysisModuleRunner.MC.DYJetsToLL_LO_M50_HT0070to0100.root
hadd compression setting for all ouput: 1
hadd Source file 1: /nfs/dust/cms/user/schwarzd/MTopJet/PreSel/PreSel_workdir/uhh2.AnalysisModuleRunner.MC.DYJetsToLL_LO_M50_HT0070to0100_0.root
hadd Source file 2: /nfs/dust/cms/user/schwarzd/MTopJet/PreSel/PreSel_workdir/uhh2.AnalysisModuleRunner.MC.DYJetsToLL_LO_M50_HT0070to0100_1.root
hadd Source file 3: /nfs/dust/cms/user/schwarzd/MTopJet/PreSel/PreSel_workdir/uhh2.AnalysisModuleRunner.MC.DYJetsToLL_LO_M50_HT0070to0100_2.root
hadd Source file 4: /nfs/dust/cms/user/schwarzd/MTopJet/PreSel/PreSel_workdir/uhh2.AnalysisModuleRunner.MC.DYJetsToLL_LO_M50_HT0070to0100_3.root
hadd Source file 5: /nfs/dust/cms/user/schwarzd/MTopJet/PreSel/PreSel_workdir/uhh2.AnalysisModuleRunner.MC.DYJetsToLL_LO_M50_HT0070to0100_4.root
hadd Source file 6: /nfs/dust/cms/user/schwarzd/MTopJet/PreSel/PreSel_workdir/uhh2.AnalysisModuleRunner.MC.DYJetsToLL_LO_M50_HT0070to0100_5.root
hadd Source file 7: /nfs/dust/cms/user/schwarzd/MTopJet/PreSel/PreSel_workdir/uhh2.AnalysisModuleRunner.MC.DYJetsToLL_LO_M50_HT0070to0100_6.root
hadd Source file 8: /nfs/dust/cms/user/schwarzd/MTopJet/PreSel/PreSel_workdir/uhh2.AnalysisModuleRunner.MC.DYJetsToLL_LO_M50_HT0070to0100_7.root
hadd Source file 9: /nfs/dust/cms/user/schwarzd/MTopJet/PreSel/PreSel_workdir/uhh2.AnalysisModuleRunner.MC.DYJetsToLL_LO_M50_HT0070to0100_8.root
hadd Source file 10: /nfs/dust/cms/user/schwarzd/MTopJet/PreSel/PreSel_workdir/uhh2.AnalysisModuleRunner.MC.DYJetsToLL_LO_M50_HT0070to0100_9.root
hadd Source file 11: /nfs/dust/cms/user/schwarzd/MTopJet/PreSel/PreSel_workdir/uhh2.AnalysisModuleRunner.MC.DYJetsToLL_LO_M50_HT0070to0100_10.root
hadd Source file 12: /nfs/dust/cms/user/schwarzd/MTopJet/PreSel/PreSel_workdir/uhh2.AnalysisModuleRunner.MC.DYJetsToLL_LO_M50_HT0070to0100_11.root
hadd Source file 13: /nfs/dust/cms/user/schwarzd/MTopJet/PreSel/PreSel_workdir/uhh2.AnalysisModuleRunner.MC.DYJetsToLL_LO_M50_HT0070to0100_12.root
hadd Source file 14: /nfs/dust/cms/user/schwarzd/MTopJet/PreSel/PreSel_workdir/uhh2.AnalysisModuleRunner.MC.DYJetsToLL_LO_M50_HT0070to0100_13.root
hadd Source file 15: /nfs/dust/cms/user/schwarzd/MTopJet/PreSel/PreSel_workdir/uhh2.AnalysisModuleRunner.MC.DYJetsToLL_LO_M50_HT0070to0100_14.root
hadd Source file 16: /nfs/dust/cms/user/schwarzd/MTopJet/PreSel/PreSel_workdir/uhh2.AnalysisModuleRunner.MC.DYJetsToLL_LO_M50_HT0070to0100_15.root
hadd Source file 17: /nfs/dust/cms/user/schwarzd/MTopJet/PreSel/PreSel_workdir/uhh2.AnalysisModuleRunner.MC.DYJetsToLL_LO_M50_HT0070to0100_16.root
hadd Source file 18: /nfs/dust/cms/user/schwarzd/MTopJet/PreSel/PreSel_workdir/uhh2.AnalysisModuleRunner.MC.DYJetsToLL_LO_M50_HT0070to0100_17.root
hadd Source file 19: /nfs/dust/cms/user/schwarzd/MTopJet/PreSel/PreSel_workdir/uhh2.AnalysisModuleRunner.MC.DYJetsToLL_LO_M50_HT0070to0100_18.root
hadd Source file 20: /nfs/dust/cms/user/schwarzd/MTopJet/PreSel/PreSel_workdir/uhh2.AnalysisModuleRunner.MC.DYJetsToLL_LO_M50_HT0070to0100_19.root
hadd Source file 21: /nfs/dust/cms/user/schwarzd/MTopJet/PreSel/PreSel_workdir/uhh2.AnalysisModuleRunner.MC.DYJetsToLL_LO_M50_HT0070to0100_20.root
hadd Source file 22: /nfs/dust/cms/user/schwarzd/MTopJet/PreSel/PreSel_workdir/uhh2.AnalysisModuleRunner.MC.DYJetsToLL_LO_M50_HT0070to0100_21.root
hadd Source file 23: /nfs/dust/cms/user/schwarzd/MTopJet/PreSel/PreSel_workdir/uhh2.AnalysisModuleRunner.MC.DYJetsToLL_LO_M50_HT0070to0100_22.root
hadd Source file 24: /nfs/dust/cms/user/schwarzd/MTopJet/PreSel/PreSel_workdir/uhh2.AnalysisModuleRunner.MC.DYJetsToLL_LO_M50_HT0070to0100_23.root
hadd Source file 25: /nfs/dust/cms/user/schwarzd/MTopJet/PreSel/PreSel_workdir/uhh2.AnalysisModuleRunner.MC.DYJetsToLL_LO_M50_HT0070to0100_24.root
hadd Source file 26: /nfs/dust/cms/user/schwarzd/MTopJet/PreSel/PreSel_workdir/uhh2.AnalysisModuleRunner.MC.DYJetsToLL_LO_M50_HT0070to0100_25.root
hadd Source file 27: /nfs/dust/cms/user/schwarzd/MTopJet/PreSel/PreSel_workdir/uhh2.AnalysisModuleRunner.MC.DYJetsToLL_LO_M50_HT0070to0100_26.root
hadd Source file 28: /nfs/dust/cms/user/schwarzd/MTopJet/PreSel/PreSel_workdir/uhh2.AnalysisModuleRunner.MC.DYJetsToLL_LO_M50_HT0070to0100_27.root
hadd Source file 29: /nfs/dust/cms/user/schwarzd/MTopJet/PreSel/PreSel_workdir/uhh2.AnalysisModuleRunner.MC.DYJetsToLL_LO_M50_HT0070to0100_28.root
hadd Source file 30: /nfs/dust/cms/user/schwarzd/MTopJet/PreSel/PreSel_workdir/uhh2.AnalysisModuleRunner.MC.DYJetsToLL_LO_M50_HT0070to0100_29.root
hadd Target path: /nfs/dust/cms/user/schwarzd/MTopJet/PreSel/uhh2.AnalysisModuleRunner.MC.DYJetsToLL_LO_M50_HT0070to0100.root:/
hadd Target path: /nfs/dust/cms/user/schwarzd/MTopJet/PreSel/uhh2.AnalysisModuleRunner.MC.DYJetsToLL_LO_M50_HT0070to0100.root:/SFrame
