hadd Target file: /nfs/dust/cms/user/schwarzd/MTopJet/Selection/muon/uhh2.AnalysisModuleRunner.MC.TTbar_mtop1735.root
hadd compression setting for all ouput: 1
hadd Source file 1: /nfs/dust/cms/user/schwarzd/MTopJet/Selection/muon/SelMu_workdir/uhh2.AnalysisModuleRunner.MC.TTbar_mtop1735_0.root
hadd Source file 2: /nfs/dust/cms/user/schwarzd/MTopJet/Selection/muon/SelMu_workdir/uhh2.AnalysisModuleRunner.MC.TTbar_mtop1735_1.root
hadd Source file 3: /nfs/dust/cms/user/schwarzd/MTopJet/Selection/muon/SelMu_workdir/uhh2.AnalysisModuleRunner.MC.TTbar_mtop1735_2.root
hadd Source file 4: /nfs/dust/cms/user/schwarzd/MTopJet/Selection/muon/SelMu_workdir/uhh2.AnalysisModuleRunner.MC.TTbar_mtop1735_3.root
hadd Source file 5: /nfs/dust/cms/user/schwarzd/MTopJet/Selection/muon/SelMu_workdir/uhh2.AnalysisModuleRunner.MC.TTbar_mtop1735_4.root
hadd Source file 6: /nfs/dust/cms/user/schwarzd/MTopJet/Selection/muon/SelMu_workdir/uhh2.AnalysisModuleRunner.MC.TTbar_mtop1735_5.root
hadd Source file 7: /nfs/dust/cms/user/schwarzd/MTopJet/Selection/muon/SelMu_workdir/uhh2.AnalysisModuleRunner.MC.TTbar_mtop1735_6.root
hadd Source file 8: /nfs/dust/cms/user/schwarzd/MTopJet/Selection/muon/SelMu_workdir/uhh2.AnalysisModuleRunner.MC.TTbar_mtop1735_7.root
hadd Source file 9: /nfs/dust/cms/user/schwarzd/MTopJet/Selection/muon/SelMu_workdir/uhh2.AnalysisModuleRunner.MC.TTbar_mtop1735_8.root
hadd Source file 10: /nfs/dust/cms/user/schwarzd/MTopJet/Selection/muon/SelMu_workdir/uhh2.AnalysisModuleRunner.MC.TTbar_mtop1735_9.root
hadd Source file 11: /nfs/dust/cms/user/schwarzd/MTopJet/Selection/muon/SelMu_workdir/uhh2.AnalysisModuleRunner.MC.TTbar_mtop1735_10.root
hadd Source file 12: /nfs/dust/cms/user/schwarzd/MTopJet/Selection/muon/SelMu_workdir/uhh2.AnalysisModuleRunner.MC.TTbar_mtop1735_11.root
hadd Source file 13: /nfs/dust/cms/user/schwarzd/MTopJet/Selection/muon/SelMu_workdir/uhh2.AnalysisModuleRunner.MC.TTbar_mtop1735_12.root
hadd Source file 14: /nfs/dust/cms/user/schwarzd/MTopJet/Selection/muon/SelMu_workdir/uhh2.AnalysisModuleRunner.MC.TTbar_mtop1735_13.root
hadd Source file 15: /nfs/dust/cms/user/schwarzd/MTopJet/Selection/muon/SelMu_workdir/uhh2.AnalysisModuleRunner.MC.TTbar_mtop1735_14.root
hadd Source file 16: /nfs/dust/cms/user/schwarzd/MTopJet/Selection/muon/SelMu_workdir/uhh2.AnalysisModuleRunner.MC.TTbar_mtop1735_15.root
hadd Source file 17: /nfs/dust/cms/user/schwarzd/MTopJet/Selection/muon/SelMu_workdir/uhh2.AnalysisModuleRunner.MC.TTbar_mtop1735_16.root
hadd Source file 18: /nfs/dust/cms/user/schwarzd/MTopJet/Selection/muon/SelMu_workdir/uhh2.AnalysisModuleRunner.MC.TTbar_mtop1735_17.root
hadd Source file 19: /nfs/dust/cms/user/schwarzd/MTopJet/Selection/muon/SelMu_workdir/uhh2.AnalysisModuleRunner.MC.TTbar_mtop1735_18.root
hadd Source file 20: /nfs/dust/cms/user/schwarzd/MTopJet/Selection/muon/SelMu_workdir/uhh2.AnalysisModuleRunner.MC.TTbar_mtop1735_19.root
hadd Source file 21: /nfs/dust/cms/user/schwarzd/MTopJet/Selection/muon/SelMu_workdir/uhh2.AnalysisModuleRunner.MC.TTbar_mtop1735_20.root
hadd Source file 22: /nfs/dust/cms/user/schwarzd/MTopJet/Selection/muon/SelMu_workdir/uhh2.AnalysisModuleRunner.MC.TTbar_mtop1735_21.root
hadd Source file 23: /nfs/dust/cms/user/schwarzd/MTopJet/Selection/muon/SelMu_workdir/uhh2.AnalysisModuleRunner.MC.TTbar_mtop1735_22.root
hadd Source file 24: /nfs/dust/cms/user/schwarzd/MTopJet/Selection/muon/SelMu_workdir/uhh2.AnalysisModuleRunner.MC.TTbar_mtop1735_23.root
hadd Source file 25: /nfs/dust/cms/user/schwarzd/MTopJet/Selection/muon/SelMu_workdir/uhh2.AnalysisModuleRunner.MC.TTbar_mtop1735_24.root
hadd Source file 26: /nfs/dust/cms/user/schwarzd/MTopJet/Selection/muon/SelMu_workdir/uhh2.AnalysisModuleRunner.MC.TTbar_mtop1735_25.root
hadd Source file 27: /nfs/dust/cms/user/schwarzd/MTopJet/Selection/muon/SelMu_workdir/uhh2.AnalysisModuleRunner.MC.TTbar_mtop1735_26.root
hadd Source file 28: /nfs/dust/cms/user/schwarzd/MTopJet/Selection/muon/SelMu_workdir/uhh2.AnalysisModuleRunner.MC.TTbar_mtop1735_27.root
hadd Source file 29: /nfs/dust/cms/user/schwarzd/MTopJet/Selection/muon/SelMu_workdir/uhh2.AnalysisModuleRunner.MC.TTbar_mtop1735_28.root
hadd Source file 30: /nfs/dust/cms/user/schwarzd/MTopJet/Selection/muon/SelMu_workdir/uhh2.AnalysisModuleRunner.MC.TTbar_mtop1735_29.root
hadd Source file 31: /nfs/dust/cms/user/schwarzd/MTopJet/Selection/muon/SelMu_workdir/uhh2.AnalysisModuleRunner.MC.TTbar_mtop1735_30.root
hadd Source file 32: /nfs/dust/cms/user/schwarzd/MTopJet/Selection/muon/SelMu_workdir/uhh2.AnalysisModuleRunner.MC.TTbar_mtop1735_31.root
hadd Source file 33: /nfs/dust/cms/user/schwarzd/MTopJet/Selection/muon/SelMu_workdir/uhh2.AnalysisModuleRunner.MC.TTbar_mtop1735_32.root
hadd Source file 34: /nfs/dust/cms/user/schwarzd/MTopJet/Selection/muon/SelMu_workdir/uhh2.AnalysisModuleRunner.MC.TTbar_mtop1735_33.root
hadd Source file 35: /nfs/dust/cms/user/schwarzd/MTopJet/Selection/muon/SelMu_workdir/uhh2.AnalysisModuleRunner.MC.TTbar_mtop1735_34.root
hadd Source file 36: /nfs/dust/cms/user/schwarzd/MTopJet/Selection/muon/SelMu_workdir/uhh2.AnalysisModuleRunner.MC.TTbar_mtop1735_35.root
hadd Source file 37: /nfs/dust/cms/user/schwarzd/MTopJet/Selection/muon/SelMu_workdir/uhh2.AnalysisModuleRunner.MC.TTbar_mtop1735_36.root
hadd Source file 38: /nfs/dust/cms/user/schwarzd/MTopJet/Selection/muon/SelMu_workdir/uhh2.AnalysisModuleRunner.MC.TTbar_mtop1735_37.root
hadd Source file 39: /nfs/dust/cms/user/schwarzd/MTopJet/Selection/muon/SelMu_workdir/uhh2.AnalysisModuleRunner.MC.TTbar_mtop1735_38.root
hadd Source file 40: /nfs/dust/cms/user/schwarzd/MTopJet/Selection/muon/SelMu_workdir/uhh2.AnalysisModuleRunner.MC.TTbar_mtop1735_39.root
hadd Source file 41: /nfs/dust/cms/user/schwarzd/MTopJet/Selection/muon/SelMu_workdir/uhh2.AnalysisModuleRunner.MC.TTbar_mtop1735_40.root
hadd Source file 42: /nfs/dust/cms/user/schwarzd/MTopJet/Selection/muon/SelMu_workdir/uhh2.AnalysisModuleRunner.MC.TTbar_mtop1735_41.root
hadd Source file 43: /nfs/dust/cms/user/schwarzd/MTopJet/Selection/muon/SelMu_workdir/uhh2.AnalysisModuleRunner.MC.TTbar_mtop1735_42.root
hadd Source file 44: /nfs/dust/cms/user/schwarzd/MTopJet/Selection/muon/SelMu_workdir/uhh2.AnalysisModuleRunner.MC.TTbar_mtop1735_43.root
hadd Source file 45: /nfs/dust/cms/user/schwarzd/MTopJet/Selection/muon/SelMu_workdir/uhh2.AnalysisModuleRunner.MC.TTbar_mtop1735_44.root
hadd Source file 46: /nfs/dust/cms/user/schwarzd/MTopJet/Selection/muon/SelMu_workdir/uhh2.AnalysisModuleRunner.MC.TTbar_mtop1735_45.root
hadd Source file 47: /nfs/dust/cms/user/schwarzd/MTopJet/Selection/muon/SelMu_workdir/uhh2.AnalysisModuleRunner.MC.TTbar_mtop1735_46.root
hadd Source file 48: /nfs/dust/cms/user/schwarzd/MTopJet/Selection/muon/SelMu_workdir/uhh2.AnalysisModuleRunner.MC.TTbar_mtop1735_47.root
hadd Source file 49: /nfs/dust/cms/user/schwarzd/MTopJet/Selection/muon/SelMu_workdir/uhh2.AnalysisModuleRunner.MC.TTbar_mtop1735_48.root
hadd Source file 50: /nfs/dust/cms/user/schwarzd/MTopJet/Selection/muon/SelMu_workdir/uhh2.AnalysisModuleRunner.MC.TTbar_mtop1735_49.root
hadd Source file 51: /nfs/dust/cms/user/schwarzd/MTopJet/Selection/muon/SelMu_workdir/uhh2.AnalysisModuleRunner.MC.TTbar_mtop1735_50.root
hadd Source file 52: /nfs/dust/cms/user/schwarzd/MTopJet/Selection/muon/SelMu_workdir/uhh2.AnalysisModuleRunner.MC.TTbar_mtop1735_51.root
hadd Source file 53: /nfs/dust/cms/user/schwarzd/MTopJet/Selection/muon/SelMu_workdir/uhh2.AnalysisModuleRunner.MC.TTbar_mtop1735_52.root
hadd Source file 54: /nfs/dust/cms/user/schwarzd/MTopJet/Selection/muon/SelMu_workdir/uhh2.AnalysisModuleRunner.MC.TTbar_mtop1735_53.root
hadd Source file 55: /nfs/dust/cms/user/schwarzd/MTopJet/Selection/muon/SelMu_workdir/uhh2.AnalysisModuleRunner.MC.TTbar_mtop1735_54.root
hadd Source file 56: /nfs/dust/cms/user/schwarzd/MTopJet/Selection/muon/SelMu_workdir/uhh2.AnalysisModuleRunner.MC.TTbar_mtop1735_55.root
hadd Source file 57: /nfs/dust/cms/user/schwarzd/MTopJet/Selection/muon/SelMu_workdir/uhh2.AnalysisModuleRunner.MC.TTbar_mtop1735_56.root
hadd Source file 58: /nfs/dust/cms/user/schwarzd/MTopJet/Selection/muon/SelMu_workdir/uhh2.AnalysisModuleRunner.MC.TTbar_mtop1735_57.root
hadd Source file 59: /nfs/dust/cms/user/schwarzd/MTopJet/Selection/muon/SelMu_workdir/uhh2.AnalysisModuleRunner.MC.TTbar_mtop1735_58.root
hadd Source file 60: /nfs/dust/cms/user/schwarzd/MTopJet/Selection/muon/SelMu_workdir/uhh2.AnalysisModuleRunner.MC.TTbar_mtop1735_59.root
hadd Source file 61: /nfs/dust/cms/user/schwarzd/MTopJet/Selection/muon/SelMu_workdir/uhh2.AnalysisModuleRunner.MC.TTbar_mtop1735_60.root
hadd Source file 62: /nfs/dust/cms/user/schwarzd/MTopJet/Selection/muon/SelMu_workdir/uhh2.AnalysisModuleRunner.MC.TTbar_mtop1735_61.root
hadd Source file 63: /nfs/dust/cms/user/schwarzd/MTopJet/Selection/muon/SelMu_workdir/uhh2.AnalysisModuleRunner.MC.TTbar_mtop1735_62.root
hadd Source file 64: /nfs/dust/cms/user/schwarzd/MTopJet/Selection/muon/SelMu_workdir/uhh2.AnalysisModuleRunner.MC.TTbar_mtop1735_63.root
hadd Source file 65: /nfs/dust/cms/user/schwarzd/MTopJet/Selection/muon/SelMu_workdir/uhh2.AnalysisModuleRunner.MC.TTbar_mtop1735_64.root
hadd Source file 66: /nfs/dust/cms/user/schwarzd/MTopJet/Selection/muon/SelMu_workdir/uhh2.AnalysisModuleRunner.MC.TTbar_mtop1735_65.root
hadd Source file 67: /nfs/dust/cms/user/schwarzd/MTopJet/Selection/muon/SelMu_workdir/uhh2.AnalysisModuleRunner.MC.TTbar_mtop1735_66.root
hadd Source file 68: /nfs/dust/cms/user/schwarzd/MTopJet/Selection/muon/SelMu_workdir/uhh2.AnalysisModuleRunner.MC.TTbar_mtop1735_67.root
hadd Source file 69: /nfs/dust/cms/user/schwarzd/MTopJet/Selection/muon/SelMu_workdir/uhh2.AnalysisModuleRunner.MC.TTbar_mtop1735_68.root
hadd Source file 70: /nfs/dust/cms/user/schwarzd/MTopJet/Selection/muon/SelMu_workdir/uhh2.AnalysisModuleRunner.MC.TTbar_mtop1735_69.root
hadd Source file 71: /nfs/dust/cms/user/schwarzd/MTopJet/Selection/muon/SelMu_workdir/uhh2.AnalysisModuleRunner.MC.TTbar_mtop1735_70.root
hadd Source file 72: /nfs/dust/cms/user/schwarzd/MTopJet/Selection/muon/SelMu_workdir/uhh2.AnalysisModuleRunner.MC.TTbar_mtop1735_71.root
hadd Source file 73: /nfs/dust/cms/user/schwarzd/MTopJet/Selection/muon/SelMu_workdir/uhh2.AnalysisModuleRunner.MC.TTbar_mtop1735_72.root
hadd Source file 74: /nfs/dust/cms/user/schwarzd/MTopJet/Selection/muon/SelMu_workdir/uhh2.AnalysisModuleRunner.MC.TTbar_mtop1735_73.root
hadd Target path: /nfs/dust/cms/user/schwarzd/MTopJet/Selection/muon/uhh2.AnalysisModuleRunner.MC.TTbar_mtop1735.root:/
hadd Target path: /nfs/dust/cms/user/schwarzd/MTopJet/Selection/muon/uhh2.AnalysisModuleRunner.MC.TTbar_mtop1735.root:/EffiHists
hadd Target path: /nfs/dust/cms/user/schwarzd/MTopJet/Selection/muon/uhh2.AnalysisModuleRunner.MC.TTbar_mtop1735.root:/EffiHists/BTag
hadd Target path: /nfs/dust/cms/user/schwarzd/MTopJet/Selection/muon/uhh2.AnalysisModuleRunner.MC.TTbar_mtop1735.root:/h_cuts_all
hadd Target path: /nfs/dust/cms/user/schwarzd/MTopJet/Selection/muon/uhh2.AnalysisModuleRunner.MC.TTbar_mtop1735.root:/h_cuts_all_but_2D
hadd Target path: /nfs/dust/cms/user/schwarzd/MTopJet/Selection/muon/uhh2.AnalysisModuleRunner.MC.TTbar_mtop1735.root:/h_cuts_all_but_met
hadd Target path: /nfs/dust/cms/user/schwarzd/MTopJet/Selection/muon/uhh2.AnalysisModuleRunner.MC.TTbar_mtop1735.root:/h_cuts_all_but_btag
hadd Target path: /nfs/dust/cms/user/schwarzd/MTopJet/Selection/muon/uhh2.AnalysisModuleRunner.MC.TTbar_mtop1735.root:/00_PreSel_Event
hadd Target path: /nfs/dust/cms/user/schwarzd/MTopJet/Selection/muon/uhh2.AnalysisModuleRunner.MC.TTbar_mtop1735.root:/00_PreSel_Elec
hadd Target path: /nfs/dust/cms/user/schwarzd/MTopJet/Selection/muon/uhh2.AnalysisModuleRunner.MC.TTbar_mtop1735.root:/00_PreSel_Muon
hadd Target path: /nfs/dust/cms/user/schwarzd/MTopJet/Selection/muon/uhh2.AnalysisModuleRunner.MC.TTbar_mtop1735.root:/00_PreSel_Jets
hadd Target path: /nfs/dust/cms/user/schwarzd/MTopJet/Selection/muon/uhh2.AnalysisModuleRunner.MC.TTbar_mtop1735.root:/00_PreSel_lumi
hadd Target path: /nfs/dust/cms/user/schwarzd/MTopJet/Selection/muon/uhh2.AnalysisModuleRunner.MC.TTbar_mtop1735.root:/01_Cleaner_Event
hadd Target path: /nfs/dust/cms/user/schwarzd/MTopJet/Selection/muon/uhh2.AnalysisModuleRunner.MC.TTbar_mtop1735.root:/01_Cleaner_Elec
hadd Target path: /nfs/dust/cms/user/schwarzd/MTopJet/Selection/muon/uhh2.AnalysisModuleRunner.MC.TTbar_mtop1735.root:/01_Cleaner_Muon
hadd Target path: /nfs/dust/cms/user/schwarzd/MTopJet/Selection/muon/uhh2.AnalysisModuleRunner.MC.TTbar_mtop1735.root:/01_Cleaner_Jets
hadd Target path: /nfs/dust/cms/user/schwarzd/MTopJet/Selection/muon/uhh2.AnalysisModuleRunner.MC.TTbar_mtop1735.root:/01_Cleaner_lumi
hadd Target path: /nfs/dust/cms/user/schwarzd/MTopJet/Selection/muon/uhh2.AnalysisModuleRunner.MC.TTbar_mtop1735.root:/02_Trigger_Event
hadd Target path: /nfs/dust/cms/user/schwarzd/MTopJet/Selection/muon/uhh2.AnalysisModuleRunner.MC.TTbar_mtop1735.root:/02_Trigger_Elec
hadd Target path: /nfs/dust/cms/user/schwarzd/MTopJet/Selection/muon/uhh2.AnalysisModuleRunner.MC.TTbar_mtop1735.root:/02_Trigger_Muon
hadd Target path: /nfs/dust/cms/user/schwarzd/MTopJet/Selection/muon/uhh2.AnalysisModuleRunner.MC.TTbar_mtop1735.root:/02_Trigger_Jets
hadd Target path: /nfs/dust/cms/user/schwarzd/MTopJet/Selection/muon/uhh2.AnalysisModuleRunner.MC.TTbar_mtop1735.root:/02_Trigger_lumi
hadd Target path: /nfs/dust/cms/user/schwarzd/MTopJet/Selection/muon/uhh2.AnalysisModuleRunner.MC.TTbar_mtop1735.root:/03_Lepton_Event
hadd Target path: /nfs/dust/cms/user/schwarzd/MTopJet/Selection/muon/uhh2.AnalysisModuleRunner.MC.TTbar_mtop1735.root:/03_Lepton_Elec
hadd Target path: /nfs/dust/cms/user/schwarzd/MTopJet/Selection/muon/uhh2.AnalysisModuleRunner.MC.TTbar_mtop1735.root:/03_Lepton_Muon
hadd Target path: /nfs/dust/cms/user/schwarzd/MTopJet/Selection/muon/uhh2.AnalysisModuleRunner.MC.TTbar_mtop1735.root:/03_Lepton_Jets
hadd Target path: /nfs/dust/cms/user/schwarzd/MTopJet/Selection/muon/uhh2.AnalysisModuleRunner.MC.TTbar_mtop1735.root:/03_Lepton_lumi
hadd Target path: /nfs/dust/cms/user/schwarzd/MTopJet/Selection/muon/uhh2.AnalysisModuleRunner.MC.TTbar_mtop1735.root:/04_Jet_Event
hadd Target path: /nfs/dust/cms/user/schwarzd/MTopJet/Selection/muon/uhh2.AnalysisModuleRunner.MC.TTbar_mtop1735.root:/04_Jet_Elec
hadd Target path: /nfs/dust/cms/user/schwarzd/MTopJet/Selection/muon/uhh2.AnalysisModuleRunner.MC.TTbar_mtop1735.root:/04_Jet_Muon
hadd Target path: /nfs/dust/cms/user/schwarzd/MTopJet/Selection/muon/uhh2.AnalysisModuleRunner.MC.TTbar_mtop1735.root:/04_Jet_Jets
hadd Target path: /nfs/dust/cms/user/schwarzd/MTopJet/Selection/muon/uhh2.AnalysisModuleRunner.MC.TTbar_mtop1735.root:/04_Jet_lumi
hadd Target path: /nfs/dust/cms/user/schwarzd/MTopJet/Selection/muon/uhh2.AnalysisModuleRunner.MC.TTbar_mtop1735.root:/05_TwoD_Event
hadd Target path: /nfs/dust/cms/user/schwarzd/MTopJet/Selection/muon/uhh2.AnalysisModuleRunner.MC.TTbar_mtop1735.root:/05_TwoD_Elec
hadd Target path: /nfs/dust/cms/user/schwarzd/MTopJet/Selection/muon/uhh2.AnalysisModuleRunner.MC.TTbar_mtop1735.root:/05_TwoD_Muon
hadd Target path: /nfs/dust/cms/user/schwarzd/MTopJet/Selection/muon/uhh2.AnalysisModuleRunner.MC.TTbar_mtop1735.root:/05_TwoD_Jets
hadd Target path: /nfs/dust/cms/user/schwarzd/MTopJet/Selection/muon/uhh2.AnalysisModuleRunner.MC.TTbar_mtop1735.root:/05_TwoD_lumi
hadd Target path: /nfs/dust/cms/user/schwarzd/MTopJet/Selection/muon/uhh2.AnalysisModuleRunner.MC.TTbar_mtop1735.root:/06_MET_Event
hadd Target path: /nfs/dust/cms/user/schwarzd/MTopJet/Selection/muon/uhh2.AnalysisModuleRunner.MC.TTbar_mtop1735.root:/06_MET_Elec
hadd Target path: /nfs/dust/cms/user/schwarzd/MTopJet/Selection/muon/uhh2.AnalysisModuleRunner.MC.TTbar_mtop1735.root:/06_MET_Muon
hadd Target path: /nfs/dust/cms/user/schwarzd/MTopJet/Selection/muon/uhh2.AnalysisModuleRunner.MC.TTbar_mtop1735.root:/06_MET_Jets
hadd Target path: /nfs/dust/cms/user/schwarzd/MTopJet/Selection/muon/uhh2.AnalysisModuleRunner.MC.TTbar_mtop1735.root:/06_MET_lumi
hadd Target path: /nfs/dust/cms/user/schwarzd/MTopJet/Selection/muon/uhh2.AnalysisModuleRunner.MC.TTbar_mtop1735.root:/07_HTlep_Event
hadd Target path: /nfs/dust/cms/user/schwarzd/MTopJet/Selection/muon/uhh2.AnalysisModuleRunner.MC.TTbar_mtop1735.root:/07_HTlep_Elec
hadd Target path: /nfs/dust/cms/user/schwarzd/MTopJet/Selection/muon/uhh2.AnalysisModuleRunner.MC.TTbar_mtop1735.root:/07_HTlep_Muon
hadd Target path: /nfs/dust/cms/user/schwarzd/MTopJet/Selection/muon/uhh2.AnalysisModuleRunner.MC.TTbar_mtop1735.root:/07_HTlep_Jets
hadd Target path: /nfs/dust/cms/user/schwarzd/MTopJet/Selection/muon/uhh2.AnalysisModuleRunner.MC.TTbar_mtop1735.root:/07_HTlep_lumi
hadd Target path: /nfs/dust/cms/user/schwarzd/MTopJet/Selection/muon/uhh2.AnalysisModuleRunner.MC.TTbar_mtop1735.root:/08_bTag_Event
hadd Target path: /nfs/dust/cms/user/schwarzd/MTopJet/Selection/muon/uhh2.AnalysisModuleRunner.MC.TTbar_mtop1735.root:/08_bTag_Elec
hadd Target path: /nfs/dust/cms/user/schwarzd/MTopJet/Selection/muon/uhh2.AnalysisModuleRunner.MC.TTbar_mtop1735.root:/08_bTag_Muon
hadd Target path: /nfs/dust/cms/user/schwarzd/MTopJet/Selection/muon/uhh2.AnalysisModuleRunner.MC.TTbar_mtop1735.root:/08_bTag_jets
hadd Target path: /nfs/dust/cms/user/schwarzd/MTopJet/Selection/muon/uhh2.AnalysisModuleRunner.MC.TTbar_mtop1735.root:/08_bTag_lumi
hadd Target path: /nfs/dust/cms/user/schwarzd/MTopJet/Selection/muon/uhh2.AnalysisModuleRunner.MC.TTbar_mtop1735.root:/Side_Event
hadd Target path: /nfs/dust/cms/user/schwarzd/MTopJet/Selection/muon/uhh2.AnalysisModuleRunner.MC.TTbar_mtop1735.root:/Side_Elec
hadd Target path: /nfs/dust/cms/user/schwarzd/MTopJet/Selection/muon/uhh2.AnalysisModuleRunner.MC.TTbar_mtop1735.root:/Side_Muon
hadd Target path: /nfs/dust/cms/user/schwarzd/MTopJet/Selection/muon/uhh2.AnalysisModuleRunner.MC.TTbar_mtop1735.root:/Side_Jets
hadd Target path: /nfs/dust/cms/user/schwarzd/MTopJet/Selection/muon/uhh2.AnalysisModuleRunner.MC.TTbar_mtop1735.root:/Side_lumi
hadd Target path: /nfs/dust/cms/user/schwarzd/MTopJet/Selection/muon/uhh2.AnalysisModuleRunner.MC.TTbar_mtop1735.root:/ttbar_reweight_Event
hadd Target path: /nfs/dust/cms/user/schwarzd/MTopJet/Selection/muon/uhh2.AnalysisModuleRunner.MC.TTbar_mtop1735.root:/ttbar_reweight_Elec
hadd Target path: /nfs/dust/cms/user/schwarzd/MTopJet/Selection/muon/uhh2.AnalysisModuleRunner.MC.TTbar_mtop1735.root:/ttbar_reweight_Muon
hadd Target path: /nfs/dust/cms/user/schwarzd/MTopJet/Selection/muon/uhh2.AnalysisModuleRunner.MC.TTbar_mtop1735.root:/ttbar_reweight_Jets
hadd Target path: /nfs/dust/cms/user/schwarzd/MTopJet/Selection/muon/uhh2.AnalysisModuleRunner.MC.TTbar_mtop1735.root:/ttbar_reweight_lumi
hadd Target path: /nfs/dust/cms/user/schwarzd/MTopJet/Selection/muon/uhh2.AnalysisModuleRunner.MC.TTbar_mtop1735.root:/SFrame
