000 (7477399.000.000) 08/21 11:00:35 Job submitted from host: <131.169.56.95:9618?addrs=131.169.56.95-9618&noUDP&sock=3790727_0057_12>
...
000 (7477399.001.000) 08/21 11:00:35 Job submitted from host: <131.169.56.95:9618?addrs=131.169.56.95-9618&noUDP&sock=3790727_0057_12>
...
000 (7477399.002.000) 08/21 11:00:35 Job submitted from host: <131.169.56.95:9618?addrs=131.169.56.95-9618&noUDP&sock=3790727_0057_12>
...
001 (7477399.002.000) 08/21 11:01:39 Job executing on host: <131.169.76.127:43501?addrs=131.169.76.127-43501>
...
001 (7477399.001.000) 08/21 11:01:40 Job executing on host: <131.169.76.199:37454?addrs=131.169.76.199-37454>
...
001 (7477399.000.000) 08/21 11:01:41 Job executing on host: <131.169.76.199:37454?addrs=131.169.76.199-37454>
...
006 (7477399.002.000) 08/21 11:01:48 Image size of job updated: 85708
	65  -  MemoryUsage of job (MB)
	66136  -  ResidentSetSize of job (KB)
...
006 (7477399.000.000) 08/21 11:01:49 Image size of job updated: 77024
	58  -  MemoryUsage of job (MB)
	59340  -  ResidentSetSize of job (KB)
...
006 (7477399.001.000) 08/21 11:01:49 Image size of job updated: 75992
	58  -  MemoryUsage of job (MB)
	59392  -  ResidentSetSize of job (KB)
...
006 (7477399.002.000) 08/21 11:02:52 Image size of job updated: 85708
	65  -  MemoryUsage of job (MB)
	66228  -  ResidentSetSize of job (KB)
...
005 (7477399.002.000) 08/21 11:02:52 Job terminated.
	(1) Normal termination (return value 0)
		Usr 0 00:00:44, Sys 0 00:00:01  -  Run Remote Usage
		Usr 0 00:00:00, Sys 0 00:00:00  -  Run Local Usage
		Usr 0 00:00:44, Sys 0 00:00:01  -  Total Remote Usage
		Usr 0 00:00:00, Sys 0 00:00:00  -  Total Local Usage
	0  -  Run Bytes Sent By Job
	0  -  Run Bytes Received By Job
	0  -  Total Bytes Sent By Job
	0  -  Total Bytes Received By Job
	Partitionable Resources :    Usage  Request Allocated 
	   Cpus                 :     0.02        1         1 
	   Disk (KB)            :     1     2560000   2643001 
	   Memory (MB)          :    65        4096      4096 
...
006 (7477399.000.000) 08/21 11:06:49 Image size of job updated: 286588
	260  -  MemoryUsage of job (MB)
	265288  -  ResidentSetSize of job (KB)
...
006 (7477399.001.000) 08/21 11:06:50 Image size of job updated: 285888
	217  -  MemoryUsage of job (MB)
	221664  -  ResidentSetSize of job (KB)
...
005 (7477399.000.000) 08/21 11:09:43 Job terminated.
	(1) Normal termination (return value 0)
		Usr 0 00:03:43, Sys 0 00:00:08  -  Run Remote Usage
		Usr 0 00:00:00, Sys 0 00:00:00  -  Run Local Usage
		Usr 0 00:03:43, Sys 0 00:00:08  -  Total Remote Usage
		Usr 0 00:00:00, Sys 0 00:00:00  -  Total Local Usage
	0  -  Run Bytes Sent By Job
	0  -  Run Bytes Received By Job
	0  -  Total Bytes Sent By Job
	0  -  Total Bytes Received By Job
	Partitionable Resources :    Usage  Request Allocated 
	   Cpus                 :     0.76        1         1 
	   Disk (KB)            :     1     2560000   2682354 
	   Memory (MB)          :   260        4096      4096 
...
005 (7477399.001.000) 08/21 11:10:04 Job terminated.
	(1) Normal termination (return value 0)
		Usr 0 00:04:26, Sys 0 00:00:09  -  Run Remote Usage
		Usr 0 00:00:00, Sys 0 00:00:00  -  Run Local Usage
		Usr 0 00:04:26, Sys 0 00:00:09  -  Total Remote Usage
		Usr 0 00:00:00, Sys 0 00:00:00  -  Total Local Usage
	0  -  Run Bytes Sent By Job
	0  -  Run Bytes Received By Job
	0  -  Total Bytes Sent By Job
	0  -  Total Bytes Received By Job
	Partitionable Resources :    Usage  Request Allocated 
	   Cpus                 :     0.10        1         1 
	   Disk (KB)            :     1     2560000   2682354 
	   Memory (MB)          :   217        4096      4096 
...
