000 (7477398.000.000) 08/21 11:00:35 Job submitted from host: <131.169.56.95:9618?addrs=131.169.56.95-9618&noUDP&sock=3790727_0057_12>
...
000 (7477398.001.000) 08/21 11:00:35 Job submitted from host: <131.169.56.95:9618?addrs=131.169.56.95-9618&noUDP&sock=3790727_0057_12>
...
000 (7477398.002.000) 08/21 11:00:35 Job submitted from host: <131.169.56.95:9618?addrs=131.169.56.95-9618&noUDP&sock=3790727_0057_12>
...
000 (7477398.003.000) 08/21 11:00:35 Job submitted from host: <131.169.56.95:9618?addrs=131.169.56.95-9618&noUDP&sock=3790727_0057_12>
...
000 (7477398.004.000) 08/21 11:00:35 Job submitted from host: <131.169.56.95:9618?addrs=131.169.56.95-9618&noUDP&sock=3790727_0057_12>
...
000 (7477398.005.000) 08/21 11:00:35 Job submitted from host: <131.169.56.95:9618?addrs=131.169.56.95-9618&noUDP&sock=3790727_0057_12>
...
000 (7477398.006.000) 08/21 11:00:35 Job submitted from host: <131.169.56.95:9618?addrs=131.169.56.95-9618&noUDP&sock=3790727_0057_12>
...
000 (7477398.007.000) 08/21 11:00:35 Job submitted from host: <131.169.56.95:9618?addrs=131.169.56.95-9618&noUDP&sock=3790727_0057_12>
...
000 (7477398.008.000) 08/21 11:00:35 Job submitted from host: <131.169.56.95:9618?addrs=131.169.56.95-9618&noUDP&sock=3790727_0057_12>
...
001 (7477398.002.000) 08/21 11:01:40 Job executing on host: <131.169.76.156:41402?addrs=131.169.76.156-41402>
...
001 (7477398.004.000) 08/21 11:01:40 Job executing on host: <131.169.76.156:41402?addrs=131.169.76.156-41402>
...
001 (7477398.003.000) 08/21 11:01:40 Job executing on host: <131.169.76.156:41402?addrs=131.169.76.156-41402>
...
001 (7477398.001.000) 08/21 11:01:40 Job executing on host: <131.169.76.128:37675?addrs=131.169.76.128-37675>
...
001 (7477398.000.000) 08/21 11:01:40 Job executing on host: <131.169.76.128:37675?addrs=131.169.76.128-37675>
...
001 (7477398.008.000) 08/21 11:01:41 Job executing on host: <131.169.76.199:37454?addrs=131.169.76.199-37454>
...
001 (7477398.007.000) 08/21 11:01:41 Job executing on host: <131.169.76.183:41053?addrs=131.169.76.183-41053>
...
001 (7477398.005.000) 08/21 11:01:41 Job executing on host: <131.169.76.183:41053?addrs=131.169.76.183-41053>
...
001 (7477398.006.000) 08/21 11:01:41 Job executing on host: <131.169.76.183:41053?addrs=131.169.76.183-41053>
...
006 (7477398.001.000) 08/21 11:01:49 Image size of job updated: 69772
	52  -  MemoryUsage of job (MB)
	53192  -  ResidentSetSize of job (KB)
...
006 (7477398.000.000) 08/21 11:01:49 Image size of job updated: 74056
	54  -  MemoryUsage of job (MB)
	55092  -  ResidentSetSize of job (KB)
...
006 (7477398.008.000) 08/21 11:01:49 Image size of job updated: 79356
	59  -  MemoryUsage of job (MB)
	59420  -  ResidentSetSize of job (KB)
...
006 (7477398.002.000) 08/21 11:01:49 Image size of job updated: 76136
	56  -  MemoryUsage of job (MB)
	56636  -  ResidentSetSize of job (KB)
...
006 (7477398.004.000) 08/21 11:01:49 Image size of job updated: 73596
	56  -  MemoryUsage of job (MB)
	56636  -  ResidentSetSize of job (KB)
...
006 (7477398.003.000) 08/21 11:01:49 Image size of job updated: 73576
	56  -  MemoryUsage of job (MB)
	56640  -  ResidentSetSize of job (KB)
...
006 (7477398.007.000) 08/21 11:01:50 Image size of job updated: 68896
	51  -  MemoryUsage of job (MB)
	51956  -  ResidentSetSize of job (KB)
...
006 (7477398.005.000) 08/21 11:01:50 Image size of job updated: 69308
	52  -  MemoryUsage of job (MB)
	52552  -  ResidentSetSize of job (KB)
...
006 (7477398.006.000) 08/21 11:01:50 Image size of job updated: 70672
	52  -  MemoryUsage of job (MB)
	53164  -  ResidentSetSize of job (KB)
...
006 (7477398.001.000) 08/21 11:06:49 Image size of job updated: 272472
	264  -  MemoryUsage of job (MB)
	270244  -  ResidentSetSize of job (KB)
...
006 (7477398.000.000) 08/21 11:06:49 Image size of job updated: 273512
	266  -  MemoryUsage of job (MB)
	271488  -  ResidentSetSize of job (KB)
...
006 (7477398.008.000) 08/21 11:06:49 Image size of job updated: 305456
	183  -  MemoryUsage of job (MB)
	186740  -  ResidentSetSize of job (KB)
...
006 (7477398.002.000) 08/21 11:06:50 Image size of job updated: 280956
	264  -  MemoryUsage of job (MB)
	269820  -  ResidentSetSize of job (KB)
...
006 (7477398.004.000) 08/21 11:06:50 Image size of job updated: 277460
	264  -  MemoryUsage of job (MB)
	270284  -  ResidentSetSize of job (KB)
...
006 (7477398.003.000) 08/21 11:06:50 Image size of job updated: 284592
	214  -  MemoryUsage of job (MB)
	218344  -  ResidentSetSize of job (KB)
...
006 (7477398.007.000) 08/21 11:06:51 Image size of job updated: 271476
	265  -  MemoryUsage of job (MB)
	271112  -  ResidentSetSize of job (KB)
...
006 (7477398.005.000) 08/21 11:06:51 Image size of job updated: 272188
	265  -  MemoryUsage of job (MB)
	270664  -  ResidentSetSize of job (KB)
...
006 (7477398.006.000) 08/21 11:06:51 Image size of job updated: 272424
	265  -  MemoryUsage of job (MB)
	271284  -  ResidentSetSize of job (KB)
...
005 (7477398.000.000) 08/21 11:08:33 Job terminated.
	(1) Normal termination (return value 0)
		Usr 0 00:04:00, Sys 0 00:00:08  -  Run Remote Usage
		Usr 0 00:00:00, Sys 0 00:00:00  -  Run Local Usage
		Usr 0 00:04:00, Sys 0 00:00:08  -  Total Remote Usage
		Usr 0 00:00:00, Sys 0 00:00:00  -  Total Local Usage
	0  -  Run Bytes Sent By Job
	0  -  Run Bytes Received By Job
	0  -  Total Bytes Sent By Job
	0  -  Total Bytes Received By Job
	Partitionable Resources :    Usage  Request Allocated 
	   Cpus                 :     0.66        1         1 
	   Disk (KB)            :     1     2560000   2643780 
	   Memory (MB)          :   266        4096      4096 
...
005 (7477398.003.000) 08/21 11:08:33 Job terminated.
	(1) Normal termination (return value 0)
		Usr 0 00:04:04, Sys 0 00:00:09  -  Run Remote Usage
		Usr 0 00:00:00, Sys 0 00:00:00  -  Run Local Usage
		Usr 0 00:04:04, Sys 0 00:00:09  -  Total Remote Usage
		Usr 0 00:00:00, Sys 0 00:00:00  -  Total Local Usage
	0  -  Run Bytes Sent By Job
	0  -  Run Bytes Received By Job
	0  -  Total Bytes Sent By Job
	0  -  Total Bytes Received By Job
	Partitionable Resources :    Usage  Request Allocated 
	   Cpus                 :     0.81        1         1 
	   Disk (KB)            :     1     2560000   2636460 
	   Memory (MB)          :   214        4096      4096 
...
005 (7477398.004.000) 08/21 11:08:44 Job terminated.
	(1) Normal termination (return value 0)
		Usr 0 00:04:04, Sys 0 00:00:08  -  Run Remote Usage
		Usr 0 00:00:00, Sys 0 00:00:00  -  Run Local Usage
		Usr 0 00:04:04, Sys 0 00:00:08  -  Total Remote Usage
		Usr 0 00:00:00, Sys 0 00:00:00  -  Total Local Usage
	0  -  Run Bytes Sent By Job
	0  -  Run Bytes Received By Job
	0  -  Total Bytes Sent By Job
	0  -  Total Bytes Received By Job
	Partitionable Resources :    Usage  Request Allocated 
	   Cpus                 :     0.13        1         1 
	   Disk (KB)            :     1     2560000   2636460 
	   Memory (MB)          :   264        4096      4096 
...
006 (7477398.002.000) 08/21 11:08:45 Image size of job updated: 502556
	264  -  MemoryUsage of job (MB)
	269820  -  ResidentSetSize of job (KB)
...
005 (7477398.002.000) 08/21 11:08:45 Job terminated.
	(1) Normal termination (return value 0)
		Usr 0 00:04:05, Sys 0 00:00:08  -  Run Remote Usage
		Usr 0 00:00:00, Sys 0 00:00:00  -  Run Local Usage
		Usr 0 00:04:05, Sys 0 00:00:08  -  Total Remote Usage
		Usr 0 00:00:00, Sys 0 00:00:00  -  Total Local Usage
	0  -  Run Bytes Sent By Job
	0  -  Run Bytes Received By Job
	0  -  Total Bytes Sent By Job
	0  -  Total Bytes Received By Job
	Partitionable Resources :    Usage  Request Allocated 
	   Cpus                 :     0.12        1         1 
	   Disk (KB)            :     1     2560000   2636460 
	   Memory (MB)          :   264        4096      4096 
...
005 (7477398.001.000) 08/21 11:08:48 Job terminated.
	(1) Normal termination (return value 0)
		Usr 0 00:04:01, Sys 0 00:00:08  -  Run Remote Usage
		Usr 0 00:00:00, Sys 0 00:00:00  -  Run Local Usage
		Usr 0 00:04:01, Sys 0 00:00:08  -  Total Remote Usage
		Usr 0 00:00:00, Sys 0 00:00:00  -  Total Local Usage
	0  -  Run Bytes Sent By Job
	0  -  Run Bytes Received By Job
	0  -  Total Bytes Sent By Job
	0  -  Total Bytes Received By Job
	Partitionable Resources :    Usage  Request Allocated 
	   Cpus                 :     0.15        1         1 
	   Disk (KB)            :     1     2560000   2643780 
	   Memory (MB)          :   264        4096      4096 
...
005 (7477398.008.000) 08/21 11:09:50 Job terminated.
	(1) Normal termination (return value 0)
		Usr 0 00:04:09, Sys 0 00:00:08  -  Run Remote Usage
		Usr 0 00:00:00, Sys 0 00:00:00  -  Run Local Usage
		Usr 0 00:04:09, Sys 0 00:00:08  -  Total Remote Usage
		Usr 0 00:00:00, Sys 0 00:00:00  -  Total Local Usage
	0  -  Run Bytes Sent By Job
	0  -  Run Bytes Received By Job
	0  -  Total Bytes Sent By Job
	0  -  Total Bytes Received By Job
	Partitionable Resources :    Usage  Request Allocated 
	   Cpus                 :     0.01        1         1 
	   Disk (KB)            :     1     2560000   2682354 
	   Memory (MB)          :   183        4096      4096 
...
005 (7477398.007.000) 08/21 11:10:19 Job terminated.
	(1) Normal termination (return value 0)
		Usr 0 00:03:55, Sys 0 00:00:10  -  Run Remote Usage
		Usr 0 00:00:00, Sys 0 00:00:00  -  Run Local Usage
		Usr 0 00:03:55, Sys 0 00:00:10  -  Total Remote Usage
		Usr 0 00:00:00, Sys 0 00:00:00  -  Total Local Usage
	0  -  Run Bytes Sent By Job
	0  -  Run Bytes Received By Job
	0  -  Total Bytes Sent By Job
	0  -  Total Bytes Received By Job
	Partitionable Resources :    Usage  Request Allocated 
	   Cpus                 :     0.67        1         1 
	   Disk (KB)            :     1     2560000   2672936 
	   Memory (MB)          :   265        4096      4096 
...
005 (7477398.005.000) 08/21 11:10:30 Job terminated.
	(1) Normal termination (return value 0)
		Usr 0 00:04:02, Sys 0 00:00:10  -  Run Remote Usage
		Usr 0 00:00:00, Sys 0 00:00:00  -  Run Local Usage
		Usr 0 00:04:02, Sys 0 00:00:10  -  Total Remote Usage
		Usr 0 00:00:00, Sys 0 00:00:00  -  Total Local Usage
	0  -  Run Bytes Sent By Job
	0  -  Run Bytes Received By Job
	0  -  Total Bytes Sent By Job
	0  -  Total Bytes Received By Job
	Partitionable Resources :    Usage  Request Allocated 
	   Cpus                 :     0.05        1         1 
	   Disk (KB)            :     1     2560000   2672936 
	   Memory (MB)          :   265        4096      4096 
...
005 (7477398.006.000) 08/21 11:10:32 Job terminated.
	(1) Normal termination (return value 0)
		Usr 0 00:04:00, Sys 0 00:00:10  -  Run Remote Usage
		Usr 0 00:00:00, Sys 0 00:00:00  -  Run Local Usage
		Usr 0 00:04:00, Sys 0 00:00:10  -  Total Remote Usage
		Usr 0 00:00:00, Sys 0 00:00:00  -  Total Local Usage
	0  -  Run Bytes Sent By Job
	0  -  Run Bytes Received By Job
	0  -  Total Bytes Sent By Job
	0  -  Total Bytes Received By Job
	Partitionable Resources :    Usage  Request Allocated 
	   Cpus                 :     0.06        1         1 
	   Disk (KB)            :     1     2560000   2672936 
	   Memory (MB)          :   265        4096      4096 
...
