000 (7477401.000.000) 08/21 11:00:36 Job submitted from host: <131.169.56.95:9618?addrs=131.169.56.95-9618&noUDP&sock=3790727_0057_12>
...
000 (7477401.001.000) 08/21 11:00:36 Job submitted from host: <131.169.56.95:9618?addrs=131.169.56.95-9618&noUDP&sock=3790727_0057_12>
...
000 (7477401.002.000) 08/21 11:00:36 Job submitted from host: <131.169.56.95:9618?addrs=131.169.56.95-9618&noUDP&sock=3790727_0057_12>
...
000 (7477401.003.000) 08/21 11:00:36 Job submitted from host: <131.169.56.95:9618?addrs=131.169.56.95-9618&noUDP&sock=3790727_0057_12>
...
000 (7477401.004.000) 08/21 11:00:36 Job submitted from host: <131.169.56.95:9618?addrs=131.169.56.95-9618&noUDP&sock=3790727_0057_12>
...
000 (7477401.005.000) 08/21 11:00:36 Job submitted from host: <131.169.56.95:9618?addrs=131.169.56.95-9618&noUDP&sock=3790727_0057_12>
...
000 (7477401.006.000) 08/21 11:00:36 Job submitted from host: <131.169.56.95:9618?addrs=131.169.56.95-9618&noUDP&sock=3790727_0057_12>
...
000 (7477401.007.000) 08/21 11:00:36 Job submitted from host: <131.169.56.95:9618?addrs=131.169.56.95-9618&noUDP&sock=3790727_0057_12>
...
000 (7477401.008.000) 08/21 11:00:36 Job submitted from host: <131.169.56.95:9618?addrs=131.169.56.95-9618&noUDP&sock=3790727_0057_12>
...
000 (7477401.009.000) 08/21 11:00:36 Job submitted from host: <131.169.56.95:9618?addrs=131.169.56.95-9618&noUDP&sock=3790727_0057_12>
...
000 (7477401.010.000) 08/21 11:00:36 Job submitted from host: <131.169.56.95:9618?addrs=131.169.56.95-9618&noUDP&sock=3790727_0057_12>
...
000 (7477401.011.000) 08/21 11:00:36 Job submitted from host: <131.169.56.95:9618?addrs=131.169.56.95-9618&noUDP&sock=3790727_0057_12>
...
000 (7477401.012.000) 08/21 11:00:36 Job submitted from host: <131.169.56.95:9618?addrs=131.169.56.95-9618&noUDP&sock=3790727_0057_12>
...
000 (7477401.013.000) 08/21 11:00:36 Job submitted from host: <131.169.56.95:9618?addrs=131.169.56.95-9618&noUDP&sock=3790727_0057_12>
...
001 (7477401.008.000) 08/21 11:01:40 Job executing on host: <131.169.76.196:32949?addrs=131.169.76.196-32949>
...
001 (7477401.011.000) 08/21 11:01:40 Job executing on host: <131.169.76.143:45518?addrs=131.169.76.143-45518>
...
001 (7477401.005.000) 08/21 11:01:40 Job executing on host: <131.169.76.87:40525?addrs=131.169.76.87-40525>
...
001 (7477401.002.000) 08/21 11:01:40 Job executing on host: <131.169.84.198:44602?addrs=131.169.84.198-44602>
...
001 (7477401.010.000) 08/21 11:01:41 Job executing on host: <131.169.76.143:45518?addrs=131.169.76.143-45518>
...
001 (7477401.006.000) 08/21 11:01:41 Job executing on host: <131.169.76.196:32949?addrs=131.169.76.196-32949>
...
001 (7477401.007.000) 08/21 11:01:41 Job executing on host: <131.169.76.196:32949?addrs=131.169.76.196-32949>
...
001 (7477401.012.000) 08/21 11:01:41 Job executing on host: <131.169.76.214:44704?addrs=131.169.76.214-44704>
...
001 (7477401.003.000) 08/21 11:01:41 Job executing on host: <131.169.76.87:40525?addrs=131.169.76.87-40525>
...
001 (7477401.004.000) 08/21 11:01:41 Job executing on host: <131.169.76.87:40525?addrs=131.169.76.87-40525>
...
001 (7477401.009.000) 08/21 11:01:41 Job executing on host: <131.169.76.143:45518?addrs=131.169.76.143-45518>
...
001 (7477401.013.000) 08/21 11:01:41 Job executing on host: <131.169.76.214:44704?addrs=131.169.76.214-44704>
...
001 (7477401.001.000) 08/21 11:01:41 Job executing on host: <131.169.84.198:44602?addrs=131.169.84.198-44602>
...
001 (7477401.000.000) 08/21 11:01:41 Job executing on host: <131.169.84.198:44602?addrs=131.169.84.198-44602>
...
006 (7477401.011.000) 08/21 11:01:49 Image size of job updated: 75912
	59  -  MemoryUsage of job (MB)
	59456  -  ResidentSetSize of job (KB)
...
006 (7477401.002.000) 08/21 11:01:49 Image size of job updated: 88560
	59  -  MemoryUsage of job (MB)
	59400  -  ResidentSetSize of job (KB)
...
006 (7477401.010.000) 08/21 11:01:49 Image size of job updated: 75176
	56  -  MemoryUsage of job (MB)
	56624  -  ResidentSetSize of job (KB)
...
006 (7477401.012.000) 08/21 11:01:49 Image size of job updated: 79896
	59  -  MemoryUsage of job (MB)
	59460  -  ResidentSetSize of job (KB)
...
006 (7477401.006.000) 08/21 11:01:49 Image size of job updated: 68904
	56  -  MemoryUsage of job (MB)
	56608  -  ResidentSetSize of job (KB)
...
006 (7477401.005.000) 08/21 11:01:49 Image size of job updated: 75364
	59  -  MemoryUsage of job (MB)
	59400  -  ResidentSetSize of job (KB)
...
006 (7477401.007.000) 08/21 11:01:49 Image size of job updated: 89004
	59  -  MemoryUsage of job (MB)
	59400  -  ResidentSetSize of job (KB)
...
006 (7477401.008.000) 08/21 11:01:50 Image size of job updated: 71900
	59  -  MemoryUsage of job (MB)
	59456  -  ResidentSetSize of job (KB)
...
006 (7477401.001.000) 08/21 11:01:50 Image size of job updated: 69224
	56  -  MemoryUsage of job (MB)
	56560  -  ResidentSetSize of job (KB)
...
006 (7477401.000.000) 08/21 11:01:50 Image size of job updated: 70964
	59  -  MemoryUsage of job (MB)
	59396  -  ResidentSetSize of job (KB)
...
006 (7477401.009.000) 08/21 11:01:50 Image size of job updated: 75804
	56  -  MemoryUsage of job (MB)
	56624  -  ResidentSetSize of job (KB)
...
006 (7477401.013.000) 08/21 11:01:50 Image size of job updated: 72504
	56  -  MemoryUsage of job (MB)
	56612  -  ResidentSetSize of job (KB)
...
006 (7477401.003.000) 08/21 11:01:50 Image size of job updated: 76520
	59  -  MemoryUsage of job (MB)
	59396  -  ResidentSetSize of job (KB)
...
006 (7477401.004.000) 08/21 11:01:50 Image size of job updated: 79928
	59  -  MemoryUsage of job (MB)
	59456  -  ResidentSetSize of job (KB)
...
005 (7477401.013.000) 08/21 11:03:20 Job terminated.
	(1) Normal termination (return value 0)
		Usr 0 00:01:01, Sys 0 00:00:02  -  Run Remote Usage
		Usr 0 00:00:00, Sys 0 00:00:00  -  Run Local Usage
		Usr 0 00:01:01, Sys 0 00:00:02  -  Total Remote Usage
		Usr 0 00:00:00, Sys 0 00:00:00  -  Total Local Usage
	0  -  Run Bytes Sent By Job
	0  -  Run Bytes Received By Job
	0  -  Total Bytes Sent By Job
	0  -  Total Bytes Received By Job
	Partitionable Resources :    Usage  Request Allocated 
	   Cpus                 :     0.73        1         1 
	   Disk (KB)            :     1     2560000   2682819 
	   Memory (MB)          :    56        4096      4096 
...
005 (7477401.011.000) 08/21 11:03:31 Job terminated.
	(1) Normal termination (return value 0)
		Usr 0 00:01:14, Sys 0 00:00:02  -  Run Remote Usage
		Usr 0 00:00:00, Sys 0 00:00:00  -  Run Local Usage
		Usr 0 00:01:14, Sys 0 00:00:02  -  Total Remote Usage
		Usr 0 00:00:00, Sys 0 00:00:00  -  Total Local Usage
	0  -  Run Bytes Sent By Job
	0  -  Run Bytes Received By Job
	0  -  Total Bytes Sent By Job
	0  -  Total Bytes Received By Job
	Partitionable Resources :    Usage  Request Allocated 
	   Cpus                 :     0.81        1         1 
	   Disk (KB)            :     1     2560000   2604175 
	   Memory (MB)          :    59        4096      4096 
...
005 (7477401.009.000) 08/21 11:03:32 Job terminated.
	(1) Normal termination (return value 0)
		Usr 0 00:01:15, Sys 0 00:00:02  -  Run Remote Usage
		Usr 0 00:00:00, Sys 0 00:00:00  -  Run Local Usage
		Usr 0 00:01:15, Sys 0 00:00:02  -  Total Remote Usage
		Usr 0 00:00:00, Sys 0 00:00:00  -  Total Local Usage
	0  -  Run Bytes Sent By Job
	0  -  Run Bytes Received By Job
	0  -  Total Bytes Sent By Job
	0  -  Total Bytes Received By Job
	Partitionable Resources :    Usage  Request Allocated 
	   Cpus                 :     0.81        1         1 
	   Disk (KB)            :     1     2560000   2604175 
	   Memory (MB)          :    56        4096      4096 
...
005 (7477401.010.000) 08/21 11:03:35 Job terminated.
	(1) Normal termination (return value 0)
		Usr 0 00:01:14, Sys 0 00:00:02  -  Run Remote Usage
		Usr 0 00:00:00, Sys 0 00:00:00  -  Run Local Usage
		Usr 0 00:01:14, Sys 0 00:00:02  -  Total Remote Usage
		Usr 0 00:00:00, Sys 0 00:00:00  -  Total Local Usage
	0  -  Run Bytes Sent By Job
	0  -  Run Bytes Received By Job
	0  -  Total Bytes Sent By Job
	0  -  Total Bytes Received By Job
	Partitionable Resources :    Usage  Request Allocated 
	   Cpus                 :     0.75        1         1 
	   Disk (KB)            :     1     2560000   2604175 
	   Memory (MB)          :    56        4096      4096 
...
005 (7477401.003.000) 08/21 11:03:36 Job terminated.
	(1) Normal termination (return value 0)
		Usr 0 00:01:13, Sys 0 00:00:02  -  Run Remote Usage
		Usr 0 00:00:00, Sys 0 00:00:00  -  Run Local Usage
		Usr 0 00:01:13, Sys 0 00:00:02  -  Total Remote Usage
		Usr 0 00:00:00, Sys 0 00:00:00  -  Total Local Usage
	0  -  Run Bytes Sent By Job
	0  -  Run Bytes Received By Job
	0  -  Total Bytes Sent By Job
	0  -  Total Bytes Received By Job
	Partitionable Resources :    Usage  Request Allocated 
	   Cpus                 :     0.01        1         1 
	   Disk (KB)            :     1     2560000   2685182 
	   Memory (MB)          :    59        4096      4096 
...
005 (7477401.004.000) 08/21 11:03:40 Job terminated.
	(1) Normal termination (return value 0)
		Usr 0 00:01:15, Sys 0 00:00:02  -  Run Remote Usage
		Usr 0 00:00:00, Sys 0 00:00:00  -  Run Local Usage
		Usr 0 00:01:15, Sys 0 00:00:02  -  Total Remote Usage
		Usr 0 00:00:00, Sys 0 00:00:00  -  Total Local Usage
	0  -  Run Bytes Sent By Job
	0  -  Run Bytes Received By Job
	0  -  Total Bytes Sent By Job
	0  -  Total Bytes Received By Job
	Partitionable Resources :    Usage  Request Allocated 
	   Cpus                 :     0.78        1         1 
	   Disk (KB)            :     1     2560000   2685182 
	   Memory (MB)          :    59        4096      4096 
...
005 (7477401.005.000) 08/21 11:03:42 Job terminated.
	(1) Normal termination (return value 0)
		Usr 0 00:01:14, Sys 0 00:00:02  -  Run Remote Usage
		Usr 0 00:00:00, Sys 0 00:00:00  -  Run Local Usage
		Usr 0 00:01:14, Sys 0 00:00:02  -  Total Remote Usage
		Usr 0 00:00:00, Sys 0 00:00:00  -  Total Local Usage
	0  -  Run Bytes Sent By Job
	0  -  Run Bytes Received By Job
	0  -  Total Bytes Sent By Job
	0  -  Total Bytes Received By Job
	Partitionable Resources :    Usage  Request Allocated 
	   Cpus                 :     0.71        1         1 
	   Disk (KB)            :     1     2560000   2685182 
	   Memory (MB)          :    59        4096      4096 
...
005 (7477401.007.000) 08/21 11:03:44 Job terminated.
	(1) Normal termination (return value 0)
		Usr 0 00:01:17, Sys 0 00:00:02  -  Run Remote Usage
		Usr 0 00:00:00, Sys 0 00:00:00  -  Run Local Usage
		Usr 0 00:01:17, Sys 0 00:00:02  -  Total Remote Usage
		Usr 0 00:00:00, Sys 0 00:00:00  -  Total Local Usage
	0  -  Run Bytes Sent By Job
	0  -  Run Bytes Received By Job
	0  -  Total Bytes Sent By Job
	0  -  Total Bytes Received By Job
	Partitionable Resources :    Usage  Request Allocated 
	   Cpus                 :     0.66        1         1 
	   Disk (KB)            :     1     2560000   2685827 
	   Memory (MB)          :    59        4096      4096 
...
005 (7477401.008.000) 08/21 11:03:44 Job terminated.
	(1) Normal termination (return value 0)
		Usr 0 00:01:17, Sys 0 00:00:02  -  Run Remote Usage
		Usr 0 00:00:00, Sys 0 00:00:00  -  Run Local Usage
		Usr 0 00:01:17, Sys 0 00:00:02  -  Total Remote Usage
		Usr 0 00:00:00, Sys 0 00:00:00  -  Total Local Usage
	0  -  Run Bytes Sent By Job
	0  -  Run Bytes Received By Job
	0  -  Total Bytes Sent By Job
	0  -  Total Bytes Received By Job
	Partitionable Resources :    Usage  Request Allocated 
	   Cpus                 :     0.67        1         1 
	   Disk (KB)            :     1     2560000   2685827 
	   Memory (MB)          :    59        4096      4096 
...
005 (7477401.001.000) 08/21 11:03:45 Job terminated.
	(1) Normal termination (return value 0)
		Usr 0 00:01:14, Sys 0 00:00:02  -  Run Remote Usage
		Usr 0 00:00:00, Sys 0 00:00:00  -  Run Local Usage
		Usr 0 00:01:14, Sys 0 00:00:02  -  Total Remote Usage
		Usr 0 00:00:00, Sys 0 00:00:00  -  Total Local Usage
	0  -  Run Bytes Sent By Job
	0  -  Run Bytes Received By Job
	0  -  Total Bytes Sent By Job
	0  -  Total Bytes Received By Job
	Partitionable Resources :    Usage  Request Allocated 
	   Cpus                 :        0        1         1 
	   Disk (KB)            :        1  2560000   2851819 
	   Memory (MB)          :       56     4096      4096 
...
005 (7477401.012.000) 08/21 11:03:45 Job terminated.
	(1) Normal termination (return value 0)
		Usr 0 00:01:12, Sys 0 00:00:02  -  Run Remote Usage
		Usr 0 00:00:00, Sys 0 00:00:00  -  Run Local Usage
		Usr 0 00:01:12, Sys 0 00:00:02  -  Total Remote Usage
		Usr 0 00:00:00, Sys 0 00:00:00  -  Total Local Usage
	0  -  Run Bytes Sent By Job
	0  -  Run Bytes Received By Job
	0  -  Total Bytes Sent By Job
	0  -  Total Bytes Received By Job
	Partitionable Resources :    Usage  Request Allocated 
	   Cpus                 :     0.67        1         1 
	   Disk (KB)            :     1     2560000   2682819 
	   Memory (MB)          :    59        4096      4096 
...
006 (7477401.006.000) 08/21 11:03:46 Image size of job updated: 201840
	58  -  MemoryUsage of job (MB)
	58848  -  ResidentSetSize of job (KB)
...
005 (7477401.006.000) 08/21 11:03:47 Job terminated.
	(1) Normal termination (return value 0)
		Usr 0 00:01:20, Sys 0 00:00:02  -  Run Remote Usage
		Usr 0 00:00:00, Sys 0 00:00:00  -  Run Local Usage
		Usr 0 00:01:20, Sys 0 00:00:02  -  Total Remote Usage
		Usr 0 00:00:00, Sys 0 00:00:00  -  Total Local Usage
	0  -  Run Bytes Sent By Job
	0  -  Run Bytes Received By Job
	0  -  Total Bytes Sent By Job
	0  -  Total Bytes Received By Job
	Partitionable Resources :    Usage  Request Allocated 
	   Cpus                 :     0.76        1         1 
	   Disk (KB)            :     1     2560000   2685827 
	   Memory (MB)          :    58        4096      4096 
...
005 (7477401.000.000) 08/21 11:03:50 Job terminated.
	(1) Normal termination (return value 0)
		Usr 0 00:01:15, Sys 0 00:00:02  -  Run Remote Usage
		Usr 0 00:00:00, Sys 0 00:00:00  -  Run Local Usage
		Usr 0 00:01:15, Sys 0 00:00:02  -  Total Remote Usage
		Usr 0 00:00:00, Sys 0 00:00:00  -  Total Local Usage
	0  -  Run Bytes Sent By Job
	0  -  Run Bytes Received By Job
	0  -  Total Bytes Sent By Job
	0  -  Total Bytes Received By Job
	Partitionable Resources :    Usage  Request Allocated 
	   Cpus                 :     0.71        1         1 
	   Disk (KB)            :     1     2560000   2851819 
	   Memory (MB)          :    59        4096      4096 
...
005 (7477401.002.000) 08/21 11:03:50 Job terminated.
	(1) Normal termination (return value 0)
		Usr 0 00:01:12, Sys 0 00:00:02  -  Run Remote Usage
		Usr 0 00:00:00, Sys 0 00:00:00  -  Run Local Usage
		Usr 0 00:01:12, Sys 0 00:00:02  -  Total Remote Usage
		Usr 0 00:00:00, Sys 0 00:00:00  -  Total Local Usage
	0  -  Run Bytes Sent By Job
	0  -  Run Bytes Received By Job
	0  -  Total Bytes Sent By Job
	0  -  Total Bytes Received By Job
	Partitionable Resources :    Usage  Request Allocated 
	   Cpus                 :     0.56        1         1 
	   Disk (KB)            :     1     2560000   2851819 
	   Memory (MB)          :    59        4096      4096 
...
