hadd Target file: /nfs/dust/cms/user/schwarzd/MTopJet/PostSelection/muon/uhh2.AnalysisModuleRunner.MC.TTbar_mtop1695.root
hadd compression setting for all ouput: 1
hadd Source file 1: /nfs/dust/cms/user/schwarzd/MTopJet/PostSelection/muon/PostSelMu_workdir/uhh2.AnalysisModuleRunner.MC.TTbar_mtop1695_0.root
hadd Source file 2: /nfs/dust/cms/user/schwarzd/MTopJet/PostSelection/muon/PostSelMu_workdir/uhh2.AnalysisModuleRunner.MC.TTbar_mtop1695_1.root
hadd Source file 3: /nfs/dust/cms/user/schwarzd/MTopJet/PostSelection/muon/PostSelMu_workdir/uhh2.AnalysisModuleRunner.MC.TTbar_mtop1695_2.root
hadd Source file 4: /nfs/dust/cms/user/schwarzd/MTopJet/PostSelection/muon/PostSelMu_workdir/uhh2.AnalysisModuleRunner.MC.TTbar_mtop1695_3.root
hadd Source file 5: /nfs/dust/cms/user/schwarzd/MTopJet/PostSelection/muon/PostSelMu_workdir/uhh2.AnalysisModuleRunner.MC.TTbar_mtop1695_4.root
hadd Source file 6: /nfs/dust/cms/user/schwarzd/MTopJet/PostSelection/muon/PostSelMu_workdir/uhh2.AnalysisModuleRunner.MC.TTbar_mtop1695_5.root
hadd Source file 7: /nfs/dust/cms/user/schwarzd/MTopJet/PostSelection/muon/PostSelMu_workdir/uhh2.AnalysisModuleRunner.MC.TTbar_mtop1695_6.root
hadd Source file 8: /nfs/dust/cms/user/schwarzd/MTopJet/PostSelection/muon/PostSelMu_workdir/uhh2.AnalysisModuleRunner.MC.TTbar_mtop1695_7.root
hadd Source file 9: /nfs/dust/cms/user/schwarzd/MTopJet/PostSelection/muon/PostSelMu_workdir/uhh2.AnalysisModuleRunner.MC.TTbar_mtop1695_8.root
hadd Source file 10: /nfs/dust/cms/user/schwarzd/MTopJet/PostSelection/muon/PostSelMu_workdir/uhh2.AnalysisModuleRunner.MC.TTbar_mtop1695_9.root
hadd Source file 11: /nfs/dust/cms/user/schwarzd/MTopJet/PostSelection/muon/PostSelMu_workdir/uhh2.AnalysisModuleRunner.MC.TTbar_mtop1695_10.root
hadd Source file 12: /nfs/dust/cms/user/schwarzd/MTopJet/PostSelection/muon/PostSelMu_workdir/uhh2.AnalysisModuleRunner.MC.TTbar_mtop1695_11.root
hadd Source file 13: /nfs/dust/cms/user/schwarzd/MTopJet/PostSelection/muon/PostSelMu_workdir/uhh2.AnalysisModuleRunner.MC.TTbar_mtop1695_12.root
hadd Source file 14: /nfs/dust/cms/user/schwarzd/MTopJet/PostSelection/muon/PostSelMu_workdir/uhh2.AnalysisModuleRunner.MC.TTbar_mtop1695_13.root
hadd Source file 15: /nfs/dust/cms/user/schwarzd/MTopJet/PostSelection/muon/PostSelMu_workdir/uhh2.AnalysisModuleRunner.MC.TTbar_mtop1695_14.root
hadd Source file 16: /nfs/dust/cms/user/schwarzd/MTopJet/PostSelection/muon/PostSelMu_workdir/uhh2.AnalysisModuleRunner.MC.TTbar_mtop1695_15.root
hadd Source file 17: /nfs/dust/cms/user/schwarzd/MTopJet/PostSelection/muon/PostSelMu_workdir/uhh2.AnalysisModuleRunner.MC.TTbar_mtop1695_16.root
hadd Source file 18: /nfs/dust/cms/user/schwarzd/MTopJet/PostSelection/muon/PostSelMu_workdir/uhh2.AnalysisModuleRunner.MC.TTbar_mtop1695_17.root
hadd Target path: /nfs/dust/cms/user/schwarzd/MTopJet/PostSelection/muon/uhh2.AnalysisModuleRunner.MC.TTbar_mtop1695.root:/
hadd Target path: /nfs/dust/cms/user/schwarzd/MTopJet/PostSelection/muon/uhh2.AnalysisModuleRunner.MC.TTbar_mtop1695.root:/750_ak8
hadd Target path: /nfs/dust/cms/user/schwarzd/MTopJet/PostSelection/muon/uhh2.AnalysisModuleRunner.MC.TTbar_mtop1695.root:/750_xcone
hadd Target path: /nfs/dust/cms/user/schwarzd/MTopJet/PostSelection/muon/uhh2.AnalysisModuleRunner.MC.TTbar_mtop1695.root:/XCone_raw
hadd Target path: /nfs/dust/cms/user/schwarzd/MTopJet/PostSelection/muon/uhh2.AnalysisModuleRunner.MC.TTbar_mtop1695.root:/XCone_cor
hadd Target path: /nfs/dust/cms/user/schwarzd/MTopJet/PostSelection/muon/uhh2.AnalysisModuleRunner.MC.TTbar_mtop1695.root:/XCone_jec
hadd Target path: /nfs/dust/cms/user/schwarzd/MTopJet/PostSelection/muon/uhh2.AnalysisModuleRunner.MC.TTbar_mtop1695.root:/XCone_raw_SF
hadd Target path: /nfs/dust/cms/user/schwarzd/MTopJet/PostSelection/muon/uhh2.AnalysisModuleRunner.MC.TTbar_mtop1695.root:/XCone_cor_SF
hadd Target path: /nfs/dust/cms/user/schwarzd/MTopJet/PostSelection/muon/uhh2.AnalysisModuleRunner.MC.TTbar_mtop1695.root:/XCone_jec_SF
hadd Target path: /nfs/dust/cms/user/schwarzd/MTopJet/PostSelection/muon/uhh2.AnalysisModuleRunner.MC.TTbar_mtop1695.root:/XCone_cor_pt350
hadd Target path: /nfs/dust/cms/user/schwarzd/MTopJet/PostSelection/muon/uhh2.AnalysisModuleRunner.MC.TTbar_mtop1695.root:/XCone_cor_noptcut
hadd Target path: /nfs/dust/cms/user/schwarzd/MTopJet/PostSelection/muon/uhh2.AnalysisModuleRunner.MC.TTbar_mtop1695.root:/XCone_puppi
hadd Target path: /nfs/dust/cms/user/schwarzd/MTopJet/PostSelection/muon/uhh2.AnalysisModuleRunner.MC.TTbar_mtop1695.root:/XCone_jec_subjets
hadd Target path: /nfs/dust/cms/user/schwarzd/MTopJet/PostSelection/muon/uhh2.AnalysisModuleRunner.MC.TTbar_mtop1695.root:/XCone_raw_subjets
hadd Target path: /nfs/dust/cms/user/schwarzd/MTopJet/PostSelection/muon/uhh2.AnalysisModuleRunner.MC.TTbar_mtop1695.root:/XCone_cor_subjets
hadd Target path: /nfs/dust/cms/user/schwarzd/MTopJet/PostSelection/muon/uhh2.AnalysisModuleRunner.MC.TTbar_mtop1695.root:/XCone_jec_subjets_SF
hadd Target path: /nfs/dust/cms/user/schwarzd/MTopJet/PostSelection/muon/uhh2.AnalysisModuleRunner.MC.TTbar_mtop1695.root:/XCone_raw_subjets_SF
hadd Target path: /nfs/dust/cms/user/schwarzd/MTopJet/PostSelection/muon/uhh2.AnalysisModuleRunner.MC.TTbar_mtop1695.root:/XCone_cor_subjets_SF
hadd Target path: /nfs/dust/cms/user/schwarzd/MTopJet/PostSelection/muon/uhh2.AnalysisModuleRunner.MC.TTbar_mtop1695.root:/XCone_cor_migration_pt
hadd Target path: /nfs/dust/cms/user/schwarzd/MTopJet/PostSelection/muon/uhh2.AnalysisModuleRunner.MC.TTbar_mtop1695.root:/XCone_cor_migration_pt350
hadd Target path: /nfs/dust/cms/user/schwarzd/MTopJet/PostSelection/muon/uhh2.AnalysisModuleRunner.MC.TTbar_mtop1695.root:/XCone_cor_migration_mass
hadd Target path: /nfs/dust/cms/user/schwarzd/MTopJet/PostSelection/muon/uhh2.AnalysisModuleRunner.MC.TTbar_mtop1695.root:/XCone_cor_migration_btag
hadd Target path: /nfs/dust/cms/user/schwarzd/MTopJet/PostSelection/muon/uhh2.AnalysisModuleRunner.MC.TTbar_mtop1695.root:/XCone_cor_Sel_noSel
hadd Target path: /nfs/dust/cms/user/schwarzd/MTopJet/PostSelection/muon/uhh2.AnalysisModuleRunner.MC.TTbar_mtop1695.root:/XCone_cor_Sel_noMass
hadd Target path: /nfs/dust/cms/user/schwarzd/MTopJet/PostSelection/muon/uhh2.AnalysisModuleRunner.MC.TTbar_mtop1695.root:/XCone_cor_Sel_pt350
hadd Target path: /nfs/dust/cms/user/schwarzd/MTopJet/PostSelection/muon/uhh2.AnalysisModuleRunner.MC.TTbar_mtop1695.root:/XCone_cor_Sel_nobtag
hadd Target path: /nfs/dust/cms/user/schwarzd/MTopJet/PostSelection/muon/uhh2.AnalysisModuleRunner.MC.TTbar_mtop1695.root:/XCone_cor_PUlow
hadd Target path: /nfs/dust/cms/user/schwarzd/MTopJet/PostSelection/muon/uhh2.AnalysisModuleRunner.MC.TTbar_mtop1695.root:/XCone_cor_PUmid
hadd Target path: /nfs/dust/cms/user/schwarzd/MTopJet/PostSelection/muon/uhh2.AnalysisModuleRunner.MC.TTbar_mtop1695.root:/XCone_cor_PUhigh
hadd Target path: /nfs/dust/cms/user/schwarzd/MTopJet/PostSelection/muon/uhh2.AnalysisModuleRunner.MC.TTbar_mtop1695.root:/XCone_cor_PUlow_subjets
hadd Target path: /nfs/dust/cms/user/schwarzd/MTopJet/PostSelection/muon/uhh2.AnalysisModuleRunner.MC.TTbar_mtop1695.root:/XCone_cor_PUmid_subjets
hadd Target path: /nfs/dust/cms/user/schwarzd/MTopJet/PostSelection/muon/uhh2.AnalysisModuleRunner.MC.TTbar_mtop1695.root:/XCone_cor_PUhigh_subjets
hadd Target path: /nfs/dust/cms/user/schwarzd/MTopJet/PostSelection/muon/uhh2.AnalysisModuleRunner.MC.TTbar_mtop1695.root:/XCone_cor_matched
hadd Target path: /nfs/dust/cms/user/schwarzd/MTopJet/PostSelection/muon/uhh2.AnalysisModuleRunner.MC.TTbar_mtop1695.root:/XCone_cor_unmatched
hadd Target path: /nfs/dust/cms/user/schwarzd/MTopJet/PostSelection/muon/uhh2.AnalysisModuleRunner.MC.TTbar_mtop1695.root:/XCone_cor_matched_fat
hadd Target path: /nfs/dust/cms/user/schwarzd/MTopJet/PostSelection/muon/uhh2.AnalysisModuleRunner.MC.TTbar_mtop1695.root:/XCone_cor_unmatched_fat
hadd Target path: /nfs/dust/cms/user/schwarzd/MTopJet/PostSelection/muon/uhh2.AnalysisModuleRunner.MC.TTbar_mtop1695.root:/EventHists
hadd Target path: /nfs/dust/cms/user/schwarzd/MTopJet/PostSelection/muon/uhh2.AnalysisModuleRunner.MC.TTbar_mtop1695.root:/MuonHists
hadd Target path: /nfs/dust/cms/user/schwarzd/MTopJet/PostSelection/muon/uhh2.AnalysisModuleRunner.MC.TTbar_mtop1695.root:/JetHits
hadd Target path: /nfs/dust/cms/user/schwarzd/MTopJet/PostSelection/muon/uhh2.AnalysisModuleRunner.MC.TTbar_mtop1695.root:/EventHists_PreSel
hadd Target path: /nfs/dust/cms/user/schwarzd/MTopJet/PostSelection/muon/uhh2.AnalysisModuleRunner.MC.TTbar_mtop1695.root:/MuonHits_PreSel
hadd Target path: /nfs/dust/cms/user/schwarzd/MTopJet/PostSelection/muon/uhh2.AnalysisModuleRunner.MC.TTbar_mtop1695.root:/JetHits_PreSel
hadd Target path: /nfs/dust/cms/user/schwarzd/MTopJet/PostSelection/muon/uhh2.AnalysisModuleRunner.MC.TTbar_mtop1695.root:/XCone_cor_PreSel
hadd Target path: /nfs/dust/cms/user/schwarzd/MTopJet/PostSelection/muon/uhh2.AnalysisModuleRunner.MC.TTbar_mtop1695.root:/CorrectionHists
hadd Target path: /nfs/dust/cms/user/schwarzd/MTopJet/PostSelection/muon/uhh2.AnalysisModuleRunner.MC.TTbar_mtop1695.root:/CorrectionHists_after
hadd Target path: /nfs/dust/cms/user/schwarzd/MTopJet/PostSelection/muon/uhh2.AnalysisModuleRunner.MC.TTbar_mtop1695.root:/XCone_GEN_Sel_measurement
hadd Target path: /nfs/dust/cms/user/schwarzd/MTopJet/PostSelection/muon/uhh2.AnalysisModuleRunner.MC.TTbar_mtop1695.root:/XCone_GEN_Sel_noMass
hadd Target path: /nfs/dust/cms/user/schwarzd/MTopJet/PostSelection/muon/uhh2.AnalysisModuleRunner.MC.TTbar_mtop1695.root:/XCone_GEN_Sel_pt350
hadd Target path: /nfs/dust/cms/user/schwarzd/MTopJet/PostSelection/muon/uhh2.AnalysisModuleRunner.MC.TTbar_mtop1695.root:/XCone_GEN_GenOnly
hadd Target path: /nfs/dust/cms/user/schwarzd/MTopJet/PostSelection/muon/uhh2.AnalysisModuleRunner.MC.TTbar_mtop1695.root:/XCone_GEN_RecOnly
hadd Target path: /nfs/dust/cms/user/schwarzd/MTopJet/PostSelection/muon/uhh2.AnalysisModuleRunner.MC.TTbar_mtop1695.root:/XCone_GEN_Both
hadd Target path: /nfs/dust/cms/user/schwarzd/MTopJet/PostSelection/muon/uhh2.AnalysisModuleRunner.MC.TTbar_mtop1695.root:/GenParticles_GenOnly
hadd Target path: /nfs/dust/cms/user/schwarzd/MTopJet/PostSelection/muon/uhh2.AnalysisModuleRunner.MC.TTbar_mtop1695.root:/GenParticles_RecOnly
hadd Target path: /nfs/dust/cms/user/schwarzd/MTopJet/PostSelection/muon/uhh2.AnalysisModuleRunner.MC.TTbar_mtop1695.root:/GenParticles_Both
hadd Target path: /nfs/dust/cms/user/schwarzd/MTopJet/PostSelection/muon/uhh2.AnalysisModuleRunner.MC.TTbar_mtop1695.root:/GenParticles_SM
hadd Target path: /nfs/dust/cms/user/schwarzd/MTopJet/PostSelection/muon/uhh2.AnalysisModuleRunner.MC.TTbar_mtop1695.root:/GenParticles_newWidth
hadd Target path: /nfs/dust/cms/user/schwarzd/MTopJet/PostSelection/muon/uhh2.AnalysisModuleRunner.MC.TTbar_mtop1695.root:/RecGenHists_subjets
hadd Target path: /nfs/dust/cms/user/schwarzd/MTopJet/PostSelection/muon/uhh2.AnalysisModuleRunner.MC.TTbar_mtop1695.root:/RecGenHists_subjets_noJEC
hadd Target path: /nfs/dust/cms/user/schwarzd/MTopJet/PostSelection/muon/uhh2.AnalysisModuleRunner.MC.TTbar_mtop1695.root:/RecGenHists_subjets_corrected
hadd Target path: /nfs/dust/cms/user/schwarzd/MTopJet/PostSelection/muon/uhh2.AnalysisModuleRunner.MC.TTbar_mtop1695.root:/RecGenHists_ak4
hadd Target path: /nfs/dust/cms/user/schwarzd/MTopJet/PostSelection/muon/uhh2.AnalysisModuleRunner.MC.TTbar_mtop1695.root:/RecGenHists_ak4_noJEC
hadd Target path: /nfs/dust/cms/user/schwarzd/MTopJet/PostSelection/muon/uhh2.AnalysisModuleRunner.MC.TTbar_mtop1695.root:/RecGenHists_lowPU
hadd Target path: /nfs/dust/cms/user/schwarzd/MTopJet/PostSelection/muon/uhh2.AnalysisModuleRunner.MC.TTbar_mtop1695.root:/RecGenHists_medPU
hadd Target path: /nfs/dust/cms/user/schwarzd/MTopJet/PostSelection/muon/uhh2.AnalysisModuleRunner.MC.TTbar_mtop1695.root:/RecGenHists_highPU
hadd Target path: /nfs/dust/cms/user/schwarzd/MTopJet/PostSelection/muon/uhh2.AnalysisModuleRunner.MC.TTbar_mtop1695.root:/RecGenHists_lowPU_noJEC
hadd Target path: /nfs/dust/cms/user/schwarzd/MTopJet/PostSelection/muon/uhh2.AnalysisModuleRunner.MC.TTbar_mtop1695.root:/RecGenHists_medPU_noJEC
hadd Target path: /nfs/dust/cms/user/schwarzd/MTopJet/PostSelection/muon/uhh2.AnalysisModuleRunner.MC.TTbar_mtop1695.root:/RecGenHists_highPU_noJEC
hadd Target path: /nfs/dust/cms/user/schwarzd/MTopJet/PostSelection/muon/uhh2.AnalysisModuleRunner.MC.TTbar_mtop1695.root:/RecGenHists_GenOnly
hadd Target path: /nfs/dust/cms/user/schwarzd/MTopJet/PostSelection/muon/uhh2.AnalysisModuleRunner.MC.TTbar_mtop1695.root:/RecGenHists_RecOnly
hadd Target path: /nfs/dust/cms/user/schwarzd/MTopJet/PostSelection/muon/uhh2.AnalysisModuleRunner.MC.TTbar_mtop1695.root:/RecGenHists_RecOnly_noJEC
hadd Target path: /nfs/dust/cms/user/schwarzd/MTopJet/PostSelection/muon/uhh2.AnalysisModuleRunner.MC.TTbar_mtop1695.root:/RecGenHists_RecOnly_corrected
hadd Target path: /nfs/dust/cms/user/schwarzd/MTopJet/PostSelection/muon/uhh2.AnalysisModuleRunner.MC.TTbar_mtop1695.root:/RecGenHists_Both
hadd Target path: /nfs/dust/cms/user/schwarzd/MTopJet/PostSelection/muon/uhh2.AnalysisModuleRunner.MC.TTbar_mtop1695.root:/RecGenHists_Both_corrected
hadd Target path: /nfs/dust/cms/user/schwarzd/MTopJet/PostSelection/muon/uhh2.AnalysisModuleRunner.MC.TTbar_mtop1695.root:/PDFHists
hadd Target path: /nfs/dust/cms/user/schwarzd/MTopJet/PostSelection/muon/uhh2.AnalysisModuleRunner.MC.TTbar_mtop1695.root:/SFrame
