000 (8260754.000.000) 09/19 11:25:07 Job submitted from host: <131.169.56.95:9618?addrs=131.169.56.95-9618&noUDP&sock=3790727_0057_12>
...
000 (8260754.001.000) 09/19 11:25:07 Job submitted from host: <131.169.56.95:9618?addrs=131.169.56.95-9618&noUDP&sock=3790727_0057_12>
...
000 (8260754.002.000) 09/19 11:25:07 Job submitted from host: <131.169.56.95:9618?addrs=131.169.56.95-9618&noUDP&sock=3790727_0057_12>
...
000 (8260754.003.000) 09/19 11:25:07 Job submitted from host: <131.169.56.95:9618?addrs=131.169.56.95-9618&noUDP&sock=3790727_0057_12>
...
000 (8260754.004.000) 09/19 11:25:07 Job submitted from host: <131.169.56.95:9618?addrs=131.169.56.95-9618&noUDP&sock=3790727_0057_12>
...
000 (8260754.005.000) 09/19 11:25:07 Job submitted from host: <131.169.56.95:9618?addrs=131.169.56.95-9618&noUDP&sock=3790727_0057_12>
...
000 (8260754.006.000) 09/19 11:25:07 Job submitted from host: <131.169.56.95:9618?addrs=131.169.56.95-9618&noUDP&sock=3790727_0057_12>
...
000 (8260754.007.000) 09/19 11:25:07 Job submitted from host: <131.169.56.95:9618?addrs=131.169.56.95-9618&noUDP&sock=3790727_0057_12>
...
000 (8260754.008.000) 09/19 11:25:07 Job submitted from host: <131.169.56.95:9618?addrs=131.169.56.95-9618&noUDP&sock=3790727_0057_12>
...
000 (8260754.009.000) 09/19 11:25:07 Job submitted from host: <131.169.56.95:9618?addrs=131.169.56.95-9618&noUDP&sock=3790727_0057_12>
...
000 (8260754.010.000) 09/19 11:25:07 Job submitted from host: <131.169.56.95:9618?addrs=131.169.56.95-9618&noUDP&sock=3790727_0057_12>
...
000 (8260754.011.000) 09/19 11:25:07 Job submitted from host: <131.169.56.95:9618?addrs=131.169.56.95-9618&noUDP&sock=3790727_0057_12>
...
000 (8260754.012.000) 09/19 11:25:07 Job submitted from host: <131.169.56.95:9618?addrs=131.169.56.95-9618&noUDP&sock=3790727_0057_12>
...
000 (8260754.013.000) 09/19 11:25:07 Job submitted from host: <131.169.56.95:9618?addrs=131.169.56.95-9618&noUDP&sock=3790727_0057_12>
...
000 (8260754.014.000) 09/19 11:25:07 Job submitted from host: <131.169.56.95:9618?addrs=131.169.56.95-9618&noUDP&sock=3790727_0057_12>
...
000 (8260754.015.000) 09/19 11:25:07 Job submitted from host: <131.169.56.95:9618?addrs=131.169.56.95-9618&noUDP&sock=3790727_0057_12>
...
000 (8260754.016.000) 09/19 11:25:07 Job submitted from host: <131.169.56.95:9618?addrs=131.169.56.95-9618&noUDP&sock=3790727_0057_12>
...
000 (8260754.017.000) 09/19 11:25:07 Job submitted from host: <131.169.56.95:9618?addrs=131.169.56.95-9618&noUDP&sock=3790727_0057_12>
...
001 (8260754.004.000) 09/19 11:50:23 Job executing on host: <131.169.163.105:33229?addrs=131.169.163.105-33229>
...
001 (8260754.005.000) 09/19 11:50:24 Job executing on host: <131.169.163.105:33229?addrs=131.169.163.105-33229>
...
001 (8260754.000.000) 09/19 11:50:28 Job executing on host: <131.169.164.5:35122?addrs=131.169.164.5-35122>
...
001 (8260754.001.000) 09/19 11:50:31 Job executing on host: <131.169.164.17:34116?addrs=131.169.164.17-34116>
...
001 (8260754.006.000) 09/19 11:50:32 Job executing on host: <131.169.164.5:35122?addrs=131.169.164.5-35122>
...
006 (8260754.004.000) 09/19 11:50:32 Image size of job updated: 165180
	145  -  MemoryUsage of job (MB)
	147788  -  ResidentSetSize of job (KB)
...
006 (8260754.005.000) 09/19 11:50:33 Image size of job updated: 203020
	145  -  MemoryUsage of job (MB)
	147788  -  ResidentSetSize of job (KB)
...
001 (8260754.007.000) 09/19 11:50:34 Job executing on host: <131.169.164.17:34116?addrs=131.169.164.17-34116>
...
006 (8260754.000.000) 09/19 11:50:37 Image size of job updated: 168836
	144  -  MemoryUsage of job (MB)
	146840  -  ResidentSetSize of job (KB)
...
006 (8260754.001.000) 09/19 11:50:40 Image size of job updated: 201224
	146  -  MemoryUsage of job (MB)
	148576  -  ResidentSetSize of job (KB)
...
006 (8260754.006.000) 09/19 11:50:41 Image size of job updated: 202624
	147  -  MemoryUsage of job (MB)
	149736  -  ResidentSetSize of job (KB)
...
006 (8260754.007.000) 09/19 11:50:42 Image size of job updated: 172940
	147  -  MemoryUsage of job (MB)
	149616  -  ResidentSetSize of job (KB)
...
022 (8260754.002.000) 09/19 11:50:46 Job disconnected, attempting to reconnect
    Socket between submit and execute hosts closed unexpectedly
    Trying to reconnect to slot1@bird775.desy.de <131.169.77.221:44005?addrs=131.169.77.221-44005>
...
022 (8260754.003.000) 09/19 11:50:46 Job disconnected, attempting to reconnect
    Socket between submit and execute hosts closed unexpectedly
    Trying to reconnect to slot1@bird775.desy.de <131.169.77.221:44005?addrs=131.169.77.221-44005>
...
024 (8260754.003.000) 09/19 11:50:46 Job reconnection failed
    Job not found at execution machine
    Can not reconnect to slot1@bird775.desy.de, rescheduling job
...
024 (8260754.002.000) 09/19 11:50:54 Job reconnection failed
    Job not found at execution machine
    Can not reconnect to slot1@bird775.desy.de, rescheduling job
...
001 (8260754.013.000) 09/19 11:51:02 Job executing on host: <131.169.77.25:45168?addrs=131.169.77.25-45168>
...
001 (8260754.017.000) 09/19 11:51:02 Job executing on host: <131.169.77.39:34287?addrs=131.169.77.39-34287>
...
001 (8260754.010.000) 09/19 11:51:02 Job executing on host: <131.169.164.4:38254?addrs=131.169.164.4-38254>
...
001 (8260754.015.000) 09/19 11:51:02 Job executing on host: <131.169.164.46:33939?addrs=131.169.164.46-33939>
...
001 (8260754.016.000) 09/19 11:51:03 Job executing on host: <131.169.77.21:35667?addrs=131.169.77.21-35667>
...
001 (8260754.009.000) 09/19 11:51:03 Job executing on host: <131.169.164.37:43731?addrs=131.169.164.37-43731>
...
001 (8260754.011.000) 09/19 11:51:04 Job executing on host: <131.169.164.3:40794?addrs=131.169.164.3-40794>
...
001 (8260754.003.000) 09/19 11:51:06 Job executing on host: <131.169.164.34:45038?addrs=131.169.164.34-45038>
...
001 (8260754.012.000) 09/19 11:51:08 Job executing on host: <131.169.164.36:34074?addrs=131.169.164.36-34074>
...
006 (8260754.013.000) 09/19 11:51:10 Image size of job updated: 108340
	47  -  MemoryUsage of job (MB)
	47968  -  ResidentSetSize of job (KB)
...
006 (8260754.010.000) 09/19 11:51:11 Image size of job updated: 222384
	145  -  MemoryUsage of job (MB)
	147788  -  ResidentSetSize of job (KB)
...
006 (8260754.015.000) 09/19 11:51:11 Image size of job updated: 224324
	145  -  MemoryUsage of job (MB)
	148356  -  ResidentSetSize of job (KB)
...
006 (8260754.016.000) 09/19 11:51:11 Image size of job updated: 102384
	51  -  MemoryUsage of job (MB)
	51640  -  ResidentSetSize of job (KB)
...
006 (8260754.017.000) 09/19 11:51:11 Image size of job updated: 224324
	146  -  MemoryUsage of job (MB)
	148984  -  ResidentSetSize of job (KB)
...
006 (8260754.009.000) 09/19 11:51:12 Image size of job updated: 224820
	146  -  MemoryUsage of job (MB)
	148692  -  ResidentSetSize of job (KB)
...
006 (8260754.011.000) 09/19 11:51:12 Image size of job updated: 166620
	110  -  MemoryUsage of job (MB)
	112504  -  ResidentSetSize of job (KB)
...
001 (8260754.008.000) 09/19 11:51:14 Job executing on host: <131.169.164.23:40282?addrs=131.169.164.23-40282>
...
006 (8260754.003.000) 09/19 11:51:15 Image size of job updated: 224552
	146  -  MemoryUsage of job (MB)
	149212  -  ResidentSetSize of job (KB)
...
006 (8260754.012.000) 09/19 11:51:17 Image size of job updated: 223900
	146  -  MemoryUsage of job (MB)
	148560  -  ResidentSetSize of job (KB)
...
001 (8260754.002.000) 09/19 11:51:18 Job executing on host: <131.169.164.23:40282?addrs=131.169.164.23-40282>
...
022 (8260754.014.000) 09/19 11:51:22 Job disconnected, attempting to reconnect
    Socket between submit and execute hosts closed unexpectedly
    Trying to reconnect to slot1_19@bird838.desy.de <131.169.164.38:38495?addrs=131.169.164.38-38495>
...
024 (8260754.014.000) 09/19 11:51:22 Job reconnection failed
    Job not found at execution machine
    Can not reconnect to slot1_19@bird838.desy.de, rescheduling job
...
006 (8260754.008.000) 09/19 11:51:24 Image size of job updated: 161472
	146  -  MemoryUsage of job (MB)
	148868  -  ResidentSetSize of job (KB)
...
006 (8260754.002.000) 09/19 11:51:28 Image size of job updated: 212512
	147  -  MemoryUsage of job (MB)
	149788  -  ResidentSetSize of job (KB)
...
005 (8260754.005.000) 09/19 11:54:10 Job terminated.
	(1) Normal termination (return value 0)
		Usr 0 00:03:32, Sys 0 00:00:02  -  Run Remote Usage
		Usr 0 00:00:00, Sys 0 00:00:00  -  Run Local Usage
		Usr 0 00:03:32, Sys 0 00:00:02  -  Total Remote Usage
		Usr 0 00:00:00, Sys 0 00:00:00  -  Total Local Usage
	0  -  Run Bytes Sent By Job
	0  -  Run Bytes Received By Job
	0  -  Total Bytes Sent By Job
	0  -  Total Bytes Received By Job
	Partitionable Resources :    Usage  Request Allocated 
	   Cpus                 :     0.99        1         1 
	   Disk (KB)            :     1     2560000   3293018 
	   Memory (MB)          :   145        4096      4096 
...
006 (8260754.004.000) 09/19 11:54:11 Image size of job updated: 765784
	145  -  MemoryUsage of job (MB)
	147788  -  ResidentSetSize of job (KB)
...
005 (8260754.004.000) 09/19 11:54:11 Job terminated.
	(1) Normal termination (return value 0)
		Usr 0 00:03:33, Sys 0 00:00:02  -  Run Remote Usage
		Usr 0 00:00:00, Sys 0 00:00:00  -  Run Local Usage
		Usr 0 00:03:33, Sys 0 00:00:02  -  Total Remote Usage
		Usr 0 00:00:00, Sys 0 00:00:00  -  Total Local Usage
	0  -  Run Bytes Sent By Job
	0  -  Run Bytes Received By Job
	0  -  Total Bytes Sent By Job
	0  -  Total Bytes Received By Job
	Partitionable Resources :    Usage  Request Allocated 
	   Cpus                 :     0.97        1         1 
	   Disk (KB)            :     1     2560000   3293018 
	   Memory (MB)          :   145        4096      4096 
...
001 (8260754.014.000) 09/19 11:54:13 Job executing on host: <131.169.163.105:33229?addrs=131.169.163.105-33229>
...
006 (8260754.014.000) 09/19 11:54:21 Image size of job updated: 243116
	166  -  MemoryUsage of job (MB)
	169868  -  ResidentSetSize of job (KB)
...
006 (8260754.017.000) 09/19 11:55:26 Image size of job updated: 536920
	146  -  MemoryUsage of job (MB)
	148992  -  ResidentSetSize of job (KB)
...
005 (8260754.017.000) 09/19 11:55:26 Job terminated.
	(1) Normal termination (return value 0)
		Usr 0 00:04:11, Sys 0 00:00:03  -  Run Remote Usage
		Usr 0 00:00:00, Sys 0 00:00:00  -  Run Local Usage
		Usr 0 00:04:11, Sys 0 00:00:03  -  Total Remote Usage
		Usr 0 00:00:00, Sys 0 00:00:00  -  Total Local Usage
	0  -  Run Bytes Sent By Job
	0  -  Run Bytes Received By Job
	0  -  Total Bytes Sent By Job
	0  -  Total Bytes Received By Job
	Partitionable Resources :    Usage  Request Allocated 
	   Cpus                 :     0.95        1         1 
	   Disk (KB)            :     1     2560000   2873892 
	   Memory (MB)          :   146        4096      4096 
...
006 (8260754.013.000) 09/19 11:55:32 Image size of job updated: 522400
	47  -  MemoryUsage of job (MB)
	48056  -  ResidentSetSize of job (KB)
...
005 (8260754.013.000) 09/19 11:55:32 Job terminated.
	(1) Normal termination (return value 0)
		Usr 0 00:04:10, Sys 0 00:00:05  -  Run Remote Usage
		Usr 0 00:00:00, Sys 0 00:00:00  -  Run Local Usage
		Usr 0 00:04:10, Sys 0 00:00:05  -  Total Remote Usage
		Usr 0 00:00:00, Sys 0 00:00:00  -  Total Local Usage
	0  -  Run Bytes Sent By Job
	0  -  Run Bytes Received By Job
	0  -  Total Bytes Sent By Job
	0  -  Total Bytes Received By Job
	Partitionable Resources :    Usage  Request Allocated 
	   Cpus                 :     0.99        1         1 
	   Disk (KB)            :     1     2560000   2874070 
	   Memory (MB)          :    47        4096      4096 
...
006 (8260754.016.000) 09/19 11:55:35 Image size of job updated: 530536
	51  -  MemoryUsage of job (MB)
	51864  -  ResidentSetSize of job (KB)
...
005 (8260754.016.000) 09/19 11:55:35 Job terminated.
	(1) Normal termination (return value 0)
		Usr 0 00:04:17, Sys 0 00:00:04  -  Run Remote Usage
		Usr 0 00:00:00, Sys 0 00:00:00  -  Run Local Usage
		Usr 0 00:04:17, Sys 0 00:00:04  -  Total Remote Usage
		Usr 0 00:00:00, Sys 0 00:00:00  -  Total Local Usage
	0  -  Run Bytes Sent By Job
	0  -  Run Bytes Received By Job
	0  -  Total Bytes Sent By Job
	0  -  Total Bytes Received By Job
	Partitionable Resources :    Usage  Request Allocated 
	   Cpus                 :     1.00        1         1 
	   Disk (KB)            :     1     2560000   2881896 
	   Memory (MB)          :    51        4096      4096 
...
006 (8260754.000.000) 09/19 11:55:37 Image size of job updated: 465204
	432  -  MemoryUsage of job (MB)
	441396  -  ResidentSetSize of job (KB)
...
006 (8260754.001.000) 09/19 11:55:41 Image size of job updated: 481868
	419  -  MemoryUsage of job (MB)
	428244  -  ResidentSetSize of job (KB)
...
006 (8260754.007.000) 09/19 11:55:42 Image size of job updated: 453524
	420  -  MemoryUsage of job (MB)
	429468  -  ResidentSetSize of job (KB)
...
006 (8260754.006.000) 09/19 11:55:43 Image size of job updated: 514320
	451  -  MemoryUsage of job (MB)
	460888  -  ResidentSetSize of job (KB)
...
006 (8260754.010.000) 09/19 11:56:11 Image size of job updated: 500996
	415  -  MemoryUsage of job (MB)
	423952  -  ResidentSetSize of job (KB)
...
006 (8260754.015.000) 09/19 11:56:11 Image size of job updated: 505020
	418  -  MemoryUsage of job (MB)
	427348  -  ResidentSetSize of job (KB)
...
006 (8260754.009.000) 09/19 11:56:12 Image size of job updated: 505608
	418  -  MemoryUsage of job (MB)
	427748  -  ResidentSetSize of job (KB)
...
006 (8260754.011.000) 09/19 11:56:12 Image size of job updated: 526760
	439  -  MemoryUsage of job (MB)
	448948  -  ResidentSetSize of job (KB)
...
006 (8260754.003.000) 09/19 11:56:16 Image size of job updated: 525744
	439  -  MemoryUsage of job (MB)
	448708  -  ResidentSetSize of job (KB)
...
006 (8260754.012.000) 09/19 11:56:17 Image size of job updated: 528832
	442  -  MemoryUsage of job (MB)
	451792  -  ResidentSetSize of job (KB)
...
005 (8260754.000.000) 09/19 11:56:22 Job terminated.
	(1) Normal termination (return value 0)
		Usr 0 00:05:34, Sys 0 00:00:04  -  Run Remote Usage
		Usr 0 00:00:00, Sys 0 00:00:00  -  Run Local Usage
		Usr 0 00:05:34, Sys 0 00:00:04  -  Total Remote Usage
		Usr 0 00:00:00, Sys 0 00:00:00  -  Total Local Usage
	0  -  Run Bytes Sent By Job
	0  -  Run Bytes Received By Job
	0  -  Total Bytes Sent By Job
	0  -  Total Bytes Received By Job
	Partitionable Resources :    Usage  Request Allocated 
	   Cpus                 :     1.01        1         1 
	   Disk (KB)            :     1     2560000   3110101 
	   Memory (MB)          :   432        4096      4096 
...
006 (8260754.008.000) 09/19 11:56:24 Image size of job updated: 445156
	422  -  MemoryUsage of job (MB)
	431600  -  ResidentSetSize of job (KB)
...
006 (8260754.006.000) 09/19 11:56:24 Image size of job updated: 514336
	451  -  MemoryUsage of job (MB)
	460888  -  ResidentSetSize of job (KB)
...
006 (8260754.002.000) 09/19 11:56:28 Image size of job updated: 521420
	448  -  MemoryUsage of job (MB)
	457900  -  ResidentSetSize of job (KB)
...
005 (8260754.006.000) 09/19 11:56:29 Job terminated.
	(1) Normal termination (return value 0)
		Usr 0 00:05:36, Sys 0 00:00:04  -  Run Remote Usage
		Usr 0 00:00:00, Sys 0 00:00:00  -  Run Local Usage
		Usr 0 00:05:36, Sys 0 00:00:04  -  Total Remote Usage
		Usr 0 00:00:00, Sys 0 00:00:00  -  Total Local Usage
	0  -  Run Bytes Sent By Job
	0  -  Run Bytes Received By Job
	0  -  Total Bytes Sent By Job
	0  -  Total Bytes Received By Job
	Partitionable Resources :    Usage  Request Allocated 
	   Cpus                 :     0.99        1         1 
	   Disk (KB)            :     1     2560000   3110101 
	   Memory (MB)          :   451        4096      4096 
...
006 (8260754.010.000) 09/19 11:57:15 Image size of job updated: 535344
	415  -  MemoryUsage of job (MB)
	423952  -  ResidentSetSize of job (KB)
...
005 (8260754.010.000) 09/19 11:57:15 Job terminated.
	(1) Normal termination (return value 0)
		Usr 0 00:05:56, Sys 0 00:00:02  -  Run Remote Usage
		Usr 0 00:00:00, Sys 0 00:00:00  -  Run Local Usage
		Usr 0 00:05:56, Sys 0 00:00:02  -  Total Remote Usage
		Usr 0 00:00:00, Sys 0 00:00:00  -  Total Local Usage
	0  -  Run Bytes Sent By Job
	0  -  Run Bytes Received By Job
	0  -  Total Bytes Sent By Job
	0  -  Total Bytes Received By Job
	Partitionable Resources :    Usage  Request Allocated 
	   Cpus                 :     0.93        1         1 
	   Disk (KB)            :     1     2560000   3104292 
	   Memory (MB)          :   415        4096      4096 
...
006 (8260754.003.000) 09/19 11:57:24 Image size of job updated: 525776
	439  -  MemoryUsage of job (MB)
	448708  -  ResidentSetSize of job (KB)
...
005 (8260754.003.000) 09/19 11:57:24 Job terminated.
	(1) Normal termination (return value 0)
		Usr 0 00:06:04, Sys 0 00:00:04  -  Run Remote Usage
		Usr 0 00:00:00, Sys 0 00:00:00  -  Run Local Usage
		Usr 0 00:06:04, Sys 0 00:00:04  -  Total Remote Usage
		Usr 0 00:00:00, Sys 0 00:00:00  -  Total Local Usage
	0  -  Run Bytes Sent By Job
	0  -  Run Bytes Received By Job
	0  -  Total Bytes Sent By Job
	0  -  Total Bytes Received By Job
	Partitionable Resources :    Usage  Request Allocated 
	   Cpus                 :     1.00        1         1 
	   Disk (KB)            :     1     2560000   3112802 
	   Memory (MB)          :   439        4096      4096 
...
005 (8260754.007.000) 09/19 11:57:28 Job terminated.
	(1) Normal termination (return value 0)
		Usr 0 00:06:40, Sys 0 00:00:02  -  Run Remote Usage
		Usr 0 00:00:00, Sys 0 00:00:00  -  Run Local Usage
		Usr 0 00:06:40, Sys 0 00:00:02  -  Total Remote Usage
		Usr 0 00:00:00, Sys 0 00:00:00  -  Total Local Usage
	0  -  Run Bytes Sent By Job
	0  -  Run Bytes Received By Job
	0  -  Total Bytes Sent By Job
	0  -  Total Bytes Received By Job
	Partitionable Resources :    Usage  Request Allocated 
	   Cpus                 :     1.00        1         1 
	   Disk (KB)            :     1     2560000   3022912 
	   Memory (MB)          :   420        4096      4096 
...
006 (8260754.012.000) 09/19 11:57:31 Image size of job updated: 528888
	442  -  MemoryUsage of job (MB)
	451792  -  ResidentSetSize of job (KB)
...
005 (8260754.012.000) 09/19 11:57:31 Job terminated.
	(1) Normal termination (return value 0)
		Usr 0 00:06:06, Sys 0 00:00:04  -  Run Remote Usage
		Usr 0 00:00:00, Sys 0 00:00:00  -  Run Local Usage
		Usr 0 00:06:06, Sys 0 00:00:04  -  Total Remote Usage
		Usr 0 00:00:00, Sys 0 00:00:00  -  Total Local Usage
	0  -  Run Bytes Sent By Job
	0  -  Run Bytes Received By Job
	0  -  Total Bytes Sent By Job
	0  -  Total Bytes Received By Job
	Partitionable Resources :    Usage  Request Allocated 
	   Cpus                 :     1.00        1         1 
	   Disk (KB)            :     1     2560000   3107115 
	   Memory (MB)          :   442        4096      4096 
...
005 (8260754.001.000) 09/19 11:57:41 Job terminated.
	(1) Normal termination (return value 0)
		Usr 0 00:06:53, Sys 0 00:00:02  -  Run Remote Usage
		Usr 0 00:00:00, Sys 0 00:00:00  -  Run Local Usage
		Usr 0 00:06:53, Sys 0 00:00:02  -  Total Remote Usage
		Usr 0 00:00:00, Sys 0 00:00:00  -  Total Local Usage
	0  -  Run Bytes Sent By Job
	0  -  Run Bytes Received By Job
	0  -  Total Bytes Sent By Job
	0  -  Total Bytes Received By Job
	Partitionable Resources :    Usage  Request Allocated 
	   Cpus                 :     1.00        1         1 
	   Disk (KB)            :     1     2560000   3022912 
	   Memory (MB)          :   419        4096      4096 
...
006 (8260754.014.000) 09/19 11:57:52 Image size of job updated: 754108
	167  -  MemoryUsage of job (MB)
	170008  -  ResidentSetSize of job (KB)
...
005 (8260754.014.000) 09/19 11:57:52 Job terminated.
	(1) Normal termination (return value 0)
		Usr 0 00:03:34, Sys 0 00:00:02  -  Run Remote Usage
		Usr 0 00:00:00, Sys 0 00:00:00  -  Run Local Usage
		Usr 0 00:03:34, Sys 0 00:00:02  -  Total Remote Usage
		Usr 0 00:00:00, Sys 0 00:00:00  -  Total Local Usage
	0  -  Run Bytes Sent By Job
	0  -  Run Bytes Received By Job
	0  -  Total Bytes Sent By Job
	0  -  Total Bytes Received By Job
	Partitionable Resources :    Usage  Request Allocated 
	   Cpus                 :     1.00        1         1 
	   Disk (KB)            :     1     2560000   3293018 
	   Memory (MB)          :   167        4096      4096 
...
006 (8260754.015.000) 09/19 11:57:54 Image size of job updated: 530196
	418  -  MemoryUsage of job (MB)
	427348  -  ResidentSetSize of job (KB)
...
005 (8260754.015.000) 09/19 11:57:54 Job terminated.
	(1) Normal termination (return value 0)
		Usr 0 00:06:35, Sys 0 00:00:03  -  Run Remote Usage
		Usr 0 00:00:00, Sys 0 00:00:00  -  Run Local Usage
		Usr 0 00:06:35, Sys 0 00:00:03  -  Total Remote Usage
		Usr 0 00:00:00, Sys 0 00:00:00  -  Total Local Usage
	0  -  Run Bytes Sent By Job
	0  -  Run Bytes Received By Job
	0  -  Total Bytes Sent By Job
	0  -  Total Bytes Received By Job
	Partitionable Resources :    Usage  Request Allocated 
	   Cpus                 :     0.97        1         1 
	   Disk (KB)            :     1     2560000   3104725 
	   Memory (MB)          :   418        4096      4096 
...
006 (8260754.009.000) 09/19 11:57:55 Image size of job updated: 505828
	418  -  MemoryUsage of job (MB)
	427748  -  ResidentSetSize of job (KB)
...
005 (8260754.009.000) 09/19 11:57:55 Job terminated.
	(1) Normal termination (return value 0)
		Usr 0 00:06:40, Sys 0 00:00:02  -  Run Remote Usage
		Usr 0 00:00:00, Sys 0 00:00:00  -  Run Local Usage
		Usr 0 00:06:40, Sys 0 00:00:02  -  Total Remote Usage
		Usr 0 00:00:00, Sys 0 00:00:00  -  Total Local Usage
	0  -  Run Bytes Sent By Job
	0  -  Run Bytes Received By Job
	0  -  Total Bytes Sent By Job
	0  -  Total Bytes Received By Job
	Partitionable Resources :    Usage  Request Allocated 
	   Cpus                 :     1.00        1         1 
	   Disk (KB)            :     1     2560000   3104132 
	   Memory (MB)          :   418        4096      4096 
...
006 (8260754.011.000) 09/19 11:58:05 Image size of job updated: 526992
	439  -  MemoryUsage of job (MB)
	448948  -  ResidentSetSize of job (KB)
...
005 (8260754.011.000) 09/19 11:58:05 Job terminated.
	(1) Normal termination (return value 0)
		Usr 0 00:06:44, Sys 0 00:00:03  -  Run Remote Usage
		Usr 0 00:00:00, Sys 0 00:00:00  -  Run Local Usage
		Usr 0 00:06:44, Sys 0 00:00:03  -  Total Remote Usage
		Usr 0 00:00:00, Sys 0 00:00:00  -  Total Local Usage
	0  -  Run Bytes Sent By Job
	0  -  Run Bytes Received By Job
	0  -  Total Bytes Sent By Job
	0  -  Total Bytes Received By Job
	Partitionable Resources :    Usage  Request Allocated 
	   Cpus                 :     1.00        1         1 
	   Disk (KB)            :     1     2560000   3105632 
	   Memory (MB)          :   439        4096      4096 
...
005 (8260754.008.000) 09/19 11:58:24 Job terminated.
	(1) Normal termination (return value 0)
		Usr 0 00:06:55, Sys 0 00:00:03  -  Run Remote Usage
		Usr 0 00:00:00, Sys 0 00:00:00  -  Run Local Usage
		Usr 0 00:06:55, Sys 0 00:00:03  -  Total Remote Usage
		Usr 0 00:00:00, Sys 0 00:00:00  -  Total Local Usage
	0  -  Run Bytes Sent By Job
	0  -  Run Bytes Received By Job
	0  -  Total Bytes Sent By Job
	0  -  Total Bytes Received By Job
	Partitionable Resources :    Usage  Request Allocated 
	   Cpus                 :     1.00        1         1 
	   Disk (KB)            :     1     2560000   3109774 
	   Memory (MB)          :   422        4096      4096 
...
006 (8260754.002.000) 09/19 11:58:39 Image size of job updated: 521880
	448  -  MemoryUsage of job (MB)
	457900  -  ResidentSetSize of job (KB)
...
005 (8260754.002.000) 09/19 11:58:39 Job terminated.
	(1) Normal termination (return value 0)
		Usr 0 00:07:08, Sys 0 00:00:03  -  Run Remote Usage
		Usr 0 00:00:00, Sys 0 00:00:00  -  Run Local Usage
		Usr 0 00:07:08, Sys 0 00:00:03  -  Total Remote Usage
		Usr 0 00:00:00, Sys 0 00:00:00  -  Total Local Usage
	0  -  Run Bytes Sent By Job
	0  -  Run Bytes Received By Job
	0  -  Total Bytes Sent By Job
	0  -  Total Bytes Received By Job
	Partitionable Resources :    Usage  Request Allocated 
	   Cpus                 :     1.00        1         1 
	   Disk (KB)            :     1     2560000   3109774 
	   Memory (MB)          :   448        4096      4096 
...
