000 (7477408.000.000) 08/21 11:00:43 Job submitted from host: <131.169.56.95:9618?addrs=131.169.56.95-9618&noUDP&sock=3790727_0057_12>
...
000 (7477408.001.000) 08/21 11:00:43 Job submitted from host: <131.169.56.95:9618?addrs=131.169.56.95-9618&noUDP&sock=3790727_0057_12>
...
000 (7477408.002.000) 08/21 11:00:43 Job submitted from host: <131.169.56.95:9618?addrs=131.169.56.95-9618&noUDP&sock=3790727_0057_12>
...
000 (7477408.003.000) 08/21 11:00:43 Job submitted from host: <131.169.56.95:9618?addrs=131.169.56.95-9618&noUDP&sock=3790727_0057_12>
...
000 (7477408.004.000) 08/21 11:00:43 Job submitted from host: <131.169.56.95:9618?addrs=131.169.56.95-9618&noUDP&sock=3790727_0057_12>
...
000 (7477408.005.000) 08/21 11:00:43 Job submitted from host: <131.169.56.95:9618?addrs=131.169.56.95-9618&noUDP&sock=3790727_0057_12>
...
000 (7477408.006.000) 08/21 11:00:43 Job submitted from host: <131.169.56.95:9618?addrs=131.169.56.95-9618&noUDP&sock=3790727_0057_12>
...
000 (7477408.007.000) 08/21 11:00:43 Job submitted from host: <131.169.56.95:9618?addrs=131.169.56.95-9618&noUDP&sock=3790727_0057_12>
...
000 (7477408.008.000) 08/21 11:00:43 Job submitted from host: <131.169.56.95:9618?addrs=131.169.56.95-9618&noUDP&sock=3790727_0057_12>
...
000 (7477408.009.000) 08/21 11:00:43 Job submitted from host: <131.169.56.95:9618?addrs=131.169.56.95-9618&noUDP&sock=3790727_0057_12>
...
000 (7477408.010.000) 08/21 11:00:43 Job submitted from host: <131.169.56.95:9618?addrs=131.169.56.95-9618&noUDP&sock=3790727_0057_12>
...
000 (7477408.011.000) 08/21 11:00:43 Job submitted from host: <131.169.56.95:9618?addrs=131.169.56.95-9618&noUDP&sock=3790727_0057_12>
...
000 (7477408.012.000) 08/21 11:00:43 Job submitted from host: <131.169.56.95:9618?addrs=131.169.56.95-9618&noUDP&sock=3790727_0057_12>
...
000 (7477408.013.000) 08/21 11:00:43 Job submitted from host: <131.169.56.95:9618?addrs=131.169.56.95-9618&noUDP&sock=3790727_0057_12>
...
000 (7477408.014.000) 08/21 11:00:43 Job submitted from host: <131.169.56.95:9618?addrs=131.169.56.95-9618&noUDP&sock=3790727_0057_12>
...
000 (7477408.015.000) 08/21 11:00:43 Job submitted from host: <131.169.56.95:9618?addrs=131.169.56.95-9618&noUDP&sock=3790727_0057_12>
...
000 (7477408.016.000) 08/21 11:00:43 Job submitted from host: <131.169.56.95:9618?addrs=131.169.56.95-9618&noUDP&sock=3790727_0057_12>
...
000 (7477408.017.000) 08/21 11:00:43 Job submitted from host: <131.169.56.95:9618?addrs=131.169.56.95-9618&noUDP&sock=3790727_0057_12>
...
000 (7477408.018.000) 08/21 11:00:43 Job submitted from host: <131.169.56.95:9618?addrs=131.169.56.95-9618&noUDP&sock=3790727_0057_12>
...
000 (7477408.019.000) 08/21 11:00:43 Job submitted from host: <131.169.56.95:9618?addrs=131.169.56.95-9618&noUDP&sock=3790727_0057_12>
...
000 (7477408.020.000) 08/21 11:00:43 Job submitted from host: <131.169.56.95:9618?addrs=131.169.56.95-9618&noUDP&sock=3790727_0057_12>
...
000 (7477408.021.000) 08/21 11:00:43 Job submitted from host: <131.169.56.95:9618?addrs=131.169.56.95-9618&noUDP&sock=3790727_0057_12>
...
000 (7477408.022.000) 08/21 11:00:43 Job submitted from host: <131.169.56.95:9618?addrs=131.169.56.95-9618&noUDP&sock=3790727_0057_12>
...
000 (7477408.023.000) 08/21 11:00:43 Job submitted from host: <131.169.56.95:9618?addrs=131.169.56.95-9618&noUDP&sock=3790727_0057_12>
...
000 (7477408.024.000) 08/21 11:00:43 Job submitted from host: <131.169.56.95:9618?addrs=131.169.56.95-9618&noUDP&sock=3790727_0057_12>
...
000 (7477408.025.000) 08/21 11:00:43 Job submitted from host: <131.169.56.95:9618?addrs=131.169.56.95-9618&noUDP&sock=3790727_0057_12>
...
000 (7477408.026.000) 08/21 11:00:43 Job submitted from host: <131.169.56.95:9618?addrs=131.169.56.95-9618&noUDP&sock=3790727_0057_12>
...
000 (7477408.027.000) 08/21 11:00:43 Job submitted from host: <131.169.56.95:9618?addrs=131.169.56.95-9618&noUDP&sock=3790727_0057_12>
...
001 (7477408.011.000) 08/21 11:06:36 Job executing on host: <131.169.76.85:43431?addrs=131.169.76.85-43431>
...
001 (7477408.012.000) 08/21 11:06:36 Job executing on host: <131.169.76.85:43431?addrs=131.169.76.85-43431>
...
006 (7477408.011.000) 08/21 11:06:44 Image size of job updated: 61624
	56  -  MemoryUsage of job (MB)
	56640  -  ResidentSetSize of job (KB)
...
006 (7477408.012.000) 08/21 11:06:45 Image size of job updated: 102136
	56  -  MemoryUsage of job (MB)
	56604  -  ResidentSetSize of job (KB)
...
022 (7477408.001.000) 08/21 11:06:54 Job disconnected, attempting to reconnect
    Socket between submit and execute hosts closed unexpectedly
    Trying to reconnect to slot1@bird138.desy.de <131.169.84.99:42114?addrs=131.169.84.99-42114>
...
024 (7477408.001.000) 08/21 11:06:54 Job reconnection failed
    Job not found at execution machine
    Can not reconnect to slot1@bird138.desy.de, rescheduling job
...
022 (7477408.002.000) 08/21 11:06:55 Job disconnected, attempting to reconnect
    Socket between submit and execute hosts closed unexpectedly
    Trying to reconnect to slot1@bird138.desy.de <131.169.84.99:42114?addrs=131.169.84.99-42114>
...
022 (7477408.025.000) 08/21 11:06:55 Job disconnected, attempting to reconnect
    Socket between submit and execute hosts closed unexpectedly
    Trying to reconnect to slot1@bird191.desy.de <131.169.84.152:38216?addrs=131.169.84.152-38216>
...
022 (7477408.021.000) 08/21 11:06:55 Job disconnected, attempting to reconnect
    Socket between submit and execute hosts closed unexpectedly
    Trying to reconnect to slot1@bird184.desy.de <131.169.84.145:35913?addrs=131.169.84.145-35913>
...
024 (7477408.021.000) 08/21 11:06:55 Job reconnection failed
    Job not found at execution machine
    Can not reconnect to slot1@bird184.desy.de, rescheduling job
...
022 (7477408.026.000) 08/21 11:06:55 Job disconnected, attempting to reconnect
    Socket between submit and execute hosts closed unexpectedly
    Trying to reconnect to slot1@bird191.desy.de <131.169.84.152:38216?addrs=131.169.84.152-38216>
...
022 (7477408.009.000) 08/21 11:06:55 Job disconnected, attempting to reconnect
    Socket between submit and execute hosts closed unexpectedly
    Trying to reconnect to slot1@bird420.desy.de <131.169.76.158:39410?addrs=131.169.76.158-39410>
...
022 (7477408.005.000) 08/21 11:06:55 Job disconnected, attempting to reconnect
    Socket between submit and execute hosts closed unexpectedly
    Trying to reconnect to slot1@bird044.desy.de <131.169.77.115:41143?addrs=131.169.77.115-41143>
...
024 (7477408.026.000) 08/21 11:06:55 Job reconnection failed
    Job not found at execution machine
    Can not reconnect to slot1@bird191.desy.de, rescheduling job
...
024 (7477408.009.000) 08/21 11:06:55 Job reconnection failed
    Job not found at execution machine
    Can not reconnect to slot1@bird420.desy.de, rescheduling job
...
024 (7477408.005.000) 08/21 11:06:55 Job reconnection failed
    Job not found at execution machine
    Can not reconnect to slot1@bird044.desy.de, rescheduling job
...
022 (7477408.003.000) 08/21 11:06:55 Job disconnected, attempting to reconnect
    Socket between submit and execute hosts closed unexpectedly
    Trying to reconnect to slot1@bird479.desy.de <131.169.76.217:41450?addrs=131.169.76.217-41450>
...
022 (7477408.027.000) 08/21 11:06:55 Job disconnected, attempting to reconnect
    Socket between submit and execute hosts closed unexpectedly
    Trying to reconnect to slot1@bird176.desy.de <131.169.84.137:32782?addrs=131.169.84.137-32782>
...
022 (7477408.022.000) 08/21 11:06:56 Job disconnected, attempting to reconnect
    Socket between submit and execute hosts closed unexpectedly
    Trying to reconnect to slot1@bird184.desy.de <131.169.84.145:35913?addrs=131.169.84.145-35913>
...
024 (7477408.027.000) 08/21 11:06:56 Job reconnection failed
    Job not found at execution machine
    Can not reconnect to slot1@bird176.desy.de, rescheduling job
...
022 (7477408.015.000) 08/21 11:06:56 Job disconnected, attempting to reconnect
    Socket between submit and execute hosts closed unexpectedly
    Trying to reconnect to slot1@bird170.desy.de <131.169.84.131:34180?addrs=131.169.84.131-34180>
...
022 (7477408.023.000) 08/21 11:06:56 Job disconnected, attempting to reconnect
    Socket between submit and execute hosts closed unexpectedly
    Trying to reconnect to slot1@bird455.desy.de <131.169.76.193:45375?addrs=131.169.76.193-45375>
...
024 (7477408.015.000) 08/21 11:06:56 Job reconnection failed
    Job not found at execution machine
    Can not reconnect to slot1@bird170.desy.de, rescheduling job
...
024 (7477408.023.000) 08/21 11:06:56 Job reconnection failed
    Job not found at execution machine
    Can not reconnect to slot1@bird455.desy.de, rescheduling job
...
022 (7477408.010.000) 08/21 11:06:56 Job disconnected, attempting to reconnect
    Socket between submit and execute hosts closed unexpectedly
    Trying to reconnect to slot1@bird420.desy.de <131.169.76.158:39410?addrs=131.169.76.158-39410>
...
022 (7477408.013.000) 08/21 11:06:56 Job disconnected, attempting to reconnect
    Socket between submit and execute hosts closed unexpectedly
    Trying to reconnect to slot1@bird144.desy.de <131.169.84.105:38237?addrs=131.169.84.105-38237>
...
024 (7477408.013.000) 08/21 11:06:56 Job reconnection failed
    Job not found at execution machine
    Can not reconnect to slot1@bird144.desy.de, rescheduling job
...
022 (7477408.006.000) 08/21 11:06:56 Job disconnected, attempting to reconnect
    Socket between submit and execute hosts closed unexpectedly
    Trying to reconnect to slot1@bird044.desy.de <131.169.77.115:41143?addrs=131.169.77.115-41143>
...
022 (7477408.004.000) 08/21 11:06:56 Job disconnected, attempting to reconnect
    Socket between submit and execute hosts closed unexpectedly
    Trying to reconnect to slot1@bird479.desy.de <131.169.76.217:41450?addrs=131.169.76.217-41450>
...
022 (7477408.007.000) 08/21 11:06:56 Job disconnected, attempting to reconnect
    Socket between submit and execute hosts closed unexpectedly
    Trying to reconnect to slot1@bird462.desy.de <131.169.76.200:34185?addrs=131.169.76.200-34185>
...
024 (7477408.004.000) 08/21 11:06:56 Job reconnection failed
    Job not found at execution machine
    Can not reconnect to slot1@bird479.desy.de, rescheduling job
...
022 (7477408.016.000) 08/21 11:06:56 Job disconnected, attempting to reconnect
    Socket between submit and execute hosts closed unexpectedly
    Trying to reconnect to slot1@bird170.desy.de <131.169.84.131:34180?addrs=131.169.84.131-34180>
...
024 (7477408.007.000) 08/21 11:06:56 Job reconnection failed
    Job not found at execution machine
    Can not reconnect to slot1@bird462.desy.de, rescheduling job
...
022 (7477408.000.000) 08/21 11:06:56 Job disconnected, attempting to reconnect
    Socket between submit and execute hosts closed unexpectedly
    Trying to reconnect to slot1@bird164.desy.de <131.169.84.125:35383?addrs=131.169.84.125-35383>
...
022 (7477408.017.000) 08/21 11:06:56 Job disconnected, attempting to reconnect
    Socket between submit and execute hosts closed unexpectedly
    Trying to reconnect to slot1@bird429.desy.de <131.169.76.167:40947?addrs=131.169.76.167-40947>
...
022 (7477408.019.000) 08/21 11:06:56 Job disconnected, attempting to reconnect
    Socket between submit and execute hosts closed unexpectedly
    Trying to reconnect to slot1@bird059.desy.de <131.169.84.224:42790?addrs=131.169.84.224-42790>
...
022 (7477408.008.000) 08/21 11:06:56 Job disconnected, attempting to reconnect
    Socket between submit and execute hosts closed unexpectedly
    Trying to reconnect to slot1@bird462.desy.de <131.169.76.200:34185?addrs=131.169.76.200-34185>
...
024 (7477408.017.000) 08/21 11:06:56 Job reconnection failed
    Job not found at execution machine
    Can not reconnect to slot1@bird429.desy.de, rescheduling job
...
024 (7477408.019.000) 08/21 11:06:56 Job reconnection failed
    Job not found at execution machine
    Can not reconnect to slot1@bird059.desy.de, rescheduling job
...
022 (7477408.024.000) 08/21 11:06:56 Job disconnected, attempting to reconnect
    Socket between submit and execute hosts closed unexpectedly
    Trying to reconnect to slot1@bird455.desy.de <131.169.76.193:45375?addrs=131.169.76.193-45375>
...
022 (7477408.014.000) 08/21 11:06:56 Job disconnected, attempting to reconnect
    Socket between submit and execute hosts closed unexpectedly
    Trying to reconnect to slot1@bird144.desy.de <131.169.84.105:38237?addrs=131.169.84.105-38237>
...
022 (7477408.020.000) 08/21 11:06:57 Job disconnected, attempting to reconnect
    Socket between submit and execute hosts closed unexpectedly
    Trying to reconnect to slot1@bird059.desy.de <131.169.84.224:42790?addrs=131.169.84.224-42790>
...
022 (7477408.018.000) 08/21 11:06:57 Job disconnected, attempting to reconnect
    Socket between submit and execute hosts closed unexpectedly
    Trying to reconnect to slot1@bird429.desy.de <131.169.76.167:40947?addrs=131.169.76.167-40947>
...
001 (7477408.001.000) 08/21 11:06:58 Job executing on host: <131.169.76.90:39628?addrs=131.169.76.90-39628>
...
001 (7477408.004.000) 08/21 11:07:00 Job executing on host: <131.169.76.144:44250?addrs=131.169.76.144-44250>
...
001 (7477408.005.000) 08/21 11:07:01 Job executing on host: <131.169.76.144:44250?addrs=131.169.76.144-44250>
...
024 (7477408.025.000) 08/21 11:07:03 Job reconnection failed
    Job not found at execution machine
    Can not reconnect to slot1@bird191.desy.de, rescheduling job
...
001 (7477408.007.000) 08/21 11:07:03 Job executing on host: <131.169.76.91:44597?addrs=131.169.76.91-44597>
...
001 (7477408.009.000) 08/21 11:07:03 Job executing on host: <131.169.76.46:39294?addrs=131.169.76.46-39294>
...
024 (7477408.002.000) 08/21 11:07:03 Job reconnection failed
    Job not found at execution machine
    Can not reconnect to slot1@bird138.desy.de, rescheduling job
...
024 (7477408.003.000) 08/21 11:07:04 Job reconnection failed
    Job not found at execution machine
    Can not reconnect to slot1@bird479.desy.de, rescheduling job
...
001 (7477408.013.000) 08/21 11:07:04 Job executing on host: <131.169.163.111:40414?addrs=131.169.163.111-40414>
...
024 (7477408.022.000) 08/21 11:07:04 Job reconnection failed
    Job not found at execution machine
    Can not reconnect to slot1@bird184.desy.de, rescheduling job
...
024 (7477408.010.000) 08/21 11:07:05 Job reconnection failed
    Job not found at execution machine
    Can not reconnect to slot1@bird420.desy.de, rescheduling job
...
024 (7477408.006.000) 08/21 11:07:05 Job reconnection failed
    Job not found at execution machine
    Can not reconnect to slot1@bird044.desy.de, rescheduling job
...
024 (7477408.000.000) 08/21 11:07:05 Job reconnection failed
    Job not found at execution machine
    Can not reconnect to slot1@bird164.desy.de, rescheduling job
...
024 (7477408.024.000) 08/21 11:07:05 Job reconnection failed
    Job not found at execution machine
    Can not reconnect to slot1@bird455.desy.de, rescheduling job
...
024 (7477408.016.000) 08/21 11:07:05 Job reconnection failed
    Job not found at execution machine
    Can not reconnect to slot1@bird170.desy.de, rescheduling job
...
024 (7477408.014.000) 08/21 11:07:05 Job reconnection failed
    Job not found at execution machine
    Can not reconnect to slot1@bird144.desy.de, rescheduling job
...
024 (7477408.008.000) 08/21 11:07:05 Job reconnection failed
    Job not found at execution machine
    Can not reconnect to slot1@bird462.desy.de, rescheduling job
...
024 (7477408.020.000) 08/21 11:07:06 Job reconnection failed
    Job not found at execution machine
    Can not reconnect to slot1@bird059.desy.de, rescheduling job
...
024 (7477408.018.000) 08/21 11:07:06 Job reconnection failed
    Job not found at execution machine
    Can not reconnect to slot1@bird429.desy.de, rescheduling job
...
001 (7477408.002.000) 08/21 11:07:07 Job executing on host: <131.169.76.164:38362?addrs=131.169.76.164-38362>
...
006 (7477408.001.000) 08/21 11:07:07 Image size of job updated: 95140
	58  -  MemoryUsage of job (MB)
	59376  -  ResidentSetSize of job (KB)
...
001 (7477408.000.000) 08/21 11:07:08 Job executing on host: <131.169.76.99:33279?addrs=131.169.76.99-33279>
...
006 (7477408.004.000) 08/21 11:07:09 Image size of job updated: 65856
	59  -  MemoryUsage of job (MB)
	59424  -  ResidentSetSize of job (KB)
...
001 (7477408.003.000) 08/21 11:07:09 Job executing on host: <131.169.76.165:41154?addrs=131.169.76.165-41154>
...
001 (7477408.006.000) 08/21 11:07:09 Job executing on host: <131.169.163.133:46040?addrs=131.169.163.133-46040>
...
001 (7477408.010.000) 08/21 11:07:10 Job executing on host: <131.169.76.207:43266?addrs=131.169.76.207-43266>
...
006 (7477408.005.000) 08/21 11:07:10 Image size of job updated: 107872
	64  -  MemoryUsage of job (MB)
	65432  -  ResidentSetSize of job (KB)
...
001 (7477408.008.000) 08/21 11:07:11 Job executing on host: <131.169.76.35:41693?addrs=131.169.76.35-41693>
...
001 (7477408.014.000) 08/21 11:07:11 Job executing on host: <131.169.76.46:39294?addrs=131.169.76.46-39294>
...
001 (7477408.015.000) 08/21 11:07:11 Job executing on host: <131.169.77.65:37347?addrs=131.169.77.65-37347>
...
001 (7477408.016.000) 08/21 11:07:12 Job executing on host: <131.169.84.217:35486?addrs=131.169.84.217-35486>
...
006 (7477408.007.000) 08/21 11:07:12 Image size of job updated: 119808
	58  -  MemoryUsage of job (MB)
	59380  -  ResidentSetSize of job (KB)
...
006 (7477408.009.000) 08/21 11:07:12 Image size of job updated: 59428
	58  -  MemoryUsage of job (MB)
	59380  -  ResidentSetSize of job (KB)
...
001 (7477408.018.000) 08/21 11:07:13 Job executing on host: <131.169.84.126:46876?addrs=131.169.84.126-46876>
...
006 (7477408.013.000) 08/21 11:07:13 Image size of job updated: 130500
	68  -  MemoryUsage of job (MB)
	69456  -  ResidentSetSize of job (KB)
...
001 (7477408.017.000) 08/21 11:07:13 Job executing on host: <131.169.163.120:35332?addrs=131.169.163.120-35332>
...
001 (7477408.020.000) 08/21 11:07:15 Job executing on host: <131.169.76.91:44597?addrs=131.169.76.91-44597>
...
001 (7477408.022.000) 08/21 11:07:15 Job executing on host: <131.169.84.171:42314?addrs=131.169.84.171-42314>
...
001 (7477408.021.000) 08/21 11:07:15 Job executing on host: <131.169.76.173:36373?addrs=131.169.76.173-36373>
...
001 (7477408.019.000) 08/21 11:07:16 Job executing on host: <131.169.84.108:38447?addrs=131.169.84.108-38447>
...
006 (7477408.002.000) 08/21 11:07:16 Image size of job updated: 110840
	58  -  MemoryUsage of job (MB)
	59376  -  ResidentSetSize of job (KB)
...
001 (7477408.025.000) 08/21 11:07:17 Job executing on host: <131.169.84.252:43988?addrs=131.169.84.252-43988>
...
001 (7477408.027.000) 08/21 11:07:17 Job executing on host: <131.169.84.129:45521?addrs=131.169.84.129-45521>
...
001 (7477408.024.000) 08/21 11:07:17 Job executing on host: <131.169.84.176:45547?addrs=131.169.84.176-45547>
...
006 (7477408.000.000) 08/21 11:07:17 Image size of job updated: 106964
	57  -  MemoryUsage of job (MB)
	57428  -  ResidentSetSize of job (KB)
...
001 (7477408.026.000) 08/21 11:07:18 Job executing on host: <131.169.84.202:40801?addrs=131.169.84.202-40801>
...
006 (7477408.006.000) 08/21 11:07:18 Image size of job updated: 154580
	91  -  MemoryUsage of job (MB)
	92608  -  ResidentSetSize of job (KB)
...
006 (7477408.003.000) 08/21 11:07:19 Image size of job updated: 106628
	56  -  MemoryUsage of job (MB)
	56600  -  ResidentSetSize of job (KB)
...
006 (7477408.010.000) 08/21 11:07:19 Image size of job updated: 122572
	63  -  MemoryUsage of job (MB)
	63996  -  ResidentSetSize of job (KB)
...
001 (7477408.023.000) 08/21 11:07:19 Job executing on host: <131.169.164.26:44152?addrs=131.169.164.26-44152>
...
006 (7477408.014.000) 08/21 11:07:20 Image size of job updated: 121300
	58  -  MemoryUsage of job (MB)
	59384  -  ResidentSetSize of job (KB)
...
006 (7477408.015.000) 08/21 11:07:20 Image size of job updated: 110916
	58  -  MemoryUsage of job (MB)
	59372  -  ResidentSetSize of job (KB)
...
006 (7477408.008.000) 08/21 11:07:20 Image size of job updated: 154296
	91  -  MemoryUsage of job (MB)
	92352  -  ResidentSetSize of job (KB)
...
006 (7477408.016.000) 08/21 11:07:22 Image size of job updated: 127384
	65  -  MemoryUsage of job (MB)
	66340  -  ResidentSetSize of job (KB)
...
006 (7477408.017.000) 08/21 11:07:22 Image size of job updated: 56636
	56  -  MemoryUsage of job (MB)
	56600  -  ResidentSetSize of job (KB)
...
006 (7477408.018.000) 08/21 11:07:22 Image size of job updated: 108956
	58  -  MemoryUsage of job (MB)
	58900  -  ResidentSetSize of job (KB)
...
006 (7477408.020.000) 08/21 11:07:23 Image size of job updated: 121216
	58  -  MemoryUsage of job (MB)
	59376  -  ResidentSetSize of job (KB)
...
006 (7477408.022.000) 08/21 11:07:24 Image size of job updated: 107100
	56  -  MemoryUsage of job (MB)
	56976  -  ResidentSetSize of job (KB)
...
006 (7477408.021.000) 08/21 11:07:24 Image size of job updated: 110940
	58  -  MemoryUsage of job (MB)
	59376  -  ResidentSetSize of job (KB)
...
006 (7477408.019.000) 08/21 11:07:25 Image size of job updated: 87940
	48  -  MemoryUsage of job (MB)
	48860  -  ResidentSetSize of job (KB)
...
006 (7477408.025.000) 08/21 11:07:25 Image size of job updated: 109820
	59  -  MemoryUsage of job (MB)
	59420  -  ResidentSetSize of job (KB)
...
006 (7477408.027.000) 08/21 11:07:25 Image size of job updated: 223744
	148  -  MemoryUsage of job (MB)
	150860  -  ResidentSetSize of job (KB)
...
006 (7477408.026.000) 08/21 11:07:26 Image size of job updated: 67808
	58  -  MemoryUsage of job (MB)
	59384  -  ResidentSetSize of job (KB)
...
006 (7477408.024.000) 08/21 11:07:26 Image size of job updated: 115132
	59  -  MemoryUsage of job (MB)
	59500  -  ResidentSetSize of job (KB)
...
006 (7477408.023.000) 08/21 11:07:28 Image size of job updated: 109496
	59  -  MemoryUsage of job (MB)
	59420  -  ResidentSetSize of job (KB)
...
006 (7477408.027.000) 08/21 11:07:44 Image size of job updated: 257504
	148  -  MemoryUsage of job (MB)
	150912  -  ResidentSetSize of job (KB)
...
005 (7477408.027.000) 08/21 11:07:44 Job terminated.
	(1) Normal termination (return value 0)
		Usr 0 00:00:15, Sys 0 00:00:00  -  Run Remote Usage
		Usr 0 00:00:00, Sys 0 00:00:00  -  Run Local Usage
		Usr 0 00:00:15, Sys 0 00:00:00  -  Total Remote Usage
		Usr 0 00:00:00, Sys 0 00:00:00  -  Total Local Usage
	0  -  Run Bytes Sent By Job
	0  -  Run Bytes Received By Job
	0  -  Total Bytes Sent By Job
	0  -  Total Bytes Received By Job
	Partitionable Resources :    Usage  Request Allocated 
	   Cpus                 :        0        1         1 
	   Disk (KB)            :        1  2560000   2856696 
	   Memory (MB)          :      148     4096      4096 
...
006 (7477408.013.000) 08/21 11:08:59 Image size of job updated: 437444
	70  -  MemoryUsage of job (MB)
	70680  -  ResidentSetSize of job (KB)
...
005 (7477408.013.000) 08/21 11:08:59 Job terminated.
	(1) Normal termination (return value 0)
		Usr 0 00:01:15, Sys 0 00:00:02  -  Run Remote Usage
		Usr 0 00:00:00, Sys 0 00:00:00  -  Run Local Usage
		Usr 0 00:01:15, Sys 0 00:00:02  -  Total Remote Usage
		Usr 0 00:00:00, Sys 0 00:00:00  -  Total Local Usage
	0  -  Run Bytes Sent By Job
	0  -  Run Bytes Received By Job
	0  -  Total Bytes Sent By Job
	0  -  Total Bytes Received By Job
	Partitionable Resources :    Usage  Request Allocated 
	   Cpus                 :     0.74        1         1 
	   Disk (KB)            :     1     2560000   3298884 
	   Memory (MB)          :    70        4096      4096 
...
006 (7477408.006.000) 08/21 11:09:05 Image size of job updated: 154580
	91  -  MemoryUsage of job (MB)
	92636  -  ResidentSetSize of job (KB)
...
005 (7477408.006.000) 08/21 11:09:05 Job terminated.
	(1) Normal termination (return value 0)
		Usr 0 00:01:14, Sys 0 00:00:02  -  Run Remote Usage
		Usr 0 00:00:00, Sys 0 00:00:00  -  Run Local Usage
		Usr 0 00:01:14, Sys 0 00:00:02  -  Total Remote Usage
		Usr 0 00:00:00, Sys 0 00:00:00  -  Total Local Usage
	0  -  Run Bytes Sent By Job
	0  -  Run Bytes Received By Job
	0  -  Total Bytes Sent By Job
	0  -  Total Bytes Received By Job
	Partitionable Resources :    Usage  Request Allocated 
	   Cpus                 :     0.40        1         1 
	   Disk (KB)            :     1     2560000   3295372 
	   Memory (MB)          :    91        4096      4096 
...
005 (7477408.017.000) 08/21 11:09:06 Job terminated.
	(1) Normal termination (return value 0)
		Usr 0 00:01:14, Sys 0 00:00:02  -  Run Remote Usage
		Usr 0 00:00:00, Sys 0 00:00:00  -  Run Local Usage
		Usr 0 00:01:14, Sys 0 00:00:02  -  Total Remote Usage
		Usr 0 00:00:00, Sys 0 00:00:00  -  Total Local Usage
	0  -  Run Bytes Sent By Job
	0  -  Run Bytes Received By Job
	0  -  Total Bytes Sent By Job
	0  -  Total Bytes Received By Job
	Partitionable Resources :    Usage  Request Allocated 
	   Cpus                 :     0.08        1         1 
	   Disk (KB)            :     1     2560000   3297548 
	   Memory (MB)          :    56        4096      4096 
...
005 (7477408.023.000) 08/21 11:09:14 Job terminated.
	(1) Normal termination (return value 0)
		Usr 0 00:01:15, Sys 0 00:00:01  -  Run Remote Usage
		Usr 0 00:00:00, Sys 0 00:00:00  -  Run Local Usage
		Usr 0 00:01:15, Sys 0 00:00:01  -  Total Remote Usage
		Usr 0 00:00:00, Sys 0 00:00:00  -  Total Local Usage
	0  -  Run Bytes Sent By Job
	0  -  Run Bytes Received By Job
	0  -  Total Bytes Sent By Job
	0  -  Total Bytes Received By Job
	Partitionable Resources :    Usage  Request Allocated 
	   Cpus                 :     0.74        1         1 
	   Disk (KB)            :     1     2560000   3111356 
	   Memory (MB)          :    59        4096      4096 
...
005 (7477408.004.000) 08/21 11:09:22 Job terminated.
	(1) Normal termination (return value 0)
		Usr 0 00:01:38, Sys 0 00:00:03  -  Run Remote Usage
		Usr 0 00:00:00, Sys 0 00:00:00  -  Run Local Usage
		Usr 0 00:01:38, Sys 0 00:00:03  -  Total Remote Usage
		Usr 0 00:00:00, Sys 0 00:00:00  -  Total Local Usage
	0  -  Run Bytes Sent By Job
	0  -  Run Bytes Received By Job
	0  -  Total Bytes Sent By Job
	0  -  Total Bytes Received By Job
	Partitionable Resources :    Usage  Request Allocated 
	   Cpus                 :     0.07        1         1 
	   Disk (KB)            :     1     2560000   2612466 
	   Memory (MB)          :    59        4096      4096 
...
006 (7477408.005.000) 08/21 11:09:24 Image size of job updated: 107872
	65  -  MemoryUsage of job (MB)
	66196  -  ResidentSetSize of job (KB)
...
005 (7477408.005.000) 08/21 11:09:24 Job terminated.
	(1) Normal termination (return value 0)
		Usr 0 00:01:39, Sys 0 00:00:03  -  Run Remote Usage
		Usr 0 00:00:00, Sys 0 00:00:00  -  Run Local Usage
		Usr 0 00:01:39, Sys 0 00:00:03  -  Total Remote Usage
		Usr 0 00:00:00, Sys 0 00:00:00  -  Total Local Usage
	0  -  Run Bytes Sent By Job
	0  -  Run Bytes Received By Job
	0  -  Total Bytes Sent By Job
	0  -  Total Bytes Received By Job
	Partitionable Resources :    Usage  Request Allocated 
	   Cpus                 :     0.70        1         1 
	   Disk (KB)            :     1     2560000   2612466 
	   Memory (MB)          :    65        4096      4096 
...
006 (7477408.011.000) 08/21 11:09:29 Image size of job updated: 61624
	58  -  MemoryUsage of job (MB)
	59376  -  ResidentSetSize of job (KB)
...
005 (7477408.011.000) 08/21 11:09:29 Job terminated.
	(1) Normal termination (return value 0)
		Usr 0 00:01:37, Sys 0 00:00:03  -  Run Remote Usage
		Usr 0 00:00:00, Sys 0 00:00:00  -  Run Local Usage
		Usr 0 00:01:37, Sys 0 00:00:03  -  Total Remote Usage
		Usr 0 00:00:00, Sys 0 00:00:00  -  Total Local Usage
	0  -  Run Bytes Sent By Job
	0  -  Run Bytes Received By Job
	0  -  Total Bytes Sent By Job
	0  -  Total Bytes Received By Job
	Partitionable Resources :    Usage  Request Allocated 
	   Cpus                 :     0.63        1         1 
	   Disk (KB)            :     1     2560000   2689572 
	   Memory (MB)          :    58        4096      4096 
...
005 (7477408.012.000) 08/21 11:09:31 Job terminated.
	(1) Normal termination (return value 0)
		Usr 0 00:01:39, Sys 0 00:00:03  -  Run Remote Usage
		Usr 0 00:00:00, Sys 0 00:00:00  -  Run Local Usage
		Usr 0 00:01:39, Sys 0 00:00:03  -  Total Remote Usage
		Usr 0 00:00:00, Sys 0 00:00:00  -  Total Local Usage
	0  -  Run Bytes Sent By Job
	0  -  Run Bytes Received By Job
	0  -  Total Bytes Sent By Job
	0  -  Total Bytes Received By Job
	Partitionable Resources :    Usage  Request Allocated 
	   Cpus                 :     0.68        1         1 
	   Disk (KB)            :     1     2560000   2689572 
	   Memory (MB)          :    56        4096      4096 
...
006 (7477408.024.000) 08/21 11:09:32 Image size of job updated: 403360
	59  -  MemoryUsage of job (MB)
	59532  -  ResidentSetSize of job (KB)
...
005 (7477408.024.000) 08/21 11:09:32 Job terminated.
	(1) Normal termination (return value 0)
		Usr 0 00:01:25, Sys 0 00:00:02  -  Run Remote Usage
		Usr 0 00:00:00, Sys 0 00:00:00  -  Run Local Usage
		Usr 0 00:01:25, Sys 0 00:00:02  -  Total Remote Usage
		Usr 0 00:00:00, Sys 0 00:00:00  -  Total Local Usage
	0  -  Run Bytes Sent By Job
	0  -  Run Bytes Received By Job
	0  -  Total Bytes Sent By Job
	0  -  Total Bytes Received By Job
	Partitionable Resources :    Usage  Request Allocated 
	   Cpus                 :     0.66        1         1 
	   Disk (KB)            :     1     2560000   2882105 
	   Memory (MB)          :    59        4096      4096 
...
006 (7477408.016.000) 08/21 11:09:32 Image size of job updated: 377680
	66  -  MemoryUsage of job (MB)
	66844  -  ResidentSetSize of job (KB)
...
005 (7477408.016.000) 08/21 11:09:32 Job terminated.
	(1) Normal termination (return value 0)
		Usr 0 00:01:35, Sys 0 00:00:02  -  Run Remote Usage
		Usr 0 00:00:00, Sys 0 00:00:00  -  Run Local Usage
		Usr 0 00:01:35, Sys 0 00:00:02  -  Total Remote Usage
		Usr 0 00:00:00, Sys 0 00:00:00  -  Total Local Usage
	0  -  Run Bytes Sent By Job
	0  -  Run Bytes Received By Job
	0  -  Total Bytes Sent By Job
	0  -  Total Bytes Received By Job
	Partitionable Resources :    Usage  Request Allocated 
	   Cpus                 :        0        1         1 
	   Disk (KB)            :        1  2560000   2684712 
	   Memory (MB)          :       66     4096      4096 
...
006 (7477408.008.000) 08/21 11:09:36 Image size of job updated: 154296
	91  -  MemoryUsage of job (MB)
	92388  -  ResidentSetSize of job (KB)
...
005 (7477408.008.000) 08/21 11:09:36 Job terminated.
	(1) Normal termination (return value 0)
		Usr 0 00:01:32, Sys 0 00:00:02  -  Run Remote Usage
		Usr 0 00:00:00, Sys 0 00:00:00  -  Run Local Usage
		Usr 0 00:01:32, Sys 0 00:00:02  -  Total Remote Usage
		Usr 0 00:00:00, Sys 0 00:00:00  -  Total Local Usage
	0  -  Run Bytes Sent By Job
	0  -  Run Bytes Received By Job
	0  -  Total Bytes Sent By Job
	0  -  Total Bytes Received By Job
	Partitionable Resources :    Usage  Request Allocated 
	   Cpus                 :     0.70        1         1 
	   Disk (KB)            :     1     2560000   2681433 
	   Memory (MB)          :    91        4096      4096 
...
006 (7477408.015.000) 08/21 11:09:38 Image size of job updated: 405104
	58  -  MemoryUsage of job (MB)
	59372  -  ResidentSetSize of job (KB)
...
005 (7477408.015.000) 08/21 11:09:38 Job terminated.
	(1) Normal termination (return value 0)
		Usr 0 00:01:31, Sys 0 00:00:03  -  Run Remote Usage
		Usr 0 00:00:00, Sys 0 00:00:00  -  Run Local Usage
		Usr 0 00:01:31, Sys 0 00:00:03  -  Total Remote Usage
		Usr 0 00:00:00, Sys 0 00:00:00  -  Total Local Usage
	0  -  Run Bytes Sent By Job
	0  -  Run Bytes Received By Job
	0  -  Total Bytes Sent By Job
	0  -  Total Bytes Received By Job
	Partitionable Resources :    Usage  Request Allocated 
	   Cpus                 :        0        1         1 
	   Disk (KB)            :        1  2560000   2877419 
	   Memory (MB)          :       58     4096      4096 
...
006 (7477408.022.000) 08/21 11:09:43 Image size of job updated: 107100
	58  -  MemoryUsage of job (MB)
	59376  -  ResidentSetSize of job (KB)
...
005 (7477408.022.000) 08/21 11:09:43 Job terminated.
	(1) Normal termination (return value 0)
		Usr 0 00:01:27, Sys 0 00:00:03  -  Run Remote Usage
		Usr 0 00:00:00, Sys 0 00:00:00  -  Run Local Usage
		Usr 0 00:01:27, Sys 0 00:00:03  -  Total Remote Usage
		Usr 0 00:00:00, Sys 0 00:00:00  -  Total Local Usage
	0  -  Run Bytes Sent By Job
	0  -  Run Bytes Received By Job
	0  -  Total Bytes Sent By Job
	0  -  Total Bytes Received By Job
	Partitionable Resources :    Usage  Request Allocated 
	   Cpus                 :     0.66        1         1 
	   Disk (KB)            :     1     2560000   2882276 
	   Memory (MB)          :    58        4096      4096 
...
006 (7477408.002.000) 08/21 11:09:43 Image size of job updated: 382180
	58  -  MemoryUsage of job (MB)
	59376  -  ResidentSetSize of job (KB)
...
005 (7477408.002.000) 08/21 11:09:43 Job terminated.
	(1) Normal termination (return value 0)
		Usr 0 00:01:43, Sys 0 00:00:02  -  Run Remote Usage
		Usr 0 00:00:00, Sys 0 00:00:00  -  Run Local Usage
		Usr 0 00:01:43, Sys 0 00:00:02  -  Total Remote Usage
		Usr 0 00:00:00, Sys 0 00:00:00  -  Total Local Usage
	0  -  Run Bytes Sent By Job
	0  -  Run Bytes Received By Job
	0  -  Total Bytes Sent By Job
	0  -  Total Bytes Received By Job
	Partitionable Resources :    Usage  Request Allocated 
	   Cpus                 :     0.76        1         1 
	   Disk (KB)            :     1     2560000   2671515 
	   Memory (MB)          :    58        4096      4096 
...
006 (7477408.001.000) 08/21 11:09:44 Image size of job updated: 333504
	58  -  MemoryUsage of job (MB)
	59376  -  ResidentSetSize of job (KB)
...
005 (7477408.001.000) 08/21 11:09:44 Job terminated.
	(1) Normal termination (return value 0)
		Usr 0 00:01:40, Sys 0 00:00:03  -  Run Remote Usage
		Usr 0 00:00:00, Sys 0 00:00:00  -  Run Local Usage
		Usr 0 00:01:40, Sys 0 00:00:03  -  Total Remote Usage
		Usr 0 00:00:00, Sys 0 00:00:00  -  Total Local Usage
	0  -  Run Bytes Sent By Job
	0  -  Run Bytes Received By Job
	0  -  Total Bytes Sent By Job
	0  -  Total Bytes Received By Job
	Partitionable Resources :    Usage  Request Allocated 
	   Cpus                 :     0.66        1         1 
	   Disk (KB)            :     1     2560000   2687477 
	   Memory (MB)          :    58        4096      4096 
...
005 (7477408.009.000) 08/21 11:09:45 Job terminated.
	(1) Normal termination (return value 0)
		Usr 0 00:01:39, Sys 0 00:00:03  -  Run Remote Usage
		Usr 0 00:00:00, Sys 0 00:00:00  -  Run Local Usage
		Usr 0 00:01:39, Sys 0 00:00:03  -  Total Remote Usage
		Usr 0 00:00:00, Sys 0 00:00:00  -  Total Local Usage
	0  -  Run Bytes Sent By Job
	0  -  Run Bytes Received By Job
	0  -  Total Bytes Sent By Job
	0  -  Total Bytes Received By Job
	Partitionable Resources :    Usage  Request Allocated 
	   Cpus                 :     0.70        1         1 
	   Disk (KB)            :     1     2560000   2684273 
	   Memory (MB)          :    58        4096      4096 
...
006 (7477408.021.000) 08/21 11:09:46 Image size of job updated: 405872
	58  -  MemoryUsage of job (MB)
	59376  -  ResidentSetSize of job (KB)
...
005 (7477408.021.000) 08/21 11:09:46 Job terminated.
	(1) Normal termination (return value 0)
		Usr 0 00:01:37, Sys 0 00:00:02  -  Run Remote Usage
		Usr 0 00:00:00, Sys 0 00:00:00  -  Run Local Usage
		Usr 0 00:01:37, Sys 0 00:00:02  -  Total Remote Usage
		Usr 0 00:00:00, Sys 0 00:00:00  -  Total Local Usage
	0  -  Run Bytes Sent By Job
	0  -  Run Bytes Received By Job
	0  -  Total Bytes Sent By Job
	0  -  Total Bytes Received By Job
	Partitionable Resources :    Usage  Request Allocated 
	   Cpus                 :        0        1         1 
	   Disk (KB)            :        1  2560000   2678082 
	   Memory (MB)          :       58     4096      4096 
...
006 (7477408.018.000) 08/21 11:09:48 Image size of job updated: 108956
	58  -  MemoryUsage of job (MB)
	59376  -  ResidentSetSize of job (KB)
...
005 (7477408.018.000) 08/21 11:09:49 Job terminated.
	(1) Normal termination (return value 0)
		Usr 0 00:01:34, Sys 0 00:00:03  -  Run Remote Usage
		Usr 0 00:00:00, Sys 0 00:00:00  -  Run Local Usage
		Usr 0 00:01:34, Sys 0 00:00:03  -  Total Remote Usage
		Usr 0 00:00:00, Sys 0 00:00:00  -  Total Local Usage
	0  -  Run Bytes Sent By Job
	0  -  Run Bytes Received By Job
	0  -  Total Bytes Sent By Job
	0  -  Total Bytes Received By Job
	Partitionable Resources :    Usage  Request Allocated 
	   Cpus                 :     0.68        1         1 
	   Disk (KB)            :     1     2560000   2681378 
	   Memory (MB)          :    58        4096      4096 
...
005 (7477408.007.000) 08/21 11:09:49 Job terminated.
	(1) Normal termination (return value 0)
		Usr 0 00:01:40, Sys 0 00:00:03  -  Run Remote Usage
		Usr 0 00:00:00, Sys 0 00:00:00  -  Run Local Usage
		Usr 0 00:01:40, Sys 0 00:00:03  -  Total Remote Usage
		Usr 0 00:00:00, Sys 0 00:00:00  -  Total Local Usage
	0  -  Run Bytes Sent By Job
	0  -  Run Bytes Received By Job
	0  -  Total Bytes Sent By Job
	0  -  Total Bytes Received By Job
	Partitionable Resources :    Usage  Request Allocated 
	   Cpus                 :     0.12        1         1 
	   Disk (KB)            :     1     2560000   2685469 
	   Memory (MB)          :    58        4096      4096 
...
006 (7477408.014.000) 08/21 11:09:50 Image size of job updated: 332260
	58  -  MemoryUsage of job (MB)
	59384  -  ResidentSetSize of job (KB)
...
005 (7477408.014.000) 08/21 11:09:50 Job terminated.
	(1) Normal termination (return value 0)
		Usr 0 00:01:42, Sys 0 00:00:02  -  Run Remote Usage
		Usr 0 00:00:00, Sys 0 00:00:00  -  Run Local Usage
		Usr 0 00:01:42, Sys 0 00:00:02  -  Total Remote Usage
		Usr 0 00:00:00, Sys 0 00:00:00  -  Total Local Usage
	0  -  Run Bytes Sent By Job
	0  -  Run Bytes Received By Job
	0  -  Total Bytes Sent By Job
	0  -  Total Bytes Received By Job
	Partitionable Resources :    Usage  Request Allocated 
	   Cpus                 :     0.70        1         1 
	   Disk (KB)            :     1     2560000   2684273 
	   Memory (MB)          :    58        4096      4096 
...
006 (7477408.025.000) 08/21 11:09:52 Image size of job updated: 331952
	59  -  MemoryUsage of job (MB)
	59420  -  ResidentSetSize of job (KB)
...
005 (7477408.025.000) 08/21 11:09:52 Job terminated.
	(1) Normal termination (return value 0)
		Usr 0 00:01:37, Sys 0 00:00:03  -  Run Remote Usage
		Usr 0 00:00:00, Sys 0 00:00:00  -  Run Local Usage
		Usr 0 00:01:37, Sys 0 00:00:03  -  Total Remote Usage
		Usr 0 00:00:00, Sys 0 00:00:00  -  Total Local Usage
	0  -  Run Bytes Sent By Job
	0  -  Run Bytes Received By Job
	0  -  Total Bytes Sent By Job
	0  -  Total Bytes Received By Job
	Partitionable Resources :    Usage  Request Allocated 
	   Cpus                 :     0.59        1         1 
	   Disk (KB)            :     1     2560000   2687976 
	   Memory (MB)          :    59        4096      4096 
...
006 (7477408.000.000) 08/21 11:09:55 Image size of job updated: 332452
	58  -  MemoryUsage of job (MB)
	59376  -  ResidentSetSize of job (KB)
...
005 (7477408.000.000) 08/21 11:09:56 Job terminated.
	(1) Normal termination (return value 0)
		Usr 0 00:01:42, Sys 0 00:00:03  -  Run Remote Usage
		Usr 0 00:00:00, Sys 0 00:00:00  -  Run Local Usage
		Usr 0 00:01:42, Sys 0 00:00:03  -  Total Remote Usage
		Usr 0 00:00:00, Sys 0 00:00:00  -  Total Local Usage
	0  -  Run Bytes Sent By Job
	0  -  Run Bytes Received By Job
	0  -  Total Bytes Sent By Job
	0  -  Total Bytes Received By Job
	Partitionable Resources :    Usage  Request Allocated 
	   Cpus                 :     0.73        1         1 
	   Disk (KB)            :     1     2560000   2687521 
	   Memory (MB)          :    58        4096      4096 
...
006 (7477408.010.000) 08/21 11:09:57 Image size of job updated: 122572
	63  -  MemoryUsage of job (MB)
	64368  -  ResidentSetSize of job (KB)
...
005 (7477408.010.000) 08/21 11:09:57 Job terminated.
	(1) Normal termination (return value 0)
		Usr 0 00:01:38, Sys 0 00:00:03  -  Run Remote Usage
		Usr 0 00:00:00, Sys 0 00:00:00  -  Run Local Usage
		Usr 0 00:01:38, Sys 0 00:00:03  -  Total Remote Usage
		Usr 0 00:00:00, Sys 0 00:00:00  -  Total Local Usage
	0  -  Run Bytes Sent By Job
	0  -  Run Bytes Received By Job
	0  -  Total Bytes Sent By Job
	0  -  Total Bytes Received By Job
	Partitionable Resources :    Usage  Request Allocated 
	   Cpus                 :     0.66        1         1 
	   Disk (KB)            :     1     2560000   2681932 
	   Memory (MB)          :    63        4096      4096 
...
005 (7477408.020.000) 08/21 11:09:58 Job terminated.
	(1) Normal termination (return value 0)
		Usr 0 00:01:40, Sys 0 00:00:03  -  Run Remote Usage
		Usr 0 00:00:00, Sys 0 00:00:00  -  Run Local Usage
		Usr 0 00:01:40, Sys 0 00:00:03  -  Total Remote Usage
		Usr 0 00:00:00, Sys 0 00:00:00  -  Total Local Usage
	0  -  Run Bytes Sent By Job
	0  -  Run Bytes Received By Job
	0  -  Total Bytes Sent By Job
	0  -  Total Bytes Received By Job
	Partitionable Resources :    Usage  Request Allocated 
	   Cpus                 :     0.86        1         1 
	   Disk (KB)            :     1     2560000   2685469 
	   Memory (MB)          :    58        4096      4096 
...
006 (7477408.003.000) 08/21 11:09:58 Image size of job updated: 106628
	58  -  MemoryUsage of job (MB)
	59380  -  ResidentSetSize of job (KB)
...
005 (7477408.003.000) 08/21 11:09:58 Job terminated.
	(1) Normal termination (return value 0)
		Usr 0 00:01:39, Sys 0 00:00:03  -  Run Remote Usage
		Usr 0 00:00:00, Sys 0 00:00:00  -  Run Local Usage
		Usr 0 00:01:39, Sys 0 00:00:03  -  Total Remote Usage
		Usr 0 00:00:00, Sys 0 00:00:00  -  Total Local Usage
	0  -  Run Bytes Sent By Job
	0  -  Run Bytes Received By Job
	0  -  Total Bytes Sent By Job
	0  -  Total Bytes Received By Job
	Partitionable Resources :    Usage  Request Allocated 
	   Cpus                 :     0.64        1         1 
	   Disk (KB)            :     1     2560000   2688732 
	   Memory (MB)          :    58        4096      4096 
...
005 (7477408.026.000) 08/21 11:10:01 Job terminated.
	(1) Normal termination (return value 0)
		Usr 0 00:01:36, Sys 0 00:00:04  -  Run Remote Usage
		Usr 0 00:00:00, Sys 0 00:00:00  -  Run Local Usage
		Usr 0 00:01:36, Sys 0 00:00:04  -  Total Remote Usage
		Usr 0 00:00:00, Sys 0 00:00:00  -  Total Local Usage
	0  -  Run Bytes Sent By Job
	0  -  Run Bytes Received By Job
	0  -  Total Bytes Sent By Job
	0  -  Total Bytes Received By Job
	Partitionable Resources :    Usage  Request Allocated 
	   Cpus                 :     0.66        1         1 
	   Disk (KB)            :     1     2560000   2680390 
	   Memory (MB)          :    58        4096      4096 
...
006 (7477408.019.000) 08/21 11:10:22 Image size of job updated: 333772
	50  -  MemoryUsage of job (MB)
	50932  -  ResidentSetSize of job (KB)
...
005 (7477408.019.000) 08/21 11:10:22 Job terminated.
	(1) Normal termination (return value 0)
		Usr 0 00:01:39, Sys 0 00:00:04  -  Run Remote Usage
		Usr 0 00:00:00, Sys 0 00:00:00  -  Run Local Usage
		Usr 0 00:01:39, Sys 0 00:00:04  -  Total Remote Usage
		Usr 0 00:00:00, Sys 0 00:00:00  -  Total Local Usage
	0  -  Run Bytes Sent By Job
	0  -  Run Bytes Received By Job
	0  -  Total Bytes Sent By Job
	0  -  Total Bytes Received By Job
	Partitionable Resources :    Usage  Request Allocated 
	   Cpus                 :     0.54        1         1 
	   Disk (KB)            :     1     2560000   2839759 
	   Memory (MB)          :    50        4096      4096 
...
