000 (7477397.000.000) 08/21 11:00:34 Job submitted from host: <131.169.56.95:9618?addrs=131.169.56.95-9618&noUDP&sock=3790727_0057_12>
...
000 (7477397.001.000) 08/21 11:00:34 Job submitted from host: <131.169.56.95:9618?addrs=131.169.56.95-9618&noUDP&sock=3790727_0057_12>
...
000 (7477397.002.000) 08/21 11:00:34 Job submitted from host: <131.169.56.95:9618?addrs=131.169.56.95-9618&noUDP&sock=3790727_0057_12>
...
000 (7477397.003.000) 08/21 11:00:34 Job submitted from host: <131.169.56.95:9618?addrs=131.169.56.95-9618&noUDP&sock=3790727_0057_12>
...
000 (7477397.004.000) 08/21 11:00:34 Job submitted from host: <131.169.56.95:9618?addrs=131.169.56.95-9618&noUDP&sock=3790727_0057_12>
...
000 (7477397.005.000) 08/21 11:00:34 Job submitted from host: <131.169.56.95:9618?addrs=131.169.56.95-9618&noUDP&sock=3790727_0057_12>
...
000 (7477397.006.000) 08/21 11:00:34 Job submitted from host: <131.169.56.95:9618?addrs=131.169.56.95-9618&noUDP&sock=3790727_0057_12>
...
000 (7477397.007.000) 08/21 11:00:34 Job submitted from host: <131.169.56.95:9618?addrs=131.169.56.95-9618&noUDP&sock=3790727_0057_12>
...
000 (7477397.008.000) 08/21 11:00:34 Job submitted from host: <131.169.56.95:9618?addrs=131.169.56.95-9618&noUDP&sock=3790727_0057_12>
...
000 (7477397.009.000) 08/21 11:00:34 Job submitted from host: <131.169.56.95:9618?addrs=131.169.56.95-9618&noUDP&sock=3790727_0057_12>
...
000 (7477397.010.000) 08/21 11:00:34 Job submitted from host: <131.169.56.95:9618?addrs=131.169.56.95-9618&noUDP&sock=3790727_0057_12>
...
000 (7477397.011.000) 08/21 11:00:34 Job submitted from host: <131.169.56.95:9618?addrs=131.169.56.95-9618&noUDP&sock=3790727_0057_12>
...
000 (7477397.012.000) 08/21 11:00:34 Job submitted from host: <131.169.56.95:9618?addrs=131.169.56.95-9618&noUDP&sock=3790727_0057_12>
...
000 (7477397.013.000) 08/21 11:00:34 Job submitted from host: <131.169.56.95:9618?addrs=131.169.56.95-9618&noUDP&sock=3790727_0057_12>
...
000 (7477397.014.000) 08/21 11:00:34 Job submitted from host: <131.169.56.95:9618?addrs=131.169.56.95-9618&noUDP&sock=3790727_0057_12>
...
000 (7477397.015.000) 08/21 11:00:34 Job submitted from host: <131.169.56.95:9618?addrs=131.169.56.95-9618&noUDP&sock=3790727_0057_12>
...
000 (7477397.016.000) 08/21 11:00:34 Job submitted from host: <131.169.56.95:9618?addrs=131.169.56.95-9618&noUDP&sock=3790727_0057_12>
...
000 (7477397.017.000) 08/21 11:00:34 Job submitted from host: <131.169.56.95:9618?addrs=131.169.56.95-9618&noUDP&sock=3790727_0057_12>
...
000 (7477397.018.000) 08/21 11:00:34 Job submitted from host: <131.169.56.95:9618?addrs=131.169.56.95-9618&noUDP&sock=3790727_0057_12>
...
000 (7477397.019.000) 08/21 11:00:34 Job submitted from host: <131.169.56.95:9618?addrs=131.169.56.95-9618&noUDP&sock=3790727_0057_12>
...
000 (7477397.020.000) 08/21 11:00:34 Job submitted from host: <131.169.56.95:9618?addrs=131.169.56.95-9618&noUDP&sock=3790727_0057_12>
...
000 (7477397.021.000) 08/21 11:00:34 Job submitted from host: <131.169.56.95:9618?addrs=131.169.56.95-9618&noUDP&sock=3790727_0057_12>
...
000 (7477397.022.000) 08/21 11:00:34 Job submitted from host: <131.169.56.95:9618?addrs=131.169.56.95-9618&noUDP&sock=3790727_0057_12>
...
000 (7477397.023.000) 08/21 11:00:34 Job submitted from host: <131.169.56.95:9618?addrs=131.169.56.95-9618&noUDP&sock=3790727_0057_12>
...
000 (7477397.024.000) 08/21 11:00:34 Job submitted from host: <131.169.56.95:9618?addrs=131.169.56.95-9618&noUDP&sock=3790727_0057_12>
...
000 (7477397.025.000) 08/21 11:00:34 Job submitted from host: <131.169.56.95:9618?addrs=131.169.56.95-9618&noUDP&sock=3790727_0057_12>
...
000 (7477397.026.000) 08/21 11:00:34 Job submitted from host: <131.169.56.95:9618?addrs=131.169.56.95-9618&noUDP&sock=3790727_0057_12>
...
000 (7477397.027.000) 08/21 11:00:34 Job submitted from host: <131.169.56.95:9618?addrs=131.169.56.95-9618&noUDP&sock=3790727_0057_12>
...
000 (7477397.028.000) 08/21 11:00:34 Job submitted from host: <131.169.56.95:9618?addrs=131.169.56.95-9618&noUDP&sock=3790727_0057_12>
...
000 (7477397.029.000) 08/21 11:00:35 Job submitted from host: <131.169.56.95:9618?addrs=131.169.56.95-9618&noUDP&sock=3790727_0057_12>
...
000 (7477397.030.000) 08/21 11:00:35 Job submitted from host: <131.169.56.95:9618?addrs=131.169.56.95-9618&noUDP&sock=3790727_0057_12>
...
000 (7477397.031.000) 08/21 11:00:35 Job submitted from host: <131.169.56.95:9618?addrs=131.169.56.95-9618&noUDP&sock=3790727_0057_12>
...
000 (7477397.032.000) 08/21 11:00:35 Job submitted from host: <131.169.56.95:9618?addrs=131.169.56.95-9618&noUDP&sock=3790727_0057_12>
...
000 (7477397.033.000) 08/21 11:00:35 Job submitted from host: <131.169.56.95:9618?addrs=131.169.56.95-9618&noUDP&sock=3790727_0057_12>
...
000 (7477397.034.000) 08/21 11:00:35 Job submitted from host: <131.169.56.95:9618?addrs=131.169.56.95-9618&noUDP&sock=3790727_0057_12>
...
000 (7477397.035.000) 08/21 11:00:35 Job submitted from host: <131.169.56.95:9618?addrs=131.169.56.95-9618&noUDP&sock=3790727_0057_12>
...
001 (7477397.021.000) 08/21 11:01:39 Job executing on host: <131.169.76.144:44250?addrs=131.169.76.144-44250>
...
001 (7477397.028.000) 08/21 11:01:39 Job executing on host: <131.169.84.108:38447?addrs=131.169.84.108-38447>
...
001 (7477397.027.000) 08/21 11:01:40 Job executing on host: <131.169.84.108:38447?addrs=131.169.84.108-38447>
...
001 (7477397.020.000) 08/21 11:01:40 Job executing on host: <131.169.76.144:44250?addrs=131.169.76.144-44250>
...
001 (7477397.004.000) 08/21 11:01:40 Job executing on host: <131.169.76.99:33279?addrs=131.169.76.99-33279>
...
001 (7477397.002.000) 08/21 11:01:40 Job executing on host: <131.169.76.99:33279?addrs=131.169.76.99-33279>
...
001 (7477397.030.000) 08/21 11:01:40 Job executing on host: <131.169.84.202:40801?addrs=131.169.84.202-40801>
...
001 (7477397.019.000) 08/21 11:01:40 Job executing on host: <131.169.76.46:39294?addrs=131.169.76.46-39294>
...
001 (7477397.022.000) 08/21 11:01:40 Job executing on host: <131.169.76.144:44250?addrs=131.169.76.144-44250>
...
001 (7477397.031.000) 08/21 11:01:40 Job executing on host: <131.169.84.202:40801?addrs=131.169.84.202-40801>
...
001 (7477397.011.000) 08/21 11:01:40 Job executing on host: <131.169.76.220:41925?addrs=131.169.76.220-41925>
...
001 (7477397.017.000) 08/21 11:01:40 Job executing on host: <131.169.76.46:39294?addrs=131.169.76.46-39294>
...
001 (7477397.013.000) 08/21 11:01:40 Job executing on host: <131.169.76.220:41925?addrs=131.169.76.220-41925>
...
001 (7477397.003.000) 08/21 11:01:40 Job executing on host: <131.169.76.99:33279?addrs=131.169.76.99-33279>
...
001 (7477397.023.000) 08/21 11:01:40 Job executing on host: <131.169.84.101:40320?addrs=131.169.84.101-40320>
...
001 (7477397.018.000) 08/21 11:01:40 Job executing on host: <131.169.76.46:39294?addrs=131.169.76.46-39294>
...
001 (7477397.025.000) 08/21 11:01:40 Job executing on host: <131.169.84.101:40320?addrs=131.169.84.101-40320>
...
001 (7477397.026.000) 08/21 11:01:40 Job executing on host: <131.169.84.108:38447?addrs=131.169.84.108-38447>
...
001 (7477397.024.000) 08/21 11:01:40 Job executing on host: <131.169.84.101:40320?addrs=131.169.84.101-40320>
...
001 (7477397.029.000) 08/21 11:01:40 Job executing on host: <131.169.84.202:40801?addrs=131.169.84.202-40801>
...
001 (7477397.035.000) 08/21 11:01:40 Job executing on host: <131.169.76.128:37675?addrs=131.169.76.128-37675>
...
001 (7477397.006.000) 08/21 11:01:40 Job executing on host: <131.169.76.149:37648?addrs=131.169.76.149-37648>
...
001 (7477397.012.000) 08/21 11:01:40 Job executing on host: <131.169.76.220:41925?addrs=131.169.76.220-41925>
...
001 (7477397.005.000) 08/21 11:01:41 Job executing on host: <131.169.76.149:37648?addrs=131.169.76.149-37648>
...
001 (7477397.015.000) 08/21 11:01:41 Job executing on host: <131.169.76.91:44597?addrs=131.169.76.91-44597>
...
001 (7477397.007.000) 08/21 11:01:41 Job executing on host: <131.169.76.149:37648?addrs=131.169.76.149-37648>
...
001 (7477397.034.000) 08/21 11:01:41 Job executing on host: <131.169.76.138:43234?addrs=131.169.76.138-43234>
...
001 (7477397.032.000) 08/21 11:01:41 Job executing on host: <131.169.76.138:43234?addrs=131.169.76.138-43234>
...
001 (7477397.033.000) 08/21 11:01:41 Job executing on host: <131.169.76.138:43234?addrs=131.169.76.138-43234>
...
001 (7477397.014.000) 08/21 11:01:41 Job executing on host: <131.169.76.91:44597?addrs=131.169.76.91-44597>
...
001 (7477397.016.000) 08/21 11:01:41 Job executing on host: <131.169.76.91:44597?addrs=131.169.76.91-44597>
...
001 (7477397.000.000) 08/21 11:01:44 Job executing on host: <131.169.76.165:41154?addrs=131.169.76.165-41154>
...
001 (7477397.001.000) 08/21 11:01:44 Job executing on host: <131.169.76.165:41154?addrs=131.169.76.165-41154>
...
001 (7477397.010.000) 08/21 11:01:46 Job executing on host: <131.169.77.70:34832?addrs=131.169.77.70-34832>
...
001 (7477397.009.000) 08/21 11:01:46 Job executing on host: <131.169.77.70:34832?addrs=131.169.77.70-34832>
...
001 (7477397.008.000) 08/21 11:01:46 Job executing on host: <131.169.77.70:34832?addrs=131.169.77.70-34832>
...
006 (7477397.021.000) 08/21 11:01:48 Image size of job updated: 74032
	56  -  MemoryUsage of job (MB)
	56616  -  ResidentSetSize of job (KB)
...
006 (7477397.028.000) 08/21 11:01:48 Image size of job updated: 62768
	49  -  MemoryUsage of job (MB)
	50104  -  ResidentSetSize of job (KB)
...
006 (7477397.027.000) 08/21 11:01:48 Image size of job updated: 66220
	49  -  MemoryUsage of job (MB)
	50108  -  ResidentSetSize of job (KB)
...
006 (7477397.035.000) 08/21 11:01:49 Image size of job updated: 69940
	52  -  MemoryUsage of job (MB)
	53152  -  ResidentSetSize of job (KB)
...
006 (7477397.029.000) 08/21 11:01:49 Image size of job updated: 75664
	56  -  MemoryUsage of job (MB)
	56616  -  ResidentSetSize of job (KB)
...
006 (7477397.006.000) 08/21 11:01:49 Image size of job updated: 73932
	56  -  MemoryUsage of job (MB)
	56616  -  ResidentSetSize of job (KB)
...
006 (7477397.012.000) 08/21 11:01:49 Image size of job updated: 78200
	59  -  MemoryUsage of job (MB)
	59404  -  ResidentSetSize of job (KB)
...
006 (7477397.005.000) 08/21 11:01:49 Image size of job updated: 76408
	56  -  MemoryUsage of job (MB)
	56600  -  ResidentSetSize of job (KB)
...
006 (7477397.007.000) 08/21 11:01:49 Image size of job updated: 73672
	56  -  MemoryUsage of job (MB)
	56616  -  ResidentSetSize of job (KB)
...
006 (7477397.015.000) 08/21 11:01:49 Image size of job updated: 75060
	56  -  MemoryUsage of job (MB)
	56612  -  ResidentSetSize of job (KB)
...
006 (7477397.020.000) 08/21 11:01:49 Image size of job updated: 70580
	56  -  MemoryUsage of job (MB)
	56616  -  ResidentSetSize of job (KB)
...
006 (7477397.030.000) 08/21 11:01:49 Image size of job updated: 71316
	56  -  MemoryUsage of job (MB)
	56616  -  ResidentSetSize of job (KB)
...
006 (7477397.004.000) 08/21 11:01:49 Image size of job updated: 84344
	58  -  MemoryUsage of job (MB)
	59348  -  ResidentSetSize of job (KB)
...
006 (7477397.019.000) 08/21 11:01:49 Image size of job updated: 79728
	59  -  MemoryUsage of job (MB)
	59408  -  ResidentSetSize of job (KB)
...
006 (7477397.002.000) 08/21 11:01:49 Image size of job updated: 73028
	56  -  MemoryUsage of job (MB)
	56620  -  ResidentSetSize of job (KB)
...
006 (7477397.022.000) 08/21 11:01:49 Image size of job updated: 78628
	56  -  MemoryUsage of job (MB)
	56616  -  ResidentSetSize of job (KB)
...
006 (7477397.031.000) 08/21 11:01:49 Image size of job updated: 76252
	56  -  MemoryUsage of job (MB)
	56600  -  ResidentSetSize of job (KB)
...
006 (7477397.017.000) 08/21 11:01:49 Image size of job updated: 73780
	56  -  MemoryUsage of job (MB)
	56616  -  ResidentSetSize of job (KB)
...
006 (7477397.011.000) 08/21 11:01:49 Image size of job updated: 74700
	56  -  MemoryUsage of job (MB)
	56620  -  ResidentSetSize of job (KB)
...
006 (7477397.018.000) 08/21 11:01:49 Image size of job updated: 72528
	56  -  MemoryUsage of job (MB)
	56616  -  ResidentSetSize of job (KB)
...
006 (7477397.003.000) 08/21 11:01:49 Image size of job updated: 69520
	56  -  MemoryUsage of job (MB)
	56616  -  ResidentSetSize of job (KB)
...
006 (7477397.013.000) 08/21 11:01:49 Image size of job updated: 76760
	59  -  MemoryUsage of job (MB)
	59408  -  ResidentSetSize of job (KB)
...
006 (7477397.023.000) 08/21 11:01:49 Image size of job updated: 71792
	56  -  MemoryUsage of job (MB)
	56616  -  ResidentSetSize of job (KB)
...
006 (7477397.025.000) 08/21 11:01:49 Image size of job updated: 75488
	59  -  MemoryUsage of job (MB)
	59400  -  ResidentSetSize of job (KB)
...
006 (7477397.026.000) 08/21 11:01:49 Image size of job updated: 72844
	56  -  MemoryUsage of job (MB)
	56604  -  ResidentSetSize of job (KB)
...
006 (7477397.024.000) 08/21 11:01:50 Image size of job updated: 79532
	56  -  MemoryUsage of job (MB)
	56616  -  ResidentSetSize of job (KB)
...
006 (7477397.014.000) 08/21 11:01:50 Image size of job updated: 73896
	56  -  MemoryUsage of job (MB)
	56612  -  ResidentSetSize of job (KB)
...
006 (7477397.016.000) 08/21 11:01:50 Image size of job updated: 75224
	56  -  MemoryUsage of job (MB)
	56616  -  ResidentSetSize of job (KB)
...
006 (7477397.034.000) 08/21 11:01:50 Image size of job updated: 73812
	56  -  MemoryUsage of job (MB)
	56624  -  ResidentSetSize of job (KB)
...
006 (7477397.032.000) 08/21 11:01:50 Image size of job updated: 74700
	56  -  MemoryUsage of job (MB)
	56620  -  ResidentSetSize of job (KB)
...
006 (7477397.033.000) 08/21 11:01:50 Image size of job updated: 75600
	56  -  MemoryUsage of job (MB)
	56620  -  ResidentSetSize of job (KB)
...
006 (7477397.000.000) 08/21 11:01:53 Image size of job updated: 61552
	48  -  MemoryUsage of job (MB)
	49092  -  ResidentSetSize of job (KB)
...
006 (7477397.001.000) 08/21 11:01:53 Image size of job updated: 65184
	48  -  MemoryUsage of job (MB)
	49096  -  ResidentSetSize of job (KB)
...
006 (7477397.008.000) 08/21 11:01:55 Image size of job updated: 67408
	42  -  MemoryUsage of job (MB)
	42596  -  ResidentSetSize of job (KB)
...
006 (7477397.010.000) 08/21 11:01:55 Image size of job updated: 65172
	47  -  MemoryUsage of job (MB)
	47804  -  ResidentSetSize of job (KB)
...
006 (7477397.009.000) 08/21 11:01:55 Image size of job updated: 66408
	48  -  MemoryUsage of job (MB)
	48216  -  ResidentSetSize of job (KB)
...
005 (7477397.035.000) 08/21 11:02:00 Job terminated.
	(1) Normal termination (return value 0)
		Usr 0 00:00:07, Sys 0 00:00:00  -  Run Remote Usage
		Usr 0 00:00:00, Sys 0 00:00:00  -  Run Local Usage
		Usr 0 00:00:07, Sys 0 00:00:00  -  Total Remote Usage
		Usr 0 00:00:00, Sys 0 00:00:00  -  Total Local Usage
	0  -  Run Bytes Sent By Job
	0  -  Run Bytes Received By Job
	0  -  Total Bytes Sent By Job
	0  -  Total Bytes Received By Job
	Partitionable Resources :    Usage  Request Allocated 
	   Cpus                 :     0.01        1         1 
	   Disk (KB)            :     1     2560000   2643780 
	   Memory (MB)          :    52        4096      4096 
...
005 (7477397.004.000) 08/21 11:03:25 Job terminated.
	(1) Normal termination (return value 0)
		Usr 0 00:00:53, Sys 0 00:00:02  -  Run Remote Usage
		Usr 0 00:00:00, Sys 0 00:00:00  -  Run Local Usage
		Usr 0 00:00:53, Sys 0 00:00:02  -  Total Remote Usage
		Usr 0 00:00:00, Sys 0 00:00:00  -  Total Local Usage
	0  -  Run Bytes Sent By Job
	0  -  Run Bytes Received By Job
	0  -  Total Bytes Sent By Job
	0  -  Total Bytes Received By Job
	Partitionable Resources :    Usage  Request Allocated 
	   Cpus                 :     0.61        1         1 
	   Disk (KB)            :     1     2560000   2687521 
	   Memory (MB)          :    58        4096      4096 
...
005 (7477397.000.000) 08/21 11:03:55 Job terminated.
	(1) Normal termination (return value 0)
		Usr 0 00:01:04, Sys 0 00:00:02  -  Run Remote Usage
		Usr 0 00:00:00, Sys 0 00:00:00  -  Run Local Usage
		Usr 0 00:01:04, Sys 0 00:00:02  -  Total Remote Usage
		Usr 0 00:00:00, Sys 0 00:00:00  -  Total Local Usage
	0  -  Run Bytes Sent By Job
	0  -  Run Bytes Received By Job
	0  -  Total Bytes Sent By Job
	0  -  Total Bytes Received By Job
	Partitionable Resources :    Usage  Request Allocated 
	   Cpus                 :     0.55        1         1 
	   Disk (KB)            :     1     2560000   2688732 
	   Memory (MB)          :    48        4096      4096 
...
006 (7477397.007.000) 08/21 11:05:31 Image size of job updated: 73672
	56  -  MemoryUsage of job (MB)
	56620  -  ResidentSetSize of job (KB)
...
005 (7477397.007.000) 08/21 11:05:31 Job terminated.
	(1) Normal termination (return value 0)
		Usr 0 00:02:36, Sys 0 00:00:06  -  Run Remote Usage
		Usr 0 00:00:00, Sys 0 00:00:00  -  Run Local Usage
		Usr 0 00:02:36, Sys 0 00:00:06  -  Total Remote Usage
		Usr 0 00:00:00, Sys 0 00:00:00  -  Total Local Usage
	0  -  Run Bytes Sent By Job
	0  -  Run Bytes Received By Job
	0  -  Total Bytes Sent By Job
	0  -  Total Bytes Received By Job
	Partitionable Resources :    Usage  Request Allocated 
	   Cpus                 :     0.68        1         1 
	   Disk (KB)            :     1     2560000   2626258 
	   Memory (MB)          :    56        4096      4096 
...
005 (7477397.003.000) 08/21 11:05:54 Job terminated.
	(1) Normal termination (return value 0)
		Usr 0 00:02:38, Sys 0 00:00:06  -  Run Remote Usage
		Usr 0 00:00:00, Sys 0 00:00:00  -  Run Local Usage
		Usr 0 00:02:38, Sys 0 00:00:06  -  Total Remote Usage
		Usr 0 00:00:00, Sys 0 00:00:00  -  Total Local Usage
	0  -  Run Bytes Sent By Job
	0  -  Run Bytes Received By Job
	0  -  Total Bytes Sent By Job
	0  -  Total Bytes Received By Job
	Partitionable Resources :    Usage  Request Allocated 
	   Cpus                 :     0.71        1         1 
	   Disk (KB)            :     1     2560000   2687521 
	   Memory (MB)          :    56        4096      4096 
...
005 (7477397.008.000) 08/21 11:06:21 Job terminated.
	(1) Normal termination (return value 0)
		Usr 0 00:02:16, Sys 0 00:00:06  -  Run Remote Usage
		Usr 0 00:00:00, Sys 0 00:00:00  -  Run Local Usage
		Usr 0 00:02:16, Sys 0 00:00:06  -  Total Remote Usage
		Usr 0 00:00:00, Sys 0 00:00:00  -  Total Local Usage
	0  -  Run Bytes Sent By Job
	0  -  Run Bytes Received By Job
	0  -  Total Bytes Sent By Job
	0  -  Total Bytes Received By Job
	Partitionable Resources :    Usage  Request Allocated 
	   Cpus                 :     0.47        1         1 
	   Disk (KB)            :     1     2560000   2865122 
	   Memory (MB)          :    42        4096      4096 
...
005 (7477397.006.000) 08/21 11:06:37 Job terminated.
	(1) Normal termination (return value 0)
		Usr 0 00:03:12, Sys 0 00:00:07  -  Run Remote Usage
		Usr 0 00:00:00, Sys 0 00:00:00  -  Run Local Usage
		Usr 0 00:03:12, Sys 0 00:00:07  -  Total Remote Usage
		Usr 0 00:00:00, Sys 0 00:00:00  -  Total Local Usage
	0  -  Run Bytes Sent By Job
	0  -  Run Bytes Received By Job
	0  -  Total Bytes Sent By Job
	0  -  Total Bytes Received By Job
	Partitionable Resources :    Usage  Request Allocated 
	   Cpus                 :     0.73        1         1 
	   Disk (KB)            :     1     2560000   2626258 
	   Memory (MB)          :    56        4096      4096 
...
006 (7477397.005.000) 08/21 11:06:42 Image size of job updated: 76408
	56  -  MemoryUsage of job (MB)
	56604  -  ResidentSetSize of job (KB)
...
005 (7477397.005.000) 08/21 11:06:42 Job terminated.
	(1) Normal termination (return value 0)
		Usr 0 00:03:12, Sys 0 00:00:07  -  Run Remote Usage
		Usr 0 00:00:00, Sys 0 00:00:00  -  Run Local Usage
		Usr 0 00:03:12, Sys 0 00:00:07  -  Total Remote Usage
		Usr 0 00:00:00, Sys 0 00:00:00  -  Total Local Usage
	0  -  Run Bytes Sent By Job
	0  -  Run Bytes Received By Job
	0  -  Total Bytes Sent By Job
	0  -  Total Bytes Received By Job
	Partitionable Resources :    Usage  Request Allocated 
	   Cpus                 :     0.07        1         1 
	   Disk (KB)            :     1     2560000   2626258 
	   Memory (MB)          :    56        4096      4096 
...
005 (7477397.030.000) 08/21 11:06:46 Job terminated.
	(1) Normal termination (return value 0)
		Usr 0 00:03:05, Sys 0 00:00:07  -  Run Remote Usage
		Usr 0 00:00:00, Sys 0 00:00:00  -  Run Local Usage
		Usr 0 00:03:05, Sys 0 00:00:07  -  Total Remote Usage
		Usr 0 00:00:00, Sys 0 00:00:00  -  Total Local Usage
	0  -  Run Bytes Sent By Job
	0  -  Run Bytes Received By Job
	0  -  Total Bytes Sent By Job
	0  -  Total Bytes Received By Job
	Partitionable Resources :    Usage  Request Allocated 
	   Cpus                 :     0.75        1         1 
	   Disk (KB)            :     1     2560000   2680390 
	   Memory (MB)          :    56        4096      4096 
...
005 (7477397.016.000) 08/21 11:06:47 Job terminated.
	(1) Normal termination (return value 0)
		Usr 0 00:03:10, Sys 0 00:00:07  -  Run Remote Usage
		Usr 0 00:00:00, Sys 0 00:00:00  -  Run Local Usage
		Usr 0 00:03:10, Sys 0 00:00:07  -  Total Remote Usage
		Usr 0 00:00:00, Sys 0 00:00:00  -  Total Local Usage
	0  -  Run Bytes Sent By Job
	0  -  Run Bytes Received By Job
	0  -  Total Bytes Sent By Job
	0  -  Total Bytes Received By Job
	Partitionable Resources :    Usage  Request Allocated 
	   Cpus                 :     0.76        1         1 
	   Disk (KB)            :     1     2560000   2685469 
	   Memory (MB)          :    56        4096      4096 
...
006 (7477397.021.000) 08/21 11:06:48 Image size of job updated: 187216
	56  -  MemoryUsage of job (MB)
	56616  -  ResidentSetSize of job (KB)
...
006 (7477397.028.000) 08/21 11:06:48 Image size of job updated: 296516
	270  -  MemoryUsage of job (MB)
	275836  -  ResidentSetSize of job (KB)
...
006 (7477397.027.000) 08/21 11:06:48 Image size of job updated: 311592
	271  -  MemoryUsage of job (MB)
	277144  -  ResidentSetSize of job (KB)
...
006 (7477397.012.000) 08/21 11:06:49 Image size of job updated: 170004
	95  -  MemoryUsage of job (MB)
	96832  -  ResidentSetSize of job (KB)
...
006 (7477397.029.000) 08/21 11:06:49 Image size of job updated: 280704
	251  -  MemoryUsage of job (MB)
	256940  -  ResidentSetSize of job (KB)
...
006 (7477397.022.000) 08/21 11:06:50 Image size of job updated: 190456
	56  -  MemoryUsage of job (MB)
	56616  -  ResidentSetSize of job (KB)
...
006 (7477397.017.000) 08/21 11:06:50 Image size of job updated: 185340
	162  -  MemoryUsage of job (MB)
	164900  -  ResidentSetSize of job (KB)
...
006 (7477397.031.000) 08/21 11:06:50 Image size of job updated: 187176
	160  -  MemoryUsage of job (MB)
	163604  -  ResidentSetSize of job (KB)
...
006 (7477397.011.000) 08/21 11:06:50 Image size of job updated: 169056
	65  -  MemoryUsage of job (MB)
	66476  -  ResidentSetSize of job (KB)
...
006 (7477397.018.000) 08/21 11:06:50 Image size of job updated: 185120
	162  -  MemoryUsage of job (MB)
	165384  -  ResidentSetSize of job (KB)
...
006 (7477397.013.000) 08/21 11:06:50 Image size of job updated: 166740
	59  -  MemoryUsage of job (MB)
	59408  -  ResidentSetSize of job (KB)
...
006 (7477397.026.000) 08/21 11:06:50 Image size of job updated: 185012
	162  -  MemoryUsage of job (MB)
	164960  -  ResidentSetSize of job (KB)
...
006 (7477397.014.000) 08/21 11:06:50 Image size of job updated: 278796
	251  -  MemoryUsage of job (MB)
	256868  -  ResidentSetSize of job (KB)
...
006 (7477397.023.000) 08/21 11:06:50 Image size of job updated: 168096
	153  -  MemoryUsage of job (MB)
	156148  -  ResidentSetSize of job (KB)
...
006 (7477397.024.000) 08/21 11:06:50 Image size of job updated: 161116
	56  -  MemoryUsage of job (MB)
	56652  -  ResidentSetSize of job (KB)
...
006 (7477397.025.000) 08/21 11:06:50 Image size of job updated: 258380
	192  -  MemoryUsage of job (MB)
	195960  -  ResidentSetSize of job (KB)
...
006 (7477397.020.000) 08/21 11:06:50 Image size of job updated: 192244
	58  -  MemoryUsage of job (MB)
	58400  -  ResidentSetSize of job (KB)
...
006 (7477397.015.000) 08/21 11:06:50 Image size of job updated: 189512
	162  -  MemoryUsage of job (MB)
	165256  -  ResidentSetSize of job (KB)
...
006 (7477397.019.000) 08/21 11:06:50 Image size of job updated: 198980
	161  -  MemoryUsage of job (MB)
	163976  -  ResidentSetSize of job (KB)
...
006 (7477397.002.000) 08/21 11:06:51 Image size of job updated: 166840
	69  -  MemoryUsage of job (MB)
	70276  -  ResidentSetSize of job (KB)
...
006 (7477397.032.000) 08/21 11:06:51 Image size of job updated: 171560
	56  -  MemoryUsage of job (MB)
	56620  -  ResidentSetSize of job (KB)
...
006 (7477397.033.000) 08/21 11:06:51 Image size of job updated: 263256
	213  -  MemoryUsage of job (MB)
	217344  -  ResidentSetSize of job (KB)
...
006 (7477397.034.000) 08/21 11:06:52 Image size of job updated: 175148
	118  -  MemoryUsage of job (MB)
	120400  -  ResidentSetSize of job (KB)
...
005 (7477397.026.000) 08/21 11:06:53 Job terminated.
	(1) Normal termination (return value 0)
		Usr 0 00:03:05, Sys 0 00:00:07  -  Run Remote Usage
		Usr 0 00:00:00, Sys 0 00:00:00  -  Run Local Usage
		Usr 0 00:03:05, Sys 0 00:00:07  -  Total Remote Usage
		Usr 0 00:00:00, Sys 0 00:00:00  -  Total Local Usage
	0  -  Run Bytes Sent By Job
	0  -  Run Bytes Received By Job
	0  -  Total Bytes Sent By Job
	0  -  Total Bytes Received By Job
	Partitionable Resources :    Usage  Request Allocated 
	   Cpus                 :     0.71        1         1 
	   Disk (KB)            :     1     2560000   2839759 
	   Memory (MB)          :   162        4096      4096 
...
005 (7477397.020.000) 08/21 11:06:54 Job terminated.
	(1) Normal termination (return value 0)
		Usr 0 00:03:13, Sys 0 00:00:07  -  Run Remote Usage
		Usr 0 00:00:00, Sys 0 00:00:00  -  Run Local Usage
		Usr 0 00:03:13, Sys 0 00:00:07  -  Total Remote Usage
		Usr 0 00:00:00, Sys 0 00:00:00  -  Total Local Usage
	0  -  Run Bytes Sent By Job
	0  -  Run Bytes Received By Job
	0  -  Total Bytes Sent By Job
	0  -  Total Bytes Received By Job
	Partitionable Resources :    Usage  Request Allocated 
	   Cpus                 :     0.72        1         1 
	   Disk (KB)            :     1     2560000   2612466 
	   Memory (MB)          :    58        4096      4096 
...
006 (7477397.001.000) 08/21 11:06:54 Image size of job updated: 166764
	48  -  MemoryUsage of job (MB)
	49132  -  ResidentSetSize of job (KB)
...
006 (7477397.010.000) 08/21 11:06:56 Image size of job updated: 277288
	271  -  MemoryUsage of job (MB)
	276732  -  ResidentSetSize of job (KB)
...
006 (7477397.009.000) 08/21 11:06:56 Image size of job updated: 279324
	271  -  MemoryUsage of job (MB)
	276984  -  ResidentSetSize of job (KB)
...
005 (7477397.017.000) 08/21 11:06:57 Job terminated.
	(1) Normal termination (return value 0)
		Usr 0 00:03:15, Sys 0 00:00:07  -  Run Remote Usage
		Usr 0 00:00:00, Sys 0 00:00:00  -  Run Local Usage
		Usr 0 00:03:15, Sys 0 00:00:07  -  Total Remote Usage
		Usr 0 00:00:00, Sys 0 00:00:00  -  Total Local Usage
	0  -  Run Bytes Sent By Job
	0  -  Run Bytes Received By Job
	0  -  Total Bytes Sent By Job
	0  -  Total Bytes Received By Job
	Partitionable Resources :    Usage  Request Allocated 
	   Cpus                 :     0.75        1         1 
	   Disk (KB)            :     1     2560000   2684273 
	   Memory (MB)          :   162        4096      4096 
...
005 (7477397.022.000) 08/21 11:06:59 Job terminated.
	(1) Normal termination (return value 0)
		Usr 0 00:03:05, Sys 0 00:00:06  -  Run Remote Usage
		Usr 0 00:00:00, Sys 0 00:00:00  -  Run Local Usage
		Usr 0 00:03:05, Sys 0 00:00:06  -  Total Remote Usage
		Usr 0 00:00:00, Sys 0 00:00:00  -  Total Local Usage
	0  -  Run Bytes Sent By Job
	0  -  Run Bytes Received By Job
	0  -  Total Bytes Sent By Job
	0  -  Total Bytes Received By Job
	Partitionable Resources :    Usage  Request Allocated 
	   Cpus                 :     0.05        1         1 
	   Disk (KB)            :     1     2560000   2612466 
	   Memory (MB)          :    56        4096      4096 
...
006 (7477397.021.000) 08/21 11:06:59 Image size of job updated: 416172
	56  -  MemoryUsage of job (MB)
	56616  -  ResidentSetSize of job (KB)
...
005 (7477397.021.000) 08/21 11:06:59 Job terminated.
	(1) Normal termination (return value 0)
		Usr 0 00:03:08, Sys 0 00:00:07  -  Run Remote Usage
		Usr 0 00:00:00, Sys 0 00:00:00  -  Run Local Usage
		Usr 0 00:03:08, Sys 0 00:00:07  -  Total Remote Usage
		Usr 0 00:00:00, Sys 0 00:00:00  -  Total Local Usage
	0  -  Run Bytes Sent By Job
	0  -  Run Bytes Received By Job
	0  -  Total Bytes Sent By Job
	0  -  Total Bytes Received By Job
	Partitionable Resources :    Usage  Request Allocated 
	   Cpus                 :     0.04        1         1 
	   Disk (KB)            :     1     2560000   2612466 
	   Memory (MB)          :    56        4096      4096 
...
005 (7477397.014.000) 08/21 11:07:00 Job terminated.
	(1) Normal termination (return value 0)
		Usr 0 00:03:18, Sys 0 00:00:07  -  Run Remote Usage
		Usr 0 00:00:00, Sys 0 00:00:00  -  Run Local Usage
		Usr 0 00:03:18, Sys 0 00:00:07  -  Total Remote Usage
		Usr 0 00:00:00, Sys 0 00:00:00  -  Total Local Usage
	0  -  Run Bytes Sent By Job
	0  -  Run Bytes Received By Job
	0  -  Total Bytes Sent By Job
	0  -  Total Bytes Received By Job
	Partitionable Resources :    Usage  Request Allocated 
	   Cpus                 :     0.06        1         1 
	   Disk (KB)            :     1     2560000   2685469 
	   Memory (MB)          :   251        4096      4096 
...
005 (7477397.019.000) 08/21 11:07:01 Job terminated.
	(1) Normal termination (return value 0)
		Usr 0 00:03:12, Sys 0 00:00:07  -  Run Remote Usage
		Usr 0 00:00:00, Sys 0 00:00:00  -  Run Local Usage
		Usr 0 00:03:12, Sys 0 00:00:07  -  Total Remote Usage
		Usr 0 00:00:00, Sys 0 00:00:00  -  Total Local Usage
	0  -  Run Bytes Sent By Job
	0  -  Run Bytes Received By Job
	0  -  Total Bytes Sent By Job
	0  -  Total Bytes Received By Job
	Partitionable Resources :    Usage  Request Allocated 
	   Cpus                 :     0.08        1         1 
	   Disk (KB)            :     1     2560000   2684273 
	   Memory (MB)          :   161        4096      4096 
...
005 (7477397.018.000) 08/21 11:07:09 Job terminated.
	(1) Normal termination (return value 0)
		Usr 0 00:03:12, Sys 0 00:00:06  -  Run Remote Usage
		Usr 0 00:00:00, Sys 0 00:00:00  -  Run Local Usage
		Usr 0 00:03:12, Sys 0 00:00:06  -  Total Remote Usage
		Usr 0 00:00:00, Sys 0 00:00:00  -  Total Local Usage
	0  -  Run Bytes Sent By Job
	0  -  Run Bytes Received By Job
	0  -  Total Bytes Sent By Job
	0  -  Total Bytes Received By Job
	Partitionable Resources :    Usage  Request Allocated 
	   Cpus                 :     0.08        1         1 
	   Disk (KB)            :     1     2560000   2684273 
	   Memory (MB)          :   162        4096      4096 
...
005 (7477397.027.000) 08/21 11:07:12 Job terminated.
	(1) Normal termination (return value 0)
		Usr 0 00:03:13, Sys 0 00:00:07  -  Run Remote Usage
		Usr 0 00:00:00, Sys 0 00:00:00  -  Run Local Usage
		Usr 0 00:03:13, Sys 0 00:00:07  -  Total Remote Usage
		Usr 0 00:00:00, Sys 0 00:00:00  -  Total Local Usage
	0  -  Run Bytes Sent By Job
	0  -  Run Bytes Received By Job
	0  -  Total Bytes Sent By Job
	0  -  Total Bytes Received By Job
	Partitionable Resources :    Usage  Request Allocated 
	   Cpus                 :     0.18        1         1 
	   Disk (KB)            :     1     2560000   2839759 
	   Memory (MB)          :   271        4096      4096 
...
005 (7477397.015.000) 08/21 11:07:13 Job terminated.
	(1) Normal termination (return value 0)
		Usr 0 00:03:22, Sys 0 00:00:07  -  Run Remote Usage
		Usr 0 00:00:00, Sys 0 00:00:00  -  Run Local Usage
		Usr 0 00:03:22, Sys 0 00:00:07  -  Total Remote Usage
		Usr 0 00:00:00, Sys 0 00:00:00  -  Total Local Usage
	0  -  Run Bytes Sent By Job
	0  -  Run Bytes Received By Job
	0  -  Total Bytes Sent By Job
	0  -  Total Bytes Received By Job
	Partitionable Resources :    Usage  Request Allocated 
	   Cpus                 :     0.06        1         1 
	   Disk (KB)            :     1     2560000   2685469 
	   Memory (MB)          :   162        4096      4096 
...
005 (7477397.031.000) 08/21 11:07:15 Job terminated.
	(1) Normal termination (return value 0)
		Usr 0 00:03:08, Sys 0 00:00:07  -  Run Remote Usage
		Usr 0 00:00:00, Sys 0 00:00:00  -  Run Local Usage
		Usr 0 00:03:08, Sys 0 00:00:07  -  Total Remote Usage
		Usr 0 00:00:00, Sys 0 00:00:00  -  Total Local Usage
	0  -  Run Bytes Sent By Job
	0  -  Run Bytes Received By Job
	0  -  Total Bytes Sent By Job
	0  -  Total Bytes Received By Job
	Partitionable Resources :    Usage  Request Allocated 
	   Cpus                 :     0.05        1         1 
	   Disk (KB)            :     1     2560000   2680390 
	   Memory (MB)          :   160        4096      4096 
...
005 (7477397.029.000) 08/21 11:07:16 Job terminated.
	(1) Normal termination (return value 0)
		Usr 0 00:03:07, Sys 0 00:00:07  -  Run Remote Usage
		Usr 0 00:00:00, Sys 0 00:00:00  -  Run Local Usage
		Usr 0 00:03:07, Sys 0 00:00:07  -  Total Remote Usage
		Usr 0 00:00:00, Sys 0 00:00:00  -  Total Local Usage
	0  -  Run Bytes Sent By Job
	0  -  Run Bytes Received By Job
	0  -  Total Bytes Sent By Job
	0  -  Total Bytes Received By Job
	Partitionable Resources :    Usage  Request Allocated 
	   Cpus                 :     0.09        1         1 
	   Disk (KB)            :     1     2560000   2680390 
	   Memory (MB)          :   251        4096      4096 
...
006 (7477397.028.000) 08/21 11:07:25 Image size of job updated: 414804
	270  -  MemoryUsage of job (MB)
	275836  -  ResidentSetSize of job (KB)
...
005 (7477397.028.000) 08/21 11:07:25 Job terminated.
	(1) Normal termination (return value 0)
		Usr 0 00:03:09, Sys 0 00:00:07  -  Run Remote Usage
		Usr 0 00:00:00, Sys 0 00:00:00  -  Run Local Usage
		Usr 0 00:03:09, Sys 0 00:00:07  -  Total Remote Usage
		Usr 0 00:00:00, Sys 0 00:00:00  -  Total Local Usage
	0  -  Run Bytes Sent By Job
	0  -  Run Bytes Received By Job
	0  -  Total Bytes Sent By Job
	0  -  Total Bytes Received By Job
	Partitionable Resources :    Usage  Request Allocated 
	   Cpus                 :     0.16        1         1 
	   Disk (KB)            :     1     2560000   2839759 
	   Memory (MB)          :   270        4096      4096 
...
005 (7477397.024.000) 08/21 11:07:34 Job terminated.
	(1) Normal termination (return value 0)
		Usr 0 00:03:08, Sys 0 00:00:08  -  Run Remote Usage
		Usr 0 00:00:00, Sys 0 00:00:00  -  Run Local Usage
		Usr 0 00:03:08, Sys 0 00:00:08  -  Total Remote Usage
		Usr 0 00:00:00, Sys 0 00:00:00  -  Total Local Usage
	0  -  Run Bytes Sent By Job
	0  -  Run Bytes Received By Job
	0  -  Total Bytes Sent By Job
	0  -  Total Bytes Received By Job
	Partitionable Resources :    Usage  Request Allocated 
	   Cpus                 :     0.05        1         1 
	   Disk (KB)            :     1     2560000   2662469 
	   Memory (MB)          :    56        4096      4096 
...
005 (7477397.023.000) 08/21 11:07:37 Job terminated.
	(1) Normal termination (return value 0)
		Usr 0 00:03:03, Sys 0 00:00:08  -  Run Remote Usage
		Usr 0 00:00:00, Sys 0 00:00:00  -  Run Local Usage
		Usr 0 00:03:03, Sys 0 00:00:08  -  Total Remote Usage
		Usr 0 00:00:00, Sys 0 00:00:00  -  Total Local Usage
	0  -  Run Bytes Sent By Job
	0  -  Run Bytes Received By Job
	0  -  Total Bytes Sent By Job
	0  -  Total Bytes Received By Job
	Partitionable Resources :    Usage  Request Allocated 
	   Cpus                 :     0.01        1         1 
	   Disk (KB)            :     1     2560000   2662469 
	   Memory (MB)          :   153        4096      4096 
...
005 (7477397.025.000) 08/21 11:07:38 Job terminated.
	(1) Normal termination (return value 0)
		Usr 0 00:03:04, Sys 0 00:00:08  -  Run Remote Usage
		Usr 0 00:00:00, Sys 0 00:00:00  -  Run Local Usage
		Usr 0 00:03:04, Sys 0 00:00:08  -  Total Remote Usage
		Usr 0 00:00:00, Sys 0 00:00:00  -  Total Local Usage
	0  -  Run Bytes Sent By Job
	0  -  Run Bytes Received By Job
	0  -  Total Bytes Sent By Job
	0  -  Total Bytes Received By Job
	Partitionable Resources :    Usage  Request Allocated 
	   Cpus                 :     0.19        1         1 
	   Disk (KB)            :     1     2560000   2662469 
	   Memory (MB)          :   192        4096      4096 
...
005 (7477397.001.000) 08/21 11:07:43 Job terminated.
	(1) Normal termination (return value 0)
		Usr 0 00:03:11, Sys 0 00:00:07  -  Run Remote Usage
		Usr 0 00:00:00, Sys 0 00:00:00  -  Run Local Usage
		Usr 0 00:03:11, Sys 0 00:00:07  -  Total Remote Usage
		Usr 0 00:00:00, Sys 0 00:00:00  -  Total Local Usage
	0  -  Run Bytes Sent By Job
	0  -  Run Bytes Received By Job
	0  -  Total Bytes Sent By Job
	0  -  Total Bytes Received By Job
	Partitionable Resources :    Usage  Request Allocated 
	   Cpus                 :     0.05        1         1 
	   Disk (KB)            :     1     2560000   2688732 
	   Memory (MB)          :    48        4096      4096 
...
005 (7477397.002.000) 08/21 11:07:52 Job terminated.
	(1) Normal termination (return value 0)
		Usr 0 00:03:14, Sys 0 00:00:07  -  Run Remote Usage
		Usr 0 00:00:00, Sys 0 00:00:00  -  Run Local Usage
		Usr 0 00:03:14, Sys 0 00:00:07  -  Total Remote Usage
		Usr 0 00:00:00, Sys 0 00:00:00  -  Total Local Usage
	0  -  Run Bytes Sent By Job
	0  -  Run Bytes Received By Job
	0  -  Total Bytes Sent By Job
	0  -  Total Bytes Received By Job
	Partitionable Resources :    Usage  Request Allocated 
	   Cpus                 :     0.08        1         1 
	   Disk (KB)            :     1     2560000   2687521 
	   Memory (MB)          :    69        4096      4096 
...
005 (7477397.011.000) 08/21 11:07:54 Job terminated.
	(1) Normal termination (return value 0)
		Usr 0 00:03:10, Sys 0 00:00:07  -  Run Remote Usage
		Usr 0 00:00:00, Sys 0 00:00:00  -  Run Local Usage
		Usr 0 00:03:10, Sys 0 00:00:07  -  Total Remote Usage
		Usr 0 00:00:00, Sys 0 00:00:00  -  Total Local Usage
	0  -  Run Bytes Sent By Job
	0  -  Run Bytes Received By Job
	0  -  Total Bytes Sent By Job
	0  -  Total Bytes Received By Job
	Partitionable Resources :    Usage  Request Allocated 
	   Cpus                 :     0.76        1         1 
	   Disk (KB)            :     1     2560000   2683882 
	   Memory (MB)          :    65        4096      4096 
...
005 (7477397.012.000) 08/21 11:08:03 Job terminated.
	(1) Normal termination (return value 0)
		Usr 0 00:03:10, Sys 0 00:00:07  -  Run Remote Usage
		Usr 0 00:00:00, Sys 0 00:00:00  -  Run Local Usage
		Usr 0 00:03:10, Sys 0 00:00:07  -  Total Remote Usage
		Usr 0 00:00:00, Sys 0 00:00:00  -  Total Local Usage
	0  -  Run Bytes Sent By Job
	0  -  Run Bytes Received By Job
	0  -  Total Bytes Sent By Job
	0  -  Total Bytes Received By Job
	Partitionable Resources :    Usage  Request Allocated 
	   Cpus                 :     0.05        1         1 
	   Disk (KB)            :     1     2560000   2683882 
	   Memory (MB)          :    95        4096      4096 
...
006 (7477397.013.000) 08/21 11:08:03 Image size of job updated: 416268
	59  -  MemoryUsage of job (MB)
	59408  -  ResidentSetSize of job (KB)
...
005 (7477397.013.000) 08/21 11:08:03 Job terminated.
	(1) Normal termination (return value 0)
		Usr 0 00:03:12, Sys 0 00:00:07  -  Run Remote Usage
		Usr 0 00:00:00, Sys 0 00:00:00  -  Run Local Usage
		Usr 0 00:03:12, Sys 0 00:00:07  -  Total Remote Usage
		Usr 0 00:00:00, Sys 0 00:00:00  -  Total Local Usage
	0  -  Run Bytes Sent By Job
	0  -  Run Bytes Received By Job
	0  -  Total Bytes Sent By Job
	0  -  Total Bytes Received By Job
	Partitionable Resources :    Usage  Request Allocated 
	   Cpus                 :     0.04        1         1 
	   Disk (KB)            :     1     2560000   2683882 
	   Memory (MB)          :    59        4096      4096 
...
005 (7477397.033.000) 08/21 11:08:19 Job terminated.
	(1) Normal termination (return value 0)
		Usr 0 00:03:08, Sys 0 00:00:08  -  Run Remote Usage
		Usr 0 00:00:00, Sys 0 00:00:00  -  Run Local Usage
		Usr 0 00:03:08, Sys 0 00:00:08  -  Total Remote Usage
		Usr 0 00:00:00, Sys 0 00:00:00  -  Total Local Usage
	0  -  Run Bytes Sent By Job
	0  -  Run Bytes Received By Job
	0  -  Total Bytes Sent By Job
	0  -  Total Bytes Received By Job
	Partitionable Resources :    Usage  Request Allocated 
	   Cpus                 :     0.70        1         1 
	   Disk (KB)            :     1     2560000   2612707 
	   Memory (MB)          :   213        4096      4096 
...
006 (7477397.034.000) 08/21 11:08:25 Image size of job updated: 414844
	118  -  MemoryUsage of job (MB)
	120400  -  ResidentSetSize of job (KB)
...
005 (7477397.034.000) 08/21 11:08:25 Job terminated.
	(1) Normal termination (return value 0)
		Usr 0 00:03:09, Sys 0 00:00:08  -  Run Remote Usage
		Usr 0 00:00:00, Sys 0 00:00:00  -  Run Local Usage
		Usr 0 00:03:09, Sys 0 00:00:08  -  Total Remote Usage
		Usr 0 00:00:00, Sys 0 00:00:00  -  Total Local Usage
	0  -  Run Bytes Sent By Job
	0  -  Run Bytes Received By Job
	0  -  Total Bytes Sent By Job
	0  -  Total Bytes Received By Job
	Partitionable Resources :    Usage  Request Allocated 
	   Cpus                 :     0.01        1         1 
	   Disk (KB)            :     1     2560000   2612707 
	   Memory (MB)          :   118        4096      4096 
...
005 (7477397.009.000) 08/21 11:08:25 Job terminated.
	(1) Normal termination (return value 0)
		Usr 0 00:03:13, Sys 0 00:00:11  -  Run Remote Usage
		Usr 0 00:00:00, Sys 0 00:00:00  -  Run Local Usage
		Usr 0 00:03:13, Sys 0 00:00:11  -  Total Remote Usage
		Usr 0 00:00:00, Sys 0 00:00:00  -  Total Local Usage
	0  -  Run Bytes Sent By Job
	0  -  Run Bytes Received By Job
	0  -  Total Bytes Sent By Job
	0  -  Total Bytes Received By Job
	Partitionable Resources :    Usage  Request Allocated 
	   Cpus                 :     0.04        1         1 
	   Disk (KB)            :     1     2560000   2865122 
	   Memory (MB)          :   271        4096      4096 
...
005 (7477397.010.000) 08/21 11:08:26 Job terminated.
	(1) Normal termination (return value 0)
		Usr 0 00:03:15, Sys 0 00:00:09  -  Run Remote Usage
		Usr 0 00:00:00, Sys 0 00:00:00  -  Run Local Usage
		Usr 0 00:03:15, Sys 0 00:00:09  -  Total Remote Usage
		Usr 0 00:00:00, Sys 0 00:00:00  -  Total Local Usage
	0  -  Run Bytes Sent By Job
	0  -  Run Bytes Received By Job
	0  -  Total Bytes Sent By Job
	0  -  Total Bytes Received By Job
	Partitionable Resources :    Usage  Request Allocated 
	   Cpus                 :     0.04        1         1 
	   Disk (KB)            :     1     2560000   2865122 
	   Memory (MB)          :   271        4096      4096 
...
005 (7477397.032.000) 08/21 11:08:26 Job terminated.
	(1) Normal termination (return value 0)
		Usr 0 00:03:07, Sys 0 00:00:08  -  Run Remote Usage
		Usr 0 00:00:00, Sys 0 00:00:00  -  Run Local Usage
		Usr 0 00:03:07, Sys 0 00:00:08  -  Total Remote Usage
		Usr 0 00:00:00, Sys 0 00:00:00  -  Total Local Usage
	0  -  Run Bytes Sent By Job
	0  -  Run Bytes Received By Job
	0  -  Total Bytes Sent By Job
	0  -  Total Bytes Received By Job
	Partitionable Resources :    Usage  Request Allocated 
	   Cpus                 :     0.01        1         1 
	   Disk (KB)            :     1     2560000   2612707 
	   Memory (MB)          :    56        4096      4096 
...
