hadd Target file: /nfs/dust/cms/user/schwarzd/MTopJet/PreSel/uhh2.AnalysisModuleRunner.MC.DYJetsToLL_LO_M50_HT0600to0800.root
hadd compression setting for all ouput: 1
hadd Source file 1: /nfs/dust/cms/user/schwarzd/MTopJet/PreSel/PreSel_workdir/uhh2.AnalysisModuleRunner.MC.DYJetsToLL_LO_M50_HT0600to0800_0.root
hadd Source file 2: /nfs/dust/cms/user/schwarzd/MTopJet/PreSel/PreSel_workdir/uhh2.AnalysisModuleRunner.MC.DYJetsToLL_LO_M50_HT0600to0800_1.root
hadd Source file 3: /nfs/dust/cms/user/schwarzd/MTopJet/PreSel/PreSel_workdir/uhh2.AnalysisModuleRunner.MC.DYJetsToLL_LO_M50_HT0600to0800_2.root
hadd Source file 4: /nfs/dust/cms/user/schwarzd/MTopJet/PreSel/PreSel_workdir/uhh2.AnalysisModuleRunner.MC.DYJetsToLL_LO_M50_HT0600to0800_3.root
hadd Source file 5: /nfs/dust/cms/user/schwarzd/MTopJet/PreSel/PreSel_workdir/uhh2.AnalysisModuleRunner.MC.DYJetsToLL_LO_M50_HT0600to0800_4.root
hadd Source file 6: /nfs/dust/cms/user/schwarzd/MTopJet/PreSel/PreSel_workdir/uhh2.AnalysisModuleRunner.MC.DYJetsToLL_LO_M50_HT0600to0800_5.root
hadd Source file 7: /nfs/dust/cms/user/schwarzd/MTopJet/PreSel/PreSel_workdir/uhh2.AnalysisModuleRunner.MC.DYJetsToLL_LO_M50_HT0600to0800_6.root
hadd Source file 8: /nfs/dust/cms/user/schwarzd/MTopJet/PreSel/PreSel_workdir/uhh2.AnalysisModuleRunner.MC.DYJetsToLL_LO_M50_HT0600to0800_7.root
hadd Source file 9: /nfs/dust/cms/user/schwarzd/MTopJet/PreSel/PreSel_workdir/uhh2.AnalysisModuleRunner.MC.DYJetsToLL_LO_M50_HT0600to0800_8.root
hadd Source file 10: /nfs/dust/cms/user/schwarzd/MTopJet/PreSel/PreSel_workdir/uhh2.AnalysisModuleRunner.MC.DYJetsToLL_LO_M50_HT0600to0800_9.root
hadd Source file 11: /nfs/dust/cms/user/schwarzd/MTopJet/PreSel/PreSel_workdir/uhh2.AnalysisModuleRunner.MC.DYJetsToLL_LO_M50_HT0600to0800_10.root
hadd Source file 12: /nfs/dust/cms/user/schwarzd/MTopJet/PreSel/PreSel_workdir/uhh2.AnalysisModuleRunner.MC.DYJetsToLL_LO_M50_HT0600to0800_11.root
hadd Source file 13: /nfs/dust/cms/user/schwarzd/MTopJet/PreSel/PreSel_workdir/uhh2.AnalysisModuleRunner.MC.DYJetsToLL_LO_M50_HT0600to0800_12.root
hadd Source file 14: /nfs/dust/cms/user/schwarzd/MTopJet/PreSel/PreSel_workdir/uhh2.AnalysisModuleRunner.MC.DYJetsToLL_LO_M50_HT0600to0800_13.root
hadd Source file 15: /nfs/dust/cms/user/schwarzd/MTopJet/PreSel/PreSel_workdir/uhh2.AnalysisModuleRunner.MC.DYJetsToLL_LO_M50_HT0600to0800_14.root
hadd Source file 16: /nfs/dust/cms/user/schwarzd/MTopJet/PreSel/PreSel_workdir/uhh2.AnalysisModuleRunner.MC.DYJetsToLL_LO_M50_HT0600to0800_15.root
hadd Source file 17: /nfs/dust/cms/user/schwarzd/MTopJet/PreSel/PreSel_workdir/uhh2.AnalysisModuleRunner.MC.DYJetsToLL_LO_M50_HT0600to0800_16.root
hadd Source file 18: /nfs/dust/cms/user/schwarzd/MTopJet/PreSel/PreSel_workdir/uhh2.AnalysisModuleRunner.MC.DYJetsToLL_LO_M50_HT0600to0800_17.root
hadd Source file 19: /nfs/dust/cms/user/schwarzd/MTopJet/PreSel/PreSel_workdir/uhh2.AnalysisModuleRunner.MC.DYJetsToLL_LO_M50_HT0600to0800_18.root
hadd Source file 20: /nfs/dust/cms/user/schwarzd/MTopJet/PreSel/PreSel_workdir/uhh2.AnalysisModuleRunner.MC.DYJetsToLL_LO_M50_HT0600to0800_19.root
hadd Source file 21: /nfs/dust/cms/user/schwarzd/MTopJet/PreSel/PreSel_workdir/uhh2.AnalysisModuleRunner.MC.DYJetsToLL_LO_M50_HT0600to0800_20.root
hadd Source file 22: /nfs/dust/cms/user/schwarzd/MTopJet/PreSel/PreSel_workdir/uhh2.AnalysisModuleRunner.MC.DYJetsToLL_LO_M50_HT0600to0800_21.root
hadd Source file 23: /nfs/dust/cms/user/schwarzd/MTopJet/PreSel/PreSel_workdir/uhh2.AnalysisModuleRunner.MC.DYJetsToLL_LO_M50_HT0600to0800_22.root
hadd Source file 24: /nfs/dust/cms/user/schwarzd/MTopJet/PreSel/PreSel_workdir/uhh2.AnalysisModuleRunner.MC.DYJetsToLL_LO_M50_HT0600to0800_23.root
hadd Source file 25: /nfs/dust/cms/user/schwarzd/MTopJet/PreSel/PreSel_workdir/uhh2.AnalysisModuleRunner.MC.DYJetsToLL_LO_M50_HT0600to0800_24.root
hadd Source file 26: /nfs/dust/cms/user/schwarzd/MTopJet/PreSel/PreSel_workdir/uhh2.AnalysisModuleRunner.MC.DYJetsToLL_LO_M50_HT0600to0800_25.root
hadd Source file 27: /nfs/dust/cms/user/schwarzd/MTopJet/PreSel/PreSel_workdir/uhh2.AnalysisModuleRunner.MC.DYJetsToLL_LO_M50_HT0600to0800_26.root
hadd Source file 28: /nfs/dust/cms/user/schwarzd/MTopJet/PreSel/PreSel_workdir/uhh2.AnalysisModuleRunner.MC.DYJetsToLL_LO_M50_HT0600to0800_27.root
hadd Source file 29: /nfs/dust/cms/user/schwarzd/MTopJet/PreSel/PreSel_workdir/uhh2.AnalysisModuleRunner.MC.DYJetsToLL_LO_M50_HT0600to0800_28.root
hadd Source file 30: /nfs/dust/cms/user/schwarzd/MTopJet/PreSel/PreSel_workdir/uhh2.AnalysisModuleRunner.MC.DYJetsToLL_LO_M50_HT0600to0800_29.root
hadd Source file 31: /nfs/dust/cms/user/schwarzd/MTopJet/PreSel/PreSel_workdir/uhh2.AnalysisModuleRunner.MC.DYJetsToLL_LO_M50_HT0600to0800_30.root
hadd Source file 32: /nfs/dust/cms/user/schwarzd/MTopJet/PreSel/PreSel_workdir/uhh2.AnalysisModuleRunner.MC.DYJetsToLL_LO_M50_HT0600to0800_31.root
hadd Source file 33: /nfs/dust/cms/user/schwarzd/MTopJet/PreSel/PreSel_workdir/uhh2.AnalysisModuleRunner.MC.DYJetsToLL_LO_M50_HT0600to0800_32.root
hadd Source file 34: /nfs/dust/cms/user/schwarzd/MTopJet/PreSel/PreSel_workdir/uhh2.AnalysisModuleRunner.MC.DYJetsToLL_LO_M50_HT0600to0800_33.root
hadd Source file 35: /nfs/dust/cms/user/schwarzd/MTopJet/PreSel/PreSel_workdir/uhh2.AnalysisModuleRunner.MC.DYJetsToLL_LO_M50_HT0600to0800_34.root
hadd Source file 36: /nfs/dust/cms/user/schwarzd/MTopJet/PreSel/PreSel_workdir/uhh2.AnalysisModuleRunner.MC.DYJetsToLL_LO_M50_HT0600to0800_35.root
hadd Target path: /nfs/dust/cms/user/schwarzd/MTopJet/PreSel/uhh2.AnalysisModuleRunner.MC.DYJetsToLL_LO_M50_HT0600to0800.root:/
hadd Target path: /nfs/dust/cms/user/schwarzd/MTopJet/PreSel/uhh2.AnalysisModuleRunner.MC.DYJetsToLL_LO_M50_HT0600to0800.root:/SFrame
