000 (8238717.000.000) 09/18 16:26:22 Job submitted from host: <131.169.56.95:9618?addrs=131.169.56.95-9618&noUDP&sock=3790727_0057_12>
...
000 (8238717.001.000) 09/18 16:26:22 Job submitted from host: <131.169.56.95:9618?addrs=131.169.56.95-9618&noUDP&sock=3790727_0057_12>
...
000 (8238717.002.000) 09/18 16:26:22 Job submitted from host: <131.169.56.95:9618?addrs=131.169.56.95-9618&noUDP&sock=3790727_0057_12>
...
000 (8238717.003.000) 09/18 16:26:22 Job submitted from host: <131.169.56.95:9618?addrs=131.169.56.95-9618&noUDP&sock=3790727_0057_12>
...
000 (8238717.004.000) 09/18 16:26:22 Job submitted from host: <131.169.56.95:9618?addrs=131.169.56.95-9618&noUDP&sock=3790727_0057_12>
...
000 (8238717.005.000) 09/18 16:26:22 Job submitted from host: <131.169.56.95:9618?addrs=131.169.56.95-9618&noUDP&sock=3790727_0057_12>
...
000 (8238717.006.000) 09/18 16:26:22 Job submitted from host: <131.169.56.95:9618?addrs=131.169.56.95-9618&noUDP&sock=3790727_0057_12>
...
000 (8238717.007.000) 09/18 16:26:22 Job submitted from host: <131.169.56.95:9618?addrs=131.169.56.95-9618&noUDP&sock=3790727_0057_12>
...
000 (8238717.008.000) 09/18 16:26:22 Job submitted from host: <131.169.56.95:9618?addrs=131.169.56.95-9618&noUDP&sock=3790727_0057_12>
...
000 (8238717.009.000) 09/18 16:26:22 Job submitted from host: <131.169.56.95:9618?addrs=131.169.56.95-9618&noUDP&sock=3790727_0057_12>
...
000 (8238717.010.000) 09/18 16:26:22 Job submitted from host: <131.169.56.95:9618?addrs=131.169.56.95-9618&noUDP&sock=3790727_0057_12>
...
000 (8238717.011.000) 09/18 16:26:22 Job submitted from host: <131.169.56.95:9618?addrs=131.169.56.95-9618&noUDP&sock=3790727_0057_12>
...
000 (8238717.012.000) 09/18 16:26:22 Job submitted from host: <131.169.56.95:9618?addrs=131.169.56.95-9618&noUDP&sock=3790727_0057_12>
...
000 (8238717.013.000) 09/18 16:26:22 Job submitted from host: <131.169.56.95:9618?addrs=131.169.56.95-9618&noUDP&sock=3790727_0057_12>
...
000 (8238717.014.000) 09/18 16:26:22 Job submitted from host: <131.169.56.95:9618?addrs=131.169.56.95-9618&noUDP&sock=3790727_0057_12>
...
000 (8238717.015.000) 09/18 16:26:22 Job submitted from host: <131.169.56.95:9618?addrs=131.169.56.95-9618&noUDP&sock=3790727_0057_12>
...
000 (8238717.016.000) 09/18 16:26:22 Job submitted from host: <131.169.56.95:9618?addrs=131.169.56.95-9618&noUDP&sock=3790727_0057_12>
...
000 (8238717.017.000) 09/18 16:26:22 Job submitted from host: <131.169.56.95:9618?addrs=131.169.56.95-9618&noUDP&sock=3790727_0057_12>
...
000 (8238717.018.000) 09/18 16:26:22 Job submitted from host: <131.169.56.95:9618?addrs=131.169.56.95-9618&noUDP&sock=3790727_0057_12>
...
001 (8238717.007.000) 09/18 20:43:31 Job executing on host: <131.169.77.20:33201?addrs=131.169.77.20-33201>
...
001 (8238717.006.000) 09/18 20:43:31 Job executing on host: <131.169.77.31:42185?addrs=131.169.77.31-42185>
...
001 (8238717.004.000) 09/18 20:43:35 Job executing on host: <131.169.164.46:33939?addrs=131.169.164.46-33939>
...
001 (8238717.000.000) 09/18 20:43:35 Job executing on host: <131.169.84.147:38408?addrs=131.169.84.147-38408>
...
001 (8238717.001.000) 09/18 20:43:36 Job executing on host: <131.169.164.35:35622?addrs=131.169.164.35-35622>
...
001 (8238717.003.000) 09/18 20:43:38 Job executing on host: <131.169.164.44:43974?addrs=131.169.164.44-43974>
...
001 (8238717.005.000) 09/18 20:43:40 Job executing on host: <131.169.77.47:33335?addrs=131.169.77.47-33335>
...
006 (8238717.007.000) 09/18 20:43:40 Image size of job updated: 45028
	20  -  MemoryUsage of job (MB)
	20432  -  ResidentSetSize of job (KB)
...
006 (8238717.006.000) 09/18 20:43:40 Image size of job updated: 87244
	33  -  MemoryUsage of job (MB)
	33552  -  ResidentSetSize of job (KB)
...
006 (8238717.001.000) 09/18 20:43:44 Image size of job updated: 87412
	33  -  MemoryUsage of job (MB)
	33620  -  ResidentSetSize of job (KB)
...
006 (8238717.004.000) 09/18 20:43:44 Image size of job updated: 44552
	25  -  MemoryUsage of job (MB)
	24700  -  ResidentSetSize of job (KB)
...
006 (8238717.000.000) 09/18 20:43:44 Image size of job updated: 41388
	20  -  MemoryUsage of job (MB)
	19744  -  ResidentSetSize of job (KB)
...
006 (8238717.003.000) 09/18 20:43:47 Image size of job updated: 87316
	33  -  MemoryUsage of job (MB)
	33548  -  ResidentSetSize of job (KB)
...
006 (8238717.005.000) 09/18 20:43:49 Image size of job updated: 100104
	42  -  MemoryUsage of job (MB)
	42580  -  ResidentSetSize of job (KB)
...
022 (8238717.002.000) 09/18 20:44:01 Job disconnected, attempting to reconnect
    Socket between submit and execute hosts closed unexpectedly
    Trying to reconnect to slot1_1@bird822.desy.de <131.169.164.22:40271?addrs=131.169.164.22-40271>
...
024 (8238717.002.000) 09/18 20:44:09 Job reconnection failed
    Job not found at execution machine
    Can not reconnect to slot1_1@bird822.desy.de, rescheduling job
...
001 (8238717.009.000) 09/18 20:44:18 Job executing on host: <131.169.164.20:39948?addrs=131.169.164.20-39948>
...
006 (8238717.009.000) 09/18 20:44:27 Image size of job updated: 202608
	129  -  MemoryUsage of job (MB)
	131472  -  ResidentSetSize of job (KB)
...
001 (8238717.008.000) 09/18 20:44:29 Job executing on host: <131.169.164.36:34074?addrs=131.169.164.36-34074>
...
001 (8238717.002.000) 09/18 20:44:31 Job executing on host: <131.169.164.6:32834?addrs=131.169.164.6-32834>
...
001 (8238717.011.000) 09/18 20:44:33 Job executing on host: <131.169.164.36:34074?addrs=131.169.164.36-34074>
...
001 (8238717.010.000) 09/18 20:44:35 Job executing on host: <131.169.164.20:39948?addrs=131.169.164.20-39948>
...
001 (8238717.012.000) 09/18 20:44:37 Job executing on host: <131.169.164.6:32834?addrs=131.169.164.6-32834>
...
006 (8238717.008.000) 09/18 20:44:38 Image size of job updated: 319592
	304  -  MemoryUsage of job (MB)
	311056  -  ResidentSetSize of job (KB)
...
006 (8238717.002.000) 09/18 20:44:40 Image size of job updated: 173684
	129  -  MemoryUsage of job (MB)
	131260  -  ResidentSetSize of job (KB)
...
001 (8238717.013.000) 09/18 20:44:43 Job executing on host: <131.169.164.36:34074?addrs=131.169.164.36-34074>
...
001 (8238717.014.000) 09/18 20:44:44 Job executing on host: <131.169.164.20:39948?addrs=131.169.164.20-39948>
...
006 (8238717.010.000) 09/18 20:44:45 Image size of job updated: 276808
	201  -  MemoryUsage of job (MB)
	205332  -  ResidentSetSize of job (KB)
...
006 (8238717.011.000) 09/18 20:44:45 Image size of job updated: 410504
	399  -  MemoryUsage of job (MB)
	408520  -  ResidentSetSize of job (KB)
...
006 (8238717.012.000) 09/18 20:44:46 Image size of job updated: 159404
	129  -  MemoryUsage of job (MB)
	131464  -  ResidentSetSize of job (KB)
...
001 (8238717.016.000) 09/18 20:44:48 Job executing on host: <131.169.164.36:34074?addrs=131.169.164.36-34074>
...
001 (8238717.017.000) 09/18 20:44:51 Job executing on host: <131.169.164.20:39948?addrs=131.169.164.20-39948>
...
006 (8238717.013.000) 09/18 20:44:53 Image size of job updated: 312436
	269  -  MemoryUsage of job (MB)
	275024  -  ResidentSetSize of job (KB)
...
001 (8238717.018.000) 09/18 20:44:53 Job executing on host: <131.169.164.20:39948?addrs=131.169.164.20-39948>
...
006 (8238717.014.000) 09/18 20:44:54 Image size of job updated: 203988
	190  -  MemoryUsage of job (MB)
	194396  -  ResidentSetSize of job (KB)
...
006 (8238717.016.000) 09/18 20:44:57 Image size of job updated: 333368
	297  -  MemoryUsage of job (MB)
	304008  -  ResidentSetSize of job (KB)
...
001 (8238717.015.000) 09/18 20:44:58 Job executing on host: <131.169.164.6:32834?addrs=131.169.164.6-32834>
...
006 (8238717.017.000) 09/18 20:45:00 Image size of job updated: 97128
	88  -  MemoryUsage of job (MB)
	90008  -  ResidentSetSize of job (KB)
...
006 (8238717.018.000) 09/18 20:45:02 Image size of job updated: 120536
	76  -  MemoryUsage of job (MB)
	77240  -  ResidentSetSize of job (KB)
...
006 (8238717.015.000) 09/18 20:45:07 Image size of job updated: 202124
	129  -  MemoryUsage of job (MB)
	131400  -  ResidentSetSize of job (KB)
...
006 (8238717.007.000) 09/18 20:48:41 Image size of job updated: 729488
	643  -  MemoryUsage of job (MB)
	657752  -  ResidentSetSize of job (KB)
...
006 (8238717.006.000) 09/18 20:48:41 Image size of job updated: 729284
	643  -  MemoryUsage of job (MB)
	657584  -  ResidentSetSize of job (KB)
...
006 (8238717.001.000) 09/18 20:48:44 Image size of job updated: 724336
	638  -  MemoryUsage of job (MB)
	652676  -  ResidentSetSize of job (KB)
...
006 (8238717.004.000) 09/18 20:48:45 Image size of job updated: 654508
	638  -  MemoryUsage of job (MB)
	652416  -  ResidentSetSize of job (KB)
...
006 (8238717.000.000) 09/18 20:48:45 Image size of job updated: 736504
	644  -  MemoryUsage of job (MB)
	658684  -  ResidentSetSize of job (KB)
...
006 (8238717.003.000) 09/18 20:48:48 Image size of job updated: 726316
	640  -  MemoryUsage of job (MB)
	654724  -  ResidentSetSize of job (KB)
...
006 (8238717.005.000) 09/18 20:48:50 Image size of job updated: 730964
	645  -  MemoryUsage of job (MB)
	659612  -  ResidentSetSize of job (KB)
...
006 (8238717.009.000) 09/18 20:49:28 Image size of job updated: 653220
	638  -  MemoryUsage of job (MB)
	652832  -  ResidentSetSize of job (KB)
...
006 (8238717.008.000) 09/18 20:49:39 Image size of job updated: 659020
	640  -  MemoryUsage of job (MB)
	654532  -  ResidentSetSize of job (KB)
...
006 (8238717.002.000) 09/18 20:49:41 Image size of job updated: 656896
	639  -  MemoryUsage of job (MB)
	653464  -  ResidentSetSize of job (KB)
...
006 (8238717.010.000) 09/18 20:49:45 Image size of job updated: 655536
	640  -  MemoryUsage of job (MB)
	655020  -  ResidentSetSize of job (KB)
...
006 (8238717.012.000) 09/18 20:49:46 Image size of job updated: 653996
	638  -  MemoryUsage of job (MB)
	652832  -  ResidentSetSize of job (KB)
...
006 (8238717.011.000) 09/18 20:49:47 Image size of job updated: 656240
	641  -  MemoryUsage of job (MB)
	655660  -  ResidentSetSize of job (KB)
...
006 (8238717.013.000) 09/18 20:49:54 Image size of job updated: 695316
	638  -  MemoryUsage of job (MB)
	652780  -  ResidentSetSize of job (KB)
...
006 (8238717.014.000) 09/18 20:49:56 Image size of job updated: 664148
	639  -  MemoryUsage of job (MB)
	654112  -  ResidentSetSize of job (KB)
...
006 (8238717.016.000) 09/18 20:49:58 Image size of job updated: 682000
	638  -  MemoryUsage of job (MB)
	652676  -  ResidentSetSize of job (KB)
...
006 (8238717.017.000) 09/18 20:50:00 Image size of job updated: 672608
	640  -  MemoryUsage of job (MB)
	654912  -  ResidentSetSize of job (KB)
...
006 (8238717.018.000) 09/18 20:50:02 Image size of job updated: 698504
	640  -  MemoryUsage of job (MB)
	654772  -  ResidentSetSize of job (KB)
...
006 (8238717.015.000) 09/18 20:50:07 Image size of job updated: 727116
	641  -  MemoryUsage of job (MB)
	655808  -  ResidentSetSize of job (KB)
...
006 (8238717.007.000) 09/18 20:53:41 Image size of job updated: 730128
	643  -  MemoryUsage of job (MB)
	658392  -  ResidentSetSize of job (KB)
...
006 (8238717.006.000) 09/18 20:53:41 Image size of job updated: 729372
	643  -  MemoryUsage of job (MB)
	657672  -  ResidentSetSize of job (KB)
...
006 (8238717.001.000) 09/18 20:53:44 Image size of job updated: 724336
	642  -  MemoryUsage of job (MB)
	656596  -  ResidentSetSize of job (KB)
...
006 (8238717.004.000) 09/18 20:53:45 Image size of job updated: 659308
	642  -  MemoryUsage of job (MB)
	657012  -  ResidentSetSize of job (KB)
...
006 (8238717.000.000) 09/18 20:53:45 Image size of job updated: 736944
	644  -  MemoryUsage of job (MB)
	659128  -  ResidentSetSize of job (KB)
...
006 (8238717.003.000) 09/18 20:53:48 Image size of job updated: 726316
	643  -  MemoryUsage of job (MB)
	657888  -  ResidentSetSize of job (KB)
...
006 (8238717.005.000) 09/18 20:53:50 Image size of job updated: 731004
	645  -  MemoryUsage of job (MB)
	660012  -  ResidentSetSize of job (KB)
...
006 (8238717.009.000) 09/18 20:54:28 Image size of job updated: 657856
	643  -  MemoryUsage of job (MB)
	657468  -  ResidentSetSize of job (KB)
...
006 (8238717.008.000) 09/18 20:54:39 Image size of job updated: 660964
	642  -  MemoryUsage of job (MB)
	656476  -  ResidentSetSize of job (KB)
...
006 (8238717.002.000) 09/18 20:54:42 Image size of job updated: 659040
	642  -  MemoryUsage of job (MB)
	656464  -  ResidentSetSize of job (KB)
...
006 (8238717.010.000) 09/18 20:54:45 Image size of job updated: 660532
	645  -  MemoryUsage of job (MB)
	660016  -  ResidentSetSize of job (KB)
...
006 (8238717.012.000) 09/18 20:54:47 Image size of job updated: 656452
	641  -  MemoryUsage of job (MB)
	655956  -  ResidentSetSize of job (KB)
...
006 (8238717.011.000) 09/18 20:54:48 Image size of job updated: 658724
	643  -  MemoryUsage of job (MB)
	658144  -  ResidentSetSize of job (KB)
...
006 (8238717.013.000) 09/18 20:54:54 Image size of job updated: 698040
	641  -  MemoryUsage of job (MB)
	655504  -  ResidentSetSize of job (KB)
...
006 (8238717.014.000) 09/18 20:54:56 Image size of job updated: 668424
	643  -  MemoryUsage of job (MB)
	658388  -  ResidentSetSize of job (KB)
...
006 (8238717.016.000) 09/18 20:54:58 Image size of job updated: 684772
	641  -  MemoryUsage of job (MB)
	655448  -  ResidentSetSize of job (KB)
...
006 (8238717.017.000) 09/18 20:55:01 Image size of job updated: 675900
	643  -  MemoryUsage of job (MB)
	658360  -  ResidentSetSize of job (KB)
...
006 (8238717.018.000) 09/18 20:55:03 Image size of job updated: 701128
	642  -  MemoryUsage of job (MB)
	657396  -  ResidentSetSize of job (KB)
...
006 (8238717.015.000) 09/18 20:55:08 Image size of job updated: 727116
	643  -  MemoryUsage of job (MB)
	658308  -  ResidentSetSize of job (KB)
...
006 (8238717.007.000) 09/18 20:58:41 Image size of job updated: 730500
	644  -  MemoryUsage of job (MB)
	658764  -  ResidentSetSize of job (KB)
...
006 (8238717.006.000) 09/18 20:58:42 Image size of job updated: 729860
	643  -  MemoryUsage of job (MB)
	658160  -  ResidentSetSize of job (KB)
...
006 (8238717.001.000) 09/18 20:58:45 Image size of job updated: 724336
	642  -  MemoryUsage of job (MB)
	656768  -  ResidentSetSize of job (KB)
...
006 (8238717.004.000) 09/18 20:58:46 Image size of job updated: 659308
	642  -  MemoryUsage of job (MB)
	657116  -  ResidentSetSize of job (KB)
...
006 (8238717.000.000) 09/18 20:58:46 Image size of job updated: 737284
	645  -  MemoryUsage of job (MB)
	659468  -  ResidentSetSize of job (KB)
...
006 (8238717.003.000) 09/18 20:58:49 Image size of job updated: 726316
	643  -  MemoryUsage of job (MB)
	658056  -  ResidentSetSize of job (KB)
...
006 (8238717.005.000) 09/18 20:58:50 Image size of job updated: 731004
	645  -  MemoryUsage of job (MB)
	660048  -  ResidentSetSize of job (KB)
...
006 (8238717.009.000) 09/18 20:59:29 Image size of job updated: 658216
	643  -  MemoryUsage of job (MB)
	657828  -  ResidentSetSize of job (KB)
...
006 (8238717.008.000) 09/18 20:59:40 Image size of job updated: 661196
	642  -  MemoryUsage of job (MB)
	656708  -  ResidentSetSize of job (KB)
...
006 (8238717.002.000) 09/18 20:59:42 Image size of job updated: 659040
	642  -  MemoryUsage of job (MB)
	656496  -  ResidentSetSize of job (KB)
...
006 (8238717.010.000) 09/18 20:59:46 Image size of job updated: 660556
	645  -  MemoryUsage of job (MB)
	660040  -  ResidentSetSize of job (KB)
...
006 (8238717.012.000) 09/18 20:59:47 Image size of job updated: 656476
	641  -  MemoryUsage of job (MB)
	655972  -  ResidentSetSize of job (KB)
...
006 (8238717.011.000) 09/18 20:59:48 Image size of job updated: 658728
	643  -  MemoryUsage of job (MB)
	658148  -  ResidentSetSize of job (KB)
...
006 (8238717.013.000) 09/18 20:59:56 Image size of job updated: 698040
	641  -  MemoryUsage of job (MB)
	655744  -  ResidentSetSize of job (KB)
...
006 (8238717.014.000) 09/18 20:59:56 Image size of job updated: 668424
	644  -  MemoryUsage of job (MB)
	658632  -  ResidentSetSize of job (KB)
...
006 (8238717.016.000) 09/18 20:59:59 Image size of job updated: 684772
	641  -  MemoryUsage of job (MB)
	655468  -  ResidentSetSize of job (KB)
...
006 (8238717.017.000) 09/18 21:00:01 Image size of job updated: 675900
	644  -  MemoryUsage of job (MB)
	658584  -  ResidentSetSize of job (KB)
...
006 (8238717.018.000) 09/18 21:00:04 Image size of job updated: 701128
	643  -  MemoryUsage of job (MB)
	657460  -  ResidentSetSize of job (KB)
...
006 (8238717.015.000) 09/18 21:00:08 Image size of job updated: 727116
	643  -  MemoryUsage of job (MB)
	658320  -  ResidentSetSize of job (KB)
...
006 (8238717.007.000) 09/18 21:03:42 Image size of job updated: 730580
	644  -  MemoryUsage of job (MB)
	659084  -  ResidentSetSize of job (KB)
...
006 (8238717.006.000) 09/18 21:03:42 Image size of job updated: 730556
	644  -  MemoryUsage of job (MB)
	658856  -  ResidentSetSize of job (KB)
...
006 (8238717.001.000) 09/18 21:03:46 Image size of job updated: 724336
	642  -  MemoryUsage of job (MB)
	656920  -  ResidentSetSize of job (KB)
...
006 (8238717.004.000) 09/18 21:03:47 Image size of job updated: 659308
	642  -  MemoryUsage of job (MB)
	657200  -  ResidentSetSize of job (KB)
...
006 (8238717.000.000) 09/18 21:03:47 Image size of job updated: 737284
	645  -  MemoryUsage of job (MB)
	659908  -  ResidentSetSize of job (KB)
...
006 (8238717.003.000) 09/18 21:03:49 Image size of job updated: 726316
	643  -  MemoryUsage of job (MB)
	658064  -  ResidentSetSize of job (KB)
...
006 (8238717.005.000) 09/18 21:03:51 Image size of job updated: 731004
	645  -  MemoryUsage of job (MB)
	660292  -  ResidentSetSize of job (KB)
...
006 (8238717.009.000) 09/18 21:04:29 Image size of job updated: 658348
	643  -  MemoryUsage of job (MB)
	657960  -  ResidentSetSize of job (KB)
...
006 (8238717.008.000) 09/18 21:04:41 Image size of job updated: 661196
	642  -  MemoryUsage of job (MB)
	656828  -  ResidentSetSize of job (KB)
...
006 (8238717.002.000) 09/18 21:04:43 Image size of job updated: 659040
	642  -  MemoryUsage of job (MB)
	656904  -  ResidentSetSize of job (KB)
...
006 (8238717.010.000) 09/18 21:04:47 Image size of job updated: 660888
	645  -  MemoryUsage of job (MB)
	660372  -  ResidentSetSize of job (KB)
...
006 (8238717.012.000) 09/18 21:04:47 Image size of job updated: 656800
	641  -  MemoryUsage of job (MB)
	656296  -  ResidentSetSize of job (KB)
...
006 (8238717.011.000) 09/18 21:04:48 Image size of job updated: 658816
	643  -  MemoryUsage of job (MB)
	658236  -  ResidentSetSize of job (KB)
...
006 (8238717.013.000) 09/18 21:04:56 Image size of job updated: 698040
	641  -  MemoryUsage of job (MB)
	655996  -  ResidentSetSize of job (KB)
...
006 (8238717.014.000) 09/18 21:04:57 Image size of job updated: 668424
	644  -  MemoryUsage of job (MB)
	658688  -  ResidentSetSize of job (KB)
...
006 (8238717.016.000) 09/18 21:04:59 Image size of job updated: 684772
	641  -  MemoryUsage of job (MB)
	655808  -  ResidentSetSize of job (KB)
...
006 (8238717.017.000) 09/18 21:05:01 Image size of job updated: 675900
	644  -  MemoryUsage of job (MB)
	658620  -  ResidentSetSize of job (KB)
...
006 (8238717.018.000) 09/18 21:05:04 Image size of job updated: 701128
	643  -  MemoryUsage of job (MB)
	657480  -  ResidentSetSize of job (KB)
...
006 (8238717.015.000) 09/18 21:05:08 Image size of job updated: 727116
	644  -  MemoryUsage of job (MB)
	658684  -  ResidentSetSize of job (KB)
...
006 (8238717.007.000) 09/18 21:08:42 Image size of job updated: 730608
	644  -  MemoryUsage of job (MB)
	659112  -  ResidentSetSize of job (KB)
...
006 (8238717.006.000) 09/18 21:08:44 Image size of job updated: 730764
	644  -  MemoryUsage of job (MB)
	659064  -  ResidentSetSize of job (KB)
...
006 (8238717.001.000) 09/18 21:08:46 Image size of job updated: 724336
	642  -  MemoryUsage of job (MB)
	656980  -  ResidentSetSize of job (KB)
...
006 (8238717.004.000) 09/18 21:08:47 Image size of job updated: 659308
	642  -  MemoryUsage of job (MB)
	657220  -  ResidentSetSize of job (KB)
...
006 (8238717.000.000) 09/18 21:08:47 Image size of job updated: 737284
	645  -  MemoryUsage of job (MB)
	659964  -  ResidentSetSize of job (KB)
...
006 (8238717.003.000) 09/18 21:08:50 Image size of job updated: 726316
	644  -  MemoryUsage of job (MB)
	658716  -  ResidentSetSize of job (KB)
...
006 (8238717.005.000) 09/18 21:08:51 Image size of job updated: 731004
	645  -  MemoryUsage of job (MB)
	660344  -  ResidentSetSize of job (KB)
...
006 (8238717.009.000) 09/18 21:09:30 Image size of job updated: 658596
	643  -  MemoryUsage of job (MB)
	658208  -  ResidentSetSize of job (KB)
...
006 (8238717.008.000) 09/18 21:09:41 Image size of job updated: 661300
	642  -  MemoryUsage of job (MB)
	657092  -  ResidentSetSize of job (KB)
...
006 (8238717.002.000) 09/18 21:09:43 Image size of job updated: 659744
	643  -  MemoryUsage of job (MB)
	658124  -  ResidentSetSize of job (KB)
...
006 (8238717.010.000) 09/18 21:09:47 Image size of job updated: 661016
	646  -  MemoryUsage of job (MB)
	660500  -  ResidentSetSize of job (KB)
...
006 (8238717.012.000) 09/18 21:09:48 Image size of job updated: 656900
	642  -  MemoryUsage of job (MB)
	656396  -  ResidentSetSize of job (KB)
...
006 (8238717.011.000) 09/18 21:09:49 Image size of job updated: 659120
	644  -  MemoryUsage of job (MB)
	658540  -  ResidentSetSize of job (KB)
...
006 (8238717.013.000) 09/18 21:09:56 Image size of job updated: 698040
	641  -  MemoryUsage of job (MB)
	656060  -  ResidentSetSize of job (KB)
...
006 (8238717.014.000) 09/18 21:09:57 Image size of job updated: 668424
	644  -  MemoryUsage of job (MB)
	659072  -  ResidentSetSize of job (KB)
...
006 (8238717.016.000) 09/18 21:10:00 Image size of job updated: 684772
	641  -  MemoryUsage of job (MB)
	656176  -  ResidentSetSize of job (KB)
...
006 (8238717.017.000) 09/18 21:10:02 Image size of job updated: 675900
	644  -  MemoryUsage of job (MB)
	659004  -  ResidentSetSize of job (KB)
...
006 (8238717.018.000) 09/18 21:10:05 Image size of job updated: 701128
	643  -  MemoryUsage of job (MB)
	657516  -  ResidentSetSize of job (KB)
...
006 (8238717.015.000) 09/18 21:10:08 Image size of job updated: 727116
	644  -  MemoryUsage of job (MB)
	658912  -  ResidentSetSize of job (KB)
...
006 (8238717.007.000) 09/18 21:13:43 Image size of job updated: 730876
	648  -  MemoryUsage of job (MB)
	663324  -  ResidentSetSize of job (KB)
...
006 (8238717.006.000) 09/18 21:13:44 Image size of job updated: 733324
	647  -  MemoryUsage of job (MB)
	661628  -  ResidentSetSize of job (KB)
...
006 (8238717.001.000) 09/18 21:13:47 Image size of job updated: 724336
	642  -  MemoryUsage of job (MB)
	657408  -  ResidentSetSize of job (KB)
...
006 (8238717.004.000) 09/18 21:13:47 Image size of job updated: 659308
	643  -  MemoryUsage of job (MB)
	657672  -  ResidentSetSize of job (KB)
...
006 (8238717.000.000) 09/18 21:13:48 Image size of job updated: 737284
	645  -  MemoryUsage of job (MB)
	659968  -  ResidentSetSize of job (KB)
...
006 (8238717.005.000) 09/18 21:13:52 Image size of job updated: 731004
	645  -  MemoryUsage of job (MB)
	660368  -  ResidentSetSize of job (KB)
...
006 (8238717.009.000) 09/18 21:14:30 Image size of job updated: 658852
	644  -  MemoryUsage of job (MB)
	658464  -  ResidentSetSize of job (KB)
...
006 (8238717.008.000) 09/18 21:14:42 Image size of job updated: 661300
	642  -  MemoryUsage of job (MB)
	657116  -  ResidentSetSize of job (KB)
...
006 (8238717.002.000) 09/18 21:14:45 Image size of job updated: 659756
	643  -  MemoryUsage of job (MB)
	658136  -  ResidentSetSize of job (KB)
...
006 (8238717.010.000) 09/18 21:14:47 Image size of job updated: 661140
	646  -  MemoryUsage of job (MB)
	660624  -  ResidentSetSize of job (KB)
...
006 (8238717.012.000) 09/18 21:14:48 Image size of job updated: 657632
	642  -  MemoryUsage of job (MB)
	657128  -  ResidentSetSize of job (KB)
...
006 (8238717.011.000) 09/18 21:14:49 Image size of job updated: 659120
	644  -  MemoryUsage of job (MB)
	658768  -  ResidentSetSize of job (KB)
...
006 (8238717.013.000) 09/18 21:14:57 Image size of job updated: 698040
	641  -  MemoryUsage of job (MB)
	656156  -  ResidentSetSize of job (KB)
...
006 (8238717.014.000) 09/18 21:14:58 Image size of job updated: 668424
	644  -  MemoryUsage of job (MB)
	659304  -  ResidentSetSize of job (KB)
...
006 (8238717.016.000) 09/18 21:15:01 Image size of job updated: 684772
	641  -  MemoryUsage of job (MB)
	656356  -  ResidentSetSize of job (KB)
...
006 (8238717.017.000) 09/18 21:15:03 Image size of job updated: 675900
	644  -  MemoryUsage of job (MB)
	659008  -  ResidentSetSize of job (KB)
...
006 (8238717.018.000) 09/18 21:15:05 Image size of job updated: 701128
	643  -  MemoryUsage of job (MB)
	658140  -  ResidentSetSize of job (KB)
...
006 (8238717.015.000) 09/18 21:15:09 Image size of job updated: 727116
	645  -  MemoryUsage of job (MB)
	659796  -  ResidentSetSize of job (KB)
...
006 (8238717.007.000) 09/18 21:18:44 Image size of job updated: 730876
	648  -  MemoryUsage of job (MB)
	663388  -  ResidentSetSize of job (KB)
...
006 (8238717.006.000) 09/18 21:18:44 Image size of job updated: 735772
	649  -  MemoryUsage of job (MB)
	664096  -  ResidentSetSize of job (KB)
...
006 (8238717.001.000) 09/18 21:18:47 Image size of job updated: 724336
	643  -  MemoryUsage of job (MB)
	657508  -  ResidentSetSize of job (KB)
...
006 (8238717.004.000) 09/18 21:18:48 Image size of job updated: 659308
	643  -  MemoryUsage of job (MB)
	657712  -  ResidentSetSize of job (KB)
...
006 (8238717.000.000) 09/18 21:18:49 Image size of job updated: 737284
	645  -  MemoryUsage of job (MB)
	660008  -  ResidentSetSize of job (KB)
...
006 (8238717.003.000) 09/18 21:18:51 Image size of job updated: 726316
	644  -  MemoryUsage of job (MB)
	658720  -  ResidentSetSize of job (KB)
...
006 (8238717.005.000) 09/18 21:18:53 Image size of job updated: 731004
	645  -  MemoryUsage of job (MB)
	660408  -  ResidentSetSize of job (KB)
...
006 (8238717.009.000) 09/18 21:19:31 Image size of job updated: 662656
	647  -  MemoryUsage of job (MB)
	662268  -  ResidentSetSize of job (KB)
...
006 (8238717.008.000) 09/18 21:19:43 Image size of job updated: 661300
	642  -  MemoryUsage of job (MB)
	657124  -  ResidentSetSize of job (KB)
...
006 (8238717.002.000) 09/18 21:19:45 Image size of job updated: 659784
	643  -  MemoryUsage of job (MB)
	658164  -  ResidentSetSize of job (KB)
...
006 (8238717.010.000) 09/18 21:19:48 Image size of job updated: 661312
	646  -  MemoryUsage of job (MB)
	660796  -  ResidentSetSize of job (KB)
...
006 (8238717.013.000) 09/18 21:19:57 Image size of job updated: 698040
	641  -  MemoryUsage of job (MB)
	656172  -  ResidentSetSize of job (KB)
...
006 (8238717.016.000) 09/18 21:20:01 Image size of job updated: 684772
	642  -  MemoryUsage of job (MB)
	656408  -  ResidentSetSize of job (KB)
...
006 (8238717.017.000) 09/18 21:20:04 Image size of job updated: 675900
	644  -  MemoryUsage of job (MB)
	659012  -  ResidentSetSize of job (KB)
...
006 (8238717.015.000) 09/18 21:20:09 Image size of job updated: 727116
	645  -  MemoryUsage of job (MB)
	659812  -  ResidentSetSize of job (KB)
...
005 (8238717.007.000) 09/18 21:21:49 Job terminated.
	(1) Normal termination (return value 0)
		Usr 0 00:36:25, Sys 0 00:00:23  -  Run Remote Usage
		Usr 0 00:00:00, Sys 0 00:00:00  -  Run Local Usage
		Usr 0 00:36:25, Sys 0 00:00:23  -  Total Remote Usage
		Usr 0 00:00:00, Sys 0 00:00:00  -  Total Local Usage
	0  -  Run Bytes Sent By Job
	0  -  Run Bytes Received By Job
	0  -  Total Bytes Sent By Job
	0  -  Total Bytes Received By Job
	Partitionable Resources :    Usage  Request Allocated 
	   Cpus                 :     0.81        1         1 
	   Disk (KB)            :     1     2560000   2870666 
	   Memory (MB)          :   648        4096      4096 
...
005 (8238717.005.000) 09/18 21:23:16 Job terminated.
	(1) Normal termination (return value 0)
		Usr 0 00:37:19, Sys 0 00:00:20  -  Run Remote Usage
		Usr 0 00:00:00, Sys 0 00:00:00  -  Run Local Usage
		Usr 0 00:37:19, Sys 0 00:00:20  -  Total Remote Usage
		Usr 0 00:00:00, Sys 0 00:00:00  -  Total Local Usage
	0  -  Run Bytes Sent By Job
	0  -  Run Bytes Received By Job
	0  -  Total Bytes Sent By Job
	0  -  Total Bytes Received By Job
	Partitionable Resources :    Usage  Request Allocated 
	   Cpus                 :     1.00        1         1 
	   Disk (KB)            :     1     2560000   2866763 
	   Memory (MB)          :   645        4096      4096 
...
006 (8238717.006.000) 09/18 21:23:45 Image size of job updated: 735780
	649  -  MemoryUsage of job (MB)
	664104  -  ResidentSetSize of job (KB)
...
006 (8238717.001.000) 09/18 21:23:47 Image size of job updated: 724336
	643  -  MemoryUsage of job (MB)
	657512  -  ResidentSetSize of job (KB)
...
006 (8238717.003.000) 09/18 21:23:51 Image size of job updated: 726316
	644  -  MemoryUsage of job (MB)
	658744  -  ResidentSetSize of job (KB)
...
006 (8238717.009.000) 09/18 21:24:32 Image size of job updated: 662660
	647  -  MemoryUsage of job (MB)
	662272  -  ResidentSetSize of job (KB)
...
006 (8238717.008.000) 09/18 21:24:44 Image size of job updated: 661300
	642  -  MemoryUsage of job (MB)
	657164  -  ResidentSetSize of job (KB)
...
006 (8238717.002.000) 09/18 21:24:45 Image size of job updated: 659812
	643  -  MemoryUsage of job (MB)
	658192  -  ResidentSetSize of job (KB)
...
006 (8238717.012.000) 09/18 21:24:50 Image size of job updated: 657640
	642  -  MemoryUsage of job (MB)
	657136  -  ResidentSetSize of job (KB)
...
006 (8238717.011.000) 09/18 21:24:50 Image size of job updated: 659120
	644  -  MemoryUsage of job (MB)
	658776  -  ResidentSetSize of job (KB)
...
006 (8238717.013.000) 09/18 21:24:58 Image size of job updated: 698040
	641  -  MemoryUsage of job (MB)
	656188  -  ResidentSetSize of job (KB)
...
006 (8238717.014.000) 09/18 21:25:00 Image size of job updated: 668424
	644  -  MemoryUsage of job (MB)
	659308  -  ResidentSetSize of job (KB)
...
006 (8238717.016.000) 09/18 21:25:02 Image size of job updated: 684772
	642  -  MemoryUsage of job (MB)
	656420  -  ResidentSetSize of job (KB)
...
006 (8238717.017.000) 09/18 21:25:04 Image size of job updated: 675900
	644  -  MemoryUsage of job (MB)
	659016  -  ResidentSetSize of job (KB)
...
006 (8238717.018.000) 09/18 21:25:06 Image size of job updated: 701128
	643  -  MemoryUsage of job (MB)
	658160  -  ResidentSetSize of job (KB)
...
006 (8238717.015.000) 09/18 21:25:10 Image size of job updated: 727116
	645  -  MemoryUsage of job (MB)
	659836  -  ResidentSetSize of job (KB)
...
005 (8238717.006.000) 09/18 21:26:03 Job terminated.
	(1) Normal termination (return value 0)
		Usr 0 00:40:32, Sys 0 00:00:20  -  Run Remote Usage
		Usr 0 00:00:00, Sys 0 00:00:00  -  Run Local Usage
		Usr 0 00:40:32, Sys 0 00:00:20  -  Total Remote Usage
		Usr 0 00:00:00, Sys 0 00:00:00  -  Total Local Usage
	0  -  Run Bytes Sent By Job
	0  -  Run Bytes Received By Job
	0  -  Total Bytes Sent By Job
	0  -  Total Bytes Received By Job
	Partitionable Resources :    Usage  Request Allocated 
	   Cpus                 :     0.99        1         1 
	   Disk (KB)            :     1     2560000   2873749 
	   Memory (MB)          :   649        4096      4096 
...
005 (8238717.000.000) 09/18 21:26:53 Job terminated.
	(1) Normal termination (return value 0)
		Usr 0 00:41:08, Sys 0 00:00:26  -  Run Remote Usage
		Usr 0 00:00:00, Sys 0 00:00:00  -  Run Local Usage
		Usr 0 00:41:08, Sys 0 00:00:26  -  Total Remote Usage
		Usr 0 00:00:00, Sys 0 00:00:00  -  Total Local Usage
	0  -  Run Bytes Sent By Job
	0  -  Run Bytes Received By Job
	0  -  Total Bytes Sent By Job
	0  -  Total Bytes Received By Job
	Partitionable Resources :    Usage  Request Allocated 
	   Cpus                 :     0.93        1         1 
	   Disk (KB)            :     1     2560000   2675382 
	   Memory (MB)          :   645        4096      4096 
...
006 (8238717.004.000) 09/18 21:28:48 Image size of job updated: 659308
	643  -  MemoryUsage of job (MB)
	657728  -  ResidentSetSize of job (KB)
...
006 (8238717.009.000) 09/18 21:29:32 Image size of job updated: 662664
	647  -  MemoryUsage of job (MB)
	662276  -  ResidentSetSize of job (KB)
...
006 (8238717.008.000) 09/18 21:29:44 Image size of job updated: 661300
	642  -  MemoryUsage of job (MB)
	657224  -  ResidentSetSize of job (KB)
...
006 (8238717.012.000) 09/18 21:29:50 Image size of job updated: 664352
	649  -  MemoryUsage of job (MB)
	663960  -  ResidentSetSize of job (KB)
...
006 (8238717.011.000) 09/18 21:29:52 Image size of job updated: 659120
	644  -  MemoryUsage of job (MB)
	658784  -  ResidentSetSize of job (KB)
...
006 (8238717.013.000) 09/18 21:29:59 Image size of job updated: 698040
	641  -  MemoryUsage of job (MB)
	656196  -  ResidentSetSize of job (KB)
...
006 (8238717.014.000) 09/18 21:30:00 Image size of job updated: 668424
	644  -  MemoryUsage of job (MB)
	659336  -  ResidentSetSize of job (KB)
...
006 (8238717.016.000) 09/18 21:30:02 Image size of job updated: 684772
	642  -  MemoryUsage of job (MB)
	656432  -  ResidentSetSize of job (KB)
...
006 (8238717.018.000) 09/18 21:30:07 Image size of job updated: 701128
	643  -  MemoryUsage of job (MB)
	658168  -  ResidentSetSize of job (KB)
...
005 (8238717.018.000) 09/18 21:33:45 Job terminated.
	(1) Normal termination (return value 0)
		Usr 0 00:47:13, Sys 0 00:00:18  -  Run Remote Usage
		Usr 0 00:00:00, Sys 0 00:00:00  -  Run Local Usage
		Usr 0 00:47:13, Sys 0 00:00:18  -  Total Remote Usage
		Usr 0 00:00:00, Sys 0 00:00:00  -  Total Local Usage
	0  -  Run Bytes Sent By Job
	0  -  Run Bytes Received By Job
	0  -  Total Bytes Sent By Job
	0  -  Total Bytes Received By Job
	Partitionable Resources :    Usage  Request Allocated 
	   Cpus                 :     1.00        1         1 
	   Disk (KB)            :     1     2560000   3112449 
	   Memory (MB)          :   643        4096      4096 
...
006 (8238717.004.000) 09/18 21:33:48 Image size of job updated: 659444
	643  -  MemoryUsage of job (MB)
	657932  -  ResidentSetSize of job (KB)
...
006 (8238717.001.000) 09/18 21:33:48 Image size of job updated: 724336
	643  -  MemoryUsage of job (MB)
	657520  -  ResidentSetSize of job (KB)
...
006 (8238717.008.000) 09/18 21:34:44 Image size of job updated: 661300
	642  -  MemoryUsage of job (MB)
	657228  -  ResidentSetSize of job (KB)
...
006 (8238717.010.000) 09/18 21:34:50 Image size of job updated: 661312
	646  -  MemoryUsage of job (MB)
	660816  -  ResidentSetSize of job (KB)
...
006 (8238717.012.000) 09/18 21:34:51 Image size of job updated: 664352
	649  -  MemoryUsage of job (MB)
	663964  -  ResidentSetSize of job (KB)
...
006 (8238717.013.000) 09/18 21:34:59 Image size of job updated: 698040
	641  -  MemoryUsage of job (MB)
	656200  -  ResidentSetSize of job (KB)
...
006 (8238717.016.000) 09/18 21:35:03 Image size of job updated: 684772
	642  -  MemoryUsage of job (MB)
	656440  -  ResidentSetSize of job (KB)
...
006 (8238717.017.000) 09/18 21:35:05 Image size of job updated: 675900
	644  -  MemoryUsage of job (MB)
	659072  -  ResidentSetSize of job (KB)
...
006 (8238717.004.000) 09/18 21:38:48 Image size of job updated: 659596
	643  -  MemoryUsage of job (MB)
	658084  -  ResidentSetSize of job (KB)
...
006 (8238717.001.000) 09/18 21:38:49 Image size of job updated: 724336
	643  -  MemoryUsage of job (MB)
	657524  -  ResidentSetSize of job (KB)
...
006 (8238717.009.000) 09/18 21:39:33 Image size of job updated: 662688
	647  -  MemoryUsage of job (MB)
	662304  -  ResidentSetSize of job (KB)
...
006 (8238717.010.000) 09/18 21:39:51 Image size of job updated: 664960
	650  -  MemoryUsage of job (MB)
	664712  -  ResidentSetSize of job (KB)
...
006 (8238717.014.000) 09/18 21:40:02 Image size of job updated: 668424
	644  -  MemoryUsage of job (MB)
	659364  -  ResidentSetSize of job (KB)
...
006 (8238717.016.000) 09/18 21:40:04 Image size of job updated: 684772
	642  -  MemoryUsage of job (MB)
	656444  -  ResidentSetSize of job (KB)
...
006 (8238717.015.000) 09/18 21:40:12 Image size of job updated: 727116
	645  -  MemoryUsage of job (MB)
	659852  -  ResidentSetSize of job (KB)
...
005 (8238717.003.000) 09/18 21:40:59 Job terminated.
	(1) Normal termination (return value 0)
		Usr 0 00:54:55, Sys 0 00:00:23  -  Run Remote Usage
		Usr 0 00:00:00, Sys 0 00:00:00  -  Run Local Usage
		Usr 0 00:54:55, Sys 0 00:00:23  -  Total Remote Usage
		Usr 0 00:00:00, Sys 0 00:00:00  -  Total Local Usage
	0  -  Run Bytes Sent By Job
	0  -  Run Bytes Received By Job
	0  -  Total Bytes Sent By Job
	0  -  Total Bytes Received By Job
	Partitionable Resources :    Usage  Request Allocated 
	   Cpus                 :     1.00        1         1 
	   Disk (KB)            :     1     2560000   3103589 
	   Memory (MB)          :   644        4096      4096 
...
005 (8238717.010.000) 09/18 21:41:10 Job terminated.
	(1) Normal termination (return value 0)
		Usr 0 00:54:52, Sys 0 00:00:23  -  Run Remote Usage
		Usr 0 00:00:00, Sys 0 00:00:00  -  Run Local Usage
		Usr 0 00:54:52, Sys 0 00:00:23  -  Total Remote Usage
		Usr 0 00:00:00, Sys 0 00:00:00  -  Total Local Usage
	0  -  Run Bytes Sent By Job
	0  -  Run Bytes Received By Job
	0  -  Total Bytes Sent By Job
	0  -  Total Bytes Received By Job
	Partitionable Resources :    Usage  Request Allocated 
	   Cpus                 :     0.98        1         1 
	   Disk (KB)            :     1     2560000   3112449 
	   Memory (MB)          :   650        4096      4096 
...
006 (8238717.009.000) 09/18 21:41:15 Image size of job updated: 664496
	647  -  MemoryUsage of job (MB)
	662304  -  ResidentSetSize of job (KB)
...
005 (8238717.009.000) 09/18 21:41:15 Job terminated.
	(1) Normal termination (return value 0)
		Usr 0 00:54:59, Sys 0 00:00:21  -  Run Remote Usage
		Usr 0 00:00:00, Sys 0 00:00:00  -  Run Local Usage
		Usr 0 00:54:59, Sys 0 00:00:21  -  Total Remote Usage
		Usr 0 00:00:00, Sys 0 00:00:00  -  Total Local Usage
	0  -  Run Bytes Sent By Job
	0  -  Run Bytes Received By Job
	0  -  Total Bytes Sent By Job
	0  -  Total Bytes Received By Job
	Partitionable Resources :    Usage  Request Allocated 
	   Cpus                 :     0.99        1         1 
	   Disk (KB)            :     1     2560000   3112449 
	   Memory (MB)          :   647        4096      4096 
...
005 (8238717.004.000) 09/18 21:41:35 Job terminated.
	(1) Normal termination (return value 0)
		Usr 0 00:53:22, Sys 0 00:00:36  -  Run Remote Usage
		Usr 0 00:00:00, Sys 0 00:00:00  -  Run Local Usage
		Usr 0 00:53:22, Sys 0 00:00:36  -  Total Remote Usage
		Usr 0 00:00:00, Sys 0 00:00:00  -  Total Local Usage
	0  -  Run Bytes Sent By Job
	0  -  Run Bytes Received By Job
	0  -  Total Bytes Sent By Job
	0  -  Total Bytes Received By Job
	Partitionable Resources :    Usage  Request Allocated 
	   Cpus                 :     0.93        1         1 
	   Disk (KB)            :     1     2560000   3104725 
	   Memory (MB)          :   643        4096      4096 
...
005 (8238717.008.000) 09/18 21:41:49 Job terminated.
	(1) Normal termination (return value 0)
		Usr 0 00:55:54, Sys 0 00:00:22  -  Run Remote Usage
		Usr 0 00:00:00, Sys 0 00:00:00  -  Run Local Usage
		Usr 0 00:55:54, Sys 0 00:00:22  -  Total Remote Usage
		Usr 0 00:00:00, Sys 0 00:00:00  -  Total Local Usage
	0  -  Run Bytes Sent By Job
	0  -  Run Bytes Received By Job
	0  -  Total Bytes Sent By Job
	0  -  Total Bytes Received By Job
	Partitionable Resources :    Usage  Request Allocated 
	   Cpus                 :     0.99        1         1 
	   Disk (KB)            :     1     2560000   3107115 
	   Memory (MB)          :   642        4096      4096 
...
005 (8238717.014.000) 09/18 21:41:52 Job terminated.
	(1) Normal termination (return value 0)
		Usr 0 00:55:20, Sys 0 00:00:20  -  Run Remote Usage
		Usr 0 00:00:00, Sys 0 00:00:00  -  Run Local Usage
		Usr 0 00:55:20, Sys 0 00:00:20  -  Total Remote Usage
		Usr 0 00:00:00, Sys 0 00:00:00  -  Total Local Usage
	0  -  Run Bytes Sent By Job
	0  -  Run Bytes Received By Job
	0  -  Total Bytes Sent By Job
	0  -  Total Bytes Received By Job
	Partitionable Resources :    Usage  Request Allocated 
	   Cpus                 :     0.98        1         1 
	   Disk (KB)            :     1     2560000   3112449 
	   Memory (MB)          :   644        4096      4096 
...
005 (8238717.016.000) 09/18 21:42:11 Job terminated.
	(1) Normal termination (return value 0)
		Usr 0 00:56:11, Sys 0 00:00:24  -  Run Remote Usage
		Usr 0 00:00:00, Sys 0 00:00:00  -  Run Local Usage
		Usr 0 00:56:11, Sys 0 00:00:24  -  Total Remote Usage
		Usr 0 00:00:00, Sys 0 00:00:00  -  Total Local Usage
	0  -  Run Bytes Sent By Job
	0  -  Run Bytes Received By Job
	0  -  Total Bytes Sent By Job
	0  -  Total Bytes Received By Job
	Partitionable Resources :    Usage  Request Allocated 
	   Cpus                 :     0.99        1         1 
	   Disk (KB)            :     1     2560000   3107115 
	   Memory (MB)          :   642        4096      4096 
...
005 (8238717.017.000) 09/18 21:42:18 Job terminated.
	(1) Normal termination (return value 0)
		Usr 0 00:55:37, Sys 0 00:00:23  -  Run Remote Usage
		Usr 0 00:00:00, Sys 0 00:00:00  -  Run Local Usage
		Usr 0 00:55:37, Sys 0 00:00:23  -  Total Remote Usage
		Usr 0 00:00:00, Sys 0 00:00:00  -  Total Local Usage
	0  -  Run Bytes Sent By Job
	0  -  Run Bytes Received By Job
	0  -  Total Bytes Sent By Job
	0  -  Total Bytes Received By Job
	Partitionable Resources :    Usage  Request Allocated 
	   Cpus                 :     1.00        1         1 
	   Disk (KB)            :     1     2560000   3112449 
	   Memory (MB)          :   644        4096      4096 
...
006 (8238717.011.000) 09/18 21:42:19 Image size of job updated: 741648
	644  -  MemoryUsage of job (MB)
	658784  -  ResidentSetSize of job (KB)
...
005 (8238717.011.000) 09/18 21:42:19 Job terminated.
	(1) Normal termination (return value 0)
		Usr 0 00:56:38, Sys 0 00:00:21  -  Run Remote Usage
		Usr 0 00:00:00, Sys 0 00:00:00  -  Run Local Usage
		Usr 0 00:56:38, Sys 0 00:00:21  -  Total Remote Usage
		Usr 0 00:00:00, Sys 0 00:00:00  -  Total Local Usage
	0  -  Run Bytes Sent By Job
	0  -  Run Bytes Received By Job
	0  -  Total Bytes Sent By Job
	0  -  Total Bytes Received By Job
	Partitionable Resources :    Usage  Request Allocated 
	   Cpus                 :     0.99        1         1 
	   Disk (KB)            :     1     2560000   3107115 
	   Memory (MB)          :   644        4096      4096 
...
005 (8238717.002.000) 09/18 21:42:28 Job terminated.
	(1) Normal termination (return value 0)
		Usr 0 00:55:34, Sys 0 00:00:22  -  Run Remote Usage
		Usr 0 00:00:00, Sys 0 00:00:00  -  Run Local Usage
		Usr 0 00:55:34, Sys 0 00:00:22  -  Total Remote Usage
		Usr 0 00:00:00, Sys 0 00:00:00  -  Total Local Usage
	0  -  Run Bytes Sent By Job
	0  -  Run Bytes Received By Job
	0  -  Total Bytes Sent By Job
	0  -  Total Bytes Received By Job
	Partitionable Resources :    Usage  Request Allocated 
	   Cpus                 :     1.00        1         1 
	   Disk (KB)            :     1     2560000   3106900 
	   Memory (MB)          :   643        4096      4096 
...
005 (8238717.001.000) 09/18 21:42:52 Job terminated.
	(1) Normal termination (return value 0)
		Usr 0 00:55:59, Sys 0 00:00:22  -  Run Remote Usage
		Usr 0 00:00:00, Sys 0 00:00:00  -  Run Local Usage
		Usr 0 00:55:59, Sys 0 00:00:22  -  Total Remote Usage
		Usr 0 00:00:00, Sys 0 00:00:00  -  Total Local Usage
	0  -  Run Bytes Sent By Job
	0  -  Run Bytes Received By Job
	0  -  Total Bytes Sent By Job
	0  -  Total Bytes Received By Job
	Partitionable Resources :    Usage  Request Allocated 
	   Cpus                 :     0.99        1         1 
	   Disk (KB)            :     1     2560000   3110635 
	   Memory (MB)          :   643        4096      4096 
...
005 (8238717.015.000) 09/18 21:43:01 Job terminated.
	(1) Normal termination (return value 0)
		Usr 0 00:55:21, Sys 0 00:00:23  -  Run Remote Usage
		Usr 0 00:00:00, Sys 0 00:00:00  -  Run Local Usage
		Usr 0 00:55:21, Sys 0 00:00:23  -  Total Remote Usage
		Usr 0 00:00:00, Sys 0 00:00:00  -  Total Local Usage
	0  -  Run Bytes Sent By Job
	0  -  Run Bytes Received By Job
	0  -  Total Bytes Sent By Job
	0  -  Total Bytes Received By Job
	Partitionable Resources :    Usage  Request Allocated 
	   Cpus                 :     1.00        1         1 
	   Disk (KB)            :     1     2560000   3106900 
	   Memory (MB)          :   645        4096      4096 
...
005 (8238717.013.000) 09/18 21:43:08 Job terminated.
	(1) Normal termination (return value 0)
		Usr 0 00:57:06, Sys 0 00:00:24  -  Run Remote Usage
		Usr 0 00:00:00, Sys 0 00:00:00  -  Run Local Usage
		Usr 0 00:57:06, Sys 0 00:00:24  -  Total Remote Usage
		Usr 0 00:00:00, Sys 0 00:00:00  -  Total Local Usage
	0  -  Run Bytes Sent By Job
	0  -  Run Bytes Received By Job
	0  -  Total Bytes Sent By Job
	0  -  Total Bytes Received By Job
	Partitionable Resources :    Usage  Request Allocated 
	   Cpus                 :     0.88        1         1 
	   Disk (KB)            :     1     2560000   3107115 
	   Memory (MB)          :   641        4096      4096 
...
005 (8238717.012.000) 09/18 21:44:11 Job terminated.
	(1) Normal termination (return value 0)
		Usr 0 00:57:10, Sys 0 00:00:24  -  Run Remote Usage
		Usr 0 00:00:00, Sys 0 00:00:00  -  Run Local Usage
		Usr 0 00:57:10, Sys 0 00:00:24  -  Total Remote Usage
		Usr 0 00:00:00, Sys 0 00:00:00  -  Total Local Usage
	0  -  Run Bytes Sent By Job
	0  -  Run Bytes Received By Job
	0  -  Total Bytes Sent By Job
	0  -  Total Bytes Received By Job
	Partitionable Resources :    Usage  Request Allocated 
	   Cpus                 :     0.99        1         1 
	   Disk (KB)            :     1     2560000   3106900 
	   Memory (MB)          :   649        4096      4096 
...
