hadd Target file: /nfs/dust/cms/user/schwarzd/MTopJet/Selection/muon/uhh2.AnalysisModuleRunner.MC.TTbar_mtop1665.root
hadd compression setting for all ouput: 1
hadd Source file 1: /nfs/dust/cms/user/schwarzd/MTopJet/Selection/muon/SelMu_workdir/uhh2.AnalysisModuleRunner.MC.TTbar_mtop1665_0.root
hadd Source file 2: /nfs/dust/cms/user/schwarzd/MTopJet/Selection/muon/SelMu_workdir/uhh2.AnalysisModuleRunner.MC.TTbar_mtop1665_1.root
hadd Source file 3: /nfs/dust/cms/user/schwarzd/MTopJet/Selection/muon/SelMu_workdir/uhh2.AnalysisModuleRunner.MC.TTbar_mtop1665_2.root
hadd Source file 4: /nfs/dust/cms/user/schwarzd/MTopJet/Selection/muon/SelMu_workdir/uhh2.AnalysisModuleRunner.MC.TTbar_mtop1665_3.root
hadd Source file 5: /nfs/dust/cms/user/schwarzd/MTopJet/Selection/muon/SelMu_workdir/uhh2.AnalysisModuleRunner.MC.TTbar_mtop1665_4.root
hadd Source file 6: /nfs/dust/cms/user/schwarzd/MTopJet/Selection/muon/SelMu_workdir/uhh2.AnalysisModuleRunner.MC.TTbar_mtop1665_5.root
hadd Source file 7: /nfs/dust/cms/user/schwarzd/MTopJet/Selection/muon/SelMu_workdir/uhh2.AnalysisModuleRunner.MC.TTbar_mtop1665_6.root
hadd Source file 8: /nfs/dust/cms/user/schwarzd/MTopJet/Selection/muon/SelMu_workdir/uhh2.AnalysisModuleRunner.MC.TTbar_mtop1665_7.root
hadd Source file 9: /nfs/dust/cms/user/schwarzd/MTopJet/Selection/muon/SelMu_workdir/uhh2.AnalysisModuleRunner.MC.TTbar_mtop1665_8.root
hadd Source file 10: /nfs/dust/cms/user/schwarzd/MTopJet/Selection/muon/SelMu_workdir/uhh2.AnalysisModuleRunner.MC.TTbar_mtop1665_9.root
hadd Source file 11: /nfs/dust/cms/user/schwarzd/MTopJet/Selection/muon/SelMu_workdir/uhh2.AnalysisModuleRunner.MC.TTbar_mtop1665_10.root
hadd Source file 12: /nfs/dust/cms/user/schwarzd/MTopJet/Selection/muon/SelMu_workdir/uhh2.AnalysisModuleRunner.MC.TTbar_mtop1665_11.root
hadd Source file 13: /nfs/dust/cms/user/schwarzd/MTopJet/Selection/muon/SelMu_workdir/uhh2.AnalysisModuleRunner.MC.TTbar_mtop1665_12.root
hadd Source file 14: /nfs/dust/cms/user/schwarzd/MTopJet/Selection/muon/SelMu_workdir/uhh2.AnalysisModuleRunner.MC.TTbar_mtop1665_13.root
hadd Source file 15: /nfs/dust/cms/user/schwarzd/MTopJet/Selection/muon/SelMu_workdir/uhh2.AnalysisModuleRunner.MC.TTbar_mtop1665_14.root
hadd Source file 16: /nfs/dust/cms/user/schwarzd/MTopJet/Selection/muon/SelMu_workdir/uhh2.AnalysisModuleRunner.MC.TTbar_mtop1665_15.root
hadd Source file 17: /nfs/dust/cms/user/schwarzd/MTopJet/Selection/muon/SelMu_workdir/uhh2.AnalysisModuleRunner.MC.TTbar_mtop1665_16.root
hadd Source file 18: /nfs/dust/cms/user/schwarzd/MTopJet/Selection/muon/SelMu_workdir/uhh2.AnalysisModuleRunner.MC.TTbar_mtop1665_17.root
hadd Source file 19: /nfs/dust/cms/user/schwarzd/MTopJet/Selection/muon/SelMu_workdir/uhh2.AnalysisModuleRunner.MC.TTbar_mtop1665_18.root
hadd Source file 20: /nfs/dust/cms/user/schwarzd/MTopJet/Selection/muon/SelMu_workdir/uhh2.AnalysisModuleRunner.MC.TTbar_mtop1665_19.root
hadd Source file 21: /nfs/dust/cms/user/schwarzd/MTopJet/Selection/muon/SelMu_workdir/uhh2.AnalysisModuleRunner.MC.TTbar_mtop1665_20.root
hadd Target path: /nfs/dust/cms/user/schwarzd/MTopJet/Selection/muon/uhh2.AnalysisModuleRunner.MC.TTbar_mtop1665.root:/
hadd Target path: /nfs/dust/cms/user/schwarzd/MTopJet/Selection/muon/uhh2.AnalysisModuleRunner.MC.TTbar_mtop1665.root:/EffiHists
hadd Target path: /nfs/dust/cms/user/schwarzd/MTopJet/Selection/muon/uhh2.AnalysisModuleRunner.MC.TTbar_mtop1665.root:/EffiHists/BTag
hadd Target path: /nfs/dust/cms/user/schwarzd/MTopJet/Selection/muon/uhh2.AnalysisModuleRunner.MC.TTbar_mtop1665.root:/h_cuts_all
hadd Target path: /nfs/dust/cms/user/schwarzd/MTopJet/Selection/muon/uhh2.AnalysisModuleRunner.MC.TTbar_mtop1665.root:/h_cuts_all_but_2D
hadd Target path: /nfs/dust/cms/user/schwarzd/MTopJet/Selection/muon/uhh2.AnalysisModuleRunner.MC.TTbar_mtop1665.root:/h_cuts_all_but_met
hadd Target path: /nfs/dust/cms/user/schwarzd/MTopJet/Selection/muon/uhh2.AnalysisModuleRunner.MC.TTbar_mtop1665.root:/h_cuts_all_but_btag
hadd Target path: /nfs/dust/cms/user/schwarzd/MTopJet/Selection/muon/uhh2.AnalysisModuleRunner.MC.TTbar_mtop1665.root:/00_PreSel_Event
hadd Target path: /nfs/dust/cms/user/schwarzd/MTopJet/Selection/muon/uhh2.AnalysisModuleRunner.MC.TTbar_mtop1665.root:/00_PreSel_Elec
hadd Target path: /nfs/dust/cms/user/schwarzd/MTopJet/Selection/muon/uhh2.AnalysisModuleRunner.MC.TTbar_mtop1665.root:/00_PreSel_Muon
hadd Target path: /nfs/dust/cms/user/schwarzd/MTopJet/Selection/muon/uhh2.AnalysisModuleRunner.MC.TTbar_mtop1665.root:/00_PreSel_Jets
hadd Target path: /nfs/dust/cms/user/schwarzd/MTopJet/Selection/muon/uhh2.AnalysisModuleRunner.MC.TTbar_mtop1665.root:/00_PreSel_lumi
hadd Target path: /nfs/dust/cms/user/schwarzd/MTopJet/Selection/muon/uhh2.AnalysisModuleRunner.MC.TTbar_mtop1665.root:/01_Cleaner_Event
hadd Target path: /nfs/dust/cms/user/schwarzd/MTopJet/Selection/muon/uhh2.AnalysisModuleRunner.MC.TTbar_mtop1665.root:/01_Cleaner_Elec
hadd Target path: /nfs/dust/cms/user/schwarzd/MTopJet/Selection/muon/uhh2.AnalysisModuleRunner.MC.TTbar_mtop1665.root:/01_Cleaner_Muon
hadd Target path: /nfs/dust/cms/user/schwarzd/MTopJet/Selection/muon/uhh2.AnalysisModuleRunner.MC.TTbar_mtop1665.root:/01_Cleaner_Jets
hadd Target path: /nfs/dust/cms/user/schwarzd/MTopJet/Selection/muon/uhh2.AnalysisModuleRunner.MC.TTbar_mtop1665.root:/01_Cleaner_lumi
hadd Target path: /nfs/dust/cms/user/schwarzd/MTopJet/Selection/muon/uhh2.AnalysisModuleRunner.MC.TTbar_mtop1665.root:/02_Trigger_Event
hadd Target path: /nfs/dust/cms/user/schwarzd/MTopJet/Selection/muon/uhh2.AnalysisModuleRunner.MC.TTbar_mtop1665.root:/02_Trigger_Elec
hadd Target path: /nfs/dust/cms/user/schwarzd/MTopJet/Selection/muon/uhh2.AnalysisModuleRunner.MC.TTbar_mtop1665.root:/02_Trigger_Muon
hadd Target path: /nfs/dust/cms/user/schwarzd/MTopJet/Selection/muon/uhh2.AnalysisModuleRunner.MC.TTbar_mtop1665.root:/02_Trigger_Jets
hadd Target path: /nfs/dust/cms/user/schwarzd/MTopJet/Selection/muon/uhh2.AnalysisModuleRunner.MC.TTbar_mtop1665.root:/02_Trigger_lumi
hadd Target path: /nfs/dust/cms/user/schwarzd/MTopJet/Selection/muon/uhh2.AnalysisModuleRunner.MC.TTbar_mtop1665.root:/03_Lepton_Event
hadd Target path: /nfs/dust/cms/user/schwarzd/MTopJet/Selection/muon/uhh2.AnalysisModuleRunner.MC.TTbar_mtop1665.root:/03_Lepton_Elec
hadd Target path: /nfs/dust/cms/user/schwarzd/MTopJet/Selection/muon/uhh2.AnalysisModuleRunner.MC.TTbar_mtop1665.root:/03_Lepton_Muon
hadd Target path: /nfs/dust/cms/user/schwarzd/MTopJet/Selection/muon/uhh2.AnalysisModuleRunner.MC.TTbar_mtop1665.root:/03_Lepton_Jets
hadd Target path: /nfs/dust/cms/user/schwarzd/MTopJet/Selection/muon/uhh2.AnalysisModuleRunner.MC.TTbar_mtop1665.root:/03_Lepton_lumi
hadd Target path: /nfs/dust/cms/user/schwarzd/MTopJet/Selection/muon/uhh2.AnalysisModuleRunner.MC.TTbar_mtop1665.root:/04_Jet_Event
hadd Target path: /nfs/dust/cms/user/schwarzd/MTopJet/Selection/muon/uhh2.AnalysisModuleRunner.MC.TTbar_mtop1665.root:/04_Jet_Elec
hadd Target path: /nfs/dust/cms/user/schwarzd/MTopJet/Selection/muon/uhh2.AnalysisModuleRunner.MC.TTbar_mtop1665.root:/04_Jet_Muon
hadd Target path: /nfs/dust/cms/user/schwarzd/MTopJet/Selection/muon/uhh2.AnalysisModuleRunner.MC.TTbar_mtop1665.root:/04_Jet_Jets
hadd Target path: /nfs/dust/cms/user/schwarzd/MTopJet/Selection/muon/uhh2.AnalysisModuleRunner.MC.TTbar_mtop1665.root:/04_Jet_lumi
hadd Target path: /nfs/dust/cms/user/schwarzd/MTopJet/Selection/muon/uhh2.AnalysisModuleRunner.MC.TTbar_mtop1665.root:/05_TwoD_Event
hadd Target path: /nfs/dust/cms/user/schwarzd/MTopJet/Selection/muon/uhh2.AnalysisModuleRunner.MC.TTbar_mtop1665.root:/05_TwoD_Elec
hadd Target path: /nfs/dust/cms/user/schwarzd/MTopJet/Selection/muon/uhh2.AnalysisModuleRunner.MC.TTbar_mtop1665.root:/05_TwoD_Muon
hadd Target path: /nfs/dust/cms/user/schwarzd/MTopJet/Selection/muon/uhh2.AnalysisModuleRunner.MC.TTbar_mtop1665.root:/05_TwoD_Jets
hadd Target path: /nfs/dust/cms/user/schwarzd/MTopJet/Selection/muon/uhh2.AnalysisModuleRunner.MC.TTbar_mtop1665.root:/05_TwoD_lumi
hadd Target path: /nfs/dust/cms/user/schwarzd/MTopJet/Selection/muon/uhh2.AnalysisModuleRunner.MC.TTbar_mtop1665.root:/06_MET_Event
hadd Target path: /nfs/dust/cms/user/schwarzd/MTopJet/Selection/muon/uhh2.AnalysisModuleRunner.MC.TTbar_mtop1665.root:/06_MET_Elec
hadd Target path: /nfs/dust/cms/user/schwarzd/MTopJet/Selection/muon/uhh2.AnalysisModuleRunner.MC.TTbar_mtop1665.root:/06_MET_Muon
hadd Target path: /nfs/dust/cms/user/schwarzd/MTopJet/Selection/muon/uhh2.AnalysisModuleRunner.MC.TTbar_mtop1665.root:/06_MET_Jets
hadd Target path: /nfs/dust/cms/user/schwarzd/MTopJet/Selection/muon/uhh2.AnalysisModuleRunner.MC.TTbar_mtop1665.root:/06_MET_lumi
hadd Target path: /nfs/dust/cms/user/schwarzd/MTopJet/Selection/muon/uhh2.AnalysisModuleRunner.MC.TTbar_mtop1665.root:/07_HTlep_Event
hadd Target path: /nfs/dust/cms/user/schwarzd/MTopJet/Selection/muon/uhh2.AnalysisModuleRunner.MC.TTbar_mtop1665.root:/07_HTlep_Elec
hadd Target path: /nfs/dust/cms/user/schwarzd/MTopJet/Selection/muon/uhh2.AnalysisModuleRunner.MC.TTbar_mtop1665.root:/07_HTlep_Muon
hadd Target path: /nfs/dust/cms/user/schwarzd/MTopJet/Selection/muon/uhh2.AnalysisModuleRunner.MC.TTbar_mtop1665.root:/07_HTlep_Jets
hadd Target path: /nfs/dust/cms/user/schwarzd/MTopJet/Selection/muon/uhh2.AnalysisModuleRunner.MC.TTbar_mtop1665.root:/07_HTlep_lumi
hadd Target path: /nfs/dust/cms/user/schwarzd/MTopJet/Selection/muon/uhh2.AnalysisModuleRunner.MC.TTbar_mtop1665.root:/08_bTag_Event
hadd Target path: /nfs/dust/cms/user/schwarzd/MTopJet/Selection/muon/uhh2.AnalysisModuleRunner.MC.TTbar_mtop1665.root:/08_bTag_Elec
hadd Target path: /nfs/dust/cms/user/schwarzd/MTopJet/Selection/muon/uhh2.AnalysisModuleRunner.MC.TTbar_mtop1665.root:/08_bTag_Muon
hadd Target path: /nfs/dust/cms/user/schwarzd/MTopJet/Selection/muon/uhh2.AnalysisModuleRunner.MC.TTbar_mtop1665.root:/08_bTag_jets
hadd Target path: /nfs/dust/cms/user/schwarzd/MTopJet/Selection/muon/uhh2.AnalysisModuleRunner.MC.TTbar_mtop1665.root:/08_bTag_lumi
hadd Target path: /nfs/dust/cms/user/schwarzd/MTopJet/Selection/muon/uhh2.AnalysisModuleRunner.MC.TTbar_mtop1665.root:/Side_Event
hadd Target path: /nfs/dust/cms/user/schwarzd/MTopJet/Selection/muon/uhh2.AnalysisModuleRunner.MC.TTbar_mtop1665.root:/Side_Elec
hadd Target path: /nfs/dust/cms/user/schwarzd/MTopJet/Selection/muon/uhh2.AnalysisModuleRunner.MC.TTbar_mtop1665.root:/Side_Muon
hadd Target path: /nfs/dust/cms/user/schwarzd/MTopJet/Selection/muon/uhh2.AnalysisModuleRunner.MC.TTbar_mtop1665.root:/Side_Jets
hadd Target path: /nfs/dust/cms/user/schwarzd/MTopJet/Selection/muon/uhh2.AnalysisModuleRunner.MC.TTbar_mtop1665.root:/Side_lumi
hadd Target path: /nfs/dust/cms/user/schwarzd/MTopJet/Selection/muon/uhh2.AnalysisModuleRunner.MC.TTbar_mtop1665.root:/ttbar_reweight_Event
hadd Target path: /nfs/dust/cms/user/schwarzd/MTopJet/Selection/muon/uhh2.AnalysisModuleRunner.MC.TTbar_mtop1665.root:/ttbar_reweight_Elec
hadd Target path: /nfs/dust/cms/user/schwarzd/MTopJet/Selection/muon/uhh2.AnalysisModuleRunner.MC.TTbar_mtop1665.root:/ttbar_reweight_Muon
hadd Target path: /nfs/dust/cms/user/schwarzd/MTopJet/Selection/muon/uhh2.AnalysisModuleRunner.MC.TTbar_mtop1665.root:/ttbar_reweight_Jets
hadd Target path: /nfs/dust/cms/user/schwarzd/MTopJet/Selection/muon/uhh2.AnalysisModuleRunner.MC.TTbar_mtop1665.root:/ttbar_reweight_lumi
hadd Target path: /nfs/dust/cms/user/schwarzd/MTopJet/Selection/muon/uhh2.AnalysisModuleRunner.MC.TTbar_mtop1665.root:/SFrame
